[21:02:32] This is prokka 1.14.6
[21:02:32] Written by Torsten Seemann <torsten.seemann@gmail.com>
[21:02:32] Homepage is https://github.com/tseemann/prokka
[21:02:32] Local time is Tue Dec 12 21:02:32 2023
[21:02:32] You are wcshropshire
[21:02:32] Operating system is darwin
[21:02:32] You have BioPerl 1.7.8
[21:02:32] System has 12 cores.
[21:02:32] Will use maximum of 2 cores.
[21:02:32] Annotating as >>> Bacteria <<<
[21:02:32] Generating locus_tag from 'ARLG-3180_consensus_assembly.fasta' contents.
[21:02:32] Setting --locustag DEIMIIIJ from MD5 de26222358b304fc9669ea7474972d18
[21:02:32] Enabling options to ensure Genbank/ENA/DDJB submission compliance.
[21:02:32] Creating new output folder: ./prokka/ARLG-3180_prokka_dir
[21:02:32] Running: mkdir -p \.\/prokka\/ARLG\-3180_prokka_dir
[21:02:32] Using filename prefix: ARLG-3180_prokka.XXX
[21:02:32] Setting HMMER_NCPU=1
[21:02:32] Writing log to: ./prokka/ARLG-3180_prokka_dir/ARLG-3180_prokka.log
[21:02:32] Command: /opt/homebrew/Caskroom/miniforge/base/envs/radgenomics/bin/prokka --compliant --cpus 2 --outdir ./prokka/ARLG-3180_prokka_dir --prefix ARLG-3180_prokka ARLG-3180_consensus_assembly.fasta
[21:02:32] Appending to PATH: /opt/homebrew/Caskroom/miniforge/base/envs/radgenomics/bin
[21:02:32] Looking for 'aragorn' - found /opt/homebrew/Caskroom/miniforge/base/envs/radgenomics/bin/aragorn
[21:02:32] Determined aragorn version is 001002 from 'ARAGORN v1.2.41 Dean Laslett'
[21:02:32] Looking for 'barrnap' - found /opt/homebrew/Caskroom/miniforge/base/envs/radgenomics/bin/barrnap
[21:02:32] Determined barrnap version is 000009 from 'barrnap 0.9'
[21:02:32] Looking for 'blastp' - found /opt/homebrew/Caskroom/miniforge/base/envs/radgenomics/bin/blastp
[21:02:32] Determined blastp version is 002015 from 'blastp: 2.15.0+'
[21:02:32] Looking for 'cmpress' - found /opt/homebrew/Caskroom/miniforge/base/envs/radgenomics/bin/cmpress
[21:02:32] Determined cmpress version is 001001 from '# INFERNAL 1.1.4 (Dec 2020)'
[21:02:32] Looking for 'cmscan' - found /opt/homebrew/Caskroom/miniforge/base/envs/radgenomics/bin/cmscan
[21:02:32] Determined cmscan version is 001001 from '# INFERNAL 1.1.4 (Dec 2020)'
[21:02:32] Looking for 'egrep' - found /usr/bin/egrep
[21:02:32] Looking for 'find' - found /usr/bin/find
[21:02:32] Looking for 'grep' - found /usr/bin/grep
[21:02:32] Looking for 'hmmpress' - found /opt/homebrew/Caskroom/miniforge/base/envs/radgenomics/bin/hmmpress
[21:02:32] Determined hmmpress version is 003004 from '# HMMER 3.4 (Aug 2023); http://hmmer.org/'
[21:02:32] Looking for 'hmmscan' - found /opt/homebrew/Caskroom/miniforge/base/envs/radgenomics/bin/hmmscan
[21:02:32] Determined hmmscan version is 003004 from '# HMMER 3.4 (Aug 2023); http://hmmer.org/'
[21:02:32] Looking for 'java' - found /usr/bin/java
[21:02:32] Looking for 'makeblastdb' - found /opt/homebrew/Caskroom/miniforge/base/envs/radgenomics/bin/makeblastdb
[21:02:32] Determined makeblastdb version is 002015 from 'makeblastdb: 2.15.0+'
[21:02:32] Looking for 'minced' - found /opt/homebrew/Caskroom/miniforge/base/envs/radgenomics/bin/minced
[21:02:33] Determined minced version is 004002 from 'minced 0.4.2'
[21:02:33] Looking for 'parallel' - found /opt/homebrew/Caskroom/miniforge/base/envs/radgenomics/bin/parallel
[21:02:33] Determined parallel version is 20230922 from 'GNU parallel 20230922'
[21:02:33] Looking for 'prodigal' - found /opt/homebrew/Caskroom/miniforge/base/envs/radgenomics/bin/prodigal
[21:02:33] Determined prodigal version is 002006 from 'Prodigal V2.6.3: February, 2016'
[21:02:33] Looking for 'prokka-genbank_to_fasta_db' - found /opt/homebrew/Caskroom/miniforge/base/envs/radgenomics/bin/prokka-genbank_to_fasta_db
[21:02:33] Looking for 'sed' - found /usr/bin/sed
[21:02:33] Looking for 'tbl2asn' - found /opt/homebrew/Caskroom/miniforge/base/envs/radgenomics/bin/tbl2asn
[21:02:33] Determined tbl2asn version is 025007 from 'tbl2asn 25.7   arguments:'
[21:02:33] Using genetic code table 11.
[21:02:33] Loading and checking input file: ARLG-3180_consensus_assembly.fasta
[21:02:33] Wrote 4 contigs totalling 5554212 bp.
[21:02:33] Predicting tRNAs and tmRNAs
[21:02:33] Running: aragorn -l -gc11  -w \.\/prokka\/ARLG\-3180_prokka_dir\/ARLG\-3180_prokka\.fna
[21:02:35] 1 tRNA-SeC c[88965,89059] 35 (tca)
[21:02:35] 2 tRNA-Pro [218601,218677] 35 (cgg)
[21:02:35] 3 tRNA-Thr [456586,456661] 34 (ggt)
[21:02:35] 4 tRNA-Leu [543986,544072] 35 (gag)
[21:02:35] 5 tRNA-Met [548003,548079] 35 (cat)
[21:02:35] 6 tRNA-Met c[653654,653729] 34 (cat)
[21:02:35] 7 tRNA-Phe c[723307,723382] 34 (gaa)
[21:02:35] 8 tRNA-Gly [807844,807917] 33 (ccc)
[21:02:35] 9 tRNA-Met c[968509,968585] 35 (cat)
[21:02:35] 10 tRNA-Met c[968618,968694] 35 (cat)
[21:02:35] 11 tRNA-Met c[968728,968804] 35 (cat)
[21:02:35] 12 tRNA-Ser [1133902,1133994] 35 (gct)
[21:02:35] 13 tRNA-Arg [1133999,1134075] 35 (acg)
[21:02:35] 14 tRNA-Arg [1134226,1134302] 35 (acg)
[21:02:35] 15 tRNA-Arg [1134364,1134440] 35 (acg)
[21:02:35] 16 tRNA-Arg [1134669,1134745] 35 (acg)
[21:02:35] 17 tmRNA c[1205654,1206016] 90,125 ANDENYALAA**
[21:02:35] 18 tRNA-Glu [1234516,1234591] 35 (ttc)
[21:02:35] 19 tRNA-Lys c[1466272,1466347] 34 (ttt)
[21:02:35] 20 tRNA-Val c[1466352,1466427] 34 (tac)
[21:02:35] 21 tRNA-Val c[1466474,1466549] 34 (tac)
[21:02:35] 22 tRNA-Val c[1466595,1466670] 34 (tac)
[21:02:35] 23 tRNA-Ala [1469369,1469444] 34 (ggc)
[21:02:35] 24 tRNA-Arg c[1527318,1527392] 34 (cct)
[21:02:35] 25 tRNA-Pro c[1683762,1683838] 35 (ggg)
[21:02:35] 26 tRNA-Asn c[1890785,1890860] 34 (gtt)
[21:02:35] 27 tRNA-Asn [1892618,1892693] 34 (gtt)
[21:02:35] 28 tRNA-Asn c[1901541,1901616] 34 (gtt)
[21:02:35] 29 tRNA-Asn c[1907260,1907335] 34 (gtt)
[21:02:35] 30 tRNA-Ser [1908327,1908416] 35 (cga)
[21:02:35] 31 tRNA-Gly [1929522,1929597] 34 (gcc)
[21:02:35] 32 tRNA-Cys [1929638,1929711] 33 (gca)
[21:02:35] 33 tRNA-Leu [1929725,1929811] 35 (taa)
[21:02:35] 34 tRNA-Tyr c[2136950,2137034] 35 (gta)
[21:02:35] 35 tRNA-Tyr c[2137250,2137334] 35 (gta)
[21:02:35] 36 tRNA-Val c[2342685,2342761] 35 (gac)
[21:02:35] 37 tRNA-Val c[2342766,2342842] 35 (gac)
[21:02:35] 38 tRNA-Val c[2342847,2342923] 35 (gac)
[21:02:35] 39 tRNA-Ser [3268154,3268241] 35 (gga)
[21:02:35] 40 tRNA-Ser [3273213,3273300] 35 (gga)
[21:02:35] 41 tRNA-Ser c[3317299,3317386] 35 (tga)
[21:02:35] 42 tRNA-Lys c[3628516,3628591] 34 (ttt)
[21:02:35] 43 tRNA-Lys c[3628724,3628799] 34 (ttt)
[21:02:35] 44 tRNA-Lys c[3628946,3629021] 34 (ttt)
[21:02:35] 45 tRNA-Val c[3629025,3629100] 34 (tac)
[21:02:35] 46 tRNA-Lys c[3629250,3629325] 34 (ttt)
[21:02:35] 47 tRNA-Val c[3629328,3629403] 34 (tac)
[21:02:35] 48 tRNA-Lys c[3629529,3629604] 34 (ttt)
[21:02:35] 49 tRNA-Met [3688224,3688300] 35 (cat)
[21:02:35] 50 tRNA-Leu [3688309,3688393] 35 (tag)
[21:02:35] 51 tRNA-Gln [3688417,3688491] 33 (ttg)
[21:02:35] 52 tRNA-Gln [3688528,3688602] 33 (ttg)
[21:02:35] 53 tRNA-Met [3688626,3688702] 35 (cat)
[21:02:35] 54 tRNA-Gln [3688750,3688824] 33 (ctg)
[21:02:35] 55 tRNA-Gln [3688900,3688974] 33 (ctg)
[21:02:35] 56 tRNA-Arg c[3972061,3972137] 35 (tct)
[21:02:35] 57 tRNA-Thr [4187217,4187292] 34 (cgt)
[21:02:35] 58 tRNA-Asp c[4261886,4261962] 35 (gtc)
[21:02:35] 59 tRNA-Asp c[4271339,4271415] 35 (gtc)
[21:02:35] 60 tRNA-Ala c[4274756,4274831] 34 (tgc)
[21:02:35] 61 tRNA-Ile c[4274937,4275013] 35 (gat)
[21:02:35] 62 tRNA-Leu [4558497,4558583] 35 (cag)
[21:02:35] 63 tRNA-Leu [4558612,4558698] 35 (cag)
[21:02:35] 64 tRNA-Leu [4558730,4558816] 35 (cag)
[21:02:35] 65 tRNA-Glu c[4658739,4658814] 35 (ttc)
[21:02:35] 66 tRNA-Leu c[4730840,4730924] 35 (caa)
[21:02:35] 67 tRNA-Gly c[4869176,4869251] 34 (gcc)
[21:02:35] 68 tRNA-Gly c[4869324,4869399] 34 (gcc)
[21:02:35] 69 tRNA-Gly c[4869468,4869543] 34 (gcc)
[21:02:35] 70 tRNA-Phe [4911609,4911684] 34 (gaa)
[21:02:35] 71 tRNA-Glu c[5058116,5058191] 35 (ttc)
[21:02:35] 72 tRNA-Thr c[5095615,5095690] 34 (ggt)
[21:02:35] 73 tRNA-Gly c[5095696,5095770] 34 (tcc)
[21:02:35] 74 tRNA-Tyr c[5095886,5095970] 35 (gta)
[21:02:35] 75 tRNA-Thr c[5095981,5096056] 34 (tgt)
[21:02:35] 76 tRNA-Ala c[5103149,5103224] 34 (tgc)
[21:02:35] 77 tRNA-Ile c[5103261,5103337] 35 (gat)
[21:02:35] 78 tRNA-Pro c[5152933,5153009] 35 (tgg)
[21:02:35] 79 tRNA-Leu c[5153052,5153138] 35 (cag)
[21:02:35] 80 tRNA-His c[5153162,5153237] 34 (gtg)
[21:02:35] 81 tRNA-Arg c[5153293,5153369] 35 (ccg)
[21:02:35] 82 tRNA-Trp c[5191401,5191476] 34 (cca)
[21:02:35] 83 tRNA-Asp c[5191530,5191606] 35 (gtc)
[21:02:35] 84 tRNA-Ala c[5194950,5195025] 34 (tgc)
[21:02:35] 85 tRNA-Ile c[5195062,5195138] 35 (gat)
[21:02:35] 86 tRNA-Glu c[5299649,5299724] 35 (ttc)
[21:02:35] Found 86 tRNAs
[21:02:35] Predicting Ribosomal RNAs
[21:02:35] Running Barrnap with 2 threads
[21:02:37] 1 gnl|Prokka|DEIMIIIJ_1 451722 16S ribosomal RNA
[21:02:37] 2 gnl|Prokka|DEIMIIIJ_1 453459 23S ribosomal RNA
[21:02:37] 3 gnl|Prokka|DEIMIIIJ_1 456458 5S ribosomal RNA
[21:02:37] 4 gnl|Prokka|DEIMIIIJ_1 456702 5S ribosomal RNA
[21:02:37] 5 gnl|Prokka|DEIMIIIJ_1 1232894 16S ribosomal RNA
[21:02:37] 6 gnl|Prokka|DEIMIIIJ_1 1234784 23S ribosomal RNA
[21:02:37] 7 gnl|Prokka|DEIMIIIJ_1 1237782 5S ribosomal RNA
[21:02:37] 8 gnl|Prokka|DEIMIIIJ_1 4271476 5S ribosomal RNA
[21:02:37] 9 gnl|Prokka|DEIMIIIJ_1 4271686 23S ribosomal RNA
[21:02:37] 10 gnl|Prokka|DEIMIIIJ_1 4275086 16S ribosomal RNA
[21:02:37] 11 gnl|Prokka|DEIMIIIJ_1 4655438 5S ribosomal RNA
[21:02:37] 12 gnl|Prokka|DEIMIIIJ_1 4655648 23S ribosomal RNA
[21:02:37] 13 gnl|Prokka|DEIMIIIJ_1 4658901 16S ribosomal RNA
[21:02:37] 14 gnl|Prokka|DEIMIIIJ_1 5054823 5S ribosomal RNA
[21:02:37] 15 gnl|Prokka|DEIMIIIJ_1 5055033 23S ribosomal RNA
[21:02:37] 16 gnl|Prokka|DEIMIIIJ_1 5058278 16S ribosomal RNA
[21:02:37] 17 gnl|Prokka|DEIMIIIJ_1 5099869 5S ribosomal RNA
[21:02:37] 18 gnl|Prokka|DEIMIIIJ_1 5100079 23S ribosomal RNA
[21:02:37] 19 gnl|Prokka|DEIMIIIJ_1 5103407 16S ribosomal RNA
[21:02:37] 20 gnl|Prokka|DEIMIIIJ_1 5191666 5S ribosomal RNA
[21:02:37] 21 gnl|Prokka|DEIMIIIJ_1 5191880 23S ribosomal RNA
[21:02:37] 22 gnl|Prokka|DEIMIIIJ_1 5195211 16S ribosomal RNA
[21:02:37] 23 gnl|Prokka|DEIMIIIJ_1 5296356 5S ribosomal RNA
[21:02:37] 24 gnl|Prokka|DEIMIIIJ_1 5296566 23S ribosomal RNA
[21:02:37] 25 gnl|Prokka|DEIMIIIJ_1 5299811 16S ribosomal RNA
[21:02:37] Found 25 rRNAs
[21:02:37] Skipping ncRNA search, enable with --rfam if desired.
[21:02:37] Total of 110 tRNA + rRNA features
[21:02:37] Searching for CRISPR repeats
[21:02:38] Found 0 CRISPRs
[21:02:38] Predicting coding sequences
[21:02:38] Contigs total 5554212 bp, so using single mode
[21:02:38] Running: prodigal -i \.\/prokka\/ARLG\-3180_prokka_dir\/ARLG\-3180_prokka\.fna -c -m -g 11 -p single -f sco -q
[21:02:44] Excluding CDS which overlaps existing RNA (tRNA) at gnl|Prokka|DEIMIIIJ_1:547972..548178 on - strand
[21:02:46] Excluding CDS which overlaps existing RNA (tRNA) at gnl|Prokka|DEIMIIIJ_1:2342687..2343172 on + strand
[21:02:48] Excluding CDS which overlaps existing RNA (tRNA) at gnl|Prokka|DEIMIIIJ_1:5152881..5153033 on + strand
[21:02:48] Found 5154 CDS
[21:02:48] Connecting features back to sequences
[21:02:48] Not using genus-specific database. Try --usegenus to enable it.
[21:02:48] Annotating CDS, please be patient.
[21:02:48] Will use 2 CPUs for similarity searching.
[21:02:50] There are still 5154 unannotated CDS left (started with 5154)
[21:02:50] Will use blast to search against /opt/homebrew/Caskroom/miniforge/base/envs/radgenomics/db/kingdom/Bacteria/IS with 2 CPUs
[21:02:50] Running: cat \.\/prokka\/ARLG\-3180_prokka_dir\/ARLG\-3180_prokka\.IS\.tmp\.25089\.faa | parallel --gnu --plain -j 2 --block 414146 --recstart '>' --pipe blastp -query - -db /opt/homebrew/Caskroom/miniforge/base/envs/radgenomics/db/kingdom/Bacteria/IS -evalue 1e-30 -qcov_hsp_perc 90 -num_threads 1 -num_descriptions 1 -num_alignments 1 -seg no > \.\/prokka\/ARLG\-3180_prokka_dir\/ARLG\-3180_prokka\.IS\.tmp\.25089\.blast 2> /dev/null
[21:03:22] Modify product: Tn3 family transposase Tn5403 => Tn3 family transposase
[21:03:22] Cleaned 1 /product names
[21:03:22] Deleting unwanted file: ./prokka/ARLG-3180_prokka_dir/ARLG-3180_prokka.IS.tmp.25089.faa
[21:03:22] Deleting unwanted file: ./prokka/ARLG-3180_prokka_dir/ARLG-3180_prokka.IS.tmp.25089.blast
[21:03:24] There are still 5088 unannotated CDS left (started with 5154)
[21:03:24] Will use blast to search against /opt/homebrew/Caskroom/miniforge/base/envs/radgenomics/db/kingdom/Bacteria/AMR with 2 CPUs
[21:03:24] Running: cat \.\/prokka\/ARLG\-3180_prokka_dir\/ARLG\-3180_prokka\.AMR\.tmp\.25089\.faa | parallel --gnu --plain -j 2 --block 409435 --recstart '>' --pipe blastp -query - -db /opt/homebrew/Caskroom/miniforge/base/envs/radgenomics/db/kingdom/Bacteria/AMR -evalue 1e-300 -qcov_hsp_perc 90 -num_threads 1 -num_descriptions 1 -num_alignments 1 -seg no > \.\/prokka\/ARLG\-3180_prokka_dir\/ARLG\-3180_prokka\.AMR\.tmp\.25089\.blast 2> /dev/null
[21:03:46] Deleting unwanted file: ./prokka/ARLG-3180_prokka_dir/ARLG-3180_prokka.AMR.tmp.25089.faa
[21:03:46] Deleting unwanted file: ./prokka/ARLG-3180_prokka_dir/ARLG-3180_prokka.AMR.tmp.25089.blast
[21:03:48] There are still 5087 unannotated CDS left (started with 5154)
[21:03:48] Will use blast to search against /opt/homebrew/Caskroom/miniforge/base/envs/radgenomics/db/kingdom/Bacteria/sprot with 2 CPUs
[21:03:48] Running: cat \.\/prokka\/ARLG\-3180_prokka_dir\/ARLG\-3180_prokka\.sprot\.tmp\.25089\.faa | parallel --gnu --plain -j 2 --block 409171 --recstart '>' --pipe blastp -query - -db /opt/homebrew/Caskroom/miniforge/base/envs/radgenomics/db/kingdom/Bacteria/sprot -evalue 1e-09 -qcov_hsp_perc 80 -num_threads 1 -num_descriptions 1 -num_alignments 1 -seg no > \.\/prokka\/ARLG\-3180_prokka_dir\/ARLG\-3180_prokka\.sprot\.tmp\.25089\.blast 2> /dev/null
[21:06:04] Modify product: Probable 2-dehydro-3-deoxygalactonokinase DgoK1 => putative 2-dehydro-3-deoxygalactonokinase DgoK1
[21:06:04] Modify product: HTH-type transcriptional regulator Cphy_2742 => HTH-type transcriptional regulator
[21:06:04] Modify product: Uncharacterized inner membrane transporter YicL => putative inner membrane transporter YicL
[21:06:04] Modify product: Acetyltransferase Atu2258 => Acetyltransferase
[21:06:04] Modify product: Zinc-type alcohol dehydrogenase-like protein SA1988 => Zinc-type alcohol dehydrogenase-like protein
[21:06:04] Modify product: UPF0311 protein CA_C3321 => hypothetical protein
[21:06:04] Modify product: UPF0126 inner membrane protein YicG => hypothetical protein
[21:06:04] Modify product: Uncharacterized protein Rv1998c => putative protein
[21:06:04] Modify product: UPF0701 protein YicC => hypothetical protein
[21:06:04] Modify product: UPF0194 membrane protein YbhG => hypothetical protein
[21:06:04] Modify product: Probable multidrug ABC transporter ATP-binding protein YbhF => putative multidrug ABC transporter ATP-binding protein YbhF
[21:06:04] Modify product: Probable multidrug ABC transporter permease YbhR => putative multidrug ABC transporter permease YbhR
[21:06:04] Modify product: UPF0758 protein YsxA => hypothetical protein
[21:06:04] Modify product: Uncharacterized protein YibN => putative protein YibN
[21:06:04] Modify product: Uncharacterized protein YibL => putative protein YibL
[21:06:04] Modify product: Uncharacterized GST-like protein YibF => putative GST-like protein YibF
[21:06:04] Modify product: Probable lipoprotein YiaD => putative lipoprotein YiaD
[21:06:04] Modify product: Uncharacterized MFS-type transporter YhjX => putative MFS-type transporter YhjX
[21:06:04] Modify product: Probable cyclic di-GMP phosphodiesterase PdeK => putative cyclic di-GMP phosphodiesterase PdeK
[21:06:04] Modify product: Uncharacterized protein HI_0933 => putative protein
[21:06:04] Modify product: Probable 4-deoxy-4-formamido-L-arabinose-phosphoundecaprenol deformylase ArnD => putative 4-deoxy-4-formamido-L-arabinose-phosphoundecaprenol deformylase ArnD
[21:06:04] Modify product: Probable 4-amino-4-deoxy-L-arabinose-phosphoundecaprenol flippase subunit ArnE => putative 4-amino-4-deoxy-L-arabinose-phosphoundecaprenol flippase subunit ArnE
[21:06:04] Modify product: Probable 4-amino-4-deoxy-L-arabinose-phosphoundecaprenol flippase subunit ArnF => putative 4-amino-4-deoxy-L-arabinose-phosphoundecaprenol flippase subunit ArnF
[21:06:04] Modify product: Uncharacterized MFS-type transporter YhhS => putative MFS-type transporter YhhS
[21:06:04] Modify product: Uncharacterized protein YhhA => putative protein YhhA
[21:06:04] Modify product: Uncharacterized oxidoreductase YhhX => putative oxidoreductase YhhX
[21:06:04] Modify product: Probable [Fe-S]-dependent transcriptional repressor => putative [Fe-S]-dependent transcriptional repressor
[21:06:04] Modify product: Uncharacterized protein YhfG => putative protein YhfG
[21:06:04] Modify product: Probable protein adenylyltransferase Fic => putative protein adenylyltransferase Fic
[21:06:04] Modify product: UPF0270 protein PA3463 => hypothetical protein
[21:06:04] Modify product: Uncharacterized ABC transporter ATP-binding protein YheS => putative ABC transporter ATP-binding protein YheS
[21:06:04] Modify product: Protein SlyX homolog => Protein SlyX 
[21:06:04] Modify product: Uncharacterized membrane protein YhdT => putative membrane protein YhdT
[21:06:04] Modify product: Uncharacterized protein YhcO => putative protein YhcO
[21:06:04] Modify product: Uncharacterized inner membrane transporter YhbE => putative inner membrane transporter YhbE
[21:06:04] Modify product: Uncharacterized protease YhbU => putative protease YhbU
[21:06:04] Modify product: UPF0102 protein RPA0323 => hypothetical protein
[21:06:04] Modify product: Probable galactarate transporter => putative galactarate transporter
[21:06:04] Modify product: Uncharacterized protein YqjD => putative protein YqjD
[21:06:04] Modify product: Probable glycerol-3-phosphate acyltransferase => putative glycerol-3-phosphate acyltransferase
[21:06:04] Modify product: Probable quinol monooxygenase YgiN => putative quinol monooxygenase YgiN
[21:06:04] Modify product: Putative cystathionine beta-synthase Rv1077 => Putative cystathionine beta-synthase
[21:06:04] Modify product: Uncharacterized membrane protein YdfK => putative membrane protein YdfK
[21:06:04] Modify product: Probable Fe(2+)-trafficking protein => putative Fe(2+)-trafficking protein
[21:06:04] Modify product: Uncharacterized protein HI_0341 => putative protein
[21:06:04] Modify product: UPF0235 protein YggU => hypothetical protein
[21:06:04] Modify product: Uncharacterized protein YggR => putative protein YggR
[21:06:04] Modify product: UPF0301 protein YqgE => hypothetical protein
[21:06:04] Modify product: Probable L-galactonate transporter => putative L-galactonate transporter
[21:06:04] Modify product: Probable sulfoacetate transporter SauU => putative sulfoacetate transporter SauU
[21:06:04] Modify product: UPF0149 protein HI_0817 => hypothetical protein
[21:06:04] Modify product: Uncharacterized oxidoreductase YgfF => putative oxidoreductase YgfF
[21:06:04] Modify product: UPF0267 protein YqfB => hypothetical protein
[21:06:04] Modify product: UPF0073 inner membrane protein YqfA => hypothetical protein
[21:06:04] Modify product: Uncharacterized protein YjdJ => putative protein YjdJ
[21:06:04] Modify product: Probable fimbrial chaperone YadV => putative fimbrial chaperone YadV
[21:06:04] Modify product: Uncharacterized lipoprotein YgdR => putative lipoprotein YgdR
[21:06:04] Modify product: UPF0053 inner membrane protein YgdQ => hypothetical protein
[21:06:04] Modify product: Probable propionate kinase => putative propionate kinase
[21:06:04] Modify product: Probable cobalt-factor III C(17)-methyltransferase => putative cobalt-factor III C(17)-methyltransferase
[21:06:05] Modify product: Uncharacterized lipoprotein YgdR => putative lipoprotein YgdR
[21:06:05] Modify product: UPF0382 inner membrane protein YgdD => hypothetical protein
[21:06:05] Modify product: Uncharacterized HTH-type transcriptional regulator YdjF => putative HTH-type transcriptional regulator YdjF
[21:06:05] Modify product: Probable FMNH2-dependent monooxygenase SfnC => putative FMNH2-dependent monooxygenase SfnC
[21:06:05] Modify product: Uncharacterized protein YqcC => putative protein YqcC
[21:06:05] Modify product: Uncharacterized protein PA3435 => putative protein
[21:06:05] Modify product: Probable glucarate transporter => putative glucarate transporter
[21:06:05] Modify product: Probable UbiX-like flavin prenyltransferase => putative UbiX-like flavin prenyltransferase
[21:06:05] Modify product: Uncharacterized periplasmic iron-binding protein HI_0362 => putative periplasmic iron-binding protein
[21:06:05] Modify product: Uncharacterized protein YgaM => putative protein YgaM
[21:06:05] Modify product: Probable HTH-type transcriptional regulator YgaV => putative HTH-type transcriptional regulator YgaV
[21:06:05] Modify product: Probable fimbrial chaperone YraI => putative fimbrial chaperone YraI
[21:06:05] Modify product: Probable fimbrial chaperone YadV => putative fimbrial chaperone YadV
[21:06:05] Modify product: UPF0125 protein RatB => hypothetical protein
[21:06:05] Modify product: UPF0053 inner membrane protein YfjD => hypothetical protein
[21:06:05] Modify product: Uncharacterized tRNA/rRNA methyltransferase YfiF => putative tRNA/rRNA methyltransferase YfiF
[21:06:05] Modify product: Uncharacterized protein YphB => putative protein YphB
[21:06:05] Modify product: Probable 3-phenylpropionic acid transporter => putative 3-phenylpropionic acid transporter
[21:06:05] Modify product: UPF0070 protein HI_0370 => hypothetical protein
[21:06:05] Modify product: Uncharacterized protein YfgJ => putative protein YfgJ
[21:06:05] Modify product: Uncharacterized protein YfgD => putative protein YfgD
[21:06:05] Modify product: Uncharacterized protein YfeY => putative protein YfeY
[21:06:05] Modify product: Uncharacterized protein YybH => putative protein YybH
[21:06:05] Modify product: Probable cyclic di-GMP phosphodiesterase PdeA => putative cyclic di-GMP phosphodiesterase PdeA
[21:06:05] Modify product: Uncharacterized transporter YycB => putative transporter YycB
[21:06:05] Modify product: Uncharacterized HTH-type transcriptional regulator HI_1476 => putative HTH-type transcriptional regulator
[21:06:05] Modify product: UPF0381 protein YiiS => hypothetical protein
[21:06:05] Modify product: Probable membrane transporter protein YfcA => putative membrane transporter protein YfcA
[21:06:05] Modify product: Uncharacterized MFS-type transporter YfcJ => putative MFS-type transporter YfcJ
[21:06:05] Modify product: Epimerase family protein SA0724 => Epimerase family protein
[21:06:05] Modify product: Uncharacterized Nudix hydrolase YfcD => putative Nudix hydrolase YfcD
[21:06:05] Modify product: UPF0208 membrane protein YfbV => hypothetical protein
[21:06:05] Modify product: UPF0304 protein YfbU => hypothetical protein
[21:06:05] Modify product: Uncharacterized HTH-type transcriptional regulator RhmR => putative HTH-type transcriptional regulator RhmR
[21:06:05] Modify product: Putative transport protein Rv1101c => Putative transport protein
[21:06:05] Modify product: UPF0352 protein YejL => hypothetical protein
[21:06:05] Modify product: Uncharacterized protein YejG => putative protein YejG
[21:06:05] Modify product: Uncharacterized ABC transporter ATP-binding protein YejF => putative ABC transporter ATP-binding protein YejF
[21:06:05] Modify product: Probable cyclic di-GMP phosphodiesterase PdeN => putative cyclic di-GMP phosphodiesterase PdeN
[21:06:05] Modify product: UPF0324 inner membrane protein YeiH => hypothetical protein
[21:06:05] Modify product: UPF0299 membrane protein YohJ => hypothetical protein
[21:06:05] Modify product: UPF0387 membrane protein YohO => hypothetical protein
[21:06:05] Modify product: Uncharacterized N-acetyltransferase YafP => putative N-acetyltransferase YafP
[21:06:05] Modify product: Probable D,D-dipeptide-binding periplasmic protein DdpA => putative D,D-dipeptide-binding periplasmic protein DdpA
[21:06:05] Modify product: Probable D,D-dipeptide transport system permease protein DdpB => putative D,D-dipeptide transport system permease protein DdpB
[21:06:05] Modify product: Probable D,D-dipeptide transport system permease protein DdpC => putative D,D-dipeptide transport system permease protein DdpC
[21:06:05] Modify product: Probable lipid kinase YegS => putative lipid kinase YegS
[21:06:05] Modify product: 23S rRNA 5-hydroxycytidine C2501 synthase => 23S rRNA 5-hydroxycytidine synthase
[21:06:05] Modify product: UPF0053 inner membrane protein YoaE => hypothetical protein
[21:06:05] Modify product: Uncharacterized glycosyltransferase YkoT => putative glycosyltransferase YkoT
[21:06:05] Modify product: UPF0265 protein YeeX => hypothetical protein
[21:06:05] Modify product: Uncharacterized protein YeaR => putative protein YeaR
[21:06:05] Modify product: Probable FMN/FAD exporter YeeO => putative FMN/FAD exporter YeeO
[21:06:05] Modify product: Probable acrylyl-CoA reductase AcuI => putative acrylyl-CoA reductase AcuI
[21:06:05] Modify product: Probable L,D-transpeptidase ErfK/SrfK => putative L,D-transpeptidase ErfK/SrfK
[21:06:05] Modify product: Uncharacterized protein YedJ => putative protein YedJ
[21:06:05] Modify product: Uncharacterized inner membrane transporter YedA => putative inner membrane transporter YedA
[21:06:05] Modify product: Probable diguanylate cyclase DgcQ => putative diguanylate cyclase DgcQ
[21:06:05] Modify product: Probable transport protein HsrA => putative transport protein HsrA
[21:06:05] Modify product: Probable transcriptional regulatory protein YebC => putative transcriptional regulatory protein YebC
[21:06:05] Modify product: Uncharacterized protein HI_0461 => putative protein
[21:06:05] Modify product: Uncharacterized protein YebV => putative protein YebV
[21:06:05] Modify product: Probable manganese efflux pump MntP => putative manganese efflux pump MntP
[21:06:05] Modify product: UPF0266 membrane protein YobD => hypothetical protein
[21:06:05] Modify product: UPF0053 inner membrane protein YoaE => hypothetical protein
[21:06:05] Modify product: Probable cyclic di-GMP phosphodiesterase PdeD => putative cyclic di-GMP phosphodiesterase PdeD
[21:06:05] Modify product: Probable ATP-dependent DNA helicase YoaA => putative ATP-dependent DNA helicase YoaA
[21:06:05] Modify product: Uncharacterized protein YcgM => putative protein YcgM
[21:06:05] Modify product: Uncharacterized protein YeaR => putative protein YeaR
[21:06:05] Modify product: Uncharacterized protein Rv2411c => putative protein
[21:06:05] Modify product: Uncharacterized protein Rv2567 => putative protein
[21:06:05] Modify product: Uncharacterized protein Rv2569c => putative protein
[21:06:05] Modify product: UPF0225 protein YchJ => hypothetical protein
[21:06:05] Modify product: Uncharacterized NTE family protein Rv1063c => putative NTE family protein
[21:06:05] Modify product: UPF0056 inner membrane protein MarC => hypothetical protein
[21:06:05] Modify product: UPF0263 protein YciU => hypothetical protein
[21:06:05] Modify product: Probable ketoamine kinase HMPREF0351_12196 => putative ketoamine kinase
[21:06:05] Modify product: Uncharacterized protein HI_1163 => putative protein
[21:06:05] Modify product: Probable ATP-dependent transporter SufC => putative ATP-dependent transporter SufC
[21:06:05] Modify product: Probable L,D-transpeptidase YnhG => putative L,D-transpeptidase YnhG
[21:06:05] Modify product: Uncharacterized ABC transporter ATP-binding protein HI_1470 => putative ABC transporter ATP-binding protein
[21:06:05] Modify product: Probable ABC transporter permease protein HI_1471 => putative ABC transporter permease protein
[21:06:05] Modify product: Uncharacterized protein HI_1472 => putative protein
[21:06:05] Modify product: Probable siderophore transport system ATP-binding protein YusV => putative siderophore transport system ATP-binding protein YusV
[21:06:05] Modify product: Probable siderophore transport system permease protein YfiZ => putative siderophore transport system permease protein YfiZ
[21:06:05] Modify product: Probable murein peptide carboxypeptidase => putative murein peptide carboxypeptidase
[21:06:05] Modify product: Probable succinyl-CoA:3-ketoacid coenzyme A transferase subunit B => putative succinyl-CoA:3-ketoacid coenzyme A transferase subunit B
[21:06:05] Modify product: Probable succinyl-CoA:3-ketoacid coenzyme A transferase subunit A => putative succinyl-CoA:3-ketoacid coenzyme A transferase subunit A
[21:06:05] Modify product: Probable D,D-dipeptide transport ATP-binding protein DdpD => putative D,D-dipeptide transport ATP-binding protein DdpD
[21:06:05] Modify product: Uncharacterized HTH-type transcriptional regulator YahB => putative HTH-type transcriptional regulator YahB
[21:06:05] Modify product: Uncharacterized oxidoreductase YdgJ => putative oxidoreductase YdgJ
[21:06:05] Modify product: Probable transporter SCO4007 => putative transporter
[21:06:05] Modify product: Uncharacterized protein Rv3292 => putative protein
[21:06:05] Modify product: 23S rRNA 5-hydroxycytidine C2501 synthase => 23S rRNA 5-hydroxycytidine synthase
[21:06:05] Modify product: Uncharacterized protein YdcY => putative protein YdcY
[21:06:05] Modify product: UPF0381 protein YiiS => hypothetical protein
[21:06:05] Modify product: Uncharacterized protein YncE => putative protein YncE
[21:06:05] Modify product: Uncharacterized lipoprotein YgdR => putative lipoprotein YgdR
[21:06:05] Modify product: Probable nitrate reductase molybdenum cofactor assembly chaperone NarW => putative nitrate reductase molybdenum cofactor assembly chaperone NarW
[21:06:05] Modify product: Probable D,D-dipeptide transport system permease protein DdpC => putative D,D-dipeptide transport system permease protein DdpC
[21:06:05] Modify product: Uncharacterized ABC transporter ATP-binding protein YheS => putative ABC transporter ATP-binding protein YheS
[21:06:05] Modify product: Uncharacterized oxidoreductase YghA => putative oxidoreductase YghA
[21:06:05] Modify product: UPF0702 transmembrane protein YetF => hypothetical protein
[21:06:05] Modify product: Putative thiamine biosynthesis protein HI_0357 => Putative thiamine biosynthesis protein
[21:06:05] Modify product: Probable allantoin permease => putative allantoin permease
[21:06:05] Modify product: Probable 3-hydroxyisobutyrate dehydrogenase => putative 3-hydroxyisobutyrate dehydrogenase
[21:06:05] Modify product: Uncharacterized signaling protein CC_0091 => putative signaling protein
[21:06:05] Modify product: Probable fimbrial chaperone YraI => putative fimbrial chaperone YraI
[21:06:05] Modify product: Uncharacterized protein YycE => putative protein YycE
[21:06:05] Modify product: Uncharacterized MFS-type transporter YhhS => putative MFS-type transporter YhhS
[21:06:05] Modify product: Probable galactarate transporter => putative galactarate transporter
[21:06:05] Modify product: Uncharacterized isomerase YddE => putative isomerase YddE
[21:06:05] Modify product: UPF0056 inner membrane protein MarC => hypothetical protein
[21:06:05] Modify product: Uncharacterized protein YaiA => putative protein YaiA
[21:06:05] Modify product: UPF0178 protein YaiI => hypothetical protein
[21:06:05] Modify product: Uncharacterized amino acid permease YhdG => putative amino acid permease YhdG
[21:06:05] Modify product: Leu/Ile/Val-binding protein homolog 3 => Leu/Ile/Val-binding protein 
[21:06:05] Modify product: Probable glutamine ABC transporter permease protein GlnP => putative glutamine ABC transporter permease protein GlnP
[21:06:05] Modify product: Probable fimbrial chaperone EcpE => putative fimbrial chaperone EcpE
[21:06:05] Modify product: Probable outer membrane usher protein EcpC => putative outer membrane usher protein EcpC
[21:06:05] Modify product: Probable fimbrial chaperone EcpB => putative fimbrial chaperone EcpB
[21:06:05] Modify product: Probable phosphatase Rv3661 => putative phosphatase
[21:06:05] Modify product: Uncharacterized fimbrial-like protein YfcR => putative fimbrial-like protein YfcR
[21:06:05] Modify product: Probable fimbrial chaperone YfcS => putative fimbrial chaperone YfcS
[21:06:05] Modify product: Uncharacterized protein YjhP => putative protein YjhP
[21:06:05] Modify product: UPF0255 protein VV1_0328 => hypothetical protein
[21:06:05] Modify product: Uncharacterized N-acetyltransferase YafP => putative N-acetyltransferase YafP
[21:06:05] Modify product: Uncharacterized protein Rv2277c => putative protein
[21:06:05] Modify product: Uncharacterized methyltransferase YcgJ => putative methyltransferase YcgJ
[21:06:05] Modify product: Uncharacterized protein YaeQ => putative protein YaeQ
[21:06:05] Modify product: UPF0253 protein YaeP => hypothetical protein
[21:06:05] Modify product: UPF0126 inner membrane protein YadS => hypothetical protein
[21:06:05] Modify product: Uncharacterized ABC transporter ATP-binding protein YadG => putative ABC transporter ATP-binding protein YadG
[21:06:05] Modify product: UPF0231 protein YacL => hypothetical protein
[21:06:05] Modify product: Probable peptidoglycan glycosyltransferase FtsW => putative peptidoglycan glycosyltransferase FtsW
[21:06:05] Modify product: Probable glucarate transporter => putative glucarate transporter
[21:06:05] Modify product: Uncharacterized lipoprotein YgdR => putative lipoprotein YgdR
[21:06:05] Modify product: Probable inner membrane protein Smp => putative inner membrane protein Smp
[21:06:05] Modify product: Uncharacterized metal-dependent hydrolase YjjV => putative metal-dependent hydrolase YjjV
[21:06:05] Modify product: UPF0442 protein YjjB => hypothetical protein
[21:06:05] Modify product: Probable 2-dehydro-3-deoxygalactonokinase DgoK1 => putative 2-dehydro-3-deoxygalactonokinase DgoK1
[21:06:05] Modify product: Uncharacterized DapA-like lyase => putative DapA-like lyase
[21:06:05] Modify product: Probable type I restriction enzyme BthVORF4518P M protein => putative type I restriction enzymeP M protein
[21:06:05] Modify product: Uncharacterized HTH-type transcriptional regulator YurK => putative HTH-type transcriptional regulator YurK
[21:06:05] Modify product: Probable 6-phospho-beta-glucosidase => putative 6-phospho-beta-glucosidase
[21:06:05] Modify product: Probable licABCH operon regulator => putative licABCH operon regulator
[21:06:05] Modify product: Deacetylase EF_0837 => Deacetylase
[21:06:05] Modify product: UPF0307 protein YjgA => hypothetical protein
[21:06:06] Modify product: UPF0053 inner membrane protein YtfL => hypothetical protein
[21:06:06] Modify product: Uncharacterized protein YtfJ => putative protein YtfJ
[21:06:06] Modify product: Probable L-ascorbate-6-phosphate lactonase UlaG => putative L-ascorbate-6-phosphate lactonase UlaG
[21:06:06] Modify product: Probable outer membrane usher protein ElfC => putative outer membrane usher protein ElfC
[21:06:06] Modify product: UPF0716 protein FxsA => hypothetical protein
[21:06:06] Modify product: Probable transcriptional regulator PhnF => putative transcriptional regulator PhnF
[21:06:06] Modify product: Probable fimbrial chaperone LpfB => putative fimbrial chaperone LpfB
[21:06:06] Modify product: Uncharacterized fimbrial-like protein YcbV => putative fimbrial-like protein YcbV
[21:06:06] Modify product: Probable cyclic di-GMP phosphodiesterase PdeC => putative cyclic di-GMP phosphodiesterase PdeC
[21:06:06] Modify product: Uncharacterized protein YjbR => putative protein YjbR
[21:06:06] Modify product: UPF0337 protein YjbJ => hypothetical protein
[21:06:06] Modify product: UPF0597 protein YhaM => hypothetical protein
[21:06:06] Modify product: Shikimate dehydrogenase-like protein HI_0607 => Shikimate dehydrogenase-like protein
[21:06:06] Modify product: Uncharacterized protein HI_0431 => putative protein
[21:06:06] Modify product: Probable protein kinase UbiB => putative protein kinase UbiB
[21:06:06] Modify product: Probable transport protein YifK => putative transport protein YifK
[21:06:06] Modify product: Probable ECA polymerase => putative ECA polymerase
[21:06:06] Modify product: Uncharacterized membrane protein YdfK => putative membrane protein YdfK
[21:06:06] Modify product: UPF0438 protein YifE => hypothetical protein
[21:06:06] Modify product: Probable cystine transporter YijE => putative cystine transporter YijE
[21:06:06] Modify product: Probable fructose-bisphosphate aldolase => putative fructose-bisphosphate aldolase
[21:06:06] Modify product: UPF0761 membrane protein YihY => hypothetical protein
[21:06:06] Modify product: Probable GTP-binding protein EngB => putative GTP-binding protein EngB
[21:06:06] Modify product: Probable acyltransferase YihG => putative acyltransferase YihG
[21:06:06] Modify product: Probable transport protein HsrA => putative transport protein HsrA
[21:06:06] Modify product: Probable glucosamine-6-phosphate deaminase 2 => putative glucosamine-6-phosphate deaminase 2
[21:06:06] Modify product: Probable cyclic di-GMP phosphodiesterase PdeC => putative cyclic di-GMP phosphodiesterase PdeC
[21:06:06] Modify product: Probable copper-binding protein PcoE => putative copper-binding protein PcoE
[21:06:06] Modify product: UPF0401 protein YkfF => hypothetical protein
[21:06:06] Modify product: UPF0401 protein YkfF => hypothetical protein
[21:06:06] Modify product: Probable amino-acid metabolite efflux pump => putative amino-acid metabolite efflux pump
[21:06:06] Modify product: Probable L-galactonate transporter => putative L-galactonate transporter
[21:06:06] Modify product: UPF0060 membrane protein YnfA => hypothetical protein
[21:06:06] Modify product: UPF0482 protein YnfB => hypothetical protein
[21:06:06] Modify product: Uncharacterized protein YnfD => putative protein YnfD
[21:06:06] Modify product: Probable DNA endonuclease SmrA => putative DNA endonuclease SmrA
[21:06:06] Modify product: UPF0394 inner membrane protein YedE => hypothetical protein
[21:06:06] Modify product: Uncharacterized protein YdfO => putative protein YdfO
[21:06:06] Modify product: Uncharacterized oxidoreductase YdgJ => putative oxidoreductase YdgJ
[21:06:06] Modify product: Probable D-methionine-binding lipoprotein MetQ => putative D-methionine-binding lipoprotein MetQ
[21:06:06] Modify product: Uncharacterized oxidoreductase YtbE => putative oxidoreductase YtbE
[21:06:06] Modify product: Uncharacterized protein PA2218 => putative protein
[21:06:06] Modify product: Probable 6-phospho-beta-glucosidase => putative 6-phospho-beta-glucosidase
[21:06:06] Modify product: UPF0283 membrane protein YcjF => hypothetical protein
[21:06:06] Modify product: Uncharacterized protein YcjX => putative protein YcjX
[21:06:06] Modify product: UPF0509 protein YciZ => hypothetical protein
[21:06:06] Modify product: Uncharacterized protein YciH => putative protein YciH
[21:06:06] Modify product: Probable protease SohB => putative protease SohB
[21:06:06] Modify product: Uncharacterized oxidoreductase YciK => putative oxidoreductase YciK
[21:06:06] Modify product: Uncharacterized protein YciO => putative protein YciO
[21:06:06] Modify product: PKHD-type hydroxylase Sbal_3634 => PKHD-type hydroxylase
[21:06:06] Modify product: UPF0259 membrane protein YciC => hypothetical protein
[21:06:06] Modify product: Probable intracellular septation protein A => putative intracellular septation protein A
[21:06:06] Modify product: Uncharacterized acyl-CoA thioester hydrolase HI_0827 => putative acyl-CoA thioester hydrolase
[21:06:06] Modify product: Stress response UPF0229 protein YhbH => hypothetical protein
[21:06:06] Modify product: Uncharacterized membrane protein YoaK => putative membrane protein YoaK
[21:06:06] Modify product: Probable zinc-binding alcohol dehydrogenase Rv1895 => putative zinc-binding alcohol dehydrogenase
[21:06:06] Modify product: Probable L,D-transpeptidase YcfS => putative L,D-transpeptidase YcfS
[21:06:06] Modify product: UPF0227 protein YcfP => hypothetical protein
[21:06:06] Modify product: Uncharacterized metal-dependent hydrolase YcfH => putative metal-dependent hydrolase YcfH
[21:06:06] Modify product: Probable lipid II flippase MurJ => putative lipid II flippase MurJ
[21:06:06] Modify product: UPF0502 protein YceH => hypothetical protein
[21:06:06] Modify product: Uncharacterized lipoprotein YceB => putative lipoprotein YceB
[21:06:06] Modify product: UPF0176 protein YceA => hypothetical protein
[21:06:06] Modify product: Probable phosphatase YcdX => putative phosphatase YcdX
[21:06:06] Modify product: Probable hydrolase YcaC => putative hydrolase YcaC
[21:06:06] Modify product: Probable malonic semialdehyde reductase RutE => putative malonic semialdehyde reductase RutE
[21:06:06] Modify product: Uncharacterized protein YccJ => putative protein YccJ
[21:06:06] Modify product: Probable cyclic di-GMP phosphodiesterase PdeG => putative cyclic di-GMP phosphodiesterase PdeG
[21:06:06] Modify product: UPF0098 protein YbcL => hypothetical protein
[21:06:06] Modify product: Uncharacterized protein YccU => putative protein YccU
[21:06:06] Modify product: Uncharacterized protein YcbX => putative protein YcbX
[21:06:06] Modify product: Probable L,D-transpeptidase YcbB => putative L,D-transpeptidase YcbB
[21:06:06] Modify product: UPF0434 protein YcaR => hypothetical protein
[21:06:06] Modify product: Probable formate transporter 1 => putative formate transporter 1
[21:06:06] Modify product: Uncharacterized MFS-type transporter YcaD => putative MFS-type transporter YcaD
[21:06:06] Modify product: Uncharacterized lipoprotein YbjP => putative lipoprotein YbjP
[21:06:06] Modify product: Uncharacterized protein YbjN => putative protein YbjN
[21:06:06] Modify product: Uncharacterized protein YbiU => putative protein YbiU
[21:06:06] Modify product: Uncharacterized ABC transporter ATP-binding protein YbiT => putative ABC transporter ATP-binding protein YbiT
[21:06:06] Modify product: Probable L,D-transpeptidase YbiS => putative L,D-transpeptidase YbiS
[21:06:06] Modify product: Uncharacterized protein McbA => putative protein McbA
[21:06:06] Modify product: Uncharacterized protein YbiI => putative protein YbiI
[21:06:06] Modify product: Uncharacterized protein YbiB => putative protein YbiB
[21:06:06] Modify product: Probable glucarate transporter => putative glucarate transporter
[21:06:06] Modify product: UPF0194 membrane protein YbhG => hypothetical protein
[21:06:06] Modify product: Probable multidrug ABC transporter ATP-binding protein YbhF => putative multidrug ABC transporter ATP-binding protein YbhF
[21:06:06] Modify product: Probable multidrug ABC transporter permease YbhS => putative multidrug ABC transporter permease YbhS
[21:06:06] Modify product: Probable multidrug ABC transporter permease YbhR => putative multidrug ABC transporter permease YbhR
[21:06:06] Modify product: UPF0098 protein YbhB => hypothetical protein
[21:06:06] Modify product: Probable cation-transporting ATPase F => putative cation-transporting ATPase F
[21:06:06] Modify product: Probable two-component-system connector protein YcgZ => putative two-component-system connector protein YcgZ
[21:06:06] Modify product: Probable two-component-system connector protein AriR => putative two-component-system connector protein AriR
[21:06:06] Modify product: GTP cyclohydrolase 1 type 2 homolog => GTP cyclohydrolase 1 type 2 
[21:06:06] Modify product: Uncharacterized protein YbfE => putative protein YbfE
[21:06:06] Modify product: Uncharacterized lipoprotein ChiQ => putative lipoprotein ChiQ
[21:06:06] Modify product: UPF0250 protein YbeD => hypothetical protein
[21:06:06] Modify product: Uncharacterized HTH-type transcriptional regulator YbdO => putative HTH-type transcriptional regulator YbdO
[21:06:06] Modify product: Uncharacterized HTH-type transcriptional regulator YbdO => putative HTH-type transcriptional regulator YbdO
[21:06:06] Modify product: Uncharacterized protein YbdM => putative protein YbdM
[21:06:06] Modify product: Uncharacterized sugar kinase YdjH => putative sugar kinase YdjH
[21:06:06] Modify product: Probable D,D-dipeptide-binding periplasmic protein DdpA => putative D,D-dipeptide-binding periplasmic protein DdpA
[21:06:06] Modify product: Probable D,D-dipeptide transport system permease protein DdpC => putative D,D-dipeptide transport system permease protein DdpC
[21:06:06] Modify product: Probable D,D-dipeptide transport ATP-binding protein DdpF => putative D,D-dipeptide transport ATP-binding protein DdpF
[21:06:06] Modify product: Probable cation-transporting ATPase F => putative cation-transporting ATPase F
[21:06:06] Modify product: Uncharacterized protein Rv0906 => putative protein
[21:06:06] Modify product: Uncharacterized protein YncE => putative protein YncE
[21:06:06] Modify product: Probable cadaverine/lysine antiporter => putative cadaverine/lysine antiporter
[21:06:06] Modify product: Probable fimbrial chaperone YadV => putative fimbrial chaperone YadV
[21:06:06] Modify product: Bifunctional protein FolD => Bifunctional protein FolD protein
[21:06:06] Modify product: Uncharacterized protein YbcJ => putative protein YbcJ
[21:06:06] Modify product: Uncharacterized ABC transporter ATP-binding protein Rv0986 => putative ABC transporter ATP-binding protein
[21:06:06] Modify product: Probable iron export permease protein FetB => putative iron export permease protein FetB
[21:06:06] Modify product: Probable iron export ATP-binding protein FetA => putative iron export ATP-binding protein FetA
[21:06:06] Modify product: Probable cyclic di-GMP phosphodiesterase PdeB => putative cyclic di-GMP phosphodiesterase PdeB
[21:06:06] Modify product: Uncharacterized lipoprotein YbaY => putative lipoprotein YbaY
[21:06:06] Modify product: Probable multidrug resistance ABC transporter ATP-binding/permease protein YheI => putative multidrug resistance ABC transporter ATP-binding/permease protein YheI
[21:06:06] Modify product: Uncharacterized protein HI_1008 => putative protein
[21:06:06] Modify product: UPF0234 protein YajQ => hypothetical protein
[21:06:06] Modify product: Uncharacterized lipoprotein YajI => putative lipoprotein YajI
[21:06:06] Cleaned 328 /product names
[21:06:06] Deleting unwanted file: ./prokka/ARLG-3180_prokka_dir/ARLG-3180_prokka.sprot.tmp.25089.faa
[21:06:06] Deleting unwanted file: ./prokka/ARLG-3180_prokka_dir/ARLG-3180_prokka.sprot.tmp.25089.blast
[21:06:07] There are still 1370 unannotated CDS left (started with 5154)
[21:06:07] Will use hmmer3 to search against /opt/homebrew/Caskroom/miniforge/base/envs/radgenomics/db/hmm/HAMAP.hmm with 2 CPUs
[21:06:07] Running: cat \.\/prokka\/ARLG\-3180_prokka_dir\/ARLG\-3180_prokka\.HAMAP\.hmm\.tmp\.25089\.faa | parallel --gnu --plain -j 2 --block 88900 --recstart '>' --pipe hmmscan --noali --notextw --acc -E 1e-09 --cpu 1 /opt/homebrew/Caskroom/miniforge/base/envs/radgenomics/db/hmm/HAMAP.hmm /dev/stdin > \.\/prokka\/ARLG\-3180_prokka_dir\/ARLG\-3180_prokka\.HAMAP\.hmm\.tmp\.25089\.hmmer3 2> /dev/null
[21:06:26] Modify product: Uncharacterized Nudix hydrolase NudL => putative Nudix hydrolase NudL
[21:06:26] Modify product: Uncharacterized MFS-type transporter YcaD => putative MFS-type transporter YcaD
[21:06:26] Modify product: Uncharacterized MFS-type transporter YfcJ => putative MFS-type transporter YfcJ
[21:06:26] Cleaned 3 /product names
[21:06:26] Deleting unwanted file: ./prokka/ARLG-3180_prokka_dir/ARLG-3180_prokka.HAMAP.hmm.tmp.25089.faa
[21:06:26] Deleting unwanted file: ./prokka/ARLG-3180_prokka_dir/ARLG-3180_prokka.HAMAP.hmm.tmp.25089.hmmer3
[21:06:26] Labelling remaining 1226 proteins as 'hypothetical protein'
[21:06:26] Possible /pseudo 'ISKra4 family transposase ISCep1' at gnl|Prokka|DEIMIIIJ_1 position 835930
[21:06:26] Possible /pseudo 'Manganese transport system membrane protein MntB' at gnl|Prokka|DEIMIIIJ_1 position 1078250
[21:06:26] Possible /pseudo 'Multidrug resistance protein MdtB' at gnl|Prokka|DEIMIIIJ_1 position 1800307
[21:06:26] Possible /pseudo 'IS3 family transposase ISKpn1' at gnl|Prokka|DEIMIIIJ_1 position 1868436
[21:06:26] Possible /pseudo 'putative protein' at gnl|Prokka|DEIMIIIJ_1 position 2041766
[21:06:26] Possible /pseudo 'putative protein' at gnl|Prokka|DEIMIIIJ_1 position 2042692
[21:06:26] Possible /pseudo 'Formate dehydrogenase, nitrate-inducible, major subunit' at gnl|Prokka|DEIMIIIJ_1 position 2484766
[21:06:26] Possible /pseudo 'HTH-type transcriptional regulator DmlR' at gnl|Prokka|DEIMIIIJ_1 position 2620709
[21:06:26] Possible /pseudo 'High-affinity branched-chain amino acid transport ATP-binding protein LivF' at gnl|Prokka|DEIMIIIJ_1 position 2748269
[21:06:26] Possible /pseudo 'Putative dimethyl sulfoxide reductase chain YnfE' at gnl|Prokka|DEIMIIIJ_1 position 2791903
[21:06:26] Possible /pseudo 'IS3 family transposase ISKpn1' at gnl|Prokka|DEIMIIIJ_1 position 3117522
[21:06:26] Possible /pseudo 'Outer membrane protein YedS' at gnl|Prokka|DEIMIIIJ_1 position 3386630
[21:06:26] Possible /pseudo 'IS3 family transposase ISKpn1' at gnl|Prokka|DEIMIIIJ_1 position 3586021
[21:06:26] Possible /pseudo 'IS3 family transposase ISKpn1' at gnl|Prokka|DEIMIIIJ_1 position 3759566
[21:06:26] Possible /pseudo 'Oxygen-insensitive NAD(P)H nitroreductase' at gnl|Prokka|DEIMIIIJ_1 position 3840479
[21:06:26] Possible /pseudo 'Transcriptional activator CadC' at gnl|Prokka|DEIMIIIJ_1 position 3917031
[21:06:26] Possible /pseudo 'IS1 family transposase ISKpn14' at gnl|Prokka|DEIMIIIJ_1 position 4340942
[21:06:26] Possible /pseudo 'Homoprotocatechuate catabolism bifunctional isomerase/decarboxylase' at gnl|Prokka|DEIMIIIJ_1 position 4602162
[21:06:26] Possible /pseudo 'Propanediol utilization protein PduA' at gnl|Prokka|DEIMIIIJ_1 position 4637243
[21:06:26] Possible /pseudo 'Propanediol utilization protein PduA' at gnl|Prokka|DEIMIIIJ_1 position 4637540
[21:06:26] Possible /pseudo 'IS3 family transposase ISKpn1' at gnl|Prokka|DEIMIIIJ_1 position 4681161
[21:06:26] Possible /pseudo 'IS3 family transposase ISKpn1' at gnl|Prokka|DEIMIIIJ_1 position 4912940
[21:06:26] Possible /pseudo 'Melibiose carrier protein' at gnl|Prokka|DEIMIIIJ_1 position 4928397
[21:06:26] Possible /pseudo 'Formate dehydrogenase H' at gnl|Prokka|DEIMIIIJ_1 position 4953054
[21:06:26] Possible /pseudo 'Peptidyl-prolyl cis-trans isomerase C' at gnl|Prokka|DEIMIIIJ_1 position 5178570
[21:06:26] Possible /pseudo 'Formate dehydrogenase-O major subunit' at gnl|Prokka|DEIMIIIJ_1 position 5268724
[21:06:26] Possible /pseudo 'IS3 family transposase ISEcl1' at gnl|Prokka|DEIMIIIJ_2 position 15070
[21:06:26] Possible /pseudo 'IS1 family transposase ISKpn14' at gnl|Prokka|DEIMIIIJ_2 position 23795
[21:06:26] Possible /pseudo 'ISL3 family transposase ISEc38' at gnl|Prokka|DEIMIIIJ_2 position 40203
[21:06:26] Possible /pseudo 'IS200/IS605 family transposase IS609' at gnl|Prokka|DEIMIIIJ_2 position 136614
[21:06:26] Possible /pseudo 'IS6 family transposase IS26' at gnl|Prokka|DEIMIIIJ_3 position 32307
[21:06:26] Found 3028 unique /gene codes.
[21:06:26] Fixed 5 duplicate /gene - gcvA_1 gcvA_2 gcvA_3 gcvA_4 gcvA_5
[21:06:26] Fixed 2 duplicate /gene - era_1 era_2
[21:06:26] Fixed 2 duplicate /gene - nfdA_1 nfdA_2
[21:06:26] Fixed 3 duplicate /gene - hmuU_1 hmuU_2 hmuU_3
[21:06:26] Fixed 2 duplicate /gene - yagG_1 yagG_2
[21:06:26] Fixed 2 duplicate /gene - mrdA_1 mrdA_2
[21:06:26] Fixed 3 duplicate /gene - sotB_1 sotB_2 sotB_3
[21:06:26] Fixed 2 duplicate /gene - ydiB_1 ydiB_2
[21:06:26] Fixed 2 duplicate /gene - yabI_1 yabI_2
[21:06:26] Fixed 2 duplicate /gene - bepA_1 bepA_2
[21:06:26] Fixed 5 duplicate /gene - menH_1 menH_2 menH_3 menH_4 menH_5
[21:06:26] Fixed 2 duplicate /gene - yjiE_1 yjiE_2
[21:06:26] Fixed 2 duplicate /gene - jefA_1 jefA_2
[21:06:26] Fixed 2 duplicate /gene - dnaB_1 dnaB_2
[21:06:26] Fixed 2 duplicate /gene - proP_1 proP_2
[21:06:26] Fixed 3 duplicate /gene - manZ_1 manZ_2 manZ_3
[21:06:26] Fixed 2 duplicate /gene - gabD_1 gabD_2
[21:06:26] Fixed 2 duplicate /gene - fimC_1 fimC_2
[21:06:26] Fixed 2 duplicate /gene - fbaA_1 fbaA_2
[21:06:26] Fixed 2 duplicate /gene - hsrA_1 hsrA_2
[21:06:26] Fixed 3 duplicate /gene - sorB_1 sorB_2 sorB_3
[21:06:26] Fixed 2 duplicate /gene - cusS_1 cusS_2
[21:06:26] Fixed 2 duplicate /gene - amiC_1 amiC_2
[21:06:26] Fixed 3 duplicate /gene - glnH_1 glnH_2 glnH_3
[21:06:26] Fixed 2 duplicate /gene - glpE_1 glpE_2
[21:06:26] Fixed 2 duplicate /gene - artJ_1 artJ_2
[21:06:26] Fixed 2 duplicate /gene - fabD_1 fabD_2
[21:06:26] Fixed 2 duplicate /gene - ghrA_1 ghrA_2
[21:06:26] Fixed 2 duplicate /gene - ppiC_1 ppiC_2
[21:06:26] Fixed 3 duplicate /gene - yibH_1 yibH_2 yibH_3
[21:06:26] Fixed 2 duplicate /gene - cobT_1 cobT_2
[21:06:26] Fixed 2 duplicate /gene - dgoT_1 dgoT_2
[21:06:26] Fixed 2 duplicate /gene - oppA_1 oppA_2
[21:06:26] Fixed 2 duplicate /gene - lgoT_1 lgoT_2
[21:06:26] Fixed 2 duplicate /gene - nagC_1 nagC_2
[21:06:26] Fixed 2 duplicate /gene - bioD1_1 bioD1_2
[21:06:26] Fixed 2 duplicate /gene - fucP_1 fucP_2
[21:06:26] Fixed 2 duplicate /gene - azoR_1 azoR_2
[21:06:26] Fixed 2 duplicate /gene - ydhP_1 ydhP_2
[21:06:26] Fixed 4 duplicate /gene - ulaA_1 ulaA_2 ulaA_3 ulaA_4
[21:06:26] Fixed 2 duplicate /gene - fabF_1 fabF_2
[21:06:26] Fixed 2 duplicate /gene - dmsC_1 dmsC_2
[21:06:26] Fixed 3 duplicate /gene - pncC_1 pncC_2 pncC_3
[21:06:26] Fixed 5 duplicate /gene - srlR_1 srlR_2 srlR_3 srlR_4 srlR_5
[21:06:26] Fixed 2 duplicate /gene - dgoK1_1 dgoK1_2
[21:06:26] Fixed 6 duplicate /gene - iolG_1 iolG_2 iolG_3 iolG_4 iolG_5 iolG_6
[21:06:26] Fixed 2 duplicate /gene - ibpB_1 ibpB_2
[21:06:26] Fixed 3 duplicate /gene - yhaJ_1 yhaJ_2 yhaJ_3
[21:06:26] Fixed 2 duplicate /gene - lpxL_1 lpxL_2
[21:06:26] Fixed 2 duplicate /gene - alsE_1 alsE_2
[21:06:26] Fixed 2 duplicate /gene - ybdG_1 ybdG_2
[21:06:26] Fixed 2 duplicate /gene - mrkD_1 mrkD_2
[21:06:26] Fixed 3 duplicate /gene - umuD_1 umuD_2 umuD_3
[21:06:26] Fixed 2 duplicate /gene - gatC_1 gatC_2
[21:06:26] Fixed 2 duplicate /gene - rppH_1 rppH_2
[21:06:26] Fixed 2 duplicate /gene - gltB_1 gltB_2
[21:06:26] Fixed 3 duplicate /gene - citG_1 citG_2 citG_3
[21:06:26] Fixed 2 duplicate /gene - astA_1 astA_2
[21:06:26] Fixed 2 duplicate /gene - mdtJ_1 mdtJ_2
[21:06:26] Fixed 3 duplicate /gene - acrB_1 acrB_2 acrB_3
[21:06:26] Fixed 2 duplicate /gene - glpF_1 glpF_2
[21:06:26] Fixed 2 duplicate /gene - proY_1 proY_2
[21:06:26] Fixed 2 duplicate /gene - glpT_1 glpT_2
[21:06:26] Fixed 3 duplicate /gene - cytR_1 cytR_2 cytR_3
[21:06:26] Fixed 2 duplicate /gene - epsF_1 epsF_2
[21:06:26] Fixed 3 duplicate /gene - cydB_1 cydB_2 cydB_3
[21:06:26] Fixed 2 duplicate /gene - lyx_1 lyx_2
[21:06:26] Fixed 2 duplicate /gene - uxuA_1 uxuA_2
[21:06:26] Fixed 2 duplicate /gene - ycaD_1 ycaD_2
[21:06:26] Fixed 2 duplicate /gene - gdhA_1 gdhA_2
[21:06:26] Fixed 2 duplicate /gene - sad_1 sad_2
[21:06:26] Fixed 3 duplicate /gene - intA_1 intA_2 intA_3
[21:06:26] Fixed 2 duplicate /gene - yohK_1 yohK_2
[21:06:26] Fixed 2 duplicate /gene - cdaR_1 cdaR_2
[21:06:26] Fixed 2 duplicate /gene - citA_1 citA_2
[21:06:26] Fixed 2 duplicate /gene - tyrB_1 tyrB_2
[21:06:26] Fixed 2 duplicate /gene - araB_1 araB_2
[21:06:26] Fixed 2 duplicate /gene - cra_1 cra_2
[21:06:26] Fixed 3 duplicate /gene - tsaR_1 tsaR_2 tsaR_3
[21:06:26] Fixed 2 duplicate /gene - aptB_1 aptB_2
[21:06:26] Fixed 4 duplicate /gene - metQ_1 metQ_2 metQ_3 metQ_4
[21:06:26] Fixed 2 duplicate /gene - glmS_1 glmS_2
[21:06:26] Fixed 2 duplicate /gene - pcpR_1 pcpR_2
[21:06:26] Fixed 2 duplicate /gene - pckA_1 pckA_2
[21:06:26] Fixed 5 duplicate /gene - rhaR_1 rhaR_2 rhaR_3 rhaR_4 rhaR_5
[21:06:26] Fixed 2 duplicate /gene - malG_1 malG_2
[21:06:26] Fixed 3 duplicate /gene - klcA_1 klcA_2 klcA_3
[21:06:26] Fixed 2 duplicate /gene - kdgK_1 kdgK_2
[21:06:26] Fixed 2 duplicate /gene - phoP_1 phoP_2
[21:06:26] Fixed 2 duplicate /gene - artM_1 artM_2
[21:06:26] Fixed 3 duplicate /gene - ttuB_1 ttuB_2 ttuB_3
[21:06:26] Fixed 2 duplicate /gene - ddrA_1 ddrA_2
[21:06:26] Fixed 2 duplicate /gene - hyfA_1 hyfA_2
[21:06:26] Fixed 4 duplicate /gene - betI_1 betI_2 betI_3 betI_4
[21:06:26] Fixed 2 duplicate /gene - aaeB_1 aaeB_2
[21:06:26] Fixed 3 duplicate /gene - lldR_1 lldR_2 lldR_3
[21:06:26] Fixed 4 duplicate /gene - ygdR_1 ygdR_2 ygdR_3 ygdR_4
[21:06:26] Fixed 5 duplicate /gene - fliY_1 fliY_2 fliY_3 fliY_4 fliY_5
[21:06:26] Fixed 3 duplicate /gene - uspG_1 uspG_2 uspG_3
[21:06:26] Fixed 4 duplicate /gene - hdfR_1 hdfR_2 hdfR_3 hdfR_4
[21:06:26] Fixed 2 duplicate /gene - epsE_1 epsE_2
[21:06:26] Fixed 2 duplicate /gene - proQ_1 proQ_2
[21:06:26] Fixed 3 duplicate /gene - livH_1 livH_2 livH_3
[21:06:26] Fixed 2 duplicate /gene - ilvI_1 ilvI_2
[21:06:26] Fixed 2 duplicate /gene - cobD_1 cobD_2
[21:06:26] Fixed 3 duplicate /gene - scrY_1 scrY_2 scrY_3
[21:06:26] Fixed 2 duplicate /gene - blc_1 blc_2
[21:06:26] Fixed 4 duplicate /gene - rbsB_1 rbsB_2 rbsB_3 rbsB_4
[21:06:26] Fixed 2 duplicate /gene - por_1 por_2
[21:06:26] Fixed 3 duplicate /gene - frlB_1 frlB_2 frlB_3
[21:06:26] Fixed 2 duplicate /gene - ctpF_1 ctpF_2
[21:06:26] Fixed 2 duplicate /gene - yhhT_1 yhhT_2
[21:06:26] Fixed 2 duplicate /gene - pat_1 pat_2
[21:06:26] Fixed 2 duplicate /gene - mdtM_1 mdtM_2
[21:06:26] Fixed 2 duplicate /gene - ddpA_1 ddpA_2
[21:06:26] Fixed 4 duplicate /gene - rbsR_1 rbsR_2 rbsR_3 rbsR_4
[21:06:26] Fixed 2 duplicate /gene - lon_1 lon_2
[21:06:26] Fixed 3 duplicate /gene - fruA_1 fruA_2 fruA_3
[21:06:26] Fixed 2 duplicate /gene - gsiA_1 gsiA_2
[21:06:26] Fixed 3 duplicate /gene - cmpR_1 cmpR_2 cmpR_3
[21:06:26] Fixed 4 duplicate /gene - ompA_1 ompA_2 ompA_3 ompA_4
[21:06:26] Fixed 4 duplicate /gene - sorC_1 sorC_2 sorC_3 sorC_4
[21:06:26] Fixed 3 duplicate /gene - pcaK_1 pcaK_2 pcaK_3
[21:06:26] Fixed 3 duplicate /gene - bglA_1 bglA_2 bglA_3
[21:06:26] Fixed 2 duplicate /gene - dnaC_1 dnaC_2
[21:06:26] Fixed 3 duplicate /gene - yicJ_1 yicJ_2 yicJ_3
[21:06:26] Fixed 5 duplicate /gene - fimD_1 fimD_2 fimD_3 fimD_4 fimD_5
[21:06:26] Fixed 2 duplicate /gene - hisJ_1 hisJ_2
[21:06:26] Fixed 2 duplicate /gene - yraI_1 yraI_2
[21:06:26] Fixed 2 duplicate /gene - mqo_1 mqo_2
[21:06:26] Fixed 2 duplicate /gene - cysH_1 cysH_2
[21:06:26] Fixed 2 duplicate /gene - map_1 map_2
[21:06:26] Fixed 2 duplicate /gene - lldD_1 lldD_2
[21:06:26] Fixed 7 duplicate /gene - glnQ_1 glnQ_2 glnQ_3 glnQ_4 glnQ_5 glnQ_6 glnQ_7
[21:06:26] Fixed 3 duplicate /gene - ssuA_1 ssuA_2 ssuA_3
[21:06:26] Fixed 6 duplicate /gene - cynR_1 cynR_2 cynR_3 cynR_4 cynR_5 cynR_6
[21:06:26] Fixed 4 duplicate /gene - mdtA_1 mdtA_2 mdtA_3 mdtA_4
[21:06:26] Fixed 2 duplicate /gene - can_1 can_2
[21:06:26] Fixed 2 duplicate /gene - ridA_1 ridA_2
[21:06:26] Fixed 3 duplicate /gene - vldW_1 vldW_2 vldW_3
[21:06:26] Fixed 2 duplicate /gene - oadG_1 oadG_2
[21:06:26] Fixed 2 duplicate /gene - silE_1 silE_2
[21:06:26] Fixed 6 duplicate /gene - livF_1 livF_2 livF_3 livF_4 livF_5 livF_6
[21:06:26] Fixed 2 duplicate /gene - aroE_1 aroE_2
[21:06:26] Fixed 2 duplicate /gene - garP_1 garP_2
[21:06:26] Fixed 2 duplicate /gene - guaD_1 guaD_2
[21:06:26] Fixed 2 duplicate /gene - cadC_1 cadC_2
[21:06:26] Fixed 2 duplicate /gene - dmsB_1 dmsB_2
[21:06:26] Fixed 2 duplicate /gene - yafP_1 yafP_2
[21:06:26] Fixed 2 duplicate /gene - sbnD_1 sbnD_2
[21:06:26] Fixed 2 duplicate /gene - lysN_1 lysN_2
[21:06:26] Fixed 5 duplicate /gene - pduA_1 pduA_2 pduA_3 pduA_4 pduA_5
[21:06:26] Fixed 2 duplicate /gene - thpA_1 thpA_2
[21:06:26] Fixed 7 duplicate /gene - licC_1 licC_2 licC_3 licC_4 licC_5 licC_6 licC_7
[21:06:26] Fixed 2 duplicate /gene - fdnG_1 fdnG_2
[21:06:26] Fixed 2 duplicate /gene - aroP_1 aroP_2
[21:06:26] Fixed 3 duplicate /gene - umuC_1 umuC_2 umuC_3
[21:06:26] Fixed 2 duplicate /gene - lpxD_1 lpxD_2
[21:06:26] Fixed 2 duplicate /gene - metC_1 metC_2
[21:06:26] Fixed 2 duplicate /gene - ada_1 ada_2
[21:06:26] Fixed 2 duplicate /gene - fusA_1 fusA_2
[21:06:26] Fixed 2 duplicate /gene - namA_1 namA_2
[21:06:26] Fixed 2 duplicate /gene - mltF_1 mltF_2
[21:06:26] Fixed 4 duplicate /gene - gltC_1 gltC_2 gltC_3 gltC_4
[21:06:26] Fixed 2 duplicate /gene - nlpD_1 nlpD_2
[21:06:26] Fixed 2 duplicate /gene - norW_1 norW_2
[21:06:26] Fixed 4 duplicate /gene - rcsC_1 rcsC_2 rcsC_3 rcsC_4
[21:06:26] Fixed 2 duplicate /gene - zntB_1 zntB_2
[21:06:26] Fixed 3 duplicate /gene - metN_1 metN_2 metN_3
[21:06:26] Fixed 5 duplicate /gene - chbA_1 chbA_2 chbA_3 chbA_4 chbA_5
[21:06:26] Fixed 2 duplicate /gene - fhuA_1 fhuA_2
[21:06:26] Fixed 2 duplicate /gene - gltR_1 gltR_2
[21:06:26] Fixed 2 duplicate /gene - licH_1 licH_2
[21:06:26] Fixed 2 duplicate /gene - acrR_1 acrR_2
[21:06:26] Fixed 2 duplicate /gene - araC_1 araC_2
[21:06:26] Fixed 2 duplicate /gene - yeaR_1 yeaR_2
[21:06:26] Fixed 3 duplicate /gene - lptB_1 lptB_2 lptB_3
[21:06:26] Fixed 2 duplicate /gene - dinI_1 dinI_2
[21:06:26] Fixed 5 duplicate /gene - oxyR_1 oxyR_2 oxyR_3 oxyR_4 oxyR_5
[21:06:26] Fixed 2 duplicate /gene - qorA_1 qorA_2
[21:06:26] Fixed 2 duplicate /gene - yedS_1 yedS_2
[21:06:26] Fixed 3 duplicate /gene - rob_1 rob_2 rob_3
[21:06:26] Fixed 2 duplicate /gene - oadA_1 oadA_2
[21:06:26] Fixed 2 duplicate /gene - rbn_1 rbn_2
[21:06:26] Fixed 2 duplicate /gene - fumB_1 fumB_2
[21:06:26] Fixed 2 duplicate /gene - ygiW_1 ygiW_2
[21:06:26] Fixed 3 duplicate /gene - oprM_1 oprM_2 oprM_3
[21:06:26] Fixed 2 duplicate /gene - lacI_1 lacI_2
[21:06:26] Fixed 5 duplicate /gene - nimR_1 nimR_2 nimR_3 nimR_4 nimR_5
[21:06:26] Fixed 2 duplicate /gene - srlB_1 srlB_2
[21:06:26] Fixed 4 duplicate /gene - celA_1 celA_2 celA_3 celA_4
[21:06:26] Fixed 3 duplicate /gene - cusA_1 cusA_2 cusA_3
[21:06:26] Fixed 2 duplicate /gene - ydfK_1 ydfK_2
[21:06:26] Fixed 2 duplicate /gene - msbA_1 msbA_2
[21:06:26] Fixed 4 duplicate /gene - xylB_1 xylB_2 xylB_3 xylB_4
[21:06:26] Fixed 2 duplicate /gene - dppD_1 dppD_2
[21:06:26] Fixed 2 duplicate /gene - ugpA_1 ugpA_2
[21:06:26] Fixed 2 duplicate /gene - yeaX_1 yeaX_2
[21:06:26] Fixed 2 duplicate /gene - cobC_1 cobC_2
[21:06:26] Fixed 2 duplicate /gene - gmuD_1 gmuD_2
[21:06:26] Fixed 4 duplicate /gene - hexR_1 hexR_2 hexR_3 hexR_4
[21:06:26] Fixed 2 duplicate /gene - malK_1 malK_2
[21:06:26] Fixed 2 duplicate /gene - glnP_1 glnP_2
[21:06:26] Fixed 2 duplicate /gene - htrE_1 htrE_2
[21:06:26] Fixed 2 duplicate /gene - msiK_1 msiK_2
[21:06:26] Fixed 2 duplicate /gene - dppB_1 dppB_2
[21:06:26] Fixed 4 duplicate /gene - gabR_1 gabR_2 gabR_3 gabR_4
[21:06:26] Fixed 2 duplicate /gene - nudK_1 nudK_2
[21:06:26] Fixed 2 duplicate /gene - apbE_1 apbE_2
[21:06:26] Fixed 2 duplicate /gene - bdcA_1 bdcA_2
[21:06:26] Fixed 2 duplicate /gene - pgl_1 pgl_2
[21:06:26] Fixed 4 duplicate /gene - glpR_1 glpR_2 glpR_3 glpR_4
[21:06:26] Fixed 5 duplicate /gene - bla_1 bla_2 bla_3 bla_4 bla_5
[21:06:26] Fixed 8 duplicate /gene - rbsC_1 rbsC_2 rbsC_3 rbsC_4 rbsC_5 rbsC_6 rbsC_7 rbsC_8
[21:06:26] Fixed 2 duplicate /gene - yfcJ_1 yfcJ_2
[21:06:26] Fixed 2 duplicate /gene - cycA_1 cycA_2
[21:06:26] Fixed 4 duplicate /gene - norR_1 norR_2 norR_3 norR_4
[21:06:26] Fixed 2 duplicate /gene - trmL_1 trmL_2
[21:06:26] Fixed 2 duplicate /gene - sdaC_1 sdaC_2
[21:06:26] Fixed 2 duplicate /gene - bcr_1 bcr_2
[21:06:26] Fixed 4 duplicate /gene - exuT_1 exuT_2 exuT_3 exuT_4
[21:06:26] Fixed 2 duplicate /gene - artQ_1 artQ_2
[21:06:26] Fixed 2 duplicate /gene - noc_1 noc_2
[21:06:26] Fixed 3 duplicate /gene - ddpC_1 ddpC_2 ddpC_3
[21:06:26] Fixed 2 duplicate /gene - dam_1 dam_2
[21:06:26] Fixed 2 duplicate /gene - csbX_1 csbX_2
[21:06:26] Fixed 2 duplicate /gene - copA_1 copA_2
[21:06:26] Fixed 4 duplicate /gene - gstB_1 gstB_2 gstB_3 gstB_4
[21:06:26] Fixed 2 duplicate /gene - osmY_1 osmY_2
[21:06:26] Fixed 3 duplicate /gene - rhtC_1 rhtC_2 rhtC_3
[21:06:26] Fixed 2 duplicate /gene - kefF_1 kefF_2
[21:06:26] Fixed 2 duplicate /gene - yhhS_1 yhhS_2
[21:06:26] Fixed 2 duplicate /gene - dppA_1 dppA_2
[21:06:26] Fixed 2 duplicate /gene - psiB_1 psiB_2
[21:06:26] Fixed 2 duplicate /gene - bcsQ_1 bcsQ_2
[21:06:26] Fixed 2 duplicate /gene - yciE_1 yciE_2
[21:06:26] Fixed 2 duplicate /gene - abaF_1 abaF_2
[21:06:26] Fixed 2 duplicate /gene - xylA_1 xylA_2
[21:06:26] Fixed 2 duplicate /gene - ubiJ_1 ubiJ_2
[21:06:26] Fixed 2 duplicate /gene - purR_1 purR_2
[21:06:26] Fixed 2 duplicate /gene - cusF_1 cusF_2
[21:06:26] Fixed 2 duplicate /gene - ugpB_1 ugpB_2
[21:06:26] Fixed 2 duplicate /gene - kduD_1 kduD_2
[21:06:26] Fixed 2 duplicate /gene - pdeC_1 pdeC_2
[21:06:26] Fixed 2 duplicate /gene - zapE_1 zapE_2
[21:06:26] Fixed 2 duplicate /gene - cusB_1 cusB_2
[21:06:26] Fixed 2 duplicate /gene - arnC_1 arnC_2
[21:06:26] Fixed 2 duplicate /gene - tenA_1 tenA_2
[21:06:26] Fixed 2 duplicate /gene - oadB_1 oadB_2
[21:06:26] Fixed 3 duplicate /gene - ydcV_1 ydcV_2 ydcV_3
[21:06:26] Fixed 3 duplicate /gene - dapA_1 dapA_2 dapA_3
[21:06:26] Fixed 2 duplicate /gene - nodD2_1 nodD2_2
[21:06:26] Fixed 2 duplicate /gene - mepM_1 mepM_2
[21:06:26] Fixed 2 duplicate /gene - pyrG_1 pyrG_2
[21:06:26] Fixed 2 duplicate /gene - ybhF_1 ybhF_2
[21:06:26] Fixed 2 duplicate /gene - yrdA_1 yrdA_2
[21:06:26] Fixed 2 duplicate /gene - dsdC_1 dsdC_2
[21:06:26] Fixed 2 duplicate /gene - hdeB_1 hdeB_2
[21:06:26] Fixed 2 duplicate /gene - eutC_1 eutC_2
[21:06:26] Fixed 2 duplicate /gene - dnaK_1 dnaK_2
[21:06:26] Fixed 2 duplicate /gene - ftnA_1 ftnA_2
[21:06:26] Fixed 3 duplicate /gene - sasA_1 sasA_2 sasA_3
[21:06:26] Fixed 2 duplicate /gene - carA_1 carA_2
[21:06:26] Fixed 3 duplicate /gene - yadV_1 yadV_2 yadV_3
[21:06:26] Fixed 4 duplicate /gene - hipO_1 hipO_2 hipO_3 hipO_4
[21:06:26] Fixed 2 duplicate /gene - tuf1_1 tuf1_2
[21:06:26] Fixed 2 duplicate /gene - puuB_1 puuB_2
[21:06:26] Fixed 2 duplicate /gene - ftsA_1 ftsA_2
[21:06:26] Fixed 2 duplicate /gene - mepS_1 mepS_2
[21:06:26] Fixed 4 duplicate /gene - potA_1 potA_2 potA_3 potA_4
[21:06:26] Fixed 2 duplicate /gene - astC_1 astC_2
[21:06:26] Fixed 2 duplicate /gene - pduD_1 pduD_2
[21:06:26] Fixed 2 duplicate /gene - yofA_1 yofA_2
[21:06:26] Fixed 3 duplicate /gene - thlA_1 thlA_2 thlA_3
[21:06:26] Fixed 2 duplicate /gene - roxA_1 roxA_2
[21:06:26] Fixed 2 duplicate /gene - fepA_1 fepA_2
[21:06:26] Fixed 2 duplicate /gene - dctA_1 dctA_2
[21:06:26] Fixed 2 duplicate /gene - lsrB_1 lsrB_2
[21:06:26] Fixed 3 duplicate /gene - pcaR_1 pcaR_2 pcaR_3
[21:06:26] Fixed 21 duplicate /gene - dmlR_1 dmlR_2 dmlR_3 dmlR_4 dmlR_5 dmlR_6 dmlR_7 dmlR_8 dmlR_9 dmlR_10 dmlR_11 dmlR_12 dmlR_13 dmlR_14 dmlR_15 dmlR_16 dmlR_17 dmlR_18 dmlR_19 dmlR_20 dmlR_21
[21:06:26] Fixed 2 duplicate /gene - yncE_1 yncE_2
[21:06:26] Fixed 2 duplicate /gene - ftsI_1 ftsI_2
[21:06:26] Fixed 2 duplicate /gene - lsrD_1 lsrD_2
[21:06:26] Fixed 2 duplicate /gene - dbpA_1 dbpA_2
[21:06:26] Fixed 2 duplicate /gene - rafB_1 rafB_2
[21:06:26] Fixed 2 duplicate /gene - murQ_1 murQ_2
[21:06:26] Fixed 3 duplicate /gene - soxS_1 soxS_2 soxS_3
[21:06:26] Fixed 3 duplicate /gene - bglF_1 bglF_2 bglF_3
[21:06:26] Fixed 3 duplicate /gene - ulaC_1 ulaC_2 ulaC_3
[21:06:26] Fixed 4 duplicate /gene - rbsK_1 rbsK_2 rbsK_3 rbsK_4
[21:06:26] Fixed 2 duplicate /gene - pduE_1 pduE_2
[21:06:26] Fixed 2 duplicate /gene - dmsA_1 dmsA_2
[21:06:26] Fixed 2 duplicate /gene - pdeH_1 pdeH_2
[21:06:26] Fixed 2 duplicate /gene - gltJ_1 gltJ_2
[21:06:26] Fixed 2 duplicate /gene - bamA_1 bamA_2
[21:06:26] Fixed 2 duplicate /gene - mdtB_1 mdtB_2
[21:06:26] Fixed 2 duplicate /gene - dcm_1 dcm_2
[21:06:26] Fixed 2 duplicate /gene - xylG_1 xylG_2
[21:06:26] Fixed 3 duplicate /gene - ssuB_1 ssuB_2 ssuB_3
[21:06:26] Fixed 3 duplicate /gene - suhB_1 suhB_2 suhB_3
[21:06:26] Fixed 4 duplicate /gene - adhE_1 adhE_2 adhE_3 adhE_4
[21:06:26] Fixed 2 duplicate /gene - xerD_1 xerD_2
[21:06:26] Fixed 2 duplicate /gene - hxpB_1 hxpB_2
[21:06:26] Fixed 2 duplicate /gene - rutC_1 rutC_2
[21:06:26] Fixed 2 duplicate /gene - fimA_1 fimA_2
[21:06:26] Fixed 3 duplicate /gene - gudP_1 gudP_2 gudP_3
[21:06:26] Fixed 2 duplicate /gene - bcsB_1 bcsB_2
[21:06:26] Fixed 2 duplicate /gene - folP_1 folP_2
[21:06:26] Fixed 2 duplicate /gene - cutC_1 cutC_2
[21:06:26] Fixed 2 duplicate /gene - clsA_1 clsA_2
[21:06:26] Fixed 11 duplicate /gene - pgrR_1 pgrR_2 pgrR_3 pgrR_4 pgrR_5 pgrR_6 pgrR_7 pgrR_8 pgrR_9 pgrR_10 pgrR_11
[21:06:26] Fixed 2 duplicate /gene - aqpZ_1 aqpZ_2
[21:06:26] Fixed 2 duplicate /gene - yheS_1 yheS_2
[21:06:26] Fixed 3 duplicate /gene - mglA_1 mglA_2 mglA_3
[21:06:26] Fixed 2 duplicate /gene - recF_1 recF_2
[21:06:26] Fixed 2 duplicate /gene - msuD_1 msuD_2
[21:06:26] Fixed 3 duplicate /gene - lrp_1 lrp_2 lrp_3
[21:06:26] Fixed 2 duplicate /gene - rluA_1 rluA_2
[21:06:26] Fixed 2 duplicate /gene - ynfE_1 ynfE_2
[21:06:26] Fixed 2 duplicate /gene - gsiD_1 gsiD_2
[21:06:26] Fixed 2 duplicate /gene - lsrF_1 lsrF_2
[21:06:26] Fixed 2 duplicate /gene - ppa_1 ppa_2
[21:06:26] Fixed 2 duplicate /gene - fruB_1 fruB_2
[21:06:26] Fixed 3 duplicate /gene - glcR_1 glcR_2 glcR_3
[21:06:26] Fixed 2 duplicate /gene - hisC_1 hisC_2
[21:06:26] Fixed 2 duplicate /gene - hisQ_1 hisQ_2
[21:06:26] Fixed 2 duplicate /gene - ompN_1 ompN_2
[21:06:26] Fixed 3 duplicate /gene - ompR_1 ompR_2 ompR_3
[21:06:26] Fixed 3 duplicate /gene - garK_1 garK_2 garK_3
[21:06:26] Fixed 6 duplicate /gene - btuD_1 btuD_2 btuD_3 btuD_4 btuD_5 btuD_6
[21:06:26] Fixed 2 duplicate /gene - ahpC_1 ahpC_2
[21:06:26] Fixed 2 duplicate /gene - nhaA_1 nhaA_2
[21:06:26] Fixed 2 duplicate /gene - kdgR_1 kdgR_2
[21:06:26] Fixed 13 duplicate /gene - rhaS_1 rhaS_2 rhaS_3 rhaS_4 rhaS_5 rhaS_6 rhaS_7 rhaS_8 rhaS_9 rhaS_10 rhaS_11 rhaS_12 rhaS_13
[21:06:26] Fixed 3 duplicate /gene - nepI_1 nepI_2 nepI_3
[21:06:26] Fixed 3 duplicate /gene - fdhF_1 fdhF_2 fdhF_3
[21:06:26] Fixed 2 duplicate /gene - norG_1 norG_2
[21:06:26] Fixed 2 duplicate /gene - malT_1 malT_2
[21:06:26] Fixed 3 duplicate /gene - slyA_1 slyA_2 slyA_3
[21:06:26] Fixed 2 duplicate /gene - rhtB_1 rhtB_2
[21:06:26] Fixed 2 duplicate /gene - bhsA_1 bhsA_2
[21:06:26] Fixed 2 duplicate /gene - gntR_1 gntR_2
[21:06:26] Fixed 4 duplicate /gene - rbsA_1 rbsA_2 rbsA_3 rbsA_4
[21:06:26] Fixed 2 duplicate /gene - mak_1 mak_2
[21:06:26] Fixed 3 duplicate /gene - bglH_1 bglH_2 bglH_3
[21:06:26] Fixed 2 duplicate /gene - ybdO_1 ybdO_2
[21:06:26] Fixed 3 duplicate /gene - yecS_1 yecS_2 yecS_3
[21:06:26] Fixed 2 duplicate /gene - bluF_1 bluF_2
[21:06:26] Fixed 2 duplicate /gene - deoC_1 deoC_2
[21:06:26] Fixed 2 duplicate /gene - xanP_1 xanP_2
[21:06:26] Fixed 2 duplicate /gene - asd_1 asd_2
[21:06:26] Fixed 11 duplicate /gene - fabG_1 fabG_2 fabG_3 fabG_4 fabG_5 fabG_6 fabG_7 fabG_8 fabG_9 fabG_10 fabG_11
[21:06:26] Fixed 2 duplicate /gene - mngR_1 mngR_2
[21:06:26] Fixed 2 duplicate /gene - nupC_1 nupC_2
[21:06:26] Fixed 2 duplicate /gene - ugpC_1 ugpC_2
[21:06:26] Fixed 2 duplicate /gene - ygaZ_1 ygaZ_2
[21:06:26] Fixed 2 duplicate /gene - dgoA_1 dgoA_2
[21:06:26] Fixed 2 duplicate /gene - rsxC_1 rsxC_2
[21:06:26] Fixed 4 duplicate /gene - lamB_1 lamB_2 lamB_3 lamB_4
[21:06:26] Fixed 2 duplicate /gene - glgS_1 glgS_2
[21:06:26] Fixed 2 duplicate /gene - mdtH_1 mdtH_2
[21:06:26] Fixed 2 duplicate /gene - aaeA_1 aaeA_2
[21:06:26] Fixed 2 duplicate /gene - tehA_1 tehA_2
[21:06:26] Fixed 2 duplicate /gene - agp_1 agp_2
[21:06:26] Fixed 2 duplicate /gene - mdh_1 mdh_2
[21:06:26] Fixed 3 duplicate /gene - cusC_1 cusC_2 cusC_3
[21:06:26] Fixed 2 duplicate /gene - fdoG_1 fdoG_2
[21:06:26] Fixed 3 duplicate /gene - iprA_1 iprA_2 iprA_3
[21:06:26] Fixed 3 duplicate /gene - ssb_1 ssb_2 ssb_3
[21:06:26] Fixed 5 duplicate /gene - yajO_1 yajO_2 yajO_3 yajO_4 yajO_5
[21:06:26] Fixed 2 duplicate /gene - ydgJ_1 ydgJ_2
[21:06:26] Fixed 2 duplicate /gene - feaB_1 feaB_2
[21:06:26] Fixed 2 duplicate /gene - dhaK_1 dhaK_2
[21:06:26] Fixed 2 duplicate /gene - btuF_1 btuF_2
[21:06:26] Fixed 4 duplicate /gene - iolE_1 iolE_2 iolE_3 iolE_4
[21:06:26] Fixed 3 duplicate /gene - pal_1 pal_2 pal_3
[21:06:26] Fixed 2 duplicate /gene - kefC_1 kefC_2
[21:06:26] Fixed 2 duplicate /gene - aptA_1 aptA_2
[21:06:26] Fixed 2 duplicate /gene - eutB_1 eutB_2
[21:06:26] Fixed 4 duplicate /gene - metI_1 metI_2 metI_3 metI_4
[21:06:26] Fixed 2 duplicate /gene - iolU_1 iolU_2
[21:06:26] Fixed 2 duplicate /gene - yiaW_1 yiaW_2
[21:06:26] Fixed 2 duplicate /gene - tktA_1 tktA_2
[21:06:26] Fixed 2 duplicate /gene - citB_1 citB_2
[21:06:26] Fixed 2 duplicate /gene - sgrR_1 sgrR_2
[21:06:26] Fixed 2 duplicate /gene - cydA_1 cydA_2
[21:06:26] Fixed 2 duplicate /gene - aspT_1 aspT_2
[21:06:26] Fixed 2 duplicate /gene - fhuC_1 fhuC_2
[21:06:26] Fixed 2 duplicate /gene - ettA_1 ettA_2
[21:06:26] Fixed 2 duplicate /gene - pduL_1 pduL_2
[21:06:26] Fixed 5 duplicate /gene - malP_1 malP_2 malP_3 malP_4 malP_5
[21:06:26] Fixed 2 duplicate /gene - fhlA_1 fhlA_2
[21:06:26] Fixed 2 duplicate /gene - ribZ_1 ribZ_2
[21:06:26] Fixed 2 duplicate /gene - gltA_1 gltA_2
[21:06:26] Fixed 2 duplicate /gene - astB_1 astB_2
[21:06:26] Fixed 5 duplicate /gene - mntB_1 mntB_2 mntB_3 mntB_4 mntB_5
[21:06:26] Fixed 2 duplicate /gene - kgtP_1 kgtP_2
[21:06:26] Fixed 2 duplicate /gene - sutR_1 sutR_2
[21:06:26] Fixed 3 duplicate /gene - astD_1 astD_2 astD_3
[21:06:26] Fixed 2 duplicate /gene - ribX_1 ribX_2
[21:06:26] Fixed 2 duplicate /gene - codA_1 codA_2
[21:06:26] Fixed 2 duplicate /gene - argE_1 argE_2
[21:06:26] Fixed 2 duplicate /gene - nfsB_1 nfsB_2
[21:06:26] Fixed 2 duplicate /gene - hcaR_1 hcaR_2
[21:06:26] Fixed 2 duplicate /gene - cusR_1 cusR_2
[21:06:26] Fixed 2 duplicate /gene - amaB_1 amaB_2
[21:06:26] Fixed 2 duplicate /gene - hpcE_1 hpcE_2
[21:06:26] Fixed 3 duplicate /gene - betB_1 betB_2 betB_3
[21:06:26] Fixed 2 duplicate /gene - pdxA2_1 pdxA2_2
[21:06:26] Fixed 4 duplicate /gene - hcpA_1 hcpA_2 hcpA_3 hcpA_4
[21:06:26] Fixed 2 duplicate /gene - ulaB_1 ulaB_2
[21:06:26] Fixed 2 duplicate /gene - oppD_1 oppD_2
[21:06:26] Fixed 2 duplicate /gene - dauA_1 dauA_2
[21:06:26] Fixed 2 duplicate /gene - lacC_1 lacC_2
[21:06:26] Fixed 3 duplicate /gene - argP_1 argP_2 argP_3
[21:06:26] Fixed 2 duplicate /gene - astE_1 astE_2
[21:06:26] Fixed 2 duplicate /gene - ybhR_1 ybhR_2
[21:06:26] Fixed 2 duplicate /gene - rutB_1 rutB_2
[21:06:26] Fixed 2 duplicate /gene - proA_1 proA_2
[21:06:26] Fixed 3 duplicate /gene - oppF_1 oppF_2 oppF_3
[21:06:26] Fixed 2 duplicate /gene - cpdA_1 cpdA_2
[21:06:26] Fixed 2 duplicate /gene - ssuC_1 ssuC_2
[21:06:26] Fixed 2 duplicate /gene - parM_1 parM_2
[21:06:26] Fixed 2 duplicate /gene - emrA_1 emrA_2
[21:06:26] Fixed 2 duplicate /gene - cysG_1 cysG_2
[21:06:26] Fixed 2 duplicate /gene - leuA_1 leuA_2
[21:06:26] Fixed 2 duplicate /gene - ilvB_1 ilvB_2
[21:06:26] Fixed 2 duplicate /gene - rlhA_1 rlhA_2
[21:06:26] Fixed 2 duplicate /gene - topA_1 topA_2
[21:06:26] Fixed 2 duplicate /gene - clcB_1 clcB_2
[21:06:26] Fixed 5 duplicate /gene - xerC_1 xerC_2 xerC_3 xerC_4 xerC_5
[21:06:26] Fixed 2 duplicate /gene - dadA_1 dadA_2
[21:06:26] Fixed 3 duplicate /gene - gsiC_1 gsiC_2 gsiC_3
[21:06:26] Fixed 3 duplicate /gene - ascG_1 ascG_2 ascG_3
[21:06:26] Fixed 2 duplicate /gene - dsbD_1 dsbD_2
[21:06:26] Fixed 2 duplicate /gene - melB_1 melB_2
[21:06:26] Fixed 2 duplicate /gene - cutD_1 cutD_2
[21:06:26] Fixed 2 duplicate /gene - livJ_1 livJ_2
[21:06:26] Fixed 2 duplicate /gene - talB_1 talB_2
[21:06:26] Fixed 439 colliding /gene names.
[21:06:26] Adding /locus_tag identifiers
[21:06:26] Assigned 5265 locus_tags to CDS and RNA features.
[21:06:26] Writing outputs to ./prokka/ARLG-3180_prokka_dir/
[21:06:31] Generating annotation statistics file
[21:06:31] Generating Genbank and Sequin files
[21:06:31] Running: tbl2asn -V b -a r10k -l paired-ends -M n -N 1 -y 'Annotated using prokka 1.14.6 from https://github.com/tseemann/prokka' -Z \.\/prokka\/ARLG\-3180_prokka_dir\/ARLG\-3180_prokka\.err -i \.\/prokka\/ARLG\-3180_prokka_dir\/ARLG\-3180_prokka\.fsa 2> /dev/null
[21:06:41] Deleting unwanted file: ./prokka/ARLG-3180_prokka_dir/errorsummary.val
[21:06:41] Deleting unwanted file: ./prokka/ARLG-3180_prokka_dir/ARLG-3180_prokka.dr
[21:06:41] Deleting unwanted file: ./prokka/ARLG-3180_prokka_dir/ARLG-3180_prokka.fixedproducts
[21:06:41] Deleting unwanted file: ./prokka/ARLG-3180_prokka_dir/ARLG-3180_prokka.ecn
[21:06:41] Deleting unwanted file: ./prokka/ARLG-3180_prokka_dir/ARLG-3180_prokka.val
[21:06:41] Repairing broken .GBK output that tbl2asn produces...
[21:06:41] Running: sed 's/COORDINATES: profile/COORDINATES:profile/' < \.\/prokka\/ARLG\-3180_prokka_dir\/ARLG\-3180_prokka\.gbf > \.\/prokka\/ARLG\-3180_prokka_dir\/ARLG\-3180_prokka\.gbk
[21:06:42] Deleting unwanted file: ./prokka/ARLG-3180_prokka_dir/ARLG-3180_prokka.gbf
[21:06:42] Output files:
[21:06:42] ./prokka/ARLG-3180_prokka_dir/ARLG-3180_prokka.faa
[21:06:42] ./prokka/ARLG-3180_prokka_dir/ARLG-3180_prokka.fsa
[21:06:42] ./prokka/ARLG-3180_prokka_dir/ARLG-3180_prokka.gbk
[21:06:42] ./prokka/ARLG-3180_prokka_dir/ARLG-3180_prokka.log
[21:06:42] ./prokka/ARLG-3180_prokka_dir/ARLG-3180_prokka.ffn
[21:06:42] ./prokka/ARLG-3180_prokka_dir/ARLG-3180_prokka.fna
[21:06:42] ./prokka/ARLG-3180_prokka_dir/ARLG-3180_prokka.tsv
[21:06:42] ./prokka/ARLG-3180_prokka_dir/ARLG-3180_prokka.err
[21:06:42] ./prokka/ARLG-3180_prokka_dir/ARLG-3180_prokka.gbf-r
[21:06:42] ./prokka/ARLG-3180_prokka_dir/ARLG-3180_prokka.gff
[21:06:42] ./prokka/ARLG-3180_prokka_dir/ARLG-3180_prokka.sqn
[21:06:42] ./prokka/ARLG-3180_prokka_dir/ARLG-3180_prokka.tbl
[21:06:42] ./prokka/ARLG-3180_prokka_dir/ARLG-3180_prokka.txt
[21:06:42] Annotation finished successfully.
[21:06:42] Walltime used: 4.17 minutes
[21:06:42] If you use this result please cite the Prokka paper:
[21:06:42] Seemann T (2014) Prokka: rapid prokaryotic genome annotation. Bioinformatics. 30(14):2068-9.
[21:06:42] Type 'prokka --citation' for more details.
[21:06:42] Thank you, come again.
