[20:58:13] This is prokka 1.14.6
[20:58:13] Written by Torsten Seemann <torsten.seemann@gmail.com>
[20:58:13] Homepage is https://github.com/tseemann/prokka
[20:58:13] Local time is Tue Dec 12 20:58:13 2023
[20:58:13] You are wcshropshire
[20:58:13] Operating system is darwin
[20:58:13] You have BioPerl 1.7.8
[20:58:13] System has 12 cores.
[20:58:13] Will use maximum of 2 cores.
[20:58:13] Annotating as >>> Bacteria <<<
[20:58:13] Generating locus_tag from 'ARLG-3179_consensus_assembly.fasta' contents.
[20:58:13] Setting --locustag PLJHALKC from MD5 9531a54c3c5a4d71e8f4af65e1929734
[20:58:13] Enabling options to ensure Genbank/ENA/DDJB submission compliance.
[20:58:13] Creating new output folder: ./prokka/ARLG-3179_prokka_dir
[20:58:13] Running: mkdir -p \.\/prokka\/ARLG\-3179_prokka_dir
[20:58:13] Using filename prefix: ARLG-3179_prokka.XXX
[20:58:13] Setting HMMER_NCPU=1
[20:58:13] Writing log to: ./prokka/ARLG-3179_prokka_dir/ARLG-3179_prokka.log
[20:58:13] Command: /opt/homebrew/Caskroom/miniforge/base/envs/radgenomics/bin/prokka --compliant --cpus 2 --outdir ./prokka/ARLG-3179_prokka_dir --prefix ARLG-3179_prokka ARLG-3179_consensus_assembly.fasta
[20:58:13] Appending to PATH: /opt/homebrew/Caskroom/miniforge/base/envs/radgenomics/bin
[20:58:13] Looking for 'aragorn' - found /opt/homebrew/Caskroom/miniforge/base/envs/radgenomics/bin/aragorn
[20:58:13] Determined aragorn version is 001002 from 'ARAGORN v1.2.41 Dean Laslett'
[20:58:13] Looking for 'barrnap' - found /opt/homebrew/Caskroom/miniforge/base/envs/radgenomics/bin/barrnap
[20:58:13] Determined barrnap version is 000009 from 'barrnap 0.9'
[20:58:13] Looking for 'blastp' - found /opt/homebrew/Caskroom/miniforge/base/envs/radgenomics/bin/blastp
[20:58:15] Determined blastp version is 002015 from 'blastp: 2.15.0+'
[20:58:15] Looking for 'cmpress' - found /opt/homebrew/Caskroom/miniforge/base/envs/radgenomics/bin/cmpress
[20:58:15] Determined cmpress version is 001001 from '# INFERNAL 1.1.4 (Dec 2020)'
[20:58:15] Looking for 'cmscan' - found /opt/homebrew/Caskroom/miniforge/base/envs/radgenomics/bin/cmscan
[20:58:15] Determined cmscan version is 001001 from '# INFERNAL 1.1.4 (Dec 2020)'
[20:58:15] Looking for 'egrep' - found /usr/bin/egrep
[20:58:15] Looking for 'find' - found /usr/bin/find
[20:58:15] Looking for 'grep' - found /usr/bin/grep
[20:58:15] Looking for 'hmmpress' - found /opt/homebrew/Caskroom/miniforge/base/envs/radgenomics/bin/hmmpress
[20:58:16] Determined hmmpress version is 003004 from '# HMMER 3.4 (Aug 2023); http://hmmer.org/'
[20:58:16] Looking for 'hmmscan' - found /opt/homebrew/Caskroom/miniforge/base/envs/radgenomics/bin/hmmscan
[20:58:16] Determined hmmscan version is 003004 from '# HMMER 3.4 (Aug 2023); http://hmmer.org/'
[20:58:16] Looking for 'java' - found /usr/bin/java
[20:58:16] Looking for 'makeblastdb' - found /opt/homebrew/Caskroom/miniforge/base/envs/radgenomics/bin/makeblastdb
[20:58:17] Determined makeblastdb version is 002015 from 'makeblastdb: 2.15.0+'
[20:58:17] Looking for 'minced' - found /opt/homebrew/Caskroom/miniforge/base/envs/radgenomics/bin/minced
[20:58:19] Determined minced version is 004002 from 'minced 0.4.2'
[20:58:19] Looking for 'parallel' - found /opt/homebrew/Caskroom/miniforge/base/envs/radgenomics/bin/parallel
[20:58:19] Determined parallel version is 20230922 from 'GNU parallel 20230922'
[20:58:19] Looking for 'prodigal' - found /opt/homebrew/Caskroom/miniforge/base/envs/radgenomics/bin/prodigal
[20:58:19] Determined prodigal version is 002006 from 'Prodigal V2.6.3: February, 2016'
[20:58:19] Looking for 'prokka-genbank_to_fasta_db' - found /opt/homebrew/Caskroom/miniforge/base/envs/radgenomics/bin/prokka-genbank_to_fasta_db
[20:58:19] Looking for 'sed' - found /usr/bin/sed
[20:58:19] Looking for 'tbl2asn' - found /opt/homebrew/Caskroom/miniforge/base/envs/radgenomics/bin/tbl2asn
[20:58:20] Determined tbl2asn version is 025007 from 'tbl2asn 25.7   arguments:'
[20:58:20] Using genetic code table 11.
[20:58:20] Loading and checking input file: ARLG-3179_consensus_assembly.fasta
[20:58:20] Wrote 4 contigs totalling 5474534 bp.
[20:58:20] Predicting tRNAs and tmRNAs
[20:58:20] Running: aragorn -l -gc11  -w \.\/prokka\/ARLG\-3179_prokka_dir\/ARLG\-3179_prokka\.fna
[20:58:22] 1 tRNA-SeC c[89258,89352] 35 (tca)
[20:58:22] 2 tRNA-Pro [219832,219908] 35 (cgg)
[20:58:22] 3 tRNA-Thr [457536,457611] 34 (ggt)
[20:58:22] 4 tRNA-Leu [557772,557858] 35 (gag)
[20:58:22] 5 tRNA-Met [561789,561865] 35 (cat)
[20:58:22] 6 tRNA-Met c[667690,667765] 34 (cat)
[20:58:22] 7 tRNA-Phe c[797766,797841] 34 (gaa)
[20:58:22] 8 tRNA-Gly [882359,882432] 33 (ccc)
[20:58:22] 9 tRNA-Met c[1021504,1021580] 35 (cat)
[20:58:22] 10 tRNA-Met c[1021613,1021689] 35 (cat)
[20:58:22] 11 tRNA-Met c[1021723,1021799] 35 (cat)
[20:58:22] 12 tRNA-Ser [1173639,1173731] 35 (gct)
[20:58:22] 13 tRNA-Arg [1173736,1173812] 35 (acg)
[20:58:22] 14 tRNA-Arg [1173963,1174039] 35 (acg)
[20:58:22] 15 tRNA-Arg [1174101,1174177] 35 (acg)
[20:58:22] 16 tRNA-Arg [1174406,1174482] 35 (acg)
[20:58:22] 17 tmRNA c[1237957,1238319] 90,125 ANDENYALAA**
[20:58:22] 18 tRNA-Glu [1266819,1266894] 35 (ttc)
[20:58:22] 19 tRNA-Lys c[1442643,1442718] 34 (ttt)
[20:58:22] 20 tRNA-Val c[1442723,1442798] 34 (tac)
[20:58:22] 21 tRNA-Val c[1442844,1442919] 34 (tac)
[20:58:22] 22 tRNA-Ala [1445618,1445693] 34 (ggc)
[20:58:22] 23 tRNA-Ala [1445735,1445810] 34 (ggc)
[20:58:22] 24 tRNA-Arg c[1466133,1466207] 34 (cct)
[20:58:22] 25 tRNA-Pro c[1582991,1583067] 35 (ggg)
[20:58:22] 26 tRNA-Asn c[1821919,1821994] 34 (gtt)
[20:58:22] 27 tRNA-Asn [1823752,1823827] 34 (gtt)
[20:58:22] 28 tRNA-Asn c[1832674,1832749] 34 (gtt)
[20:58:22] 29 tRNA-Asn c[1838750,1838825] 34 (gtt)
[20:58:22] 30 tRNA-Ser [1839817,1839906] 35 (cga)
[20:58:22] 31 tRNA-Gly [1861013,1861088] 34 (gcc)
[20:58:22] 32 tRNA-Cys [1861129,1861202] 33 (gca)
[20:58:22] 33 tRNA-Leu [1861216,1861302] 35 (taa)
[20:58:22] 34 tRNA-Tyr c[2075629,2075713] 35 (gta)
[20:58:22] 35 tRNA-Tyr c[2075930,2076014] 35 (gta)
[20:58:22] 36 tRNA-Val c[2282132,2282208] 35 (gac)
[20:58:22] 37 tRNA-Val c[2282213,2282289] 35 (gac)
[20:58:22] 38 tRNA-Val c[2282294,2282370] 35 (gac)
[20:58:22] 39 tRNA-Ser [3187363,3187450] 35 (gga)
[20:58:22] 40 tRNA-Ser [3190630,3190717] 35 (gga)
[20:58:22] 41 tRNA-Ser c[3277929,3278016] 35 (tga)
[20:58:22] 42 tRNA-Lys c[3587054,3587129] 34 (ttt)
[20:58:22] 43 tRNA-Lys c[3587263,3587338] 34 (ttt)
[20:58:22] 44 tRNA-Lys c[3587485,3587560] 34 (ttt)
[20:58:22] 45 tRNA-Val c[3587564,3587639] 34 (tac)
[20:58:22] 46 tRNA-Lys c[3587789,3587864] 34 (ttt)
[20:58:22] 47 tRNA-Val c[3587867,3587942] 34 (tac)
[20:58:22] 48 tRNA-Lys c[3588068,3588143] 34 (ttt)
[20:58:22] 49 tRNA-Met [3646760,3646836] 35 (cat)
[20:58:22] 50 tRNA-Leu [3646845,3646929] 35 (tag)
[20:58:22] 51 tRNA-Gln [3646953,3647027] 33 (ttg)
[20:58:22] 52 tRNA-Gln [3647064,3647138] 33 (ttg)
[20:58:22] 53 tRNA-Met [3647162,3647238] 35 (cat)
[20:58:22] 54 tRNA-Gln [3647286,3647360] 33 (ctg)
[20:58:22] 55 tRNA-Gln [3647436,3647510] 33 (ctg)
[20:58:22] 56 tRNA-Asn c[3938958,3939032] 33 (gtt)
[20:58:22] 57 tRNA-Arg c[3955283,3955359] 35 (tct)
[20:58:22] 58 tRNA-Thr [4170243,4170318] 34 (cgt)
[20:58:22] 59 tRNA-Asp c[4226859,4226935] 35 (gtc)
[20:58:22] 60 tRNA-Asp c[4236312,4236388] 35 (gtc)
[20:58:22] 61 tRNA-Ala c[4239737,4239812] 34 (tgc)
[20:58:22] 62 tRNA-Ile c[4239849,4239925] 35 (gat)
[20:58:22] 63 tRNA-Leu [4524092,4524178] 35 (cag)
[20:58:22] 64 tRNA-Leu [4524207,4524293] 35 (cag)
[20:58:22] 65 tRNA-Leu [4524325,4524411] 35 (cag)
[20:58:22] 66 tRNA-Glu c[4612181,4612256] 35 (ttc)
[20:58:22] 67 tRNA-Leu c[4658294,4658378] 35 (caa)
[20:58:22] 68 tRNA-Gly c[4794557,4794632] 34 (gcc)
[20:58:22] 69 tRNA-Gly c[4794705,4794780] 34 (gcc)
[20:58:22] 70 tRNA-Gly c[4794849,4794924] 34 (gcc)
[20:58:22] 71 tRNA-Phe [4837080,4837155] 34 (gaa)
[20:58:22] 72 tRNA-Glu c[4984531,4984606] 35 (ttc)
[20:58:22] 73 tRNA-Thr c[5022030,5022105] 34 (ggt)
[20:58:22] 74 tRNA-Gly c[5022111,5022185] 34 (tcc)
[20:58:22] 75 tRNA-Tyr c[5022301,5022385] 35 (gta)
[20:58:22] 76 tRNA-Thr c[5022396,5022471] 34 (tgt)
[20:58:22] 77 tRNA-Ala c[5029567,5029642] 34 (tgc)
[20:58:22] 78 tRNA-Ile c[5029679,5029755] 35 (gat)
[20:58:22] 79 tRNA-Pro c[5079424,5079500] 35 (tgg)
[20:58:22] 80 tRNA-Leu c[5079543,5079629] 35 (cag)
[20:58:22] 81 tRNA-His c[5079653,5079728] 34 (gtg)
[20:58:22] 82 tRNA-Arg c[5079784,5079860] 35 (ccg)
[20:58:22] 83 tRNA-Trp c[5118065,5118140] 34 (cca)
[20:58:22] 84 tRNA-Asp c[5118194,5118270] 35 (gtc)
[20:58:22] 85 tRNA-Ala c[5121611,5121686] 34 (tgc)
[20:58:22] 86 tRNA-Ile c[5121723,5121799] 35 (gat)
[20:58:22] 87 tRNA-Glu c[5226155,5226230] 35 (ttc)
[20:58:22] Found 87 tRNAs
[20:58:22] Predicting Ribosomal RNAs
[20:58:22] Running Barrnap with 2 threads
[20:58:25] 1 gnl|Prokka|PLJHALKC_1 452672 16S ribosomal RNA
[20:58:25] 2 gnl|Prokka|PLJHALKC_1 454409 23S ribosomal RNA
[20:58:25] 3 gnl|Prokka|PLJHALKC_1 457408 5S ribosomal RNA
[20:58:25] 4 gnl|Prokka|PLJHALKC_1 457652 5S ribosomal RNA
[20:58:25] 5 gnl|Prokka|PLJHALKC_1 1265197 16S ribosomal RNA
[20:58:25] 6 gnl|Prokka|PLJHALKC_1 1267079 23S ribosomal RNA
[20:58:25] 7 gnl|Prokka|PLJHALKC_1 1270170 5S ribosomal RNA
[20:58:25] 8 gnl|Prokka|PLJHALKC_1 4236449 5S ribosomal RNA
[20:58:25] 9 gnl|Prokka|PLJHALKC_1 4236659 23S ribosomal RNA
[20:58:25] 10 gnl|Prokka|PLJHALKC_1 4239998 16S ribosomal RNA
[20:58:25] 11 gnl|Prokka|PLJHALKC_1 4608887 5S ribosomal RNA
[20:58:25] 12 gnl|Prokka|PLJHALKC_1 4609098 23S ribosomal RNA
[20:58:25] 13 gnl|Prokka|PLJHALKC_1 4612343 16S ribosomal RNA
[20:58:25] 14 gnl|Prokka|PLJHALKC_1 4981237 5S ribosomal RNA
[20:58:25] 15 gnl|Prokka|PLJHALKC_1 4981448 23S ribosomal RNA
[20:58:25] 16 gnl|Prokka|PLJHALKC_1 4984693 16S ribosomal RNA
[20:58:25] 17 gnl|Prokka|PLJHALKC_1 5026284 5S ribosomal RNA
[20:58:25] 18 gnl|Prokka|PLJHALKC_1 5026497 23S ribosomal RNA
[20:58:25] 19 gnl|Prokka|PLJHALKC_1 5029826 16S ribosomal RNA
[20:58:25] 20 gnl|Prokka|PLJHALKC_1 5118331 5S ribosomal RNA
[20:58:25] 21 gnl|Prokka|PLJHALKC_1 5118541 23S ribosomal RNA
[20:58:25] 22 gnl|Prokka|PLJHALKC_1 5121870 16S ribosomal RNA
[20:58:25] 23 gnl|Prokka|PLJHALKC_1 5222859 5S ribosomal RNA
[20:58:25] 24 gnl|Prokka|PLJHALKC_1 5223072 23S ribosomal RNA
[20:58:25] 25 gnl|Prokka|PLJHALKC_1 5226317 16S ribosomal RNA
[20:58:25] Found 25 rRNAs
[20:58:25] Skipping ncRNA search, enable with --rfam if desired.
[20:58:25] Total of 111 tRNA + rRNA features
[20:58:25] Searching for CRISPR repeats
[20:58:25] Found 0 CRISPRs
[20:58:25] Predicting coding sequences
[20:58:25] Contigs total 5474534 bp, so using single mode
[20:58:25] Running: prodigal -i \.\/prokka\/ARLG\-3179_prokka_dir\/ARLG\-3179_prokka\.fna -c -m -g 11 -p single -f sco -q
[20:58:32] Excluding CDS which overlaps existing RNA (tRNA) at gnl|Prokka|PLJHALKC_1:561758..561964 on - strand
[20:58:33] Excluding CDS which overlaps existing RNA (tRNA) at gnl|Prokka|PLJHALKC_1:2282134..2282619 on + strand
[20:58:34] Excluding CDS which overlaps existing RNA (tRNA) at gnl|Prokka|PLJHALKC_1:3938847..3938999 on + strand
[20:58:35] Excluding CDS which overlaps existing RNA (tRNA) at gnl|Prokka|PLJHALKC_1:5079372..5079524 on + strand
[20:58:35] Found 5163 CDS
[20:58:35] Connecting features back to sequences
[20:58:35] Not using genus-specific database. Try --usegenus to enable it.
[20:58:35] Annotating CDS, please be patient.
[20:58:35] Will use 2 CPUs for similarity searching.
[20:58:38] There are still 5163 unannotated CDS left (started with 5163)
[20:58:38] Will use blast to search against /opt/homebrew/Caskroom/miniforge/base/envs/radgenomics/db/kingdom/Bacteria/IS with 2 CPUs
[20:58:38] Running: cat \.\/prokka\/ARLG\-3179_prokka_dir\/ARLG\-3179_prokka\.IS\.tmp\.24519\.faa | parallel --gnu --plain -j 2 --block 408116 --recstart '>' --pipe blastp -query - -db /opt/homebrew/Caskroom/miniforge/base/envs/radgenomics/db/kingdom/Bacteria/IS -evalue 1e-30 -qcov_hsp_perc 90 -num_threads 1 -num_descriptions 1 -num_alignments 1 -seg no > \.\/prokka\/ARLG\-3179_prokka_dir\/ARLG\-3179_prokka\.IS\.tmp\.24519\.blast 2> /dev/null
[20:59:09] Modify product: Tn3 family transposase Tn5403 => Tn3 family transposase
[20:59:09] Cleaned 1 /product names
[20:59:09] Deleting unwanted file: ./prokka/ARLG-3179_prokka_dir/ARLG-3179_prokka.IS.tmp.24519.faa
[20:59:09] Deleting unwanted file: ./prokka/ARLG-3179_prokka_dir/ARLG-3179_prokka.IS.tmp.24519.blast
[20:59:11] There are still 5089 unannotated CDS left (started with 5163)
[20:59:11] Will use blast to search against /opt/homebrew/Caskroom/miniforge/base/envs/radgenomics/db/kingdom/Bacteria/AMR with 2 CPUs
[20:59:11] Running: cat \.\/prokka\/ARLG\-3179_prokka_dir\/ARLG\-3179_prokka\.AMR\.tmp\.24519\.faa | parallel --gnu --plain -j 2 --block 402126 --recstart '>' --pipe blastp -query - -db /opt/homebrew/Caskroom/miniforge/base/envs/radgenomics/db/kingdom/Bacteria/AMR -evalue 1e-300 -qcov_hsp_perc 90 -num_threads 1 -num_descriptions 1 -num_alignments 1 -seg no > \.\/prokka\/ARLG\-3179_prokka_dir\/ARLG\-3179_prokka\.AMR\.tmp\.24519\.blast 2> /dev/null
[20:59:33] Deleting unwanted file: ./prokka/ARLG-3179_prokka_dir/ARLG-3179_prokka.AMR.tmp.24519.faa
[20:59:33] Deleting unwanted file: ./prokka/ARLG-3179_prokka_dir/ARLG-3179_prokka.AMR.tmp.24519.blast
[20:59:35] There are still 5088 unannotated CDS left (started with 5163)
[20:59:35] Will use blast to search against /opt/homebrew/Caskroom/miniforge/base/envs/radgenomics/db/kingdom/Bacteria/sprot with 2 CPUs
[20:59:35] Running: cat \.\/prokka\/ARLG\-3179_prokka_dir\/ARLG\-3179_prokka\.sprot\.tmp\.24519\.faa | parallel --gnu --plain -j 2 --block 401861 --recstart '>' --pipe blastp -query - -db /opt/homebrew/Caskroom/miniforge/base/envs/radgenomics/db/kingdom/Bacteria/sprot -evalue 1e-09 -qcov_hsp_perc 80 -num_threads 1 -num_descriptions 1 -num_alignments 1 -seg no > \.\/prokka\/ARLG\-3179_prokka_dir\/ARLG\-3179_prokka\.sprot\.tmp\.24519\.blast 2> /dev/null
[21:01:53] Modify product: Probable 2-dehydro-3-deoxygalactonokinase DgoK1 => putative 2-dehydro-3-deoxygalactonokinase DgoK1
[21:01:53] Modify product: HTH-type transcriptional regulator Cphy_2742 => HTH-type transcriptional regulator
[21:01:53] Modify product: Uncharacterized inner membrane transporter YicL => putative inner membrane transporter YicL
[21:01:53] Modify product: Acetyltransferase Atu2258 => Acetyltransferase
[21:01:53] Modify product: Zinc-type alcohol dehydrogenase-like protein SA1988 => Zinc-type alcohol dehydrogenase-like protein
[21:01:53] Modify product: UPF0311 protein CA_C3321 => hypothetical protein
[21:01:53] Modify product: UPF0126 inner membrane protein YicG => hypothetical protein
[21:01:53] Modify product: Uncharacterized protein Rv1998c => putative protein
[21:01:53] Modify product: UPF0701 protein YicC => hypothetical protein
[21:01:53] Modify product: UPF0194 membrane protein YbhG => hypothetical protein
[21:01:53] Modify product: Probable multidrug ABC transporter ATP-binding protein YbhF => putative multidrug ABC transporter ATP-binding protein YbhF
[21:01:53] Modify product: Probable multidrug ABC transporter permease YbhR => putative multidrug ABC transporter permease YbhR
[21:01:53] Modify product: UPF0758 protein YsxA => hypothetical protein
[21:01:53] Modify product: Uncharacterized protein YibN => putative protein YibN
[21:01:53] Modify product: Uncharacterized protein YibL => putative protein YibL
[21:01:53] Modify product: Uncharacterized GST-like protein YibF => putative GST-like protein YibF
[21:01:53] Modify product: Probable lipoprotein YiaD => putative lipoprotein YiaD
[21:01:53] Modify product: Uncharacterized MFS-type transporter YhjX => putative MFS-type transporter YhjX
[21:01:53] Modify product: Probable cyclic di-GMP phosphodiesterase PdeK => putative cyclic di-GMP phosphodiesterase PdeK
[21:01:53] Modify product: Uncharacterized protein HI_0933 => putative protein
[21:01:53] Modify product: Probable 4-deoxy-4-formamido-L-arabinose-phosphoundecaprenol deformylase ArnD => putative 4-deoxy-4-formamido-L-arabinose-phosphoundecaprenol deformylase ArnD
[21:01:53] Modify product: Probable 4-amino-4-deoxy-L-arabinose-phosphoundecaprenol flippase subunit ArnE => putative 4-amino-4-deoxy-L-arabinose-phosphoundecaprenol flippase subunit ArnE
[21:01:53] Modify product: Probable 4-amino-4-deoxy-L-arabinose-phosphoundecaprenol flippase subunit ArnF => putative 4-amino-4-deoxy-L-arabinose-phosphoundecaprenol flippase subunit ArnF
[21:01:53] Modify product: Uncharacterized MFS-type transporter YhhS => putative MFS-type transporter YhhS
[21:01:53] Modify product: Uncharacterized protein YhhA => putative protein YhhA
[21:01:53] Modify product: Uncharacterized oxidoreductase YhhX => putative oxidoreductase YhhX
[21:01:53] Modify product: Probable [Fe-S]-dependent transcriptional repressor => putative [Fe-S]-dependent transcriptional repressor
[21:01:53] Modify product: Uncharacterized protein YhfG => putative protein YhfG
[21:01:53] Modify product: Probable protein adenylyltransferase Fic => putative protein adenylyltransferase Fic
[21:01:53] Modify product: UPF0270 protein PA3463 => hypothetical protein
[21:01:53] Modify product: Uncharacterized ABC transporter ATP-binding protein YheS => putative ABC transporter ATP-binding protein YheS
[21:01:53] Modify product: Protein SlyX homolog => Protein SlyX 
[21:01:53] Modify product: Uncharacterized membrane protein YhdT => putative membrane protein YhdT
[21:01:53] Modify product: Uncharacterized protein YhcO => putative protein YhcO
[21:01:53] Modify product: Uncharacterized inner membrane transporter YhbE => putative inner membrane transporter YhbE
[21:01:53] Modify product: Uncharacterized protease YhbU => putative protease YhbU
[21:01:53] Modify product: UPF0102 protein RPA0323 => hypothetical protein
[21:01:53] Modify product: Probable galactarate transporter => putative galactarate transporter
[21:01:53] Modify product: Uncharacterized protein YqjD => putative protein YqjD
[21:01:53] Modify product: Probable glycerol-3-phosphate acyltransferase => putative glycerol-3-phosphate acyltransferase
[21:01:53] Modify product: Probable quinol monooxygenase YgiN => putative quinol monooxygenase YgiN
[21:01:53] Modify product: Putative cystathionine beta-synthase Rv1077 => Putative cystathionine beta-synthase
[21:01:53] Modify product: Uncharacterized membrane protein YdfK => putative membrane protein YdfK
[21:01:53] Modify product: Probable Fe(2+)-trafficking protein => putative Fe(2+)-trafficking protein
[21:01:53] Modify product: Uncharacterized protein HI_0341 => putative protein
[21:01:53] Modify product: UPF0235 protein YggU => hypothetical protein
[21:01:53] Modify product: Uncharacterized protein YggR => putative protein YggR
[21:01:53] Modify product: UPF0301 protein YqgE => hypothetical protein
[21:01:53] Modify product: Probable L-galactonate transporter => putative L-galactonate transporter
[21:01:53] Modify product: Probable sulfoacetate transporter SauU => putative sulfoacetate transporter SauU
[21:01:53] Modify product: UPF0149 protein HI_0817 => hypothetical protein
[21:01:53] Modify product: Uncharacterized oxidoreductase YgfF => putative oxidoreductase YgfF
[21:01:53] Modify product: UPF0267 protein YqfB => hypothetical protein
[21:01:53] Modify product: UPF0073 inner membrane protein YqfA => hypothetical protein
[21:01:53] Modify product: Uncharacterized protein YjdJ => putative protein YjdJ
[21:01:53] Modify product: Probable fimbrial chaperone YadV => putative fimbrial chaperone YadV
[21:01:53] Modify product: Uncharacterized lipoprotein YgdR => putative lipoprotein YgdR
[21:01:53] Modify product: UPF0053 inner membrane protein YgdQ => hypothetical protein
[21:01:53] Modify product: Probable propionate kinase => putative propionate kinase
[21:01:53] Modify product: Probable cobalt-factor III C(17)-methyltransferase => putative cobalt-factor III C(17)-methyltransferase
[21:01:53] Modify product: Uncharacterized lipoprotein YgdR => putative lipoprotein YgdR
[21:01:53] Modify product: UPF0382 inner membrane protein YgdD => hypothetical protein
[21:01:53] Modify product: Uncharacterized HTH-type transcriptional regulator YdjF => putative HTH-type transcriptional regulator YdjF
[21:01:53] Modify product: Probable FMNH2-dependent monooxygenase SfnC => putative FMNH2-dependent monooxygenase SfnC
[21:01:53] Modify product: Uncharacterized protein YqcC => putative protein YqcC
[21:01:53] Modify product: Uncharacterized protein PA3435 => putative protein
[21:01:53] Modify product: Probable glucarate transporter => putative glucarate transporter
[21:01:53] Modify product: Probable UbiX-like flavin prenyltransferase => putative UbiX-like flavin prenyltransferase
[21:01:53] Modify product: Uncharacterized periplasmic iron-binding protein HI_0362 => putative periplasmic iron-binding protein
[21:01:53] Modify product: Uncharacterized protein YgaM => putative protein YgaM
[21:01:53] Modify product: Probable HTH-type transcriptional regulator YgaV => putative HTH-type transcriptional regulator YgaV
[21:01:53] Modify product: Probable fimbrial chaperone YraI => putative fimbrial chaperone YraI
[21:01:53] Modify product: Probable fimbrial chaperone YadV => putative fimbrial chaperone YadV
[21:01:53] Modify product: UPF0125 protein RatB => hypothetical protein
[21:01:53] Modify product: UPF0053 inner membrane protein YfjD => hypothetical protein
[21:01:53] Modify product: Uncharacterized tRNA/rRNA methyltransferase YfiF => putative tRNA/rRNA methyltransferase YfiF
[21:01:53] Modify product: Uncharacterized protein YphB => putative protein YphB
[21:01:53] Modify product: Probable 3-phenylpropionic acid transporter => putative 3-phenylpropionic acid transporter
[21:01:53] Modify product: UPF0070 protein HI_0370 => hypothetical protein
[21:01:53] Modify product: Uncharacterized protein YfgJ => putative protein YfgJ
[21:01:53] Modify product: Uncharacterized protein YfgD => putative protein YfgD
[21:01:53] Modify product: Uncharacterized protein YfeY => putative protein YfeY
[21:01:53] Modify product: Uncharacterized protein YybH => putative protein YybH
[21:01:53] Modify product: Probable cyclic di-GMP phosphodiesterase PdeA => putative cyclic di-GMP phosphodiesterase PdeA
[21:01:53] Modify product: Uncharacterized transporter YycB => putative transporter YycB
[21:01:53] Modify product: UPF0381 protein YiiS => hypothetical protein
[21:01:53] Modify product: Probable membrane transporter protein YfcA => putative membrane transporter protein YfcA
[21:01:53] Modify product: Uncharacterized MFS-type transporter YfcJ => putative MFS-type transporter YfcJ
[21:01:53] Modify product: Epimerase family protein SA0724 => Epimerase family protein
[21:01:53] Modify product: Uncharacterized Nudix hydrolase YfcD => putative Nudix hydrolase YfcD
[21:01:53] Modify product: UPF0208 membrane protein YfbV => hypothetical protein
[21:01:53] Modify product: UPF0304 protein YfbU => hypothetical protein
[21:01:53] Modify product: Uncharacterized HTH-type transcriptional regulator RhmR => putative HTH-type transcriptional regulator RhmR
[21:01:53] Modify product: Putative transport protein Rv1101c => Putative transport protein
[21:01:53] Modify product: UPF0352 protein YejL => hypothetical protein
[21:01:53] Modify product: Uncharacterized protein YejG => putative protein YejG
[21:01:53] Modify product: Uncharacterized ABC transporter ATP-binding protein YejF => putative ABC transporter ATP-binding protein YejF
[21:01:54] Modify product: Probable cyclic di-GMP phosphodiesterase PdeN => putative cyclic di-GMP phosphodiesterase PdeN
[21:01:54] Modify product: UPF0324 inner membrane protein YeiH => hypothetical protein
[21:01:54] Modify product: UPF0299 membrane protein YohJ => hypothetical protein
[21:01:54] Modify product: UPF0387 membrane protein YohO => hypothetical protein
[21:01:54] Modify product: Probable D,D-dipeptide-binding periplasmic protein DdpA => putative D,D-dipeptide-binding periplasmic protein DdpA
[21:01:54] Modify product: Probable D,D-dipeptide transport system permease protein DdpB => putative D,D-dipeptide transport system permease protein DdpB
[21:01:54] Modify product: Probable D,D-dipeptide transport system permease protein DdpC => putative D,D-dipeptide transport system permease protein DdpC
[21:01:54] Modify product: Probable lipid kinase YegS => putative lipid kinase YegS
[21:01:54] Modify product: 23S rRNA 5-hydroxycytidine C2501 synthase => 23S rRNA 5-hydroxycytidine synthase
[21:01:54] Modify product: UPF0053 inner membrane protein YoaE => hypothetical protein
[21:01:54] Modify product: Uncharacterized glycosyltransferase EpsJ => putative glycosyltransferase EpsJ
[21:01:54] Modify product: Uncharacterized glycosyltransferase YkoT => putative glycosyltransferase YkoT
[21:01:54] Modify product: UPF0265 protein YeeX => hypothetical protein
[21:01:54] Modify product: Uncharacterized protein YeaR => putative protein YeaR
[21:01:54] Modify product: Probable FMN/FAD exporter YeeO => putative FMN/FAD exporter YeeO
[21:01:54] Modify product: Probable acrylyl-CoA reductase AcuI => putative acrylyl-CoA reductase AcuI
[21:01:54] Modify product: Probable L,D-transpeptidase ErfK/SrfK => putative L,D-transpeptidase ErfK/SrfK
[21:01:54] Modify product: Uncharacterized protein YedJ => putative protein YedJ
[21:01:54] Modify product: Uncharacterized inner membrane transporter YedA => putative inner membrane transporter YedA
[21:01:54] Modify product: Probable diguanylate cyclase DgcQ => putative diguanylate cyclase DgcQ
[21:01:54] Modify product: Probable transport protein HsrA => putative transport protein HsrA
[21:01:54] Modify product: Probable transcriptional regulatory protein YebC => putative transcriptional regulatory protein YebC
[21:01:54] Modify product: Uncharacterized protein HI_0461 => putative protein
[21:01:54] Modify product: Uncharacterized protein YebV => putative protein YebV
[21:01:54] Modify product: Probable manganese efflux pump MntP => putative manganese efflux pump MntP
[21:01:54] Modify product: UPF0266 membrane protein YobD => hypothetical protein
[21:01:54] Modify product: UPF0053 inner membrane protein YoaE => hypothetical protein
[21:01:54] Modify product: Probable cyclic di-GMP phosphodiesterase PdeD => putative cyclic di-GMP phosphodiesterase PdeD
[21:01:54] Modify product: Probable ATP-dependent DNA helicase YoaA => putative ATP-dependent DNA helicase YoaA
[21:01:54] Modify product: Uncharacterized protein YcgM => putative protein YcgM
[21:01:54] Modify product: Uncharacterized protein YeaR => putative protein YeaR
[21:01:54] Modify product: Uncharacterized protein Rv2411c => putative protein
[21:01:54] Modify product: Uncharacterized protein Rv2567 => putative protein
[21:01:54] Modify product: Uncharacterized protein Rv2569c => putative protein
[21:01:54] Modify product: UPF0225 protein YchJ => hypothetical protein
[21:01:54] Modify product: Uncharacterized NTE family protein Rv1063c => putative NTE family protein
[21:01:54] Modify product: UPF0056 inner membrane protein MarC => hypothetical protein
[21:01:54] Modify product: UPF0263 protein YciU => hypothetical protein
[21:01:54] Modify product: Probable ketoamine kinase HMPREF0351_12196 => putative ketoamine kinase
[21:01:54] Modify product: Uncharacterized protein HI_1163 => putative protein
[21:01:54] Modify product: Probable ATP-dependent transporter SufC => putative ATP-dependent transporter SufC
[21:01:54] Modify product: Probable L,D-transpeptidase YnhG => putative L,D-transpeptidase YnhG
[21:01:54] Modify product: Uncharacterized ABC transporter ATP-binding protein HI_1470 => putative ABC transporter ATP-binding protein
[21:01:54] Modify product: Probable ABC transporter permease protein HI_1471 => putative ABC transporter permease protein
[21:01:54] Modify product: Uncharacterized protein HI_1472 => putative protein
[21:01:54] Modify product: Probable siderophore transport system ATP-binding protein YusV => putative siderophore transport system ATP-binding protein YusV
[21:01:54] Modify product: Probable siderophore transport system permease protein YfiZ => putative siderophore transport system permease protein YfiZ
[21:01:54] Modify product: Probable murein peptide carboxypeptidase => putative murein peptide carboxypeptidase
[21:01:54] Modify product: Probable succinyl-CoA:3-ketoacid coenzyme A transferase subunit B => putative succinyl-CoA:3-ketoacid coenzyme A transferase subunit B
[21:01:54] Modify product: Probable succinyl-CoA:3-ketoacid coenzyme A transferase subunit A => putative succinyl-CoA:3-ketoacid coenzyme A transferase subunit A
[21:01:54] Modify product: Probable D,D-dipeptide transport ATP-binding protein DdpD => putative D,D-dipeptide transport ATP-binding protein DdpD
[21:01:54] Modify product: Uncharacterized HTH-type transcriptional regulator YahB => putative HTH-type transcriptional regulator YahB
[21:01:54] Modify product: Uncharacterized oxidoreductase YdgJ => putative oxidoreductase YdgJ
[21:01:54] Modify product: Probable transporter SCO4007 => putative transporter
[21:01:54] Modify product: Uncharacterized protein Rv3292 => putative protein
[21:01:54] Modify product: 23S rRNA 5-hydroxycytidine C2501 synthase => 23S rRNA 5-hydroxycytidine synthase
[21:01:54] Modify product: Uncharacterized protein YdcY => putative protein YdcY
[21:01:54] Modify product: UPF0381 protein YiiS => hypothetical protein
[21:01:54] Modify product: Uncharacterized protein YncE => putative protein YncE
[21:01:54] Modify product: Uncharacterized lipoprotein YgdR => putative lipoprotein YgdR
[21:01:54] Modify product: Putative thiamine biosynthesis protein HI_0357 => Putative thiamine biosynthesis protein
[21:01:54] Modify product: Probable allantoin permease => putative allantoin permease
[21:01:54] Modify product: Probable succinyl-diaminopimelate desuccinylase => putative succinyl-diaminopimelate desuccinylase
[21:01:54] Modify product: Uncharacterized protein PA2218 => putative protein
[21:01:54] Modify product: Probable 3-hydroxyisobutyrate dehydrogenase => putative 3-hydroxyisobutyrate dehydrogenase
[21:01:54] Modify product: Uncharacterized signaling protein CC_0091 => putative signaling protein
[21:01:54] Modify product: Probable fimbrial chaperone YraI => putative fimbrial chaperone YraI
[21:01:54] Modify product: Uncharacterized protein YycE => putative protein YycE
[21:01:54] Modify product: Uncharacterized MFS-type transporter YhhS => putative MFS-type transporter YhhS
[21:01:54] Modify product: Uncharacterized protein YhcH => putative protein YhcH
[21:01:54] Modify product: Uncharacterized isomerase YddE => putative isomerase YddE
[21:01:54] Modify product: UPF0056 inner membrane protein MarC => hypothetical protein
[21:01:54] Modify product: Probable amino-acid metabolite efflux pump => putative amino-acid metabolite efflux pump
[21:01:54] Modify product: Probable L-galactonate transporter => putative L-galactonate transporter
[21:01:54] Modify product: UPF0060 membrane protein YnfA => hypothetical protein
[21:01:54] Modify product: UPF0482 protein YnfB => hypothetical protein
[21:01:54] Modify product: Uncharacterized protein YnfD => putative protein YnfD
[21:01:54] Modify product: UPF0234 protein YajQ => hypothetical protein
[21:01:54] Modify product: Uncharacterized lipoprotein YajI => putative lipoprotein YajI
[21:01:54] Modify product: Uncharacterized protein YaiA => putative protein YaiA
[21:01:54] Modify product: UPF0178 protein YaiI => hypothetical protein
[21:01:54] Modify product: Uncharacterized amino acid permease YhdG => putative amino acid permease YhdG
[21:01:54] Modify product: Leu/Ile/Val-binding protein homolog 3 => Leu/Ile/Val-binding protein 
[21:01:54] Modify product: Probable glutamine ABC transporter permease protein GlnP => putative glutamine ABC transporter permease protein GlnP
[21:01:54] Modify product: Probable fimbrial chaperone EcpE => putative fimbrial chaperone EcpE
[21:01:54] Modify product: Probable outer membrane usher protein EcpC => putative outer membrane usher protein EcpC
[21:01:54] Modify product: Probable fimbrial chaperone EcpB => putative fimbrial chaperone EcpB
[21:01:54] Modify product: Probable phosphatase Rv3661 => putative phosphatase
[21:01:54] Modify product: Uncharacterized protein YjhP => putative protein YjhP
[21:01:54] Modify product: UPF0255 protein VV1_0328 => hypothetical protein
[21:01:54] Modify product: Uncharacterized N-acetyltransferase YafP => putative N-acetyltransferase YafP
[21:01:54] Modify product: Uncharacterized protein Rv2277c => putative protein
[21:01:54] Modify product: Uncharacterized methyltransferase YcgJ => putative methyltransferase YcgJ
[21:01:54] Modify product: Uncharacterized protein YaeQ => putative protein YaeQ
[21:01:54] Modify product: UPF0253 protein YaeP => hypothetical protein
[21:01:54] Modify product: UPF0126 inner membrane protein YadS => hypothetical protein
[21:01:54] Modify product: Uncharacterized ABC transporter ATP-binding protein YadG => putative ABC transporter ATP-binding protein YadG
[21:01:54] Modify product: UPF0231 protein YacL => hypothetical protein
[21:01:54] Modify product: Probable peptidoglycan glycosyltransferase FtsW => putative peptidoglycan glycosyltransferase FtsW
[21:01:54] Modify product: Probable glucarate transporter => putative glucarate transporter
[21:01:54] Modify product: Uncharacterized lipoprotein YgdR => putative lipoprotein YgdR
[21:01:54] Modify product: Probable inner membrane protein Smp => putative inner membrane protein Smp
[21:01:54] Modify product: Uncharacterized metal-dependent hydrolase YjjV => putative metal-dependent hydrolase YjjV
[21:01:54] Modify product: UPF0442 protein YjjB => hypothetical protein
[21:01:54] Modify product: Probable HTH-type transcriptional regulator LgoR => putative HTH-type transcriptional regulator LgoR
[21:01:54] Modify product: Probable L-galactonate transporter => putative L-galactonate transporter
[21:01:54] Modify product: Probable 2-dehydro-3-deoxygalactonokinase DgoK1 => putative 2-dehydro-3-deoxygalactonokinase DgoK1
[21:01:54] Modify product: Uncharacterized HTH-type transcriptional regulator YurK => putative HTH-type transcriptional regulator YurK
[21:01:54] Modify product: Probable 6-phospho-beta-glucosidase => putative 6-phospho-beta-glucosidase
[21:01:54] Modify product: Probable licABCH operon regulator => putative licABCH operon regulator
[21:01:54] Modify product: Deacetylase EF_0837 => Deacetylase
[21:01:54] Modify product: UPF0307 protein YjgA => hypothetical protein
[21:01:54] Modify product: UPF0053 inner membrane protein YtfL => hypothetical protein
[21:01:54] Modify product: Uncharacterized protein YtfJ => putative protein YtfJ
[21:01:54] Modify product: Probable L-ascorbate-6-phosphate lactonase UlaG => putative L-ascorbate-6-phosphate lactonase UlaG
[21:01:54] Modify product: Probable outer membrane usher protein ElfC => putative outer membrane usher protein ElfC
[21:01:54] Modify product: UPF0716 protein FxsA => hypothetical protein
[21:01:54] Modify product: Probable transcriptional regulator PhnF => putative transcriptional regulator PhnF
[21:01:54] Modify product: Probable fimbrial chaperone LpfB => putative fimbrial chaperone LpfB
[21:01:54] Modify product: Uncharacterized fimbrial-like protein YcbV => putative fimbrial-like protein YcbV
[21:01:54] Modify product: Probable cyclic di-GMP phosphodiesterase PdeC => putative cyclic di-GMP phosphodiesterase PdeC
[21:01:54] Modify product: Uncharacterized protein YjbR => putative protein YjbR
[21:01:54] Modify product: UPF0337 protein YjbJ => hypothetical protein
[21:01:54] Modify product: UPF0597 protein YhaM => hypothetical protein
[21:01:54] Modify product: Shikimate dehydrogenase-like protein HI_0607 => Shikimate dehydrogenase-like protein
[21:01:54] Modify product: Uncharacterized protein HI_0431 => putative protein
[21:01:54] Modify product: Probable protein kinase UbiB => putative protein kinase UbiB
[21:01:54] Modify product: Probable transport protein YifK => putative transport protein YifK
[21:01:54] Modify product: Probable ECA polymerase => putative ECA polymerase
[21:01:54] Modify product: Uncharacterized membrane protein YdfK => putative membrane protein YdfK
[21:01:54] Modify product: UPF0438 protein YifE => hypothetical protein
[21:01:54] Modify product: Probable cystine transporter YijE => putative cystine transporter YijE
[21:01:54] Modify product: Probable fructose-bisphosphate aldolase => putative fructose-bisphosphate aldolase
[21:01:54] Modify product: UPF0761 membrane protein YihY => hypothetical protein
[21:01:54] Modify product: Probable GTP-binding protein EngB => putative GTP-binding protein EngB
[21:01:54] Modify product: Probable acyltransferase YihG => putative acyltransferase YihG
[21:01:54] Modify product: Probable transport protein HsrA => putative transport protein HsrA
[21:01:54] Modify product: Probable glucosamine-6-phosphate deaminase 2 => putative glucosamine-6-phosphate deaminase 2
[21:01:54] Modify product: UPF0401 protein YkfF => hypothetical protein
[21:01:55] Modify product: Probable chromate transport protein => putative chromate transport protein
[21:01:55] Modify product: Transcriptional regulator Rv3488 => Transcriptional regulator
[21:01:55] Modify product: Probable phosphite transport system-binding protein PtxB => putative phosphite transport system-binding protein PtxB
[21:01:55] Modify product: Probable DNA endonuclease SmrA => putative DNA endonuclease SmrA
[21:01:55] Modify product: UPF0394 inner membrane protein YedE => hypothetical protein
[21:01:55] Modify product: Uncharacterized protein YdfO => putative protein YdfO
[21:01:55] Modify product: Uncharacterized oxidoreductase YdgJ => putative oxidoreductase YdgJ
[21:01:55] Modify product: Probable D-methionine-binding lipoprotein MetQ => putative D-methionine-binding lipoprotein MetQ
[21:01:55] Modify product: Probable quorum-quenching lactonase YtnP => putative quorum-quenching lactonase YtnP
[21:01:55] Modify product: Uncharacterized protein HI_1410 => putative protein
[21:01:55] Modify product: Uncharacterized HTH-type transcriptional regulator CBU_1416 => putative HTH-type transcriptional regulator
[21:01:55] Modify product: Uncharacterized oxidoreductase YtbE => putative oxidoreductase YtbE
[21:01:55] Modify product: Uncharacterized protein PA2218 => putative protein
[21:01:55] Modify product: Probable 6-phospho-beta-glucosidase => putative 6-phospho-beta-glucosidase
[21:01:55] Modify product: UPF0283 membrane protein YcjF => hypothetical protein
[21:01:55] Modify product: Uncharacterized protein YcjX => putative protein YcjX
[21:01:55] Modify product: UPF0509 protein YciZ => hypothetical protein
[21:01:55] Modify product: Uncharacterized protein YciH => putative protein YciH
[21:01:55] Modify product: Probable protease SohB => putative protease SohB
[21:01:55] Modify product: Uncharacterized oxidoreductase YciK => putative oxidoreductase YciK
[21:01:55] Modify product: Uncharacterized protein YciO => putative protein YciO
[21:01:55] Modify product: Probable tartrate dehydrogenase/decarboxylase TtuC' => putative tartrate dehydrogenase/decarboxylase TtuC'
[21:01:55] Modify product: PKHD-type hydroxylase Sbal_3634 => PKHD-type hydroxylase
[21:01:55] Modify product: UPF0259 membrane protein YciC => hypothetical protein
[21:01:55] Modify product: Probable intracellular septation protein A => putative intracellular septation protein A
[21:01:55] Modify product: Uncharacterized acyl-CoA thioester hydrolase HI_0827 => putative acyl-CoA thioester hydrolase
[21:01:55] Modify product: Uncharacterized HTH-type transcriptional regulator YdjF => putative HTH-type transcriptional regulator YdjF
[21:01:55] Modify product: Uncharacterized sugar kinase YdjH => putative sugar kinase YdjH
[21:01:55] Modify product: Uncharacterized protein YdjI => putative protein YdjI
[21:01:55] Modify product: Uncharacterized zinc-type alcohol dehydrogenase-like protein YdjJ => putative zinc-type alcohol dehydrogenase-like protein YdjJ
[21:01:55] Modify product: Stress response UPF0229 protein YhbH => hypothetical protein
[21:01:55] Modify product: Uncharacterized membrane protein YoaK => putative membrane protein YoaK
[21:01:55] Modify product: Probable zinc-binding alcohol dehydrogenase Rv1895 => putative zinc-binding alcohol dehydrogenase
[21:01:55] Modify product: Probable L,D-transpeptidase YcfS => putative L,D-transpeptidase YcfS
[21:01:55] Modify product: UPF0227 protein YcfP => hypothetical protein
[21:01:55] Modify product: Uncharacterized metal-dependent hydrolase YcfH => putative metal-dependent hydrolase YcfH
[21:01:55] Modify product: Probable lipid II flippase MurJ => putative lipid II flippase MurJ
[21:01:55] Modify product: UPF0502 protein YceH => hypothetical protein
[21:01:55] Modify product: Uncharacterized lipoprotein YceB => putative lipoprotein YceB
[21:01:55] Modify product: Uncharacterized protein YceO => putative protein YceO
[21:01:55] Modify product: UPF0176 protein YceA => hypothetical protein
[21:01:55] Modify product: Probable phosphatase YcdX => putative phosphatase YcdX
[21:01:55] Modify product: Probable hydrolase YcaC => putative hydrolase YcaC
[21:01:55] Modify product: Probable malonic semialdehyde reductase RutE => putative malonic semialdehyde reductase RutE
[21:01:55] Modify product: Uncharacterized protein YccJ => putative protein YccJ
[21:01:55] Modify product: Probable cyclic di-GMP phosphodiesterase PdeG => putative cyclic di-GMP phosphodiesterase PdeG
[21:01:55] Modify product: UPF0098 protein YbcL => hypothetical protein
[21:01:55] Modify product: Uncharacterized protein YccU => putative protein YccU
[21:01:55] Modify product: Uncharacterized protein YcbX => putative protein YcbX
[21:01:55] Modify product: Probable L,D-transpeptidase YcbB => putative L,D-transpeptidase YcbB
[21:01:55] Modify product: UPF0434 protein YcaR => hypothetical protein
[21:01:55] Modify product: Probable formate transporter 1 => putative formate transporter 1
[21:01:55] Modify product: Uncharacterized MFS-type transporter YcaD => putative MFS-type transporter YcaD
[21:01:55] Modify product: Uncharacterized lipoprotein YbjP => putative lipoprotein YbjP
[21:01:55] Modify product: Uncharacterized protein YbjN => putative protein YbjN
[21:01:55] Modify product: Uncharacterized protein YbiI => putative protein YbiI
[21:01:55] Modify product: Uncharacterized protein YbiU => putative protein YbiU
[21:01:55] Modify product: Uncharacterized ABC transporter ATP-binding protein YbiT => putative ABC transporter ATP-binding protein YbiT
[21:01:55] Modify product: Probable L,D-transpeptidase YbiS => putative L,D-transpeptidase YbiS
[21:01:55] Modify product: Uncharacterized protein McbA => putative protein McbA
[21:01:55] Modify product: Uncharacterized protein YbiI => putative protein YbiI
[21:01:55] Modify product: Uncharacterized protein YbiB => putative protein YbiB
[21:01:55] Modify product: Probable glucarate transporter => putative glucarate transporter
[21:01:55] Modify product: UPF0194 membrane protein YbhG => hypothetical protein
[21:01:55] Modify product: Probable multidrug ABC transporter ATP-binding protein YbhF => putative multidrug ABC transporter ATP-binding protein YbhF
[21:01:55] Modify product: Probable multidrug ABC transporter permease YbhS => putative multidrug ABC transporter permease YbhS
[21:01:55] Modify product: Probable multidrug ABC transporter permease YbhR => putative multidrug ABC transporter permease YbhR
[21:01:55] Modify product: UPF0098 protein YbhB => hypothetical protein
[21:01:55] Modify product: Probable cation-transporting ATPase F => putative cation-transporting ATPase F
[21:01:55] Modify product: Probable two-component-system connector protein YcgZ => putative two-component-system connector protein YcgZ
[21:01:55] Modify product: Probable two-component-system connector protein AriR => putative two-component-system connector protein AriR
[21:01:55] Modify product: GTP cyclohydrolase 1 type 2 homolog => GTP cyclohydrolase 1 type 2 
[21:01:55] Modify product: Uncharacterized protein YbfE => putative protein YbfE
[21:01:55] Modify product: Uncharacterized lipoprotein ChiQ => putative lipoprotein ChiQ
[21:01:55] Modify product: UPF0250 protein YbeD => hypothetical protein
[21:01:55] Modify product: Uncharacterized HTH-type transcriptional regulator YbdO => putative HTH-type transcriptional regulator YbdO
[21:01:55] Modify product: Uncharacterized HTH-type transcriptional regulator YbdO => putative HTH-type transcriptional regulator YbdO
[21:01:55] Modify product: Uncharacterized protein YbdM => putative protein YbdM
[21:01:55] Modify product: Uncharacterized sugar kinase YdjH => putative sugar kinase YdjH
[21:01:55] Modify product: Probable D,D-dipeptide-binding periplasmic protein DdpA => putative D,D-dipeptide-binding periplasmic protein DdpA
[21:01:55] Modify product: Probable D,D-dipeptide transport system permease protein DdpC => putative D,D-dipeptide transport system permease protein DdpC
[21:01:55] Modify product: Probable D,D-dipeptide transport ATP-binding protein DdpF => putative D,D-dipeptide transport ATP-binding protein DdpF
[21:01:55] Modify product: Probable cation-transporting ATPase F => putative cation-transporting ATPase F
[21:01:55] Modify product: Uncharacterized protein Rv0906 => putative protein
[21:01:55] Modify product: Probable fimbrial chaperone EcpB => putative fimbrial chaperone EcpB
[21:01:55] Modify product: Probable outer membrane usher protein EcpC => putative outer membrane usher protein EcpC
[21:01:55] Modify product: Probable fimbrial chaperone EcpE => putative fimbrial chaperone EcpE
[21:01:55] Modify product: Uncharacterized protein YncE => putative protein YncE
[21:01:55] Modify product: Probable cadaverine/lysine antiporter => putative cadaverine/lysine antiporter
[21:01:55] Modify product: Probable fimbrial chaperone YadV => putative fimbrial chaperone YadV
[21:01:55] Modify product: Bifunctional protein FolD => Bifunctional protein FolD protein
[21:01:55] Modify product: Uncharacterized protein YbcJ => putative protein YbcJ
[21:01:55] Modify product: Uncharacterized ABC transporter ATP-binding protein Rv0986 => putative ABC transporter ATP-binding protein
[21:01:55] Modify product: Probable iron export permease protein FetB => putative iron export permease protein FetB
[21:01:55] Modify product: Probable iron export ATP-binding protein FetA => putative iron export ATP-binding protein FetA
[21:01:55] Modify product: Probable cyclic di-GMP phosphodiesterase PdeB => putative cyclic di-GMP phosphodiesterase PdeB
[21:01:55] Modify product: Uncharacterized lipoprotein YbaY => putative lipoprotein YbaY
[21:01:55] Modify product: Probable multidrug resistance ABC transporter ATP-binding/permease protein YheI => putative multidrug resistance ABC transporter ATP-binding/permease protein YheI
[21:01:55] Modify product: Uncharacterized protein HI_1008 => putative protein
[21:01:55] Cleaned 335 /product names
[21:01:55] Deleting unwanted file: ./prokka/ARLG-3179_prokka_dir/ARLG-3179_prokka.sprot.tmp.24519.faa
[21:01:55] Deleting unwanted file: ./prokka/ARLG-3179_prokka_dir/ARLG-3179_prokka.sprot.tmp.24519.blast
[21:01:56] There are still 1433 unannotated CDS left (started with 5163)
[21:01:56] Will use hmmer3 to search against /opt/homebrew/Caskroom/miniforge/base/envs/radgenomics/db/hmm/HAMAP.hmm with 2 CPUs
[21:01:56] Running: cat \.\/prokka\/ARLG\-3179_prokka_dir\/ARLG\-3179_prokka\.HAMAP\.hmm\.tmp\.24519\.faa | parallel --gnu --plain -j 2 --block 86927 --recstart '>' --pipe hmmscan --noali --notextw --acc -E 1e-09 --cpu 1 /opt/homebrew/Caskroom/miniforge/base/envs/radgenomics/db/hmm/HAMAP.hmm /dev/stdin > \.\/prokka\/ARLG\-3179_prokka_dir\/ARLG\-3179_prokka\.HAMAP\.hmm\.tmp\.24519\.hmmer3 2> /dev/null
[21:02:15] Modify product: Uncharacterized Nudix hydrolase NudL => putative Nudix hydrolase NudL
[21:02:15] Modify product: Uncharacterized MFS-type transporter YcaD => putative MFS-type transporter YcaD
[21:02:15] Modify product: Uncharacterized MFS-type transporter YfcJ => putative MFS-type transporter YfcJ
[21:02:15] Cleaned 3 /product names
[21:02:15] Deleting unwanted file: ./prokka/ARLG-3179_prokka_dir/ARLG-3179_prokka.HAMAP.hmm.tmp.24519.faa
[21:02:15] Deleting unwanted file: ./prokka/ARLG-3179_prokka_dir/ARLG-3179_prokka.HAMAP.hmm.tmp.24519.hmmer3
[21:02:15] Labelling remaining 1303 proteins as 'hypothetical protein'
[21:02:15] Possible /pseudo 'Putative 2-aminoethylphosphonate transport system permease protein PhnV' at gnl|Prokka|PLJHALKC_1 position 49434
[21:02:15] Possible /pseudo 'IS3 family transposase ISKpn1' at gnl|Prokka|PLJHALKC_1 position 220815
[21:02:15] Possible /pseudo 'ISKra4 family transposase ISCep1' at gnl|Prokka|PLJHALKC_1 position 910025
[21:02:15] Possible /pseudo 'Manganese transport system membrane protein MntB' at gnl|Prokka|PLJHALKC_1 position 1118105
[21:02:15] Possible /pseudo 'L-rhamnonate dehydratase' at gnl|Prokka|PLJHALKC_1 position 1546168
[21:02:15] Possible /pseudo 'IS3 family transposase ISEcl1' at gnl|Prokka|PLJHALKC_1 position 1730793
[21:02:15] Possible /pseudo 'IS3 family transposase ISKpn1' at gnl|Prokka|PLJHALKC_1 position 1770200
[21:02:15] Possible /pseudo 'putative protein' at gnl|Prokka|PLJHALKC_1 position 1973243
[21:02:15] Possible /pseudo 'putative protein' at gnl|Prokka|PLJHALKC_1 position 1974169
[21:02:15] Possible /pseudo 'Nitrate/nitrite sensor protein NarX' at gnl|Prokka|PLJHALKC_1 position 2063892
[21:02:15] Possible /pseudo 'Cysteine desulfurase' at gnl|Prokka|PLJHALKC_1 position 2153330
[21:02:15] Possible /pseudo 'HTH-type transcriptional regulator DmlR' at gnl|Prokka|PLJHALKC_1 position 2495844
[21:02:15] Possible /pseudo 'High-affinity branched-chain amino acid transport ATP-binding protein LivF' at gnl|Prokka|PLJHALKC_1 position 2622026
[21:02:15] Possible /pseudo 'p-aminobenzoyl-glutamate hydrolase subunit B' at gnl|Prokka|PLJHALKC_1 position 2716922
[21:02:15] Possible /pseudo 'IS3 family transposase ISKpn18' at gnl|Prokka|PLJHALKC_1 position 2880616
[21:02:15] Possible /pseudo 'IS3 family transposase ISKpn1' at gnl|Prokka|PLJHALKC_1 position 3037846
[21:02:15] Possible /pseudo 'Proline-specific permease ProY' at gnl|Prokka|PLJHALKC_1 position 3553617
[21:02:15] Possible /pseudo 'IS3 family transposase ISKpn1' at gnl|Prokka|PLJHALKC_1 position 3787013
[21:02:15] Possible /pseudo 'Blue copper oxidase CueO' at gnl|Prokka|PLJHALKC_1 position 4334690
[21:02:15] Possible /pseudo 'IS3 family transposase ISKpn18' at gnl|Prokka|PLJHALKC_1 position 4337756
[21:02:15] Possible /pseudo 'Homoprotocatechuate catabolism bifunctional isomerase/decarboxylase' at gnl|Prokka|PLJHALKC_1 position 4564426
[21:02:15] Possible /pseudo 'IS3 family transposase IS1400' at gnl|Prokka|PLJHALKC_1 position 4646655
[21:02:15] Possible /pseudo 'IS3 family transposase ISKpn1' at gnl|Prokka|PLJHALKC_1 position 4838532
[21:02:15] Possible /pseudo 'IS3 family transposase ISKpn1' at gnl|Prokka|PLJHALKC_1 position 4851093
[21:02:15] Possible /pseudo 'Formate dehydrogenase H' at gnl|Prokka|PLJHALKC_1 position 4879466
[21:02:15] Possible /pseudo 'Peptidyl-prolyl cis-trans isomerase C' at gnl|Prokka|PLJHALKC_1 position 5105234
[21:02:15] Possible /pseudo 'Formate dehydrogenase-O major subunit' at gnl|Prokka|PLJHALKC_1 position 5195395
[21:02:15] Possible /pseudo 'IS3 family transposase ISKpn38' at gnl|Prokka|PLJHALKC_2 position 121710
[21:02:15] Possible /pseudo '3-oxo-tetronate kinase' at gnl|Prokka|PLJHALKC_3 position 29520
[21:02:15] Found 2990 unique /gene codes.
[21:02:15] Fixed 2 duplicate /gene - cycA_1 cycA_2
[21:02:15] Fixed 2 duplicate /gene - malT_1 malT_2
[21:02:15] Fixed 3 duplicate /gene - suhB_1 suhB_2 suhB_3
[21:02:15] Fixed 2 duplicate /gene - dnaJ_1 dnaJ_2
[21:02:15] Fixed 2 duplicate /gene - dgoK1_1 dgoK1_2
[21:02:15] Fixed 3 duplicate /gene - betI_1 betI_2 betI_3
[21:02:15] Fixed 3 duplicate /gene - ompA_1 ompA_2 ompA_3
[21:02:15] Fixed 3 duplicate /gene - slyA_1 slyA_2 slyA_3
[21:02:15] Fixed 2 duplicate /gene - abaF_1 abaF_2
[21:02:15] Fixed 3 duplicate /gene - bla_1 bla_2 bla_3
[21:02:15] Fixed 3 duplicate /gene - cydB_1 cydB_2 cydB_3
[21:02:15] Fixed 2 duplicate /gene - sdaC_1 sdaC_2
[21:02:15] Fixed 2 duplicate /gene - fusA_1 fusA_2
[21:02:15] Fixed 2 duplicate /gene - yhhS_1 yhhS_2
[21:02:15] Fixed 5 duplicate /gene - srlR_1 srlR_2 srlR_3 srlR_4 srlR_5
[21:02:15] Fixed 2 duplicate /gene - ssuC_1 ssuC_2
[21:02:15] Fixed 2 duplicate /gene - cobC_1 cobC_2
[21:02:15] Fixed 2 duplicate /gene - lpxL_1 lpxL_2
[21:02:15] Fixed 2 duplicate /gene - pduD_1 pduD_2
[21:02:15] Fixed 6 duplicate /gene - licC_1 licC_2 licC_3 licC_4 licC_5 licC_6
[21:02:15] Fixed 3 duplicate /gene - cytR_1 cytR_2 cytR_3
[21:02:15] Fixed 2 duplicate /gene - ecpE_1 ecpE_2
[21:02:15] Fixed 2 duplicate /gene - eutB_1 eutB_2
[21:02:15] Fixed 2 duplicate /gene - ltnD_1 ltnD_2
[21:02:15] Fixed 2 duplicate /gene - ydjF_1 ydjF_2
[21:02:15] Fixed 2 duplicate /gene - apbE_1 apbE_2
[21:02:15] Fixed 2 duplicate /gene - citG_1 citG_2
[21:02:15] Fixed 2 duplicate /gene - tuf1_1 tuf1_2
[21:02:15] Fixed 4 duplicate /gene - ttuB_1 ttuB_2 ttuB_3 ttuB_4
[21:02:15] Fixed 5 duplicate /gene - yajO_1 yajO_2 yajO_3 yajO_4 yajO_5
[21:02:15] Fixed 2 duplicate /gene - hyfA_1 hyfA_2
[21:02:15] Fixed 2 duplicate /gene - xanP_1 xanP_2
[21:02:15] Fixed 2 duplicate /gene - cobD_1 cobD_2
[21:02:15] Fixed 3 duplicate /gene - rrrD_1 rrrD_2 rrrD_3
[21:02:15] Fixed 2 duplicate /gene - thpA_1 thpA_2
[21:02:15] Fixed 2 duplicate /gene - fhuA_1 fhuA_2
[21:02:15] Fixed 3 duplicate /gene - rbsK_1 rbsK_2 rbsK_3
[21:02:15] Fixed 2 duplicate /gene - dppA_1 dppA_2
[21:02:15] Fixed 2 duplicate /gene - artQ_1 artQ_2
[21:02:15] Fixed 2 duplicate /gene - topA_1 topA_2
[21:02:15] Fixed 2 duplicate /gene - ubiJ_1 ubiJ_2
[21:02:15] Fixed 2 duplicate /gene - bamA_1 bamA_2
[21:02:15] Fixed 2 duplicate /gene - dgoT_1 dgoT_2
[21:02:15] Fixed 2 duplicate /gene - can_1 can_2
[21:02:15] Fixed 2 duplicate /gene - dmsC_1 dmsC_2
[21:02:15] Fixed 2 duplicate /gene - aspT_1 aspT_2
[21:02:15] Fixed 12 duplicate /gene - fabG_1 fabG_2 fabG_3 fabG_4 fabG_5 fabG_6 fabG_7 fabG_8 fabG_9 fabG_10 fabG_11 fabG_12
[21:02:15] Fixed 2 duplicate /gene - mdtH_1 mdtH_2
[21:02:15] Fixed 2 duplicate /gene - kdgK_1 kdgK_2
[21:02:15] Fixed 2 duplicate /gene - glnP_1 glnP_2
[21:02:15] Fixed 2 duplicate /gene - msuD_1 msuD_2
[21:02:15] Fixed 2 duplicate /gene - ribZ_1 ribZ_2
[21:02:15] Fixed 2 duplicate /gene - ydfK_1 ydfK_2
[21:02:15] Fixed 2 duplicate /gene - nupC_1 nupC_2
[21:02:15] Fixed 2 duplicate /gene - por_1 por_2
[21:02:15] Fixed 2 duplicate /gene - emrB_1 emrB_2
[21:02:15] Fixed 3 duplicate /gene - manZ_1 manZ_2 manZ_3
[21:02:15] Fixed 2 duplicate /gene - yiaW_1 yiaW_2
[21:02:15] Fixed 2 duplicate /gene - ada_1 ada_2
[21:02:15] Fixed 2 duplicate /gene - yofA_1 yofA_2
[21:02:15] Fixed 2 duplicate /gene - sgrR_1 sgrR_2
[21:02:15] Fixed 3 duplicate /gene - glcR_1 glcR_2 glcR_3
[21:02:15] Fixed 3 duplicate /gene - frlB_1 frlB_2 frlB_3
[21:02:15] Fixed 2 duplicate /gene - gsiC_1 gsiC_2
[21:02:15] Fixed 2 duplicate /gene - pat_1 pat_2
[21:02:15] Fixed 4 duplicate /gene - fliY_1 fliY_2 fliY_3 fliY_4
[21:02:15] Fixed 2 duplicate /gene - csbX_1 csbX_2
[21:02:15] Fixed 3 duplicate /gene - mdtA_1 mdtA_2 mdtA_3
[21:02:15] Fixed 4 duplicate /gene - malP_1 malP_2 malP_3 malP_4
[21:02:15] Fixed 5 duplicate /gene - rbsA_1 rbsA_2 rbsA_3 rbsA_4 rbsA_5
[21:02:15] Fixed 2 duplicate /gene - alsE_1 alsE_2
[21:02:15] Fixed 2 duplicate /gene - yeaX_1 yeaX_2
[21:02:15] Fixed 4 duplicate /gene - iolE_1 iolE_2 iolE_3 iolE_4
[21:02:15] Fixed 2 duplicate /gene - nlpD_1 nlpD_2
[21:02:15] Fixed 2 duplicate /gene - hpcE_1 hpcE_2
[21:02:15] Fixed 2 duplicate /gene - bglF_1 bglF_2
[21:02:15] Fixed 2 duplicate /gene - fdoG_1 fdoG_2
[21:02:15] Fixed 2 duplicate /gene - bdcA_1 bdcA_2
[21:02:15] Fixed 2 duplicate /gene - kefC_1 kefC_2
[21:02:15] Fixed 2 duplicate /gene - gltA_1 gltA_2
[21:02:15] Fixed 2 duplicate /gene - astB_1 astB_2
[21:02:15] Fixed 2 duplicate /gene - hns_1 hns_2
[21:02:15] Fixed 2 duplicate /gene - aaeA_1 aaeA_2
[21:02:15] Fixed 3 duplicate /gene - lrp_1 lrp_2 lrp_3
[21:02:15] Fixed 2 duplicate /gene - pspA_1 pspA_2
[21:02:15] Fixed 2 duplicate /gene - dsbD_1 dsbD_2
[21:02:15] Fixed 2 duplicate /gene - ilvI_1 ilvI_2
[21:02:15] Fixed 2 duplicate /gene - yagG_1 yagG_2
[21:02:15] Fixed 2 duplicate /gene - glmS_1 glmS_2
[21:02:15] Fixed 2 duplicate /gene - asd_1 asd_2
[21:02:15] Fixed 2 duplicate /gene - feaB_1 feaB_2
[21:02:15] Fixed 2 duplicate /gene - narX_1 narX_2
[21:02:15] Fixed 2 duplicate /gene - guaD_1 guaD_2
[21:02:15] Fixed 3 duplicate /gene - pcaK_1 pcaK_2 pcaK_3
[21:02:15] Fixed 3 duplicate /gene - yhaJ_1 yhaJ_2 yhaJ_3
[21:02:15] Fixed 2 duplicate /gene - hisQ_1 hisQ_2
[21:02:15] Fixed 3 duplicate /gene - rhtC_1 rhtC_2 rhtC_3
[21:02:15] Fixed 2 duplicate /gene - ulaB_1 ulaB_2
[21:02:15] Fixed 4 duplicate /gene - hipO_1 hipO_2 hipO_3 hipO_4
[21:02:15] Fixed 2 duplicate /gene - rluA_1 rluA_2
[21:02:15] Fixed 2 duplicate /gene - oppA_1 oppA_2
[21:02:15] Fixed 3 duplicate /gene - mglA_1 mglA_2 mglA_3
[21:02:15] Fixed 2 duplicate /gene - agp_1 agp_2
[21:02:15] Fixed 2 duplicate /gene - fabD_1 fabD_2
[21:02:15] Fixed 2 duplicate /gene - ftnA_1 ftnA_2
[21:02:15] Fixed 2 duplicate /gene - ibpB_1 ibpB_2
[21:02:15] Fixed 2 duplicate /gene - gsiD_1 gsiD_2
[21:02:15] Fixed 2 duplicate /gene - tyrB_1 tyrB_2
[21:02:15] Fixed 2 duplicate /gene - cdaR_1 cdaR_2
[21:02:15] Fixed 2 duplicate /gene - ugpA_1 ugpA_2
[21:02:15] Fixed 2 duplicate /gene - citB_1 citB_2
[21:02:15] Fixed 3 duplicate /gene - lgoT_1 lgoT_2 lgoT_3
[21:02:15] Fixed 3 duplicate /gene - iprA_1 iprA_2 iprA_3
[21:02:15] Fixed 2 duplicate /gene - kgtP_1 kgtP_2
[21:02:15] Fixed 2 duplicate /gene - cobT_1 cobT_2
[21:02:15] Fixed 2 duplicate /gene - kefF_1 kefF_2
[21:02:15] Fixed 2 duplicate /gene - glpE_1 glpE_2
[21:02:15] Fixed 2 duplicate /gene - araB_1 araB_2
[21:02:15] Fixed 2 duplicate /gene - folP_1 folP_2
[21:02:15] Fixed 3 duplicate /gene - astD_1 astD_2 astD_3
[21:02:15] Fixed 2 duplicate /gene - sbnD_1 sbnD_2
[21:02:15] Fixed 3 duplicate /gene - betB_1 betB_2 betB_3
[21:02:15] Fixed 2 duplicate /gene - rlhA_1 rlhA_2
[21:02:15] Fixed 4 duplicate /gene - cmpR_1 cmpR_2 cmpR_3 cmpR_4
[21:02:15] Fixed 2 duplicate /gene - azoR_1 azoR_2
[21:02:15] Fixed 2 duplicate /gene - zntB_1 zntB_2
[21:02:15] Fixed 2 duplicate /gene - rhtB_1 rhtB_2
[21:02:15] Fixed 3 duplicate /gene - ulaC_1 ulaC_2 ulaC_3
[21:02:15] Fixed 2 duplicate /gene - fabF_1 fabF_2
[21:02:15] Fixed 2 duplicate /gene - bcsQ_1 bcsQ_2
[21:02:15] Fixed 2 duplicate /gene - ygiW_1 ygiW_2
[21:02:15] Fixed 2 duplicate /gene - ybhR_1 ybhR_2
[21:02:15] Fixed 2 duplicate /gene - gltJ_1 gltJ_2
[21:02:15] Fixed 2 duplicate /gene - ppiC_1 ppiC_2
[21:02:15] Fixed 2 duplicate /gene - dinI_1 dinI_2
[21:02:15] Fixed 4 duplicate /gene - metQ_1 metQ_2 metQ_3 metQ_4
[21:02:15] Fixed 2 duplicate /gene - traC_1 traC_2
[21:02:15] Fixed 2 duplicate /gene - mrdA_1 mrdA_2
[21:02:15] Fixed 2 duplicate /gene - ybhF_1 ybhF_2
[21:02:15] Fixed 2 duplicate /gene - xylA_1 xylA_2
[21:02:15] Fixed 2 duplicate /gene - fimA_1 fimA_2
[21:02:15] Fixed 2 duplicate /gene - ftsA_1 ftsA_2
[21:02:15] Fixed 2 duplicate /gene - bcr_1 bcr_2
[21:02:15] Fixed 2 duplicate /gene - mltF_1 mltF_2
[21:02:15] Fixed 2 duplicate /gene - yncE_1 yncE_2
[21:02:15] Fixed 2 duplicate /gene - scrY_1 scrY_2
[21:02:15] Fixed 2 duplicate /gene - symE_1 symE_2
[21:02:15] Fixed 2 duplicate /gene - pcpR_1 pcpR_2
[21:02:15] Fixed 2 duplicate /gene - dnaK_1 dnaK_2
[21:02:15] Fixed 2 duplicate /gene - cra_1 cra_2
[21:02:15] Fixed 2 duplicate /gene - blc_1 blc_2
[21:02:15] Fixed 2 duplicate /gene - hisJ_1 hisJ_2
[21:02:15] Fixed 2 duplicate /gene - yhhT_1 yhhT_2
[21:02:15] Fixed 2 duplicate /gene - astC_1 astC_2
[21:02:15] Fixed 2 duplicate /gene - mqo_1 mqo_2
[21:02:15] Fixed 2 duplicate /gene - ybdG_1 ybdG_2
[21:02:15] Fixed 2 duplicate /gene - ctpF_1 ctpF_2
[21:02:15] Fixed 2 duplicate /gene - lysN_1 lysN_2
[21:02:15] Fixed 5 duplicate /gene - gcvA_1 gcvA_2 gcvA_3 gcvA_4 gcvA_5
[21:02:15] Fixed 2 duplicate /gene - codA_1 codA_2
[21:02:15] Fixed 2 duplicate /gene - proQ_1 proQ_2
[21:02:15] Fixed 2 duplicate /gene - aroP_1 aroP_2
[21:02:15] Fixed 2 duplicate /gene - iolU_1 iolU_2
[21:02:15] Fixed 6 duplicate /gene - livF_1 livF_2 livF_3 livF_4 livF_5 livF_6
[21:02:15] Fixed 2 duplicate /gene - proA_1 proA_2
[21:02:15] Fixed 3 duplicate /gene - fruA_1 fruA_2 fruA_3
[21:02:15] Fixed 2 duplicate /gene - bhsA_1 bhsA_2
[21:02:15] Fixed 2 duplicate /gene - ecpA_1 ecpA_2
[21:02:15] Fixed 2 duplicate /gene - ybdO_1 ybdO_2
[21:02:15] Fixed 2 duplicate /gene - carA_1 carA_2
[21:02:15] Fixed 2 duplicate /gene - fepA_1 fepA_2
[21:02:15] Fixed 2 duplicate /gene - adhE_1 adhE_2
[21:02:15] Fixed 2 duplicate /gene - dmsB_1 dmsB_2
[21:02:15] Fixed 3 duplicate /gene - yadV_1 yadV_2 yadV_3
[21:02:15] Fixed 2 duplicate /gene - dhaK_1 dhaK_2
[21:02:15] Fixed 2 duplicate /gene - rppH_1 rppH_2
[21:02:15] Fixed 2 duplicate /gene - ridA_1 ridA_2
[21:02:15] Fixed 3 duplicate /gene - vldW_1 vldW_2 vldW_3
[21:02:15] Fixed 2 duplicate /gene - sutR_1 sutR_2
[21:02:15] Fixed 2 duplicate /gene - artJ_1 artJ_2
[21:02:15] Fixed 2 duplicate /gene - ydhP_1 ydhP_2
[21:02:15] Fixed 2 duplicate /gene - cysH_1 cysH_2
[21:02:15] Fixed 2 duplicate /gene - ilvB_1 ilvB_2
[21:02:15] Fixed 2 duplicate /gene - cueO_1 cueO_2
[21:02:15] Fixed 2 duplicate /gene - epsE_1 epsE_2
[21:02:15] Fixed 3 duplicate /gene - proY_1 proY_2 proY_3
[21:02:15] Fixed 20 duplicate /gene - dmlR_1 dmlR_2 dmlR_3 dmlR_4 dmlR_5 dmlR_6 dmlR_7 dmlR_8 dmlR_9 dmlR_10 dmlR_11 dmlR_12 dmlR_13 dmlR_14 dmlR_15 dmlR_16 dmlR_17 dmlR_18 dmlR_19 dmlR_20
[21:02:15] Fixed 2 duplicate /gene - pgl_1 pgl_2
[21:02:15] Fixed 2 duplicate /gene - msbA_1 msbA_2
[21:02:15] Fixed 5 duplicate /gene - hdfR_1 hdfR_2 hdfR_3 hdfR_4 hdfR_5
[21:02:15] Fixed 2 duplicate /gene - ygaZ_1 ygaZ_2
[21:02:15] Fixed 4 duplicate /gene - hcpA_1 hcpA_2 hcpA_3 hcpA_4
[21:02:15] Fixed 2 duplicate /gene - malG_1 malG_2
[21:02:15] Fixed 2 duplicate /gene - aptB_1 aptB_2
[21:02:15] Fixed 2 duplicate /gene - ddpC_1 ddpC_2
[21:02:15] Fixed 3 duplicate /gene - ssuB_1 ssuB_2 ssuB_3
[21:02:15] Fixed 2 duplicate /gene - gntR_1 gntR_2
[21:02:15] Fixed 2 duplicate /gene - gatC_1 gatC_2
[21:02:15] Fixed 2 duplicate /gene - klcA_1 klcA_2
[21:02:15] Fixed 2 duplicate /gene - eutC_1 eutC_2
[21:02:15] Fixed 3 duplicate /gene - argP_1 argP_2 argP_3
[21:02:15] Fixed 2 duplicate /gene - stpA_1 stpA_2
[21:02:15] Fixed 2 duplicate /gene - ybiI_1 ybiI_2
[21:02:15] Fixed 3 duplicate /gene - lldR_1 lldR_2 lldR_3
[21:02:15] Fixed 2 duplicate /gene - dsdC_1 dsdC_2
[21:02:15] Fixed 2 duplicate /gene - ugpC_1 ugpC_2
[21:02:15] Fixed 3 duplicate /gene - oprM_1 oprM_2 oprM_3
[21:02:15] Fixed 2 duplicate /gene - btuF_1 btuF_2
[21:02:15] Fixed 3 duplicate /gene - bglA_1 bglA_2 bglA_3
[21:02:15] Fixed 6 duplicate /gene - xerC_1 xerC_2 xerC_3 xerC_4 xerC_5 xerC_6
[21:02:15] Fixed 2 duplicate /gene - aaeB_1 aaeB_2
[21:02:15] Fixed 2 duplicate /gene - yeaR_1 yeaR_2
[21:02:15] Fixed 2 duplicate /gene - glpF_1 glpF_2
[21:02:15] Fixed 3 duplicate /gene - lsrD_1 lsrD_2 lsrD_3
[21:02:15] Fixed 5 duplicate /gene - fimD_1 fimD_2 fimD_3 fimD_4 fimD_5
[21:02:15] Fixed 4 duplicate /gene - ulaA_1 ulaA_2 ulaA_3 ulaA_4
[21:02:15] Fixed 2 duplicate /gene - norW_1 norW_2
[21:02:15] Fixed 3 duplicate /gene - glnH_1 glnH_2 glnH_3
[21:02:15] Fixed 2 duplicate /gene - metC_1 metC_2
[21:02:15] Fixed 3 duplicate /gene - pncC_1 pncC_2 pncC_3
[21:02:15] Fixed 2 duplicate /gene - norG_1 norG_2
[21:02:15] Fixed 2 duplicate /gene - dctA_1 dctA_2
[21:02:15] Fixed 2 duplicate /gene - kdgR_1 kdgR_2
[21:02:15] Fixed 2 duplicate /gene - murQ_1 murQ_2
[21:02:15] Fixed 3 duplicate /gene - sotB_1 sotB_2 sotB_3
[21:02:15] Fixed 2 duplicate /gene - mepS_1 mepS_2
[21:02:15] Fixed 2 duplicate /gene - gdhA_1 gdhA_2
[21:02:15] Fixed 3 duplicate /gene - oppF_1 oppF_2 oppF_3
[21:02:15] Fixed 2 duplicate /gene - sufS_1 sufS_2
[21:02:15] Fixed 2 duplicate /gene - rsxC_1 rsxC_2
[21:02:15] Fixed 2 duplicate /gene - fimC_1 fimC_2
[21:02:15] Fixed 3 duplicate /gene - benM_1 benM_2 benM_3
[21:02:15] Fixed 3 duplicate /gene - emrA_1 emrA_2 emrA_3
[21:02:15] Fixed 2 duplicate /gene - ydjH_1 ydjH_2
[21:02:15] Fixed 2 duplicate /gene - dgoA_1 dgoA_2
[21:02:15] Fixed 2 duplicate /gene - uxuA_1 uxuA_2
[21:02:15] Fixed 2 duplicate /gene - tnpR_1 tnpR_2
[21:02:15] Fixed 5 duplicate /gene - glpR_1 glpR_2 glpR_3 glpR_4 glpR_5
[21:02:15] Fixed 5 duplicate /gene - cynR_1 cynR_2 cynR_3 cynR_4 cynR_5
[21:02:15] Fixed 2 duplicate /gene - dapE_1 dapE_2
[21:02:15] Fixed 2 duplicate /gene - astA_1 astA_2
[21:02:15] Fixed 2 duplicate /gene - malX_1 malX_2
[21:02:15] Fixed 2 duplicate /gene - mak_1 mak_2
[21:02:15] Fixed 2 duplicate /gene - gltR_1 gltR_2
[21:02:15] Fixed 2 duplicate /gene - dam_1 dam_2
[21:02:15] Fixed 2 duplicate /gene - leuA_1 leuA_2
[21:02:15] Fixed 2 duplicate /gene - mngR_1 mngR_2
[21:02:15] Fixed 2 duplicate /gene - xerD_1 xerD_2
[21:02:15] Fixed 2 duplicate /gene - puuB_1 puuB_2
[21:02:15] Fixed 3 duplicate /gene - otnK_1 otnK_2 otnK_3
[21:02:15] Fixed 4 duplicate /gene - rbsR_1 rbsR_2 rbsR_3 rbsR_4
[21:02:15] Fixed 3 duplicate /gene - ydcV_1 ydcV_2 ydcV_3
[21:02:15] Fixed 4 duplicate /gene - intA_1 intA_2 intA_3 intA_4
[21:02:15] Fixed 2 duplicate /gene - nagC_1 nagC_2
[21:02:15] Fixed 2 duplicate /gene - sasA_1 sasA_2
[21:02:15] Fixed 4 duplicate /gene - rbsB_1 rbsB_2 rbsB_3 rbsB_4
[21:02:15] Fixed 2 duplicate /gene - ompN_1 ompN_2
[21:02:15] Fixed 3 duplicate /gene - sorC_1 sorC_2 sorC_3
[21:02:15] Fixed 2 duplicate /gene - namA_1 namA_2
[21:02:15] Fixed 2 duplicate /gene - ycaD_1 ycaD_2
[21:02:15] Fixed 2 duplicate /gene - topB_1 topB_2
[21:02:15] Fixed 2 duplicate /gene - dppB_1 dppB_2
[21:02:15] Fixed 2 duplicate /gene - aroE_1 aroE_2
[21:02:15] Fixed 2 duplicate /gene - rfaH_1 rfaH_2
[21:02:15] Fixed 2 duplicate /gene - ftsI_1 ftsI_2
[21:02:15] Fixed 3 duplicate /gene - soxS_1 soxS_2 soxS_3
[21:02:15] Fixed 2 duplicate /gene - amaB_1 amaB_2
[21:02:15] Fixed 2 duplicate /gene - gmuD_1 gmuD_2
[21:02:15] Fixed 2 duplicate /gene - yabI_1 yabI_2
[21:02:15] Fixed 2 duplicate /gene - xylG_1 xylG_2
[21:02:15] Fixed 2 duplicate /gene - bioD1_1 bioD1_2
[21:02:15] Fixed 2 duplicate /gene - ahpC_1 ahpC_2
[21:02:15] Fixed 5 duplicate /gene - mntB_1 mntB_2 mntB_3 mntB_4 mntB_5
[21:02:15] Fixed 3 duplicate /gene - gudP_1 gudP_2 gudP_3
[21:02:15] Fixed 2 duplicate /gene - pyrG_1 pyrG_2
[21:02:15] Fixed 2 duplicate /gene - cusC_1 cusC_2
[21:02:15] Fixed 2 duplicate /gene - glpT_1 glpT_2
[21:02:15] Fixed 2 duplicate /gene - nfdA_1 nfdA_2
[21:02:15] Fixed 2 duplicate /gene - roxA_1 roxA_2
[21:02:15] Fixed 5 duplicate /gene - rhaR_1 rhaR_2 rhaR_3 rhaR_4 rhaR_5
[21:02:15] Fixed 2 duplicate /gene - livJ_1 livJ_2
[21:02:15] Fixed 2 duplicate /gene - ecpC_1 ecpC_2
[21:02:15] Fixed 3 duplicate /gene - gabR_1 gabR_2 gabR_3
[21:02:15] Fixed 2 duplicate /gene - rstB_1 rstB_2
[21:02:15] Fixed 2 duplicate /gene - uspG_1 uspG_2
[21:02:15] Fixed 3 duplicate /gene - yibH_1 yibH_2 yibH_3
[21:02:15] Fixed 2 duplicate /gene - cydA_1 cydA_2
[21:02:15] Fixed 3 duplicate /gene - acrB_1 acrB_2 acrB_3
[21:02:15] Fixed 3 duplicate /gene - ompR_1 ompR_2 ompR_3
[21:02:15] Fixed 3 duplicate /gene - pcaR_1 pcaR_2 pcaR_3
[21:02:15] Fixed 3 duplicate /gene - nepI_1 nepI_2 nepI_3
[21:02:15] Fixed 3 duplicate /gene - yecS_1 yecS_2 yecS_3
[21:02:15] Fixed 2 duplicate /gene - acrR_1 acrR_2
[21:02:15] Fixed 3 duplicate /gene - phoP_1 phoP_2 phoP_3
[21:02:15] Fixed 2 duplicate /gene - rutB_1 rutB_2
[21:02:15] Fixed 5 duplicate /gene - iolG_1 iolG_2 iolG_3 iolG_4 iolG_5
[21:02:15] Fixed 2 duplicate /gene - malK_1 malK_2
[21:02:15] Fixed 3 duplicate /gene - tsaR_1 tsaR_2 tsaR_3
[21:02:15] Fixed 2 duplicate /gene - pduE_1 pduE_2
[21:02:15] Fixed 2 duplicate /gene - pckA_1 pckA_2
[21:02:15] Fixed 2 duplicate /gene - bglH_1 bglH_2
[21:02:15] Fixed 3 duplicate /gene - gstB_1 gstB_2 gstB_3
[21:02:15] Fixed 2 duplicate /gene - ecpD_1 ecpD_2
[21:02:15] Fixed 2 duplicate /gene - cdhR_1 cdhR_2
[21:02:15] Fixed 2 duplicate /gene - clcB_1 clcB_2
[21:02:15] Fixed 2 duplicate /gene - ghrA_1 ghrA_2
[21:02:15] Fixed 8 duplicate /gene - glnQ_1 glnQ_2 glnQ_3 glnQ_4 glnQ_5 glnQ_6 glnQ_7 glnQ_8
[21:02:15] Fixed 2 duplicate /gene - epsF_1 epsF_2
[21:02:15] Fixed 2 duplicate /gene - bin3_1 bin3_2
[21:02:15] Fixed 2 duplicate /gene - nodD2_1 nodD2_2
[21:02:15] Fixed 2 duplicate /gene - cysG_1 cysG_2
[21:02:15] Fixed 2 duplicate /gene - osmY_1 osmY_2
[21:02:15] Fixed 4 duplicate /gene - metI_1 metI_2 metI_3 metI_4
[21:02:15] Fixed 2 duplicate /gene - trmL_1 trmL_2
[21:02:15] Fixed 2 duplicate /gene - ddpA_1 ddpA_2
[21:02:15] Fixed 2 duplicate /gene - rutC_1 rutC_2
[21:02:15] Fixed 2 duplicate /gene - yrdA_1 yrdA_2
[21:02:15] Fixed 10 duplicate /gene - pgrR_1 pgrR_2 pgrR_3 pgrR_4 pgrR_5 pgrR_6 pgrR_7 pgrR_8 pgrR_9 pgrR_10
[21:02:15] Fixed 2 duplicate /gene - proP_1 proP_2
[21:02:15] Fixed 4 duplicate /gene - potA_1 potA_2 potA_3 potA_4
[21:02:15] Fixed 3 duplicate /gene - fdhF_1 fdhF_2 fdhF_3
[21:02:15] Fixed 2 duplicate /gene - map_1 map_2
[21:02:15] Fixed 2 duplicate /gene - deoC_1 deoC_2
[21:02:15] Fixed 3 duplicate /gene - ydjE_1 ydjE_2 ydjE_3
[21:02:15] Fixed 2 duplicate /gene - gabD_1 gabD_2
[21:02:15] Fixed 2 duplicate /gene - pal_1 pal_2
[21:02:15] Fixed 3 duplicate /gene - garK_1 garK_2 garK_3
[21:02:15] Fixed 2 duplicate /gene - abgB_1 abgB_2
[21:02:15] Fixed 2 duplicate /gene - dppD_1 dppD_2
[21:02:15] Fixed 5 duplicate /gene - nimR_1 nimR_2 nimR_3 nimR_4 nimR_5
[21:02:15] Fixed 2 duplicate /gene - cpdA_1 cpdA_2
[21:02:15] Fixed 4 duplicate /gene - chbA_1 chbA_2 chbA_3 chbA_4
[21:02:15] Fixed 2 duplicate /gene - purR_1 purR_2
[21:02:15] Fixed 3 duplicate /gene - ssuA_1 ssuA_2 ssuA_3
[21:02:15] Fixed 2 duplicate /gene - phnV_1 phnV_2
[21:02:15] Fixed 2 duplicate /gene - sad_1 sad_2
[21:02:15] Fixed 11 duplicate /gene - rhaS_1 rhaS_2 rhaS_3 rhaS_4 rhaS_5 rhaS_6 rhaS_7 rhaS_8 rhaS_9 rhaS_10 rhaS_11
[21:02:15] Fixed 2 duplicate /gene - fbaA_1 fbaA_2
[21:02:15] Fixed 2 duplicate /gene - lyx_1 lyx_2
[21:02:15] Fixed 2 duplicate /gene - aptA_1 aptA_2
[21:02:15] Fixed 2 duplicate /gene - glgS_1 glgS_2
[21:02:15] Fixed 2 duplicate /gene - fruB_1 fruB_2
[21:02:15] Fixed 2 duplicate /gene - fhuC_1 fhuC_2
[21:02:15] Fixed 2 duplicate /gene - amiC_1 amiC_2
[21:02:15] Fixed 2 duplicate /gene - htrE_1 htrE_2
[21:02:15] Fixed 3 duplicate /gene - sorB_1 sorB_2 sorB_3
[21:02:15] Fixed 2 duplicate /gene - uxaB_1 uxaB_2
[21:02:15] Fixed 2 duplicate /gene - aacA4_1 aacA4_2
[21:02:15] Fixed 2 duplicate /gene - pduA_1 pduA_2
[21:02:15] Fixed 4 duplicate /gene - lamB_1 lamB_2 lamB_3 lamB_4
[21:02:15] Fixed 2 duplicate /gene - ribX_1 ribX_2
[21:02:15] Fixed 2 duplicate /gene - lacC_1 lacC_2
[21:02:15] Fixed 4 duplicate /gene - dnaB_1 dnaB_2 dnaB_3 dnaB_4
[21:02:15] Fixed 2 duplicate /gene - mrkD_1 mrkD_2
[21:02:15] Fixed 2 duplicate /gene - hxpB_1 hxpB_2
[21:02:15] Fixed 2 duplicate /gene - lon_1 lon_2
[21:02:15] Fixed 4 duplicate /gene - hexR_1 hexR_2 hexR_3 hexR_4
[21:02:15] Fixed 2 duplicate /gene - ssb_1 ssb_2
[21:02:15] Fixed 2 duplicate /gene - kduD_1 kduD_2
[21:02:15] Fixed 2 duplicate /gene - ecpB_1 ecpB_2
[21:02:15] Fixed 2 duplicate /gene - mdtM_1 mdtM_2
[21:02:15] Fixed 4 duplicate /gene - norR_1 norR_2 norR_3 norR_4
[21:02:15] Fixed 2 duplicate /gene - dmsA_1 dmsA_2
[21:02:15] Fixed 3 duplicate /gene - ascG_1 ascG_2 ascG_3
[21:02:15] Fixed 2 duplicate /gene - yraI_1 yraI_2
[21:02:15] Fixed 2 duplicate /gene - glgC_1 glgC_2
[21:02:15] Fixed 3 duplicate /gene - lsrB_1 lsrB_2 lsrB_3
[21:02:15] Fixed 2 duplicate /gene - actP_1 actP_2
[21:02:15] Fixed 2 duplicate /gene - pdeH_1 pdeH_2
[21:02:15] Fixed 3 duplicate /gene - dauA_1 dauA_2 dauA_3
[21:02:15] Fixed 2 duplicate /gene - jefA_1 jefA_2
[21:02:15] Fixed 4 duplicate /gene - rcsC_1 rcsC_2 rcsC_3 rcsC_4
[21:02:15] Fixed 2 duplicate /gene - zapE_1 zapE_2
[21:02:15] Fixed 2 duplicate /gene - oppD_1 oppD_2
[21:02:15] Fixed 3 duplicate /gene - umuD_1 umuD_2 umuD_3
[21:02:15] Fixed 2 duplicate /gene - fucP_1 fucP_2
[21:02:15] Fixed 2 duplicate /gene - nudK_1 nudK_2
[21:02:15] Fixed 4 duplicate /gene - exuT_1 exuT_2 exuT_3 exuT_4
[21:02:15] Fixed 2 duplicate /gene - hsrA_1 hsrA_2
[21:02:15] Fixed 2 duplicate /gene - lacI_1 lacI_2
[21:02:15] Fixed 4 duplicate /gene - xylB_1 xylB_2 xylB_3 xylB_4
[21:02:15] Fixed 2 duplicate /gene - mdh_1 mdh_2
[21:02:15] Fixed 2 duplicate /gene - rbn_1 rbn_2
[21:02:15] Fixed 5 duplicate /gene - oxyR_1 oxyR_2 oxyR_3 oxyR_4 oxyR_5
[21:02:15] Fixed 2 duplicate /gene - artM_1 artM_2
[21:02:15] Fixed 2 duplicate /gene - lldD_1 lldD_2
[21:02:15] Fixed 2 duplicate /gene - tenA_1 tenA_2
[21:02:15] Fixed 4 duplicate /gene - menH_1 menH_2 menH_3 menH_4
[21:02:15] Fixed 2 duplicate /gene - yohK_1 yohK_2
[21:02:15] Fixed 2 duplicate /gene - htpX_1 htpX_2
[21:02:15] Fixed 2 duplicate /gene - lacG_1 lacG_2
[21:02:15] Fixed 4 duplicate /gene - gltC_1 gltC_2 gltC_3 gltC_4
[21:02:15] Fixed 2 duplicate /gene - ydiB_1 ydiB_2
[21:02:15] Fixed 2 duplicate /gene - rhmD_1 rhmD_2
[21:02:15] Fixed 9 duplicate /gene - rbsC_1 rbsC_2 rbsC_3 rbsC_4 rbsC_5 rbsC_6 rbsC_7 rbsC_8 rbsC_9
[21:02:15] Fixed 2 duplicate /gene - ettA_1 ettA_2
[21:02:15] Fixed 3 duplicate /gene - metN_1 metN_2 metN_3
[21:02:15] Fixed 2 duplicate /gene - dsbA_1 dsbA_2
[21:02:15] Fixed 2 duplicate /gene - ydgJ_1 ydgJ_2
[21:02:15] Fixed 2 duplicate /gene - yfcJ_1 yfcJ_2
[21:02:15] Fixed 3 duplicate /gene - celA_1 celA_2 celA_3
[21:02:15] Fixed 6 duplicate /gene - btuD_1 btuD_2 btuD_3 btuD_4 btuD_5 btuD_6
[21:02:15] Fixed 3 duplicate /gene - hmuU_1 hmuU_2 hmuU_3
[21:02:15] Fixed 2 duplicate /gene - hin_1 hin_2
[21:02:15] Fixed 2 duplicate /gene - ddrA_1 ddrA_2
[21:02:15] Fixed 2 duplicate /gene - citA_1 citA_2
[21:02:15] Fixed 2 duplicate /gene - ugpB_1 ugpB_2
[21:02:15] Fixed 4 duplicate /gene - ygdR_1 ygdR_2 ygdR_3 ygdR_4
[21:02:15] Fixed 3 duplicate /gene - lptB_1 lptB_2 lptB_3
[21:02:15] Fixed 3 duplicate /gene - dapA_1 dapA_2 dapA_3
[21:02:15] Fixed 2 duplicate /gene - astE_1 astE_2
[21:02:15] Fixed 2 duplicate /gene - bcsB_1 bcsB_2
[21:02:15] Fixed 2 duplicate /gene - dadA_1 dadA_2
[21:02:15] Fixed 3 duplicate /gene - rob_1 rob_2 rob_3
[21:02:15] Fixed 2 duplicate /gene - hisC_1 hisC_2
[21:02:15] Fixed 2 duplicate /gene - umuC_1 umuC_2
[21:02:15] Fixed 2 duplicate /gene - hdeB_1 hdeB_2
[21:02:15] Fixed 2 duplicate /gene - licH_1 licH_2
[21:02:15] Fixed 2 duplicate /gene - bluF_1 bluF_2
[21:02:15] Fixed 3 duplicate /gene - livH_1 livH_2 livH_3
[21:02:15] Fixed 2 duplicate /gene - lsrF_1 lsrF_2
[21:02:15] Fixed 3 duplicate /gene - thlA_1 thlA_2 thlA_3
[21:02:15] Fixed 2 duplicate /gene - bepA_1 bepA_2
[21:02:15] Fixed 3 duplicate /gene - yicJ_1 yicJ_2 yicJ_3
[21:02:15] Fixed 424 colliding /gene names.
[21:02:15] Adding /locus_tag identifiers
[21:02:16] Assigned 5275 locus_tags to CDS and RNA features.
[21:02:16] Writing outputs to ./prokka/ARLG-3179_prokka_dir/
[21:02:21] Generating annotation statistics file
[21:02:21] Generating Genbank and Sequin files
[21:02:21] Running: tbl2asn -V b -a r10k -l paired-ends -M n -N 1 -y 'Annotated using prokka 1.14.6 from https://github.com/tseemann/prokka' -Z \.\/prokka\/ARLG\-3179_prokka_dir\/ARLG\-3179_prokka\.err -i \.\/prokka\/ARLG\-3179_prokka_dir\/ARLG\-3179_prokka\.fsa 2> /dev/null
[21:02:32] Deleting unwanted file: ./prokka/ARLG-3179_prokka_dir/errorsummary.val
[21:02:32] Deleting unwanted file: ./prokka/ARLG-3179_prokka_dir/ARLG-3179_prokka.dr
[21:02:32] Deleting unwanted file: ./prokka/ARLG-3179_prokka_dir/ARLG-3179_prokka.fixedproducts
[21:02:32] Deleting unwanted file: ./prokka/ARLG-3179_prokka_dir/ARLG-3179_prokka.ecn
[21:02:32] Deleting unwanted file: ./prokka/ARLG-3179_prokka_dir/ARLG-3179_prokka.val
[21:02:32] Repairing broken .GBK output that tbl2asn produces...
[21:02:32] Running: sed 's/COORDINATES: profile/COORDINATES:profile/' < \.\/prokka\/ARLG\-3179_prokka_dir\/ARLG\-3179_prokka\.gbf > \.\/prokka\/ARLG\-3179_prokka_dir\/ARLG\-3179_prokka\.gbk
[21:02:32] Deleting unwanted file: ./prokka/ARLG-3179_prokka_dir/ARLG-3179_prokka.gbf
[21:02:32] Output files:
[21:02:32] ./prokka/ARLG-3179_prokka_dir/ARLG-3179_prokka.txt
[21:02:32] ./prokka/ARLG-3179_prokka_dir/ARLG-3179_prokka.err
[21:02:32] ./prokka/ARLG-3179_prokka_dir/ARLG-3179_prokka.tsv
[21:02:32] ./prokka/ARLG-3179_prokka_dir/ARLG-3179_prokka.fna
[21:02:32] ./prokka/ARLG-3179_prokka_dir/ARLG-3179_prokka.tbl
[21:02:32] ./prokka/ARLG-3179_prokka_dir/ARLG-3179_prokka.sqn
[21:02:32] ./prokka/ARLG-3179_prokka_dir/ARLG-3179_prokka.gff
[21:02:32] ./prokka/ARLG-3179_prokka_dir/ARLG-3179_prokka.gbk
[21:02:32] ./prokka/ARLG-3179_prokka_dir/ARLG-3179_prokka.ffn
[21:02:32] ./prokka/ARLG-3179_prokka_dir/ARLG-3179_prokka.gbf-r
[21:02:32] ./prokka/ARLG-3179_prokka_dir/ARLG-3179_prokka.log
[21:02:32] ./prokka/ARLG-3179_prokka_dir/ARLG-3179_prokka.faa
[21:02:32] ./prokka/ARLG-3179_prokka_dir/ARLG-3179_prokka.fsa
[21:02:32] Annotation finished successfully.
[21:02:32] Walltime used: 4.32 minutes
[21:02:32] If you use this result please cite the Prokka paper:
[21:02:32] Seemann T (2014) Prokka: rapid prokaryotic genome annotation. Bioinformatics. 30(14):2068-9.
[21:02:32] Type 'prokka --citation' for more details.
[21:02:32] Share and enjoy!
