[09:39:35] This is prokka 1.14.6
[09:39:35] Written by Torsten Seemann <torsten.seemann@gmail.com>
[09:39:35] Homepage is https://github.com/tseemann/prokka
[09:39:35] Local time is Mon Dec 11 09:39:35 2023
[09:39:35] You are rodrigodepaulabaptista
[09:39:35] Operating system is darwin
[09:39:35] You have BioPerl 1.007002
[09:39:36] System has 10 cores.
[09:39:36] Will use maximum of 8 cores.
[09:39:36] Annotating as >>> Bacteria <<<
[09:39:36] Generating locus_tag from 'ARLG-4673_assembly.fasta' contents.
[09:39:36] Setting --locustag CGBLDEDM from MD5 c0b5ded6d152f555d516ff004e555b35
[09:39:36] Creating new output folder: prokka_test
[09:39:36] Running: mkdir -p prokka_test
[09:39:36] Using filename prefix: my_genome.XXX
[09:39:36] Setting HMMER_NCPU=1
[09:39:36] Writing log to: prokka_test/my_genome.log
[09:39:36] Command: /Users/rodrigodepaulabaptista/opt/anaconda3/envs/prokka/bin/prokka --outdir prokka_test --prefix my_genome --rfam ARLG-4673_assembly.fasta
[09:39:36] Appending to PATH: /Users/rodrigodepaulabaptista/opt/anaconda3/envs/prokka/bin
[09:39:36] Looking for 'aragorn' - found /Users/rodrigodepaulabaptista/opt/anaconda3/envs/prokka/bin/aragorn
[09:39:36] Determined aragorn version is 001002 from 'ARAGORN v1.2.41 Dean Laslett'
[09:39:36] Looking for 'barrnap' - found /Users/rodrigodepaulabaptista/opt/anaconda3/envs/prokka/bin/barrnap
[09:39:36] Determined barrnap version is 000009 from 'barrnap 0.9'
[09:39:36] Looking for 'blastp' - found /Users/rodrigodepaulabaptista/opt/anaconda3/envs/prokka/bin/blastp
[09:39:40] Determined blastp version is 002012 from 'blastp: 2.12.0+'
[09:39:40] Looking for 'cmpress' - found /Users/rodrigodepaulabaptista/opt/anaconda3/envs/prokka/bin/cmpress
[09:39:40] Determined cmpress version is 001001 from '# INFERNAL 1.1.4 (Dec 2020)'
[09:39:40] Looking for 'cmscan' - found /Users/rodrigodepaulabaptista/opt/anaconda3/envs/prokka/bin/cmscan
[09:39:40] Determined cmscan version is 001001 from '# INFERNAL 1.1.4 (Dec 2020)'
[09:39:40] Looking for 'egrep' - found /usr/bin/egrep
[09:39:40] Looking for 'find' - found /usr/bin/find
[09:39:40] Looking for 'grep' - found /usr/bin/grep
[09:39:40] Looking for 'hmmpress' - found /Users/rodrigodepaulabaptista/opt/anaconda3/envs/prokka/bin/hmmpress
[09:39:41] Determined hmmpress version is 003003 from '# HMMER 3.3.2 (Nov 2020); http://hmmer.org/'
[09:39:41] Looking for 'hmmscan' - found /Users/rodrigodepaulabaptista/opt/anaconda3/envs/prokka/bin/hmmscan
[09:39:41] Determined hmmscan version is 003003 from '# HMMER 3.3.2 (Nov 2020); http://hmmer.org/'
[09:39:41] Looking for 'java' - found /Users/rodrigodepaulabaptista/opt/anaconda3/envs/prokka/bin/java
[09:39:41] Looking for 'makeblastdb' - found /Users/rodrigodepaulabaptista/opt/anaconda3/envs/prokka/bin/makeblastdb
[09:39:41] Determined makeblastdb version is 002012 from 'makeblastdb: 2.12.0+'
[09:39:41] Looking for 'minced' - found /Users/rodrigodepaulabaptista/opt/anaconda3/envs/prokka/bin/minced
[09:39:42] Determined minced version is 004002 from 'minced 0.4.2'
[09:39:42] Looking for 'parallel' - found /Users/rodrigodepaulabaptista/opt/anaconda3/envs/prokka/bin/parallel
[09:39:42] Determined parallel version is 20220222 from 'GNU parallel 20220222'
[09:39:42] Looking for 'prodigal' - found /Users/rodrigodepaulabaptista/opt/anaconda3/envs/prokka/bin/prodigal
[09:39:43] Determined prodigal version is 002006 from 'Prodigal V2.6.3: February, 2016'
[09:39:43] Looking for 'prokka-genbank_to_fasta_db' - found /Users/rodrigodepaulabaptista/opt/anaconda3/envs/prokka/bin/prokka-genbank_to_fasta_db
[09:39:43] Looking for 'sed' - found /usr/bin/sed
[09:39:43] Looking for 'tbl2asn' - found /Users/rodrigodepaulabaptista/opt/anaconda3/envs/prokka/bin/tbl2asn
[09:39:43] Determined tbl2asn version is 025007 from 'tbl2asn 25.7   arguments:'
[09:39:43] Using genetic code table 11.
[09:39:43] Loading and checking input file: ARLG-4673_assembly.fasta
[09:39:43] Wrote 5 contigs totalling 5650840 bp.
[09:39:43] Predicting tRNAs and tmRNAs
[09:39:43] Running: aragorn -l -gc11  -w prokka_test\/my_genome\.fna
[09:39:45] 1 tRNA-SeC c[88965,89059] 35 (tca)
[09:39:45] 2 tRNA-Pro [218601,218677] 35 (cgg)
[09:39:45] 3 tRNA-Thr [456586,456661] 34 (ggt)
[09:39:45] 4 tRNA-Leu [541010,541096] 35 (gag)
[09:39:45] 5 tRNA-Met [545027,545103] 35 (cat)
[09:39:45] 6 tRNA-Met c[650678,650753] 34 (cat)
[09:39:45] 7 tRNA-Phe c[720331,720406] 34 (gaa)
[09:39:45] 8 tRNA-Gly [804868,804941] 33 (ccc)
[09:39:45] 9 tRNA-Met c[965534,965610] 35 (cat)
[09:39:45] 10 tRNA-Met c[965643,965719] 35 (cat)
[09:39:45] 11 tRNA-Met c[965753,965829] 35 (cat)
[09:39:45] 12 tRNA-Ser [1130927,1131019] 35 (gct)
[09:39:45] 13 tRNA-Arg [1131024,1131100] 35 (acg)
[09:39:45] 14 tRNA-Arg [1131251,1131327] 35 (acg)
[09:39:45] 15 tRNA-Arg [1131389,1131465] 35 (acg)
[09:39:45] 16 tRNA-Arg [1131694,1131770] 35 (acg)
[09:39:45] 17 tmRNA c[1200410,1200772] 90,125 ANDENYALAA**
[09:39:45] 18 tRNA-Glu [1229272,1229347] 35 (ttc)
[09:39:45] 19 tRNA-Lys c[1411647,1411722] 34 (ttt)
[09:39:45] 20 tRNA-Val c[1411727,1411802] 34 (tac)
[09:39:45] 21 tRNA-Val c[1411849,1411924] 34 (tac)
[09:39:45] 22 tRNA-Val c[1411970,1412045] 34 (tac)
[09:39:45] 23 tRNA-Ala [1414744,1414819] 34 (ggc)
[09:39:45] 24 tRNA-Ala [1414861,1414936] 34 (ggc)
[09:39:45] 25 tRNA-Arg c[1472810,1472884] 34 (cct)
[09:39:45] 26 tRNA-Pro c[1589675,1589751] 35 (ggg)
[09:39:45] 27 tRNA-Asn c[1797461,1797536] 34 (gtt)
[09:39:45] 28 tRNA-Asn [1799294,1799369] 34 (gtt)
[09:39:45] 29 tRNA-Asn c[1808217,1808292] 34 (gtt)
[09:39:45] 30 tRNA-Asn c[1813936,1814011] 34 (gtt)
[09:39:45] 31 tRNA-Ser [1815003,1815092] 35 (cga)
[09:39:45] 32 tRNA-Gly [1836198,1836273] 34 (gcc)
[09:39:45] 33 tRNA-Cys [1836314,1836387] 33 (gca)
[09:39:45] 34 tRNA-Leu [1836401,1836487] 35 (taa)
[09:39:45] 35 tRNA-Tyr c[2043626,2043710] 35 (gta)
[09:39:45] 36 tRNA-Tyr c[2043926,2044010] 35 (gta)
[09:39:45] 37 tRNA-Val c[2252507,2252583] 35 (gac)
[09:39:45] 38 tRNA-Val c[2252588,2252664] 35 (gac)
[09:39:45] 39 tRNA-Val c[2252669,2252745] 35 (gac)
[09:39:45] 40 tRNA-Ser [3177977,3178064] 35 (gga)
[09:39:45] 41 tRNA-Ser [3183036,3183123] 35 (gga)
[09:39:45] 42 tRNA-Ser c[3262148,3262235] 35 (tga)
[09:39:45] 43 tRNA-Lys c[3573364,3573439] 34 (ttt)
[09:39:45] 44 tRNA-Lys c[3573572,3573647] 34 (ttt)
[09:39:45] 45 tRNA-Lys c[3573794,3573869] 34 (ttt)
[09:39:45] 46 tRNA-Val c[3573873,3573948] 34 (tac)
[09:39:45] 47 tRNA-Lys c[3574098,3574173] 34 (ttt)
[09:39:45] 48 tRNA-Val c[3574176,3574251] 34 (tac)
[09:39:45] 49 tRNA-Lys c[3574377,3574452] 34 (ttt)
[09:39:45] 50 tRNA-Met [3633072,3633148] 35 (cat)
[09:39:45] 51 tRNA-Leu [3633157,3633241] 35 (tag)
[09:39:45] 52 tRNA-Gln [3633265,3633339] 33 (ttg)
[09:39:45] 53 tRNA-Gln [3633376,3633450] 33 (ttg)
[09:39:45] 54 tRNA-Met [3633474,3633550] 35 (cat)
[09:39:45] 55 tRNA-Gln [3633598,3633672] 33 (ctg)
[09:39:45] 56 tRNA-Gln [3633748,3633822] 33 (ctg)
[09:39:45] 57 tRNA-Thr c[3903375,3903450] 34 (tgt)
[09:39:45] 58 tRNA-Arg c[3920585,3920661] 35 (tct)
[09:39:45] 59 tRNA-Thr [4135759,4135834] 34 (cgt)
[09:39:45] 60 tRNA-Asp c[4210427,4210503] 35 (gtc)
[09:39:45] 61 tRNA-Asp c[4219880,4219956] 35 (gtc)
[09:39:45] 62 tRNA-Ala c[4223297,4223372] 34 (tgc)
[09:39:45] 63 tRNA-Ile c[4223478,4223554] 35 (gat)
[09:39:45] 64 tRNA-Leu [4506262,4506348] 35 (cag)
[09:39:45] 65 tRNA-Leu [4506377,4506463] 35 (cag)
[09:39:45] 66 tRNA-Leu [4506495,4506581] 35 (cag)
[09:39:45] 67 tRNA-Glu c[4606504,4606579] 35 (ttc)
[09:39:45] 68 tRNA-Leu c[4675629,4675713] 35 (caa)
[09:39:45] 69 tRNA-Gly c[4813965,4814040] 34 (gcc)
[09:39:45] 70 tRNA-Gly c[4814113,4814188] 34 (gcc)
[09:39:45] 71 tRNA-Gly c[4814257,4814332] 34 (gcc)
[09:39:45] 72 tRNA-Phe [4855621,4855696] 34 (gaa)
[09:39:45] 73 tRNA-Glu c[5002118,5002193] 35 (ttc)
[09:39:45] 74 tRNA-Thr c[5039617,5039692] 34 (ggt)
[09:39:45] 75 tRNA-Gly c[5039698,5039772] 34 (tcc)
[09:39:45] 76 tRNA-Tyr c[5039888,5039972] 35 (gta)
[09:39:45] 77 tRNA-Thr c[5039983,5040058] 34 (tgt)
[09:39:45] 78 tRNA-Ala c[5047151,5047226] 34 (tgc)
[09:39:45] 79 tRNA-Ile c[5047263,5047339] 35 (gat)
[09:39:45] 80 tRNA-Pro c[5096935,5097011] 35 (tgg)
[09:39:45] 81 tRNA-Leu c[5097054,5097140] 35 (cag)
[09:39:45] 82 tRNA-His c[5097164,5097239] 34 (gtg)
[09:39:45] 83 tRNA-Arg c[5097295,5097371] 35 (ccg)
[09:39:45] 84 tRNA-Trp c[5135403,5135478] 34 (cca)
[09:39:45] 85 tRNA-Asp c[5135532,5135608] 35 (gtc)
[09:39:45] 86 tRNA-Ala c[5138952,5139027] 34 (tgc)
[09:39:45] 87 tRNA-Ile c[5139064,5139140] 35 (gat)
[09:39:45] 88 tRNA-Glu c[5243651,5243726] 35 (ttc)
[09:39:45] Found 88 tRNAs
[09:39:45] Predicting Ribosomal RNAs
[09:39:45] Running Barrnap with 8 threads
[09:39:47] 1 NZ_CP067961.1 451722 16S ribosomal RNA
[09:39:47] 2 NZ_CP067961.1 453459 23S ribosomal RNA
[09:39:47] 3 NZ_CP067961.1 456458 5S ribosomal RNA
[09:39:47] 4 NZ_CP067961.1 456702 5S ribosomal RNA
[09:39:47] 5 NZ_CP067961.1 1227650 16S ribosomal RNA
[09:39:47] 6 NZ_CP067961.1 1229540 23S ribosomal RNA
[09:39:47] 7 NZ_CP067961.1 1232538 5S ribosomal RNA
[09:39:47] 8 NZ_CP067961.1 4220017 5S ribosomal RNA
[09:39:47] 9 NZ_CP067961.1 4220227 23S ribosomal RNA
[09:39:47] 10 NZ_CP067961.1 4223627 16S ribosomal RNA
[09:39:47] 11 NZ_CP067961.1 4603203 5S ribosomal RNA
[09:39:47] 12 NZ_CP067961.1 4603413 23S ribosomal RNA
[09:39:47] 13 NZ_CP067961.1 4606666 16S ribosomal RNA
[09:39:47] 14 NZ_CP067961.1 4998825 5S ribosomal RNA
[09:39:47] 15 NZ_CP067961.1 4999035 23S ribosomal RNA
[09:39:47] 16 NZ_CP067961.1 5002280 16S ribosomal RNA
[09:39:47] 17 NZ_CP067961.1 5043871 5S ribosomal RNA
[09:39:47] 18 NZ_CP067961.1 5044081 23S ribosomal RNA
[09:39:47] 19 NZ_CP067961.1 5047409 16S ribosomal RNA
[09:39:47] 20 NZ_CP067961.1 5135668 5S ribosomal RNA
[09:39:47] 21 NZ_CP067961.1 5135882 23S ribosomal RNA
[09:39:47] 22 NZ_CP067961.1 5139213 16S ribosomal RNA
[09:39:47] 23 NZ_CP067961.1 5240358 5S ribosomal RNA
[09:39:47] 24 NZ_CP067961.1 5240568 23S ribosomal RNA
[09:39:47] 25 NZ_CP067961.1 5243813 16S ribosomal RNA
[09:39:47] Found 25 rRNAs
[09:39:47] Scanning for ncRNAs... please be patient.
[09:39:47] Running: cmscan -Z 11.30168 --cut_ga --rfam --nohmmonly --fmt 2 --cpu 8 --tblout /dev/stdout -o /dev/null --noali /Users/rodrigodepaulabaptista/opt/anaconda3/envs/prokka/db/cm/Bacteria prokka_test\/my_genome\.fna
[09:42:00] 1 ncRNA 1 NZ_CP067961.1 1..428
[09:42:00] 2 ncRNA 2 NZ_CP067961.1 1..367
[09:42:00] 3 ncRNA 3 NZ_CP067961.1 1..356
[09:42:00] 4 ncRNA 4 NZ_CP067961.1 1..388
[09:42:00] 5 ncRNA 5 NZ_CP067961.1 1..255
[09:42:00] 6 ncRNA 6 NZ_CP067961.1 1..334
[09:42:00] 7 ncRNA 7 NZ_CP067961.1 1..228
[09:42:00] 8 ncRNA 8 NZ_CP067961.1 1..212
[09:42:00] 9 ncRNA 9 NZ_CP067961.1 1..195
[09:42:00] 10 ncRNA 10 NZ_CP067961.1 1..252
[09:42:00] 11 ncRNA 11 NZ_CP067961.1 1..300
[09:42:00] 12 ncRNA 12 NZ_CP067961.1 1..194
[09:42:00] 13 ncRNA 13 NZ_CP067961.1 1..232
[09:42:00] 14 ncRNA 14 NZ_CP067961.1 1..214
[09:42:00] 15 ncRNA 15 NZ_CP067961.1 1..145
[09:42:00] 16 ncRNA 16 NZ_CP067961.1 1..198
[09:42:00] 17 ncRNA 17 NZ_CP067961.1 1..428
[09:42:00] 18 ncRNA 18 NZ_CP067961.1 1..428
[09:42:00] 19 ncRNA 19 NZ_CP067961.1 1..183
[09:42:00] 20 ncRNA 20 NZ_CP067961.1 1..163
[09:42:00] 21 ncRNA 21 NZ_CP067961.1 1..163
[09:42:00] 22 ncRNA 22 NZ_CP067961.1 1..142
[09:42:00] 23 ncRNA 23 NZ_CP067961.1 1..110
[09:42:00] 24 ncRNA 24 NZ_CP067961.1 1..140
[09:42:00] 25 ncRNA 25 NZ_CP067961.1 1..130
[09:42:00] 26 ncRNA 26 NZ_CP067961.1 1..201
[09:42:00] 27 ncRNA 27 NZ_CP067961.1 1..130
[09:42:00] 28 ncRNA 28 NZ_CP067961.1 1..130
[09:42:00] 29 ncRNA 29 NZ_CP067961.1 1..130
[09:42:00] 30 ncRNA 30 NZ_CP067961.1 1..117
[09:42:00] 31 ncRNA 31 NZ_CP067961.1 1..85
[09:42:00] 32 ncRNA 32 NZ_CP067961.1 1..188
[09:42:00] 33 ncRNA 33 NZ_CP067961.1 1..191
[09:42:00] 34 ncRNA 34 NZ_CP067961.1 1..115
[09:42:00] 35 ncRNA 35 NZ_CP067961.1 1..118
[09:42:00] 36 ncRNA 36 NZ_CP067961.1 1..292
[09:42:00] 37 ncRNA 37 NZ_CP067961.1 1..119
[09:42:00] 38 ncRNA 38 NZ_CP067961.1 1..140
[09:42:00] 39 ncRNA 39 NZ_CP067961.1 1..158
[09:42:00] 40 ncRNA 40 NZ_CP067961.1 1..191
[09:42:00] 41 ncRNA 41 NZ_CP067961.1 1..115
[09:42:00] 42 ncRNA 42 NZ_CP067961.1 1..125
[09:42:00] 43 ncRNA 43 NZ_CP067961.1 1..110
[09:42:00] 44 ncRNA 44 NZ_CP067961.1 1..308
[09:42:00] 45 ncRNA 45 NZ_CP067961.1 1..124
[09:42:00] 46 ncRNA 46 NZ_CP067961.1 1..169
[09:42:00] 47 ncRNA 47 NZ_CP067961.1 1..100
[09:42:00] 48 ncRNA 48 NZ_CP067961.1 1..135
[09:42:00] 49 ncRNA 49 NZ_CP067961.1 1..177
[09:42:00] 50 ncRNA 50 NZ_CP067961.1 1..130
[09:42:00] 51 ncRNA 51 NZ_CP067961.1 1..130
[09:42:00] 52 ncRNA 52 NZ_CP067961.1 1..106
[09:42:00] 53 ncRNA 53 NZ_CP067961.1 1..79
[09:42:00] 54 ncRNA 54 NZ_CP067961.1 1..158
[09:42:00] 55 ncRNA 55 NZ_CP067961.1 1..85
[09:42:00] 56 ncRNA 56 NZ_CP067961.1 1..130
[09:42:00] 57 ncRNA 57 NZ_CP067961.1 1..127
[09:42:00] 58 ncRNA 58 NZ_CP067961.1 1..86
[09:42:00] 59 ncRNA 59 NZ_CP067961.1 1..114
[09:42:00] 60 ncRNA 60 NZ_CP067961.1 1..59
[09:42:00] 61 ncRNA 61 NZ_CP067961.1 1..59
[09:42:00] 62 ncRNA 62 NZ_CP067961.1 1..148
[09:42:00] 63 ncRNA 63 NZ_CP067961.1 1..94
[09:42:00] 64 ncRNA 64 NZ_CP067961.1 1..135
[09:42:00] 65 ncRNA 65 NZ_CP067961.1 1..65
[09:42:00] 66 ncRNA 66 NZ_CP067961.1 1..107
[09:42:00] 67 ncRNA 67 NZ_CP067961.1 1..107
[09:42:00] 68 ncRNA 68 NZ_CP067961.1 1..85
[09:42:07] 69 ncRNA 69 NZ_CP067961.1 1..81
[09:42:07] 70 ncRNA 70 NZ_CP067961.1 1..92
[09:42:07] 71 ncRNA 71 NZ_CP067961.1 1..97
[09:42:07] 72 ncRNA 72 NZ_CP067961.1 1..65
[09:42:07] 73 ncRNA 73 NZ_CP067961.1 1..93
[09:42:07] 74 ncRNA 74 NZ_CP067961.1 1..55
[09:42:07] 75 ncRNA 75 NZ_CP067961.1 1..95
[09:42:07] 76 ncRNA 76 NZ_CP067961.1 1..114
[09:42:07] 77 ncRNA 77 NZ_CP067961.1 1..87
[09:42:07] 78 ncRNA 78 NZ_CP067961.1 1..108
[09:42:07] 79 ncRNA 79 NZ_CP067961.1 1..87
[09:42:07] 80 ncRNA 80 NZ_CP067961.1 1..100
[09:42:07] 81 ncRNA 81 NZ_CP067961.1 1..74
[09:42:07] 82 ncRNA 82 NZ_CP067961.1 1..107
[09:42:07] 83 ncRNA 83 NZ_CP067961.1 1..107
[09:42:07] 84 ncRNA 84 NZ_CP067961.1 1..107
[09:42:07] 85 ncRNA 85 NZ_CP067961.1 1..107
[09:42:07] 86 ncRNA 86 NZ_CP067961.1 1..107
[09:42:07] 87 ncRNA 87 NZ_CP067961.1 1..107
[09:42:07] 88 ncRNA 88 NZ_CP067961.1 1..62
[09:42:07] 89 ncRNA 89 NZ_CP067961.1 1..76
[09:42:07] 90 ncRNA 90 NZ_CP067961.1 1..67
[09:42:07] 91 ncRNA 91 NZ_CP067961.1 1..73
[09:42:07] 92 ncRNA 92 NZ_CP067961.1 1..123
[09:42:07] 93 ncRNA 93 NZ_CP067961.1 1..78
[09:42:07] 94 ncRNA 95 NZ_CP067961.1 1..111
[09:42:07] 95 ncRNA 96 NZ_CP067961.1 1..109
[09:42:07] 96 ncRNA 97 NZ_CP067961.1 1..149
[09:42:07] 97 ncRNA 98 NZ_CP067961.1 1..83
[09:42:07] 98 ncRNA 99 NZ_CP067961.1 1..97
[09:42:07] 99 ncRNA 100 NZ_CP067961.1 1..105
[09:42:07] 100 ncRNA 101 NZ_CP067961.1 1..70
[09:42:07] 101 ncRNA 102 NZ_CP067961.1 1..67
[09:42:07] 102 ncRNA 104 NZ_CP067961.1 1..130
[09:42:07] 103 ncRNA 105 NZ_CP067961.1 1..83
[09:42:07] 104 ncRNA 106 NZ_CP067961.1 1..57
[09:42:07] 105 ncRNA 107 NZ_CP067961.1 1..105
[09:42:07] 106 ncRNA 108 NZ_CP067961.1 1..58
[09:42:07] 107 ncRNA 109 NZ_CP067961.1 1..130
[09:42:07] 108 ncRNA 110 NZ_CP067961.1 1..105
[09:42:07] 109 ncRNA 111 NZ_CP067961.1 1..125
[09:42:07] 110 ncRNA 112 NZ_CP067961.1 1..66
[09:42:07] 111 ncRNA 113 NZ_CP067961.1 1..108
[09:42:07] 112 ncRNA 114 NZ_CP067961.1 1..130
[09:42:07] 113 ncRNA 115 NZ_CP067961.1 1..38
[09:42:07] 114 ncRNA 116 NZ_CP067961.1 1..75
[09:42:07] 115 ncRNA 117 NZ_CP067961.1 1..61
[09:42:07] 116 ncRNA 118 NZ_CP067961.1 1..84
[09:42:07] 117 ncRNA 119 NZ_CP067961.1 1..77
[09:42:07] 118 ncRNA 120 NZ_CP067961.1 1..105
[09:42:07] 119 ncRNA 121 NZ_CP067961.1 1..156
[09:42:07] 120 ncRNA 122 NZ_CP067961.1 1..71
[09:42:07] 121 ncRNA 123 NZ_CP067961.1 1..130
[09:42:07] 122 ncRNA 124 NZ_CP067961.1 1..130
[09:42:07] 123 ncRNA 125 NZ_CP067961.1 1..130
[09:42:07] 124 ncRNA 126 NZ_CP067961.1 1..64
[09:42:07] 125 ncRNA 127 NZ_CP067961.1 1..48
[09:42:07] 126 ncRNA 1 NZ_CP067962.1 1..228
[09:42:07] 127 ncRNA 2 NZ_CP067962.1 1..158
[09:42:07] 128 ncRNA 1 NZ_CP067963.1 1..86
[09:42:07] 129 ncRNA 2 NZ_CP067963.1 1..99
[09:42:07] 130 ncRNA 3 NZ_CP067963.1 1..92
[09:42:07] 131 ncRNA 4 NZ_CP067963.1 1..79
[09:42:07] 132 ncRNA 1 NZ_CP067964.1 1..102
[09:42:07] 133 ncRNA 1 NZ_CP067965.1 1..102
[09:42:07] Found 133 ncRNAs.
[09:42:07] Total of 112 tRNA + rRNA features
[09:42:07] Searching for CRISPR repeats
[09:42:08] CRISPR1 NZ_CP067962.1 30616 with 20 spacers
[09:42:08] Found 1 CRISPRs
[09:42:08] Predicting coding sequences
[09:42:08] Contigs total 5650840 bp, so using single mode
[09:42:08] Running: prodigal -i prokka_test\/my_genome\.fna -c -m -g 11 -p single -f sco -q
[09:42:15] Excluding CDS which overlaps existing RNA (tRNA) at NZ_CP067961.1:544996..545202 on - strand
[09:42:18] Excluding CDS which overlaps existing RNA (tRNA) at NZ_CP067961.1:2252509..2252994 on + strand
[09:42:22] Excluding CDS which overlaps existing RNA (tRNA) at NZ_CP067961.1:5096883..5097035 on + strand
[09:42:22] Found 5234 CDS
[09:42:22] Connecting features back to sequences
[09:42:22] Not using genus-specific database. Try --usegenus to enable it.
[09:42:22] Annotating CDS, please be patient.
[09:42:22] Will use 8 CPUs for similarity searching.
[09:42:24] There are still 5234 unannotated CDS left (started with 5234)
[09:42:24] Will use blast to search against /Users/rodrigodepaulabaptista/opt/anaconda3/envs/prokka/db/kingdom/Bacteria/IS with 8 CPUs
[09:42:24] Running: cat prokka_test\/my_genome\.IS\.tmp\.44819\.faa | parallel --gnu --plain -j 8 --block 105017 --recstart '>' --pipe blastp -query - -db /Users/rodrigodepaulabaptista/opt/anaconda3/envs/prokka/db/kingdom/Bacteria/IS -evalue 1e-30 -qcov_hsp_perc 90 -num_threads 1 -num_descriptions 1 -num_alignments 1 -seg no > prokka_test\/my_genome\.IS\.tmp\.44819\.blast 2> /dev/null
[09:42:35] Modify product: Tn3 family transposase Tn5403 => Tn3 family transposase
[09:42:35] Cleaned 1 /product names
[09:42:35] Deleting unwanted file: prokka_test/my_genome.IS.tmp.44819.faa
[09:42:35] Deleting unwanted file: prokka_test/my_genome.IS.tmp.44819.blast
[09:42:36] There are still 5193 unannotated CDS left (started with 5234)
[09:42:36] Will use blast to search against /Users/rodrigodepaulabaptista/opt/anaconda3/envs/prokka/db/kingdom/Bacteria/AMR with 8 CPUs
[09:42:36] Running: cat prokka_test\/my_genome\.AMR\.tmp\.44819\.faa | parallel --gnu --plain -j 8 --block 104317 --recstart '>' --pipe blastp -query - -db /Users/rodrigodepaulabaptista/opt/anaconda3/envs/prokka/db/kingdom/Bacteria/AMR -evalue 9.99999999999999e-301 -qcov_hsp_perc 90 -num_threads 1 -num_descriptions 1 -num_alignments 1 -seg no > prokka_test\/my_genome\.AMR\.tmp\.44819\.blast 2> /dev/null
[09:42:45] Deleting unwanted file: prokka_test/my_genome.AMR.tmp.44819.faa
[09:42:45] Deleting unwanted file: prokka_test/my_genome.AMR.tmp.44819.blast
[09:42:47] There are still 5192 unannotated CDS left (started with 5234)
[09:42:47] Will use blast to search against /Users/rodrigodepaulabaptista/opt/anaconda3/envs/prokka/db/kingdom/Bacteria/sprot with 8 CPUs
[09:42:47] Running: cat prokka_test\/my_genome\.sprot\.tmp\.44819\.faa | parallel --gnu --plain -j 8 --block 104251 --recstart '>' --pipe blastp -query - -db /Users/rodrigodepaulabaptista/opt/anaconda3/envs/prokka/db/kingdom/Bacteria/sprot -evalue 1e-09 -qcov_hsp_perc 80 -num_threads 1 -num_descriptions 1 -num_alignments 1 -seg no > prokka_test\/my_genome\.sprot\.tmp\.44819\.blast 2> /dev/null
[09:43:29] Modify product: Putative cystathionine beta-synthase Rv1077 => Putative cystathionine beta-synthase
[09:43:29] Modify product: Uncharacterized membrane protein YdfK => putative membrane protein YdfK
[09:43:29] Modify product: Probable Fe(2+)-trafficking protein => putative Fe(2+)-trafficking protein
[09:43:29] Modify product: Uncharacterized protein HI_0341 => putative protein
[09:43:29] Modify product: UPF0235 protein YggU => hypothetical protein
[09:43:29] Modify product: Uncharacterized protein YggR => putative protein YggR
[09:43:29] Modify product: UPF0301 protein YqgE => hypothetical protein
[09:43:29] Modify product: Probable L-galactonate transporter => putative L-galactonate transporter
[09:43:29] Modify product: Probable sulfoacetate transporter SauU => putative sulfoacetate transporter SauU
[09:43:29] Modify product: UPF0149 protein HI_0817 => hypothetical protein
[09:43:29] Modify product: Uncharacterized oxidoreductase YgfF => putative oxidoreductase YgfF
[09:43:29] Modify product: UPF0267 protein YqfB => hypothetical protein
[09:43:29] Modify product: UPF0073 inner membrane protein YqfA => hypothetical protein
[09:43:29] Modify product: Uncharacterized protein YjdJ => putative protein YjdJ
[09:43:29] Modify product: Probable fimbrial chaperone YadV => putative fimbrial chaperone YadV
[09:43:29] Modify product: Uncharacterized lipoprotein YgdR => putative lipoprotein YgdR
[09:43:29] Modify product: UPF0053 inner membrane protein YgdQ => hypothetical protein
[09:43:29] Modify product: Probable propionate kinase => putative propionate kinase
[09:43:29] Modify product: Probable cobalt-factor III C(17)-methyltransferase => putative cobalt-factor III C(17)-methyltransferase
[09:43:29] Modify product: Uncharacterized lipoprotein YgdR => putative lipoprotein YgdR
[09:43:29] Modify product: UPF0382 inner membrane protein YgdD => hypothetical protein
[09:43:29] Modify product: Uncharacterized HTH-type transcriptional regulator YdjF => putative HTH-type transcriptional regulator YdjF
[09:43:29] Modify product: Probable FMNH2-dependent monooxygenase SfnC => putative FMNH2-dependent monooxygenase SfnC
[09:43:29] Modify product: Uncharacterized protein YqcC => putative protein YqcC
[09:43:29] Modify product: Uncharacterized protein PA3435 => putative protein
[09:43:29] Modify product: Probable glucarate transporter => putative glucarate transporter
[09:43:29] Modify product: Probable UbiX-like flavin prenyltransferase => putative UbiX-like flavin prenyltransferase
[09:43:29] Modify product: Uncharacterized periplasmic iron-binding protein HI_0362 => putative periplasmic iron-binding protein
[09:43:29] Modify product: Uncharacterized protein YgaM => putative protein YgaM
[09:43:29] Modify product: Probable HTH-type transcriptional regulator YgaV => putative HTH-type transcriptional regulator YgaV
[09:43:29] Modify product: Probable fimbrial chaperone YraI => putative fimbrial chaperone YraI
[09:43:29] Modify product: Probable fimbrial chaperone YadV => putative fimbrial chaperone YadV
[09:43:29] Modify product: UPF0125 protein RatB => hypothetical protein
[09:43:29] Modify product: UPF0053 inner membrane protein YfjD => hypothetical protein
[09:43:29] Modify product: Uncharacterized tRNA/rRNA methyltransferase YfiF => putative tRNA/rRNA methyltransferase YfiF
[09:43:29] Modify product: Uncharacterized protein YphB => putative protein YphB
[09:43:29] Modify product: Probable 3-phenylpropionic acid transporter => putative 3-phenylpropionic acid transporter
[09:43:29] Modify product: UPF0070 protein HI_0370 => hypothetical protein
[09:43:29] Modify product: Uncharacterized protein YfgJ => putative protein YfgJ
[09:43:29] Modify product: Uncharacterized protein YfgD => putative protein YfgD
[09:43:29] Modify product: Putative thiamine biosynthesis protein HI_0357 => Putative thiamine biosynthesis protein
[09:43:29] Modify product: Probable allantoin permease => putative allantoin permease
[09:43:29] Modify product: Probable 3-hydroxyisobutyrate dehydrogenase => putative 3-hydroxyisobutyrate dehydrogenase
[09:43:29] Modify product: Uncharacterized signaling protein CC_0091 => putative signaling protein
[09:43:29] Modify product: Probable fimbrial chaperone YraI => putative fimbrial chaperone YraI
[09:43:29] Modify product: Uncharacterized protein YycE => putative protein YycE
[09:43:29] Modify product: Uncharacterized MFS-type transporter YhhS => putative MFS-type transporter YhhS
[09:43:29] Modify product: Probable galactarate transporter => putative galactarate transporter
[09:43:29] Modify product: Uncharacterized isomerase YddE => putative isomerase YddE
[09:43:29] Modify product: UPF0056 inner membrane protein MarC => hypothetical protein
[09:43:29] Modify product: Probable amino-acid metabolite efflux pump => putative amino-acid metabolite efflux pump
[09:43:29] Modify product: Probable L-galactonate transporter => putative L-galactonate transporter
[09:43:29] Modify product: UPF0060 membrane protein YnfA => hypothetical protein
[09:43:29] Modify product: UPF0482 protein YnfB => hypothetical protein
[09:43:29] Modify product: Uncharacterized protein YnfD => putative protein YnfD
[09:43:29] Modify product: Probable DNA endonuclease SmrA => putative DNA endonuclease SmrA
[09:43:29] Modify product: UPF0394 inner membrane protein YedE => hypothetical protein
[09:43:29] Modify product: Uncharacterized protein YdfO => putative protein YdfO
[09:43:29] Modify product: Uncharacterized glycosyltransferase YkoT => putative glycosyltransferase YkoT
[09:43:29] Modify product: UPF0265 protein YeeX => hypothetical protein
[09:43:29] Modify product: Uncharacterized protein YeaR => putative protein YeaR
[09:43:29] Modify product: Probable FMN/FAD exporter YeeO => putative FMN/FAD exporter YeeO
[09:43:29] Modify product: Probable acrylyl-CoA reductase AcuI => putative acrylyl-CoA reductase AcuI
[09:43:29] Modify product: Probable L,D-transpeptidase ErfK/SrfK => putative L,D-transpeptidase ErfK/SrfK
[09:43:29] Modify product: Uncharacterized protein YedJ => putative protein YedJ
[09:43:29] Modify product: Uncharacterized inner membrane transporter YedA => putative inner membrane transporter YedA
[09:43:29] Modify product: Probable diguanylate cyclase DgcQ => putative diguanylate cyclase DgcQ
[09:43:29] Modify product: Probable transport protein HsrA => putative transport protein HsrA
[09:43:29] Modify product: Probable transcriptional regulatory protein YebC => putative transcriptional regulatory protein YebC
[09:43:29] Modify product: Uncharacterized protein HI_0461 => putative protein
[09:43:29] Modify product: Uncharacterized protein YebV => putative protein YebV
[09:43:29] Modify product: Probable manganese efflux pump MntP => putative manganese efflux pump MntP
[09:43:29] Modify product: UPF0266 membrane protein YobD => hypothetical protein
[09:43:29] Modify product: UPF0053 inner membrane protein YoaE => hypothetical protein
[09:43:29] Modify product: Probable cyclic di-GMP phosphodiesterase PdeD => putative cyclic di-GMP phosphodiesterase PdeD
[09:43:29] Modify product: Probable ATP-dependent DNA helicase YoaA => putative ATP-dependent DNA helicase YoaA
[09:43:29] Modify product: Uncharacterized protein YcgM => putative protein YcgM
[09:43:29] Modify product: Uncharacterized protein YeaR => putative protein YeaR
[09:43:29] Modify product: Uncharacterized protein Rv2411c => putative protein
[09:43:29] Modify product: Uncharacterized protein Rv2567 => putative protein
[09:43:29] Modify product: Uncharacterized protein Rv2569c => putative protein
[09:43:29] Modify product: UPF0225 protein YchJ => hypothetical protein
[09:43:29] Modify product: Uncharacterized NTE family protein Rv1063c => putative NTE family protein
[09:43:29] Modify product: UPF0056 inner membrane protein MarC => hypothetical protein
[09:43:29] Modify product: UPF0263 protein YciU => hypothetical protein
[09:43:29] Modify product: Probable ketoamine kinase HMPREF0351_12196 => putative ketoamine kinase
[09:43:29] Modify product: Probable [Fe-S]-dependent transcriptional repressor => putative [Fe-S]-dependent transcriptional repressor
[09:43:29] Modify product: Uncharacterized protein YhfG => putative protein YhfG
[09:43:29] Modify product: Probable protein adenylyltransferase Fic => putative protein adenylyltransferase Fic
[09:43:29] Modify product: UPF0270 protein PA3463 => hypothetical protein
[09:43:29] Modify product: Uncharacterized ABC transporter ATP-binding protein YheS => putative ABC transporter ATP-binding protein YheS
[09:43:29] Modify product: Protein SlyX homolog => Protein SlyX 
[09:43:30] Modify product: Uncharacterized membrane protein YhdT => putative membrane protein YhdT
[09:43:30] Modify product: Uncharacterized protein YhcO => putative protein YhcO
[09:43:30] Modify product: Uncharacterized inner membrane transporter YhbE => putative inner membrane transporter YhbE
[09:43:30] Modify product: Uncharacterized protease YhbU => putative protease YhbU
[09:43:30] Modify product: UPF0102 protein RPA0323 => hypothetical protein
[09:43:30] Modify product: Probable galactarate transporter => putative galactarate transporter
[09:43:30] Modify product: Uncharacterized protein YqjD => putative protein YqjD
[09:43:30] Modify product: Probable glycerol-3-phosphate acyltransferase => putative glycerol-3-phosphate acyltransferase
[09:43:30] Modify product: Probable quinol monooxygenase YgiN => putative quinol monooxygenase YgiN
[09:43:30] Modify product: Uncharacterized protein YfeY => putative protein YfeY
[09:43:30] Modify product: Uncharacterized protein YybH => putative protein YybH
[09:43:30] Modify product: Probable cyclic di-GMP phosphodiesterase PdeA => putative cyclic di-GMP phosphodiesterase PdeA
[09:43:30] Modify product: Uncharacterized transporter YycB => putative transporter YycB
[09:43:30] Modify product: UPF0381 protein YiiS => hypothetical protein
[09:43:30] Modify product: Probable membrane transporter protein YfcA => putative membrane transporter protein YfcA
[09:43:30] Modify product: Uncharacterized MFS-type transporter YfcJ => putative MFS-type transporter YfcJ
[09:43:30] Modify product: Epimerase family protein SA0724 => Epimerase family protein
[09:43:30] Modify product: Uncharacterized Nudix hydrolase YfcD => putative Nudix hydrolase YfcD
[09:43:30] Modify product: UPF0208 membrane protein YfbV => hypothetical protein
[09:43:30] Modify product: UPF0304 protein YfbU => hypothetical protein
[09:43:30] Modify product: Uncharacterized HTH-type transcriptional regulator RhmR => putative HTH-type transcriptional regulator RhmR
[09:43:30] Modify product: Putative transport protein Rv1101c => Putative transport protein
[09:43:30] Modify product: UPF0352 protein YejL => hypothetical protein
[09:43:30] Modify product: Uncharacterized protein YejG => putative protein YejG
[09:43:30] Modify product: Uncharacterized ABC transporter ATP-binding protein YejF => putative ABC transporter ATP-binding protein YejF
[09:43:30] Modify product: Probable cyclic di-GMP phosphodiesterase PdeN => putative cyclic di-GMP phosphodiesterase PdeN
[09:43:30] Modify product: UPF0324 inner membrane protein YeiH => hypothetical protein
[09:43:30] Modify product: UPF0299 membrane protein YohJ => hypothetical protein
[09:43:30] Modify product: UPF0387 membrane protein YohO => hypothetical protein
[09:43:30] Modify product: Uncharacterized N-acetyltransferase YafP => putative N-acetyltransferase YafP
[09:43:30] Modify product: Probable D,D-dipeptide-binding periplasmic protein DdpA => putative D,D-dipeptide-binding periplasmic protein DdpA
[09:43:30] Modify product: Probable D,D-dipeptide transport system permease protein DdpB => putative D,D-dipeptide transport system permease protein DdpB
[09:43:30] Modify product: Probable D,D-dipeptide transport system permease protein DdpC => putative D,D-dipeptide transport system permease protein DdpC
[09:43:30] Modify product: Probable lipid kinase YegS => putative lipid kinase YegS
[09:43:30] Modify product: 23S rRNA 5-hydroxycytidine C2501 synthase => 23S rRNA 5-hydroxycytidine synthase
[09:43:30] Modify product: UPF0053 inner membrane protein YoaE => hypothetical protein
[09:43:30] Modify product: Probable 2-dehydro-3-deoxygalactonokinase DgoK1 => putative 2-dehydro-3-deoxygalactonokinase DgoK1
[09:43:30] Modify product: HTH-type transcriptional regulator Cphy_2742 => HTH-type transcriptional regulator
[09:43:30] Modify product: Uncharacterized inner membrane transporter YicL => putative inner membrane transporter YicL
[09:43:30] Modify product: Acetyltransferase Atu2258 => Acetyltransferase
[09:43:30] Modify product: Zinc-type alcohol dehydrogenase-like protein SA1988 => Zinc-type alcohol dehydrogenase-like protein
[09:43:30] Modify product: UPF0311 protein CA_C3321 => hypothetical protein
[09:43:30] Modify product: UPF0126 inner membrane protein YicG => hypothetical protein
[09:43:30] Modify product: Uncharacterized protein Rv1998c => putative protein
[09:43:30] Modify product: UPF0701 protein YicC => hypothetical protein
[09:43:30] Modify product: UPF0194 membrane protein YbhG => hypothetical protein
[09:43:30] Modify product: Probable multidrug ABC transporter ATP-binding protein YbhF => putative multidrug ABC transporter ATP-binding protein YbhF
[09:43:30] Modify product: Probable multidrug ABC transporter permease YbhR => putative multidrug ABC transporter permease YbhR
[09:43:30] Modify product: UPF0758 protein YsxA => hypothetical protein
[09:43:30] Modify product: Uncharacterized protein YibN => putative protein YibN
[09:43:30] Modify product: Uncharacterized protein YibL => putative protein YibL
[09:43:30] Modify product: Uncharacterized GST-like protein YibF => putative GST-like protein YibF
[09:43:30] Modify product: Probable lipoprotein YiaD => putative lipoprotein YiaD
[09:43:30] Modify product: Uncharacterized MFS-type transporter YhjX => putative MFS-type transporter YhjX
[09:43:30] Modify product: Probable cyclic di-GMP phosphodiesterase PdeK => putative cyclic di-GMP phosphodiesterase PdeK
[09:43:30] Modify product: Uncharacterized protein HI_0933 => putative protein
[09:43:30] Modify product: Probable 4-deoxy-4-formamido-L-arabinose-phosphoundecaprenol deformylase ArnD => putative 4-deoxy-4-formamido-L-arabinose-phosphoundecaprenol deformylase ArnD
[09:43:30] Modify product: Probable 4-amino-4-deoxy-L-arabinose-phosphoundecaprenol flippase subunit ArnE => putative 4-amino-4-deoxy-L-arabinose-phosphoundecaprenol flippase subunit ArnE
[09:43:30] Modify product: Probable 4-amino-4-deoxy-L-arabinose-phosphoundecaprenol flippase subunit ArnF => putative 4-amino-4-deoxy-L-arabinose-phosphoundecaprenol flippase subunit ArnF
[09:43:30] Modify product: Uncharacterized MFS-type transporter YhhS => putative MFS-type transporter YhhS
[09:43:30] Modify product: Uncharacterized protein YhhA => putative protein YhhA
[09:43:30] Modify product: Uncharacterized oxidoreductase YhhX => putative oxidoreductase YhhX
[09:43:30] Modify product: Uncharacterized protein HI_1163 => putative protein
[09:43:30] Modify product: Probable ATP-dependent transporter SufC => putative ATP-dependent transporter SufC
[09:43:30] Modify product: Probable L,D-transpeptidase YnhG => putative L,D-transpeptidase YnhG
[09:43:30] Modify product: Uncharacterized ABC transporter ATP-binding protein HI_1470 => putative ABC transporter ATP-binding protein
[09:43:30] Modify product: Probable ABC transporter permease protein HI_1471 => putative ABC transporter permease protein
[09:43:30] Modify product: Uncharacterized protein HI_1472 => putative protein
[09:43:30] Modify product: Probable siderophore transport system ATP-binding protein YusV => putative siderophore transport system ATP-binding protein YusV
[09:43:30] Modify product: Probable siderophore transport system permease protein YfiZ => putative siderophore transport system permease protein YfiZ
[09:43:30] Modify product: Probable murein peptide carboxypeptidase => putative murein peptide carboxypeptidase
[09:43:30] Modify product: Probable succinyl-CoA:3-ketoacid coenzyme A transferase subunit B => putative succinyl-CoA:3-ketoacid coenzyme A transferase subunit B
[09:43:30] Modify product: Probable succinyl-CoA:3-ketoacid coenzyme A transferase subunit A => putative succinyl-CoA:3-ketoacid coenzyme A transferase subunit A
[09:43:30] Modify product: Probable D,D-dipeptide transport ATP-binding protein DdpD => putative D,D-dipeptide transport ATP-binding protein DdpD
[09:43:30] Modify product: Uncharacterized HTH-type transcriptional regulator YahB => putative HTH-type transcriptional regulator YahB
[09:43:30] Modify product: Uncharacterized oxidoreductase YdgJ => putative oxidoreductase YdgJ
[09:43:30] Modify product: Probable transporter SCO4007 => putative transporter
[09:43:30] Modify product: Uncharacterized protein Rv3292 => putative protein
[09:43:30] Modify product: 23S rRNA 5-hydroxycytidine C2501 synthase => 23S rRNA 5-hydroxycytidine synthase
[09:43:30] Modify product: Uncharacterized protein YdcY => putative protein YdcY
[09:43:30] Modify product: UPF0381 protein YiiS => hypothetical protein
[09:43:30] Modify product: Uncharacterized protein YncE => putative protein YncE
[09:43:30] Modify product: Uncharacterized lipoprotein YgdR => putative lipoprotein YgdR
[09:43:30] Modify product: Probable nitrate reductase molybdenum cofactor assembly chaperone NarW => putative nitrate reductase molybdenum cofactor assembly chaperone NarW
[09:43:30] Modify product: Probable D,D-dipeptide transport system permease protein DdpC => putative D,D-dipeptide transport system permease protein DdpC
[09:43:30] Modify product: Uncharacterized ABC transporter ATP-binding protein YheS => putative ABC transporter ATP-binding protein YheS
[09:43:30] Modify product: Uncharacterized oxidoreductase YghA => putative oxidoreductase YghA
[09:43:30] Modify product: UPF0702 transmembrane protein YetF => hypothetical protein
[09:43:30] Modify product: UPF0255 protein VV1_0328 => hypothetical protein
[09:43:30] Modify product: Uncharacterized N-acetyltransferase YafP => putative N-acetyltransferase YafP
[09:43:30] Modify product: Uncharacterized protein Rv2277c => putative protein
[09:43:30] Modify product: Uncharacterized methyltransferase YcgJ => putative methyltransferase YcgJ
[09:43:30] Modify product: Uncharacterized protein YaeQ => putative protein YaeQ
[09:43:30] Modify product: UPF0253 protein YaeP => hypothetical protein
[09:43:30] Modify product: UPF0126 inner membrane protein YadS => hypothetical protein
[09:43:30] Modify product: Uncharacterized ABC transporter ATP-binding protein YadG => putative ABC transporter ATP-binding protein YadG
[09:43:30] Modify product: UPF0231 protein YacL => hypothetical protein
[09:43:30] Modify product: Probable peptidoglycan glycosyltransferase FtsW => putative peptidoglycan glycosyltransferase FtsW
[09:43:30] Modify product: Probable glucarate transporter => putative glucarate transporter
[09:43:30] Modify product: Uncharacterized lipoprotein YgdR => putative lipoprotein YgdR
[09:43:31] Modify product: Probable inner membrane protein Smp => putative inner membrane protein Smp
[09:43:31] Modify product: Uncharacterized metal-dependent hydrolase YjjV => putative metal-dependent hydrolase YjjV
[09:43:31] Modify product: UPF0442 protein YjjB => hypothetical protein
[09:43:31] Modify product: Probable 2-dehydro-3-deoxygalactonokinase DgoK1 => putative 2-dehydro-3-deoxygalactonokinase DgoK1
[09:43:31] Modify product: Uncharacterized DapA-like lyase => putative DapA-like lyase
[09:43:31] Modify product: Probable type I restriction enzyme BthVORF4518P M protein => putative type I restriction enzymeP M protein
[09:43:31] Modify product: Uncharacterized HTH-type transcriptional regulator YurK => putative HTH-type transcriptional regulator YurK
[09:43:31] Modify product: Probable 6-phospho-beta-glucosidase => putative 6-phospho-beta-glucosidase
[09:43:31] Modify product: Probable licABCH operon regulator => putative licABCH operon regulator
[09:43:31] Modify product: Deacetylase EF_0837 => Deacetylase
[09:43:31] Modify product: UPF0307 protein YjgA => hypothetical protein
[09:43:31] Modify product: UPF0053 inner membrane protein YtfL => hypothetical protein
[09:43:31] Modify product: Uncharacterized protein YtfJ => putative protein YtfJ
[09:43:31] Modify product: Probable L-ascorbate-6-phosphate lactonase UlaG => putative L-ascorbate-6-phosphate lactonase UlaG
[09:43:31] Modify product: Probable outer membrane usher protein ElfC => putative outer membrane usher protein ElfC
[09:43:31] Modify product: UPF0716 protein FxsA => hypothetical protein
[09:43:31] Modify product: Probable acyltransferase YihG => putative acyltransferase YihG
[09:43:31] Modify product: Probable transport protein HsrA => putative transport protein HsrA
[09:43:31] Modify product: Probable glucosamine-6-phosphate deaminase 2 => putative glucosamine-6-phosphate deaminase 2
[09:43:31] Modify product: Uncharacterized signaling protein PA1727 => putative signaling protein
[09:43:31] Modify product: UPF0401 protein YkfF => hypothetical protein
[09:43:31] Modify product: Uncharacterized oxidoreductase YdgJ => putative oxidoreductase YdgJ
[09:43:31] Modify product: Probable D-methionine-binding lipoprotein MetQ => putative D-methionine-binding lipoprotein MetQ
[09:43:31] Modify product: Uncharacterized oxidoreductase YtbE => putative oxidoreductase YtbE
[09:43:31] Modify product: Uncharacterized protein PA2218 => putative protein
[09:43:31] Modify product: Probable 6-phospho-beta-glucosidase => putative 6-phospho-beta-glucosidase
[09:43:31] Modify product: UPF0283 membrane protein YcjF => hypothetical protein
[09:43:31] Modify product: Uncharacterized protein YcjX => putative protein YcjX
[09:43:31] Modify product: UPF0509 protein YciZ => hypothetical protein
[09:43:31] Modify product: Uncharacterized protein YciH => putative protein YciH
[09:43:31] Modify product: Probable protease SohB => putative protease SohB
[09:43:31] Modify product: Uncharacterized oxidoreductase YciK => putative oxidoreductase YciK
[09:43:31] Modify product: Uncharacterized protein YciO => putative protein YciO
[09:43:31] Modify product: PKHD-type hydroxylase Sbal_3634 => PKHD-type hydroxylase
[09:43:31] Modify product: UPF0259 membrane protein YciC => hypothetical protein
[09:43:31] Modify product: Probable intracellular septation protein A => putative intracellular septation protein A
[09:43:31] Modify product: Uncharacterized acyl-CoA thioester hydrolase HI_0827 => putative acyl-CoA thioester hydrolase
[09:43:31] Modify product: Stress response UPF0229 protein YhbH => hypothetical protein
[09:43:31] Modify product: Uncharacterized membrane protein YoaK => putative membrane protein YoaK
[09:43:31] Modify product: Probable zinc-binding alcohol dehydrogenase Rv1895 => putative zinc-binding alcohol dehydrogenase
[09:43:31] Modify product: Probable L,D-transpeptidase YcfS => putative L,D-transpeptidase YcfS
[09:43:31] Modify product: UPF0227 protein YcfP => hypothetical protein
[09:43:31] Modify product: Uncharacterized metal-dependent hydrolase YcfH => putative metal-dependent hydrolase YcfH
[09:43:31] Modify product: Probable cadaverine/lysine antiporter => putative cadaverine/lysine antiporter
[09:43:31] Modify product: Probable fimbrial chaperone YadV => putative fimbrial chaperone YadV
[09:43:31] Modify product: Bifunctional protein FolD => Bifunctional protein FolD protein
[09:43:31] Modify product: Uncharacterized protein YbcJ => putative protein YbcJ
[09:43:31] Modify product: Uncharacterized ABC transporter ATP-binding protein Rv0986 => putative ABC transporter ATP-binding protein
[09:43:31] Modify product: Probable iron export permease protein FetB => putative iron export permease protein FetB
[09:43:31] Modify product: Probable iron export ATP-binding protein FetA => putative iron export ATP-binding protein FetA
[09:43:31] Modify product: Probable cyclic di-GMP phosphodiesterase PdeB => putative cyclic di-GMP phosphodiesterase PdeB
[09:43:31] Modify product: Uncharacterized lipoprotein YbaY => putative lipoprotein YbaY
[09:43:31] Modify product: Probable multidrug resistance ABC transporter ATP-binding/permease protein YheI => putative multidrug resistance ABC transporter ATP-binding/permease protein YheI
[09:43:31] Modify product: Uncharacterized protein HI_1008 => putative protein
[09:43:31] Modify product: UPF0234 protein YajQ => hypothetical protein
[09:43:31] Modify product: Uncharacterized lipoprotein YajI => putative lipoprotein YajI
[09:43:31] Modify product: Uncharacterized protein YaiA => putative protein YaiA
[09:43:31] Modify product: UPF0178 protein YaiI => hypothetical protein
[09:43:31] Modify product: Uncharacterized amino acid permease YhdG => putative amino acid permease YhdG
[09:43:31] Modify product: Leu/Ile/Val-binding protein homolog 3 => Leu/Ile/Val-binding protein 
[09:43:31] Modify product: Probable glutamine ABC transporter permease protein GlnP => putative glutamine ABC transporter permease protein GlnP
[09:43:31] Modify product: Probable fimbrial chaperone EcpE => putative fimbrial chaperone EcpE
[09:43:31] Modify product: Probable outer membrane usher protein EcpC => putative outer membrane usher protein EcpC
[09:43:31] Modify product: Probable fimbrial chaperone EcpB => putative fimbrial chaperone EcpB
[09:43:31] Modify product: Probable phosphatase Rv3661 => putative phosphatase
[09:43:31] Modify product: Uncharacterized fimbrial-like protein YfcR => putative fimbrial-like protein YfcR
[09:43:31] Modify product: Probable fimbrial chaperone YfcS => putative fimbrial chaperone YfcS
[09:43:31] Modify product: Uncharacterized protein YjhP => putative protein YjhP
[09:43:31] Modify product: Probable transcriptional regulator PhnF => putative transcriptional regulator PhnF
[09:43:31] Modify product: Probable fimbrial chaperone LpfB => putative fimbrial chaperone LpfB
[09:43:31] Modify product: Uncharacterized fimbrial-like protein YcbV => putative fimbrial-like protein YcbV
[09:43:31] Modify product: Probable cyclic di-GMP phosphodiesterase PdeC => putative cyclic di-GMP phosphodiesterase PdeC
[09:43:31] Modify product: Uncharacterized protein YjbR => putative protein YjbR
[09:43:31] Modify product: UPF0337 protein YjbJ => hypothetical protein
[09:43:31] Modify product: UPF0597 protein YhaM => hypothetical protein
[09:43:31] Modify product: Shikimate dehydrogenase-like protein HI_0607 => Shikimate dehydrogenase-like protein
[09:43:31] Modify product: Uncharacterized protein HI_0431 => putative protein
[09:43:31] Modify product: Probable protein kinase UbiB => putative protein kinase UbiB
[09:43:31] Modify product: Probable transport protein YifK => putative transport protein YifK
[09:43:31] Modify product: Probable ECA polymerase => putative ECA polymerase
[09:43:32] Modify product: Uncharacterized membrane protein YdfK => putative membrane protein YdfK
[09:43:32] Modify product: UPF0438 protein YifE => hypothetical protein
[09:43:32] Modify product: Probable cystine transporter YijE => putative cystine transporter YijE
[09:43:32] Modify product: Probable fructose-bisphosphate aldolase => putative fructose-bisphosphate aldolase
[09:43:32] Modify product: UPF0761 membrane protein YihY => hypothetical protein
[09:43:32] Modify product: Probable GTP-binding protein EngB => putative GTP-binding protein EngB
[09:43:32] Modify product: Uncharacterized protein YbiB => putative protein YbiB
[09:43:32] Modify product: Probable glucarate transporter => putative glucarate transporter
[09:43:32] Modify product: UPF0194 membrane protein YbhG => hypothetical protein
[09:43:32] Modify product: Probable multidrug ABC transporter ATP-binding protein YbhF => putative multidrug ABC transporter ATP-binding protein YbhF
[09:43:32] Modify product: Probable multidrug ABC transporter permease YbhS => putative multidrug ABC transporter permease YbhS
[09:43:32] Modify product: Probable multidrug ABC transporter permease YbhR => putative multidrug ABC transporter permease YbhR
[09:43:32] Modify product: UPF0098 protein YbhB => hypothetical protein
[09:43:32] Modify product: Probable cation-transporting ATPase F => putative cation-transporting ATPase F
[09:43:32] Modify product: Probable two-component-system connector protein YcgZ => putative two-component-system connector protein YcgZ
[09:43:32] Modify product: Probable two-component-system connector protein AriR => putative two-component-system connector protein AriR
[09:43:32] Modify product: GTP cyclohydrolase 1 type 2 homolog => GTP cyclohydrolase 1 type 2 
[09:43:32] Modify product: Uncharacterized protein YbfE => putative protein YbfE
[09:43:32] Modify product: Uncharacterized lipoprotein ChiQ => putative lipoprotein ChiQ
[09:43:32] Modify product: UPF0250 protein YbeD => hypothetical protein
[09:43:32] Modify product: Uncharacterized HTH-type transcriptional regulator YbdO => putative HTH-type transcriptional regulator YbdO
[09:43:32] Modify product: Uncharacterized HTH-type transcriptional regulator YbdO => putative HTH-type transcriptional regulator YbdO
[09:43:32] Modify product: Uncharacterized protein YbdM => putative protein YbdM
[09:43:32] Modify product: Uncharacterized sugar kinase YdjH => putative sugar kinase YdjH
[09:43:32] Modify product: Probable D,D-dipeptide-binding periplasmic protein DdpA => putative D,D-dipeptide-binding periplasmic protein DdpA
[09:43:32] Modify product: Probable D,D-dipeptide transport system permease protein DdpC => putative D,D-dipeptide transport system permease protein DdpC
[09:43:32] Modify product: Probable D,D-dipeptide transport ATP-binding protein DdpF => putative D,D-dipeptide transport ATP-binding protein DdpF
[09:43:32] Modify product: Probable cation-transporting ATPase F => putative cation-transporting ATPase F
[09:43:32] Modify product: Uncharacterized protein Rv0906 => putative protein
[09:43:32] Modify product: Uncharacterized protein YncE => putative protein YncE
[09:43:32] Modify product: Probable lipid II flippase MurJ => putative lipid II flippase MurJ
[09:43:32] Modify product: UPF0502 protein YceH => hypothetical protein
[09:43:32] Modify product: Uncharacterized lipoprotein YceB => putative lipoprotein YceB
[09:43:32] Modify product: UPF0176 protein YceA => hypothetical protein
[09:43:32] Modify product: Probable phosphatase YcdX => putative phosphatase YcdX
[09:43:32] Modify product: Probable hydrolase YcaC => putative hydrolase YcaC
[09:43:32] Modify product: Probable malonic semialdehyde reductase RutE => putative malonic semialdehyde reductase RutE
[09:43:32] Modify product: Uncharacterized protein YccJ => putative protein YccJ
[09:43:32] Modify product: Probable cyclic di-GMP phosphodiesterase PdeG => putative cyclic di-GMP phosphodiesterase PdeG
[09:43:32] Modify product: UPF0098 protein YbcL => hypothetical protein
[09:43:32] Modify product: Uncharacterized protein YccU => putative protein YccU
[09:43:32] Modify product: Uncharacterized protein YcbX => putative protein YcbX
[09:43:32] Modify product: Probable L,D-transpeptidase YcbB => putative L,D-transpeptidase YcbB
[09:43:32] Modify product: UPF0434 protein YcaR => hypothetical protein
[09:43:32] Modify product: Probable formate transporter 1 => putative formate transporter 1
[09:43:32] Modify product: Uncharacterized MFS-type transporter YcaD => putative MFS-type transporter YcaD
[09:43:32] Modify product: Uncharacterized lipoprotein YbjP => putative lipoprotein YbjP
[09:43:32] Modify product: Uncharacterized protein YbjN => putative protein YbjN
[09:43:32] Modify product: Uncharacterized protein YbiU => putative protein YbiU
[09:43:32] Modify product: Uncharacterized ABC transporter ATP-binding protein YbiT => putative ABC transporter ATP-binding protein YbiT
[09:43:32] Modify product: Probable L,D-transpeptidase YbiS => putative L,D-transpeptidase YbiS
[09:43:32] Modify product: Uncharacterized protein McbA => putative protein McbA
[09:43:32] Modify product: Uncharacterized protein YbiI => putative protein YbiI
[09:43:32] Cleaned 325 /product names
[09:43:32] Deleting unwanted file: prokka_test/my_genome.sprot.tmp.44819.faa
[09:43:32] Deleting unwanted file: prokka_test/my_genome.sprot.tmp.44819.blast
[09:43:32] There are still 1496 unannotated CDS left (started with 5234)
[09:43:32] Will use hmmer3 to search against /Users/rodrigodepaulabaptista/opt/anaconda3/envs/prokka/db/hmm/HAMAP.hmm with 8 CPUs
[09:43:32] Running: cat prokka_test\/my_genome\.HAMAP\.hmm\.tmp\.44819\.faa | parallel --gnu --plain -j 8 --block 24388 --recstart '>' --pipe hmmscan --noali --notextw --acc -E 1e-09 --cpu 1 /Users/rodrigodepaulabaptista/opt/anaconda3/envs/prokka/db/hmm/HAMAP.hmm /dev/stdin > prokka_test\/my_genome\.HAMAP\.hmm\.tmp\.44819\.hmmer3 2> /dev/null
[09:43:51] Modify product: Uncharacterized Nudix hydrolase NudL => putative Nudix hydrolase NudL
[09:43:51] Modify product: Uncharacterized MFS-type transporter YcaD => putative MFS-type transporter YcaD
[09:43:51] Modify product: Uncharacterized MFS-type transporter YfcJ => putative MFS-type transporter YfcJ
[09:43:51] Cleaned 3 /product names
[09:43:51] Deleting unwanted file: prokka_test/my_genome.HAMAP.hmm.tmp.44819.faa
[09:43:51] Deleting unwanted file: prokka_test/my_genome.HAMAP.hmm.tmp.44819.hmmer3
[09:43:51] Labelling remaining 1352 proteins as 'hypothetical protein'
[09:43:51] Possible /pseudo 'ISKra4 family transposase ISCep1' at NZ_CP067961.1 position 832954
[09:43:51] Possible /pseudo 'Manganese transport system membrane protein MntB' at NZ_CP067961.1 position 1075275
[09:43:51] Possible /pseudo 'IS1 family transposase ISKpn14' at NZ_CP067961.1 position 1748766
[09:43:51] Possible /pseudo 'IS3 family transposase ISKpn1' at NZ_CP067961.1 position 1775112
[09:43:51] Possible /pseudo 'putative protein' at NZ_CP067961.1 position 1948442
[09:43:51] Possible /pseudo 'putative protein' at NZ_CP067961.1 position 1949368
[09:43:51] Possible /pseudo 'Formate dehydrogenase, nitrate-inducible, major subunit' at NZ_CP067961.1 position 2394589
[09:43:51] Possible /pseudo 'HTH-type transcriptional regulator DmlR' at NZ_CP067961.1 position 2530532
[09:43:51] Possible /pseudo 'High-affinity branched-chain amino acid transport ATP-binding protein LivF' at NZ_CP067961.1 position 2658092
[09:43:51] Possible /pseudo 'Putative dimethyl sulfoxide reductase chain YnfE' at NZ_CP067961.1 position 2700730
[09:43:51] Possible /pseudo 'IS3 family transposase ISKpn1' at NZ_CP067961.1 position 3027345
[09:43:51] Possible /pseudo 'IS3 family transposase ISKpn1' at NZ_CP067961.1 position 3530869
[09:43:51] Possible /pseudo 'IS3 family transposase ISKpn1' at NZ_CP067961.1 position 3704414
[09:43:51] Possible /pseudo 'Homoprotocatechuate catabolism bifunctional isomerase/decarboxylase' at NZ_CP067961.1 position 4549927
[09:43:51] Possible /pseudo 'Propanediol utilization protein PduA' at NZ_CP067961.1 position 4585008
[09:43:51] Possible /pseudo 'Propanediol utilization protein PduA' at NZ_CP067961.1 position 4585305
[09:43:51] Possible /pseudo 'IS3 family transposase ISKpn1' at NZ_CP067961.1 position 4628926
[09:43:51] Possible /pseudo 'IS3 family transposase ISKpn1' at NZ_CP067961.1 position 4856952
[09:43:51] Possible /pseudo 'Formate dehydrogenase H' at NZ_CP067961.1 position 4897056
[09:43:51] Possible /pseudo 'Peptidyl-prolyl cis-trans isomerase C' at NZ_CP067961.1 position 5122572
[09:43:51] Possible /pseudo 'Formate dehydrogenase-O major subunit' at NZ_CP067961.1 position 5212726
[09:43:51] Possible /pseudo 'General stress protein 16U' at NZ_CP067962.1 position 90866
[09:43:51] Possible /pseudo 'IS1 family transposase ISKpn14' at NZ_CP067963.1 position 19230
[09:43:51] Found 3023 unique /gene codes.
[09:43:51] Fixed 4 duplicate /gene - celA_1 celA_2 celA_3 celA_4
[09:43:51] Fixed 2 duplicate /gene - proQ_1 proQ_2
[09:43:51] Fixed 2 duplicate /gene - hcaR_1 hcaR_2
[09:43:51] Fixed 2 duplicate /gene - nudK_1 nudK_2
[09:43:51] Fixed 2 duplicate /gene - era_1 era_2
[09:43:51] Fixed 2 duplicate /gene - ulaB_1 ulaB_2
[09:43:51] Fixed 2 duplicate /gene - ada_1 ada_2
[09:43:51] Fixed 2 duplicate /gene - ctpF_1 ctpF_2
[09:43:51] Fixed 2 duplicate /gene - nupC_1 nupC_2
[09:43:51] Fixed 2 duplicate /gene - yrdA_1 yrdA_2
[09:43:51] Fixed 2 duplicate /gene - astC_1 astC_2
[09:43:51] Fixed 4 duplicate /gene - ulaA_1 ulaA_2 ulaA_3 ulaA_4
[09:43:51] Fixed 2 duplicate /gene - dmsA_1 dmsA_2
[09:43:51] Fixed 4 duplicate /gene - lamB_1 lamB_2 lamB_3 lamB_4
[09:43:51] Fixed 2 duplicate /gene - intA_1 intA_2
[09:43:51] Fixed 2 duplicate /gene - gltR_1 gltR_2
[09:43:51] Fixed 2 duplicate /gene - bcsQ_1 bcsQ_2
[09:43:51] Fixed 3 duplicate /gene - mglA_1 mglA_2 mglA_3
[09:43:51] Fixed 2 duplicate /gene - yagG_1 yagG_2
[09:43:51] Fixed 2 duplicate /gene - lexA_1 lexA_2
[09:43:51] Fixed 2 duplicate /gene - tehA_1 tehA_2
[09:43:51] Fixed 2 duplicate /gene - can_1 can_2
[09:43:51] Fixed 2 duplicate /gene - aaeA_1 aaeA_2
[09:43:51] Fixed 2 duplicate /gene - alx_1 alx_2
[09:43:51] Fixed 2 duplicate /gene - yhhT_1 yhhT_2
[09:43:51] Fixed 2 duplicate /gene - ybdG_1 ybdG_2
[09:43:51] Fixed 3 duplicate /gene - yadV_1 yadV_2 yadV_3
[09:43:51] Fixed 2 duplicate /gene - cydA_1 cydA_2
[09:43:51] Fixed 2 duplicate /gene - fdoG_1 fdoG_2
[09:43:51] Fixed 2 duplicate /gene - cobD_1 cobD_2
[09:43:51] Fixed 2 duplicate /gene - sbnD_1 sbnD_2
[09:43:51] Fixed 2 duplicate /gene - osmY_1 osmY_2
[09:43:51] Fixed 2 duplicate /gene - recF_1 recF_2
[09:43:51] Fixed 4 duplicate /gene - potA_1 potA_2 potA_3 potA_4
[09:43:51] Fixed 2 duplicate /gene - ycaD_1 ycaD_2
[09:43:51] Fixed 2 duplicate /gene - jefA_1 jefA_2
[09:43:51] Fixed 2 duplicate /gene - dadA_1 dadA_2
[09:43:51] Fixed 2 duplicate /gene - aaeB_1 aaeB_2
[09:43:51] Fixed 4 duplicate /gene - gabR_1 gabR_2 gabR_3 gabR_4
[09:43:51] Fixed 3 duplicate /gene - fdhF_1 fdhF_2 fdhF_3
[09:43:51] Fixed 2 duplicate /gene - srlB_1 srlB_2
[09:43:51] Fixed 2 duplicate /gene - cycA_1 cycA_2
[09:43:51] Fixed 3 duplicate /gene - betB_1 betB_2 betB_3
[09:43:51] Fixed 7 duplicate /gene - licC_1 licC_2 licC_3 licC_4 licC_5 licC_6 licC_7
[09:43:51] Fixed 2 duplicate /gene - livJ_1 livJ_2
[09:43:51] Fixed 2 duplicate /gene - pyrG_1 pyrG_2
[09:43:51] Fixed 2 duplicate /gene - lsrD_1 lsrD_2
[09:43:51] Fixed 2 duplicate /gene - kdgR_1 kdgR_2
[09:43:51] Fixed 2 duplicate /gene - xanP_1 xanP_2
[09:43:51] Fixed 2 duplicate /gene - deoC_1 deoC_2
[09:43:51] Fixed 2 duplicate /gene - bamA_1 bamA_2
[09:43:51] Fixed 2 duplicate /gene - carA_1 carA_2
[09:43:51] Fixed 2 duplicate /gene - ynfE_1 ynfE_2
[09:43:51] Fixed 2 duplicate /gene - pduE_1 pduE_2
[09:43:51] Fixed 2 duplicate /gene - astA_1 astA_2
[09:43:51] Fixed 4 duplicate /gene - betI_1 betI_2 betI_3 betI_4
[09:43:51] Fixed 2 duplicate /gene - mrkD_1 mrkD_2
[09:43:51] Fixed 2 duplicate /gene - fruB_1 fruB_2
[09:43:51] Fixed 2 duplicate /gene - dppA_1 dppA_2
[09:43:51] Fixed 2 duplicate /gene - gmuD_1 gmuD_2
[09:43:51] Fixed 2 duplicate /gene - lacC_1 lacC_2
[09:43:51] Fixed 2 duplicate /gene - gatC_1 gatC_2
[09:43:51] Fixed 2 duplicate /gene - pgl_1 pgl_2
[09:43:51] Fixed 2 duplicate /gene - ibpB_1 ibpB_2
[09:43:51] Fixed 2 duplicate /gene - dbpA_1 dbpA_2
[09:43:51] Fixed 3 duplicate /gene - ulaC_1 ulaC_2 ulaC_3
[09:43:51] Fixed 2 duplicate /gene - xylA_1 xylA_2
[09:43:51] Fixed 3 duplicate /gene - rhtC_1 rhtC_2 rhtC_3
[09:43:51] Fixed 2 duplicate /gene - htrE_1 htrE_2
[09:43:51] Fixed 2 duplicate /gene - ssb_1 ssb_2
[09:43:51] Fixed 2 duplicate /gene - nfdA_1 nfdA_2
[09:43:51] Fixed 2 duplicate /gene - ydiB_1 ydiB_2
[09:43:51] Fixed 2 duplicate /gene - araC_1 araC_2
[09:43:51] Fixed 5 duplicate /gene - menH_1 menH_2 menH_3 menH_4 menH_5
[09:43:51] Fixed 2 duplicate /gene - hisJ_1 hisJ_2
[09:43:51] Fixed 6 duplicate /gene - iolG_1 iolG_2 iolG_3 iolG_4 iolG_5 iolG_6
[09:43:51] Fixed 2 duplicate /gene - sgrR_1 sgrR_2
[09:43:51] Fixed 4 duplicate /gene - ompA_1 ompA_2 ompA_3 ompA_4
[09:43:51] Fixed 2 duplicate /gene - hisC_1 hisC_2
[09:43:51] Fixed 5 duplicate /gene - nimR_1 nimR_2 nimR_3 nimR_4 nimR_5
[09:43:51] Fixed 2 duplicate /gene - rstB_1 rstB_2
[09:43:51] Fixed 5 duplicate /gene - fimD_1 fimD_2 fimD_3 fimD_4 fimD_5
[09:43:51] Fixed 3 duplicate /gene - pcaR_1 pcaR_2 pcaR_3
[09:43:51] Fixed 3 duplicate /gene - sorB_1 sorB_2 sorB_3
[09:43:51] Fixed 2 duplicate /gene - araB_1 araB_2
[09:43:51] Fixed 2 duplicate /gene - norG_1 norG_2
[09:43:51] Fixed 2 duplicate /gene - agp_1 agp_2
[09:43:51] Fixed 2 duplicate /gene - ppsC_1 ppsC_2
[09:43:51] Fixed 2 duplicate /gene - lldD_1 lldD_2
[09:43:51] Fixed 2 duplicate /gene - fhuA_1 fhuA_2
[09:43:51] Fixed 2 duplicate /gene - ppiC_1 ppiC_2
[09:43:51] Fixed 2 duplicate /gene - ompN_1 ompN_2
[09:43:51] Fixed 5 duplicate /gene - oxyR_1 oxyR_2 oxyR_3 oxyR_4 oxyR_5
[09:43:51] Fixed 2 duplicate /gene - fbaA_1 fbaA_2
[09:43:51] Fixed 2 duplicate /gene - artQ_1 artQ_2
[09:43:51] Fixed 2 duplicate /gene - sdaC_1 sdaC_2
[09:43:51] Fixed 2 duplicate /gene - fhuC_1 fhuC_2
[09:43:51] Fixed 4 duplicate /gene - rcsC_1 rcsC_2 rcsC_3 rcsC_4
[09:43:51] Fixed 2 duplicate /gene - nagC_1 nagC_2
[09:43:51] Fixed 3 duplicate /gene - sotB_1 sotB_2 sotB_3
[09:43:51] Fixed 2 duplicate /gene - fimA_1 fimA_2
[09:43:51] Fixed 2 duplicate /gene - bioD1_1 bioD1_2
[09:43:51] Fixed 3 duplicate /gene - slyA_1 slyA_2 slyA_3
[09:43:51] Fixed 2 duplicate /gene - bhsA_1 bhsA_2
[09:43:51] Fixed 2 duplicate /gene - argE_1 argE_2
[09:43:51] Fixed 3 duplicate /gene - ddpC_1 ddpC_2 ddpC_3
[09:43:51] Fixed 2 duplicate /gene - trmL_1 trmL_2
[09:43:51] Fixed 4 duplicate /gene - rbsA_1 rbsA_2 rbsA_3 rbsA_4
[09:43:51] Fixed 2 duplicate /gene - talB_1 talB_2
[09:43:51] Fixed 2 duplicate /gene - artJ_1 artJ_2
[09:43:51] Fixed 2 duplicate /gene - licH_1 licH_2
[09:43:51] Fixed 2 duplicate /gene - ddrA_1 ddrA_2
[09:43:51] Fixed 3 duplicate /gene - gsiC_1 gsiC_2 gsiC_3
[09:43:51] Fixed 2 duplicate /gene - fucP_1 fucP_2
[09:43:51] Fixed 3 duplicate /gene - glnH_1 glnH_2 glnH_3
[09:43:51] Fixed 3 duplicate /gene - tsaR_1 tsaR_2 tsaR_3
[09:43:51] Fixed 2 duplicate /gene - ydgJ_1 ydgJ_2
[09:43:51] Fixed 2 duplicate /gene - mdh_1 mdh_2
[09:43:51] Fixed 2 duplicate /gene - gntR_1 gntR_2
[09:43:51] Fixed 3 duplicate /gene - phoP_1 phoP_2 phoP_3
[09:43:51] Fixed 2 duplicate /gene - qorA_1 qorA_2
[09:43:51] Fixed 2 duplicate /gene - yheS_1 yheS_2
[09:43:51] Fixed 2 duplicate /gene - ydhP_1 ydhP_2
[09:43:51] Fixed 4 duplicate /gene - yceD_1 yceD_2 yceD_3 yceD_4
[09:43:51] Fixed 2 duplicate /gene - dsbC_1 dsbC_2
[09:43:51] Fixed 2 duplicate /gene - ppa_1 ppa_2
[09:43:51] Fixed 2 duplicate /gene - hxpB_1 hxpB_2
[09:43:51] Fixed 7 duplicate /gene - glnQ_1 glnQ_2 glnQ_3 glnQ_4 glnQ_5 glnQ_6 glnQ_7
[09:43:51] Fixed 4 duplicate /gene - glpR_1 glpR_2 glpR_3 glpR_4
[09:43:51] Fixed 2 duplicate /gene - cobC_1 cobC_2
[09:43:51] Fixed 2 duplicate /gene - oadB_1 oadB_2
[09:43:51] Fixed 5 duplicate /gene - chbA_1 chbA_2 chbA_3 chbA_4 chbA_5
[09:43:51] Fixed 2 duplicate /gene - sad_1 sad_2
[09:43:51] Fixed 2 duplicate /gene - topA_1 topA_2
[09:43:51] Fixed 2 duplicate /gene - proY_1 proY_2
[09:43:51] Fixed 2 duplicate /gene - fabD_1 fabD_2
[09:43:51] Fixed 2 duplicate /gene - rhtB_1 rhtB_2
[09:43:51] Fixed 2 duplicate /gene - mrdA_1 mrdA_2
[09:43:51] Fixed 4 duplicate /gene - rbsK_1 rbsK_2 rbsK_3 rbsK_4
[09:43:51] Fixed 2 duplicate /gene - metC_1 metC_2
[09:43:51] Fixed 2 duplicate /gene - fdnG_1 fdnG_2
[09:43:51] Fixed 5 duplicate /gene - fliY_1 fliY_2 fliY_3 fliY_4 fliY_5
[09:43:51] Fixed 2 duplicate /gene - msiK_1 msiK_2
[09:43:51] Fixed 2 duplicate /gene - yciE_1 yciE_2
[09:43:51] Fixed 2 duplicate /gene - cusC_1 cusC_2
[09:43:51] Fixed 2 duplicate /gene - pduL_1 pduL_2
[09:43:51] Fixed 2 duplicate /gene - astB_1 astB_2
[09:43:51] Fixed 2 duplicate /gene - zntB_1 zntB_2
[09:43:51] Fixed 5 duplicate /gene - pduA_1 pduA_2 pduA_3 pduA_4 pduA_5
[09:43:51] Fixed 2 duplicate /gene - yfcJ_1 yfcJ_2
[09:43:51] Fixed 2 duplicate /gene - malT_1 malT_2
[09:43:51] Fixed 3 duplicate /gene - lrp_1 lrp_2 lrp_3
[09:43:51] Fixed 2 duplicate /gene - hpcE_1 hpcE_2
[09:43:51] Fixed 2 duplicate /gene - aptB_1 aptB_2
[09:43:51] Fixed 3 duplicate /gene - umuD_1 umuD_2 umuD_3
[09:43:51] Fixed 2 duplicate /gene - rutC_1 rutC_2
[09:43:51] Fixed 2 duplicate /gene - murQ_1 murQ_2
[09:43:51] Fixed 2 duplicate /gene - lpxD_1 lpxD_2
[09:43:51] Fixed 2 duplicate /gene - astE_1 astE_2
[09:43:51] Fixed 2 duplicate /gene - tenA_1 tenA_2
[09:43:51] Fixed 2 duplicate /gene - dinG_1 dinG_2
[09:43:51] Fixed 2 duplicate /gene - feaB_1 feaB_2
[09:43:51] Fixed 2 duplicate /gene - cpdA_1 cpdA_2
[09:43:51] Fixed 2 duplicate /gene - pat_1 pat_2
[09:43:51] Fixed 2 duplicate /gene - ssuC_1 ssuC_2
[09:43:51] Fixed 3 duplicate /gene - frlB_1 frlB_2 frlB_3
[09:43:51] Fixed 3 duplicate /gene - metN_1 metN_2 metN_3
[09:43:51] Fixed 2 duplicate /gene - malG_1 malG_2
[09:43:51] Fixed 2 duplicate /gene - malK_1 malK_2
[09:43:51] Fixed 2 duplicate /gene - glnP_1 glnP_2
[09:43:51] Fixed 2 duplicate /gene - lsrF_1 lsrF_2
[09:43:51] Fixed 5 duplicate /gene - malP_1 malP_2 malP_3 malP_4 malP_5
[09:43:51] Fixed 2 duplicate /gene - ugpA_1 ugpA_2
[09:43:51] Fixed 3 duplicate /gene - vldW_1 vldW_2 vldW_3
[09:43:51] Fixed 2 duplicate /gene - gsiD_1 gsiD_2
[09:43:51] Fixed 2 duplicate /gene - garP_1 garP_2
[09:43:51] Fixed 2 duplicate /gene - yafP_1 yafP_2
[09:43:51] Fixed 2 duplicate /gene - glpF_1 glpF_2
[09:43:51] Fixed 3 duplicate /gene - lptB_1 lptB_2 lptB_3
[09:43:51] Fixed 2 duplicate /gene - nodD2_1 nodD2_2
[09:43:51] Fixed 2 duplicate /gene - virB_1 virB_2
[09:43:51] Fixed 2 duplicate /gene - ahpC_1 ahpC_2
[09:43:51] Fixed 2 duplicate /gene - oadA_1 oadA_2
[09:43:51] Fixed 2 duplicate /gene - norW_1 norW_2
[09:43:51] Fixed 2 duplicate /gene - msbA_1 msbA_2
[09:43:51] Fixed 2 duplicate /gene - clsA_1 clsA_2
[09:43:51] Fixed 3 duplicate /gene - thlA_1 thlA_2 thlA_3
[09:43:51] Fixed 2 duplicate /gene - glpT_1 glpT_2
[09:43:51] Fixed 2 duplicate /gene - gdhA_1 gdhA_2
[09:43:51] Fixed 4 duplicate /gene - hdfR_1 hdfR_2 hdfR_3 hdfR_4
[09:43:51] Fixed 2 duplicate /gene - lsrB_1 lsrB_2
[09:43:51] Fixed 3 duplicate /gene - yecS_1 yecS_2 yecS_3
[09:43:51] Fixed 2 duplicate /gene - glgS_1 glgS_2
[09:43:51] Fixed 3 duplicate /gene - citG_1 citG_2 citG_3
[09:43:51] Fixed 5 duplicate /gene - mntB_1 mntB_2 mntB_3 mntB_4 mntB_5
[09:43:51] Fixed 2 duplicate /gene - yraI_1 yraI_2
[09:43:51] Fixed 4 duplicate /gene - gstB_1 gstB_2 gstB_3 gstB_4
[09:43:51] Fixed 2 duplicate /gene - mepS_1 mepS_2
[09:43:51] Fixed 2 duplicate /gene - proA_1 proA_2
[09:43:51] Fixed 6 duplicate /gene - btuD_1 btuD_2 btuD_3 btuD_4 btuD_5 btuD_6
[09:43:51] Fixed 2 duplicate /gene - ygiW_1 ygiW_2
[09:43:51] Fixed 2 duplicate /gene - proP_1 proP_2
[09:43:51] Fixed 2 duplicate /gene - hsrA_1 hsrA_2
[09:43:51] Fixed 2 duplicate /gene - lgoT_1 lgoT_2
[09:43:51] Fixed 2 duplicate /gene - gltJ_1 gltJ_2
[09:43:51] Fixed 2 duplicate /gene - aptA_1 aptA_2
[09:43:51] Fixed 2 duplicate /gene - dnaK_1 dnaK_2
[09:43:51] Fixed 2 duplicate /gene - yohK_1 yohK_2
[09:43:51] Fixed 2 duplicate /gene - mak_1 mak_2
[09:43:51] Fixed 2 duplicate /gene - alsE_1 alsE_2
[09:43:51] Fixed 2 duplicate /gene - arnC_1 arnC_2
[09:43:51] Fixed 2 duplicate /gene - yhhS_1 yhhS_2
[09:43:51] Fixed 2 duplicate /gene - dhaK_1 dhaK_2
[09:43:51] Fixed 2 duplicate /gene - rppH_1 rppH_2
[09:43:51] Fixed 4 duplicate /gene - xerC_1 xerC_2 xerC_3 xerC_4
[09:43:51] Fixed 2 duplicate /gene - yofA_1 yofA_2
[09:43:51] Fixed 2 duplicate /gene - ridA_1 ridA_2
[09:43:51] Fixed 2 duplicate /gene - citA_1 citA_2
[09:43:51] Fixed 3 duplicate /gene - rob_1 rob_2 rob_3
[09:43:51] Fixed 3 duplicate /gene - glcR_1 glcR_2 glcR_3
[09:43:51] Fixed 3 duplicate /gene - nepI_1 nepI_2 nepI_3
[09:43:51] Fixed 2 duplicate /gene - yncE_1 yncE_2
[09:43:51] Fixed 3 duplicate /gene - emrA_1 emrA_2 emrA_3
[09:43:51] Fixed 2 duplicate /gene - hisQ_1 hisQ_2
[09:43:51] Fixed 2 duplicate /gene - yabI_1 yabI_2
[09:43:51] Fixed 2 duplicate /gene - bluF_1 bluF_2
[09:43:51] Fixed 2 duplicate /gene - apbE_1 apbE_2
[09:43:51] Fixed 2 duplicate /gene - artM_1 artM_2
[09:43:51] Fixed 4 duplicate /gene - norR_1 norR_2 norR_3 norR_4
[09:43:51] Fixed 2 duplicate /gene - pphA_1 pphA_2
[09:43:51] Fixed 2 duplicate /gene - rbn_1 rbn_2
[09:43:51] Fixed 3 duplicate /gene - pncC_1 pncC_2 pncC_3
[09:43:51] Fixed 2 duplicate /gene - yeaX_1 yeaX_2
[09:43:51] Fixed 2 duplicate /gene - fusA_1 fusA_2
[09:43:51] Fixed 2 duplicate /gene - namA_1 namA_2
[09:43:51] Fixed 2 duplicate /gene - cysG_1 cysG_2
[09:43:51] Fixed 2 duplicate /gene - kefF_1 kefF_2
[09:43:51] Fixed 2 duplicate /gene - dsbD_1 dsbD_2
[09:43:51] Fixed 2 duplicate /gene - kduD_1 kduD_2
[09:43:51] Fixed 4 duplicate /gene - hcpA_1 hcpA_2 hcpA_3 hcpA_4
[09:43:51] Fixed 2 duplicate /gene - dgoA_1 dgoA_2
[09:43:51] Fixed 4 duplicate /gene - hexR_1 hexR_2 hexR_3 hexR_4
[09:43:51] Fixed 3 duplicate /gene - lldR_1 lldR_2 lldR_3
[09:43:51] Fixed 8 duplicate /gene - rbsC_1 rbsC_2 rbsC_3 rbsC_4 rbsC_5 rbsC_6 rbsC_7 rbsC_8
[09:43:51] Fixed 2 duplicate /gene - clcB_1 clcB_2
[09:43:51] Fixed 2 duplicate /gene - dppB_1 dppB_2
[09:43:51] Fixed 2 duplicate /gene - dmsB_1 dmsB_2
[09:43:51] Fixed 3 duplicate /gene - ydcV_1 ydcV_2 ydcV_3
[09:43:51] Fixed 2 duplicate /gene - aroE_1 aroE_2
[09:43:51] Fixed 2 duplicate /gene - mdtJ_1 mdtJ_2
[09:43:51] Fixed 4 duplicate /gene - adhE_1 adhE_2 adhE_3 adhE_4
[09:43:51] Fixed 11 duplicate /gene - pgrR_1 pgrR_2 pgrR_3 pgrR_4 pgrR_5 pgrR_6 pgrR_7 pgrR_8 pgrR_9 pgrR_10 pgrR_11
[09:43:51] Fixed 2 duplicate /gene - klcA_1 klcA_2
[09:43:51] Fixed 2 duplicate /gene - fabF_1 fabF_2
[09:43:51] Fixed 2 duplicate /gene - oppD_1 oppD_2
[09:43:51] Fixed 21 duplicate /gene - dmlR_1 dmlR_2 dmlR_3 dmlR_4 dmlR_5 dmlR_6 dmlR_7 dmlR_8 dmlR_9 dmlR_10 dmlR_11 dmlR_12 dmlR_13 dmlR_14 dmlR_15 dmlR_16 dmlR_17 dmlR_18 dmlR_19 dmlR_20 dmlR_21
[09:43:51] Fixed 4 duplicate /gene - exuT_1 exuT_2 exuT_3 exuT_4
[09:43:51] Fixed 2 duplicate /gene - hdeB_1 hdeB_2
[09:43:51] Fixed 4 duplicate /gene - sorC_1 sorC_2 sorC_3 sorC_4
[09:43:51] Fixed 2 duplicate /gene - xerD_1 xerD_2
[09:43:51] Fixed 3 duplicate /gene - astD_1 astD_2 astD_3
[09:43:51] Fixed 2 duplicate /gene - ydfK_1 ydfK_2
[09:43:51] Fixed 2 duplicate /gene - fumB_1 fumB_2
[09:43:51] Fixed 2 duplicate /gene - vapC_1 vapC_2
[09:43:51] Fixed 3 duplicate /gene - pal_1 pal_2 pal_3
[09:43:51] Fixed 2 duplicate /gene - ybhF_1 ybhF_2
[09:43:51] Fixed 3 duplicate /gene - ompR_1 ompR_2 ompR_3
[09:43:51] Fixed 2 duplicate /gene - tyrB_1 tyrB_2
[09:43:51] Fixed 3 duplicate /gene - cmpR_1 cmpR_2 cmpR_3
[09:43:51] Fixed 4 duplicate /gene - rbsR_1 rbsR_2 rbsR_3 rbsR_4
[09:43:51] Fixed 2 duplicate /gene - ftsI_1 ftsI_2
[09:43:51] Fixed 3 duplicate /gene - cytR_1 cytR_2 cytR_3
[09:43:51] Fixed 2 duplicate /gene - uxuA_1 uxuA_2
[09:43:51] Fixed 2 duplicate /gene - gsiA_1 gsiA_2
[09:43:51] Fixed 2 duplicate /gene - dmsC_1 dmsC_2
[09:43:51] Fixed 2 duplicate /gene - kgtP_1 kgtP_2
[09:43:51] Fixed 2 duplicate /gene - dsdC_1 dsdC_2
[09:43:51] Fixed 2 duplicate /gene - cdaR_1 cdaR_2
[09:43:51] Fixed 4 duplicate /gene - metI_1 metI_2 metI_3 metI_4
[09:43:51] Fixed 2 duplicate /gene - ybdO_1 ybdO_2
[09:43:51] Fixed 2 duplicate /gene - btuF_1 btuF_2
[09:43:51] Fixed 3 duplicate /gene - gudP_1 gudP_2 gudP_3
[09:43:51] Fixed 2 duplicate /gene - hyfA_1 hyfA_2
[09:43:51] Fixed 2 duplicate /gene - zapE_1 zapE_2
[09:43:51] Fixed 2 duplicate /gene - pduD_1 pduD_2
[09:43:51] Fixed 3 duplicate /gene - suhB_1 suhB_2 suhB_3
[09:43:51] Fixed 2 duplicate /gene - dnaA_1 dnaA_2
[09:43:51] Fixed 11 duplicate /gene - fabG_1 fabG_2 fabG_3 fabG_4 fabG_5 fabG_6 fabG_7 fabG_8 fabG_9 fabG_10 fabG_11
[09:43:51] Fixed 2 duplicate /gene - rlhA_1 rlhA_2
[09:43:51] Fixed 2 duplicate /gene - dgoT_1 dgoT_2
[09:43:51] Fixed 2 duplicate /gene - iolU_1 iolU_2
[09:43:51] Fixed 2 duplicate /gene - bepA_1 bepA_2
[09:43:51] Fixed 2 duplicate /gene - glmS_1 glmS_2
[09:43:51] Fixed 3 duplicate /gene - soxS_1 soxS_2 soxS_3
[09:43:51] Fixed 2 duplicate /gene - eutB_1 eutB_2
[09:43:51] Fixed 2 duplicate /gene - ftnA_1 ftnA_2
[09:43:51] Fixed 2 duplicate /gene - epsE_1 epsE_2
[09:43:51] Fixed 2 duplicate /gene - ilvI_1 ilvI_2
[09:43:51] Fixed 2 duplicate /gene - pckA_1 pckA_2
[09:43:51] Fixed 5 duplicate /gene - rhaR_1 rhaR_2 rhaR_3 rhaR_4 rhaR_5
[09:43:51] Fixed 3 duplicate /gene - hmuU_1 hmuU_2 hmuU_3
[09:43:51] Fixed 2 duplicate /gene - roxA_1 roxA_2
[09:43:51] Fixed 3 duplicate /gene - pcaK_1 pcaK_2 pcaK_3
[09:43:51] Fixed 2 duplicate /gene - pdxA2_1 pdxA2_2
[09:43:51] Fixed 2 duplicate /gene - aspT_1 aspT_2
[09:43:51] Fixed 13 duplicate /gene - rhaS_1 rhaS_2 rhaS_3 rhaS_4 rhaS_5 rhaS_6 rhaS_7 rhaS_8 rhaS_9 rhaS_10 rhaS_11 rhaS_12 rhaS_13
[09:43:51] Fixed 2 duplicate /gene - parM_1 parM_2
[09:43:51] Fixed 2 duplicate /gene - mdtM_1 mdtM_2
[09:43:51] Fixed 3 duplicate /gene - yicJ_1 yicJ_2 yicJ_3
[09:43:51] Fixed 2 duplicate /gene - yiaW_1 yiaW_2
[09:43:51] Fixed 2 duplicate /gene - amiC_1 amiC_2
[09:43:51] Fixed 2 duplicate /gene - xylG_1 xylG_2
[09:43:51] Fixed 2 duplicate /gene - guaD_1 guaD_2
[09:43:51] Fixed 3 duplicate /gene - ascG_1 ascG_2 ascG_3
[09:43:51] Fixed 2 duplicate /gene - nlpD_1 nlpD_2
[09:43:51] Fixed 4 duplicate /gene - mdtA_1 mdtA_2 mdtA_3 mdtA_4
[09:43:51] Fixed 2 duplicate /gene - thpA_1 thpA_2
[09:43:51] Fixed 2 duplicate /gene - mngR_1 mngR_2
[09:43:51] Fixed 2 duplicate /gene - ribX_1 ribX_2
[09:43:51] Fixed 3 duplicate /gene - yhaJ_1 yhaJ_2 yhaJ_3
[09:43:51] Fixed 2 duplicate /gene - acrR_1 acrR_2
[09:43:51] Fixed 2 duplicate /gene - dcm_1 dcm_2
[09:43:51] Fixed 2 duplicate /gene - codA_1 codA_2
[09:43:51] Fixed 2 duplicate /gene - yjiE_1 yjiE_2
[09:43:51] Fixed 5 duplicate /gene - gcvA_1 gcvA_2 gcvA_3 gcvA_4 gcvA_5
[09:43:51] Fixed 3 duplicate /gene - oprM_1 oprM_2 oprM_3
[09:43:51] Fixed 2 duplicate /gene - cutC_1 cutC_2
[09:43:51] Fixed 2 duplicate /gene - azoR_1 azoR_2
[09:43:51] Fixed 2 duplicate /gene - map_1 map_2
[09:43:51] Fixed 2 duplicate /gene - asd_1 asd_2
[09:43:51] Fixed 2 duplicate /gene - amaB_1 amaB_2
[09:43:51] Fixed 2 duplicate /gene - ugpC_1 ugpC_2
[09:43:51] Fixed 2 duplicate /gene - gltA_1 gltA_2
[09:43:51] Fixed 2 duplicate /gene - cobT_1 cobT_2
[09:43:51] Fixed 5 duplicate /gene - yajO_1 yajO_2 yajO_3 yajO_4 yajO_5
[09:43:51] Fixed 4 duplicate /gene - xylB_1 xylB_2 xylB_3 xylB_4
[09:43:51] Fixed 3 duplicate /gene - ssuB_1 ssuB_2 ssuB_3
[09:43:51] Fixed 2 duplicate /gene - ubiJ_1 ubiJ_2
[09:43:51] Fixed 2 duplicate /gene - traC_1 traC_2
[09:43:51] Fixed 2 duplicate /gene - lpxL_1 lpxL_2
[09:43:51] Fixed 3 duplicate /gene - dapA_1 dapA_2 dapA_3
[09:43:51] Fixed 3 duplicate /gene - ttuB_1 ttuB_2 ttuB_3
[09:43:51] Fixed 2 duplicate /gene - bdcA_1 bdcA_2
[09:43:51] Fixed 3 duplicate /gene - bglF_1 bglF_2 bglF_3
[09:43:51] Fixed 2 duplicate /gene - abaF_1 abaF_2
[09:43:51] Fixed 2 duplicate /gene - aroP_1 aroP_2
[09:43:51] Fixed 2 duplicate /gene - mltF_1 mltF_2
[09:43:51] Fixed 5 duplicate /gene - srlR_1 srlR_2 srlR_3 srlR_4 srlR_5
[09:43:51] Fixed 4 duplicate /gene - hipO_1 hipO_2 hipO_3 hipO_4
[09:43:51] Fixed 3 duplicate /gene - livH_1 livH_2 livH_3
[09:43:51] Fixed 2 duplicate /gene - purR_1 purR_2
[09:43:51] Fixed 2 duplicate /gene - dgoK1_1 dgoK1_2
[09:43:51] Fixed 3 duplicate /gene - iprA_1 iprA_2 iprA_3
[09:43:51] Fixed 4 duplicate /gene - rbsB_1 rbsB_2 rbsB_3 rbsB_4
[09:43:51] Fixed 2 duplicate /gene - pcpR_1 pcpR_2
[09:43:51] Fixed 6 duplicate /gene - cynR_1 cynR_2 cynR_3 cynR_4 cynR_5 cynR_6
[09:43:51] Fixed 2 duplicate /gene - eutC_1 eutC_2
[09:43:51] Fixed 2 duplicate /gene - cutD_1 cutD_2
[09:43:51] Fixed 2 duplicate /gene - hns_1 hns_2
[09:43:51] Fixed 2 duplicate /gene - nagR_1 nagR_2
[09:43:51] Fixed 2 duplicate /gene - dctA_1 dctA_2
[09:43:51] Fixed 3 duplicate /gene - oppF_1 oppF_2 oppF_3
[09:43:51] Fixed 3 duplicate /gene - garK_1 garK_2 garK_3
[09:43:51] Fixed 3 duplicate /gene - umuC_1 umuC_2 umuC_3
[09:43:51] Fixed 3 duplicate /gene - yibH_1 yibH_2 yibH_3
[09:43:51] Fixed 2 duplicate /gene - rluA_1 rluA_2
[09:43:51] Fixed 3 duplicate /gene - bglA_1 bglA_2 bglA_3
[09:43:51] Fixed 2 duplicate /gene - leuA_1 leuA_2
[09:43:51] Fixed 2 duplicate /gene - ygaZ_1 ygaZ_2
[09:43:51] Fixed 2 duplicate /gene - oppA_1 oppA_2
[09:43:51] Fixed 2 duplicate /gene - ilvB_1 ilvB_2
[09:43:51] Fixed 2 duplicate /gene - tuf1_1 tuf1_2
[09:43:51] Fixed 3 duplicate /gene - cydB_1 cydB_2 cydB_3
[09:43:51] Fixed 2 duplicate /gene - sasA_1 sasA_2
[09:43:51] Fixed 2 duplicate /gene - ettA_1 ettA_2
[09:43:51] Fixed 3 duplicate /gene - uspG_1 uspG_2 uspG_3
[09:43:51] Fixed 2 duplicate /gene - lysN_1 lysN_2
[09:43:51] Fixed 2 duplicate /gene - csbX_1 csbX_2
[09:43:51] Fixed 2 duplicate /gene - sutR_1 sutR_2
[09:43:51] Fixed 2 duplicate /gene - dppD_1 dppD_2
[09:43:51] Fixed 2 duplicate /gene - epsF_1 epsF_2
[09:43:51] Fixed 4 duplicate /gene - metQ_1 metQ_2 metQ_3 metQ_4
[09:43:51] Fixed 2 duplicate /gene - mdtH_1 mdtH_2
[09:43:51] Fixed 2 duplicate /gene - ugpB_1 ugpB_2
[09:43:51] Fixed 4 duplicate /gene - bla_1 bla_2 bla_3 bla_4
[09:43:51] Fixed 2 duplicate /gene - ftsA_1 ftsA_2
[09:43:51] Fixed 2 duplicate /gene - dam_1 dam_2
[09:43:51] Fixed 2 duplicate /gene - rafB_1 rafB_2
[09:43:51] Fixed 3 duplicate /gene - scrY_1 scrY_2 scrY_3
[09:43:51] Fixed 3 duplicate /gene - bglH_1 bglH_2 bglH_3
[09:43:51] Fixed 3 duplicate /gene - manZ_1 manZ_2 manZ_3
[09:43:51] Fixed 2 duplicate /gene - citB_1 citB_2
[09:43:51] Fixed 2 duplicate /gene - fepA_1 fepA_2
[09:43:51] Fixed 2 duplicate /gene - bcsB_1 bcsB_2
[09:43:51] Fixed 2 duplicate /gene - cra_1 cra_2
[09:43:51] Fixed 2 duplicate /gene - yeaR_1 yeaR_2
[09:43:51] Fixed 3 duplicate /gene - ssuA_1 ssuA_2 ssuA_3
[09:43:51] Fixed 4 duplicate /gene - ygdR_1 ygdR_2 ygdR_3 ygdR_4
[09:43:51] Fixed 2 duplicate /gene - dauA_1 dauA_2
[09:43:51] Fixed 2 duplicate /gene - rutB_1 rutB_2
[09:43:51] Fixed 2 duplicate /gene - cysH_1 cysH_2
[09:43:51] Fixed 2 duplicate /gene - blc_1 blc_2
[09:43:51] Fixed 4 duplicate /gene - iolE_1 iolE_2 iolE_3 iolE_4
[09:43:51] Fixed 2 duplicate /gene - glpE_1 glpE_2
[09:43:51] Fixed 3 duplicate /gene - fruA_1 fruA_2 fruA_3
[09:43:51] Fixed 2 duplicate /gene - puuB_1 puuB_2
[09:43:51] Fixed 2 duplicate /gene - ribZ_1 ribZ_2
[09:43:51] Fixed 2 duplicate /gene - kefC_1 kefC_2
[09:43:51] Fixed 2 duplicate /gene - tktA_1 tktA_2
[09:43:51] Fixed 2 duplicate /gene - ghrA_1 ghrA_2
[09:43:51] Fixed 2 duplicate /gene - lacI_1 lacI_2
[09:43:51] Fixed 4 duplicate /gene - gltC_1 gltC_2 gltC_3 gltC_4
[09:43:51] Fixed 2 duplicate /gene - bcr_1 bcr_2
[09:43:51] Fixed 2 duplicate /gene - por_1 por_2
[09:43:51] Fixed 2 duplicate /gene - gabD_1 gabD_2
[09:43:51] Fixed 3 duplicate /gene - acrB_1 acrB_2 acrB_3
[09:43:51] Fixed 2 duplicate /gene - kdgK_1 kdgK_2
[09:43:51] Fixed 2 duplicate /gene - msuD_1 msuD_2
[09:43:51] Fixed 2 duplicate /gene - ybhR_1 ybhR_2
[09:43:51] Fixed 2 duplicate /gene - repB_1 repB_2
[09:43:51] Fixed 2 duplicate /gene - lyx_1 lyx_2
[09:43:51] Fixed 2 duplicate /gene - fimC_1 fimC_2
[09:43:51] Fixed 2 duplicate /gene - lon_1 lon_2
[09:43:51] Fixed 2 duplicate /gene - ddpA_1 ddpA_2
[09:43:51] Fixed 6 duplicate /gene - livF_1 livF_2 livF_3 livF_4 livF_5 livF_6
[09:43:51] Fixed 3 duplicate /gene - argP_1 argP_2 argP_3
[09:43:51] Fixed 2 duplicate /gene - mqo_1 mqo_2
[09:43:51] Fixed 2 duplicate /gene - oadG_1 oadG_2
[09:43:51] Fixed 2 duplicate /gene - pdeH_1 pdeH_2
[09:43:51] Fixed 2 duplicate /gene - rsxC_1 rsxC_2
[09:43:51] Fixed 430 colliding /gene names.
[09:43:51] Adding /locus_tag identifiers
[09:43:51] Assigned 5480 locus_tags to CDS and RNA features.
[09:43:51] Writing outputs to prokka_test/
[09:43:53] Generating annotation statistics file
[09:43:53] Generating Genbank and Sequin files
[09:43:53] Running: tbl2asn -V b -a r10k -l paired-ends -M n -N 1 -y 'Annotated using prokka 1.14.6 from https://github.com/tseemann/prokka' -Z prokka_test\/my_genome\.err -i prokka_test\/my_genome\.fsa 2> /dev/null
[09:44:14] Deleting unwanted file: prokka_test/errorsummary.val
[09:44:14] Deleting unwanted file: prokka_test/my_genome.dr
[09:44:14] Deleting unwanted file: prokka_test/my_genome.fixedproducts
[09:44:14] Deleting unwanted file: prokka_test/my_genome.ecn
[09:44:14] Deleting unwanted file: prokka_test/my_genome.val
[09:44:14] Repairing broken .GBK output that tbl2asn produces...
[09:44:14] Running: sed 's/COORDINATES: profile/COORDINATES:profile/' < prokka_test\/my_genome\.gbf > prokka_test\/my_genome\.gbk
[09:44:14] Deleting unwanted file: prokka_test/my_genome.gbf
[09:44:14] Output files:
[09:44:14] prokka_test/my_genome.err
[09:44:14] prokka_test/my_genome.gbf-r
[09:44:14] prokka_test/my_genome.fna
[09:44:14] prokka_test/my_genome.tsv
[09:44:14] prokka_test/my_genome.sqn
[09:44:14] prokka_test/my_genome.tbl
[09:44:14] prokka_test/my_genome.gff
[09:44:14] prokka_test/my_genome.txt
[09:44:14] prokka_test/my_genome.faa
[09:44:14] prokka_test/my_genome.fsa
[09:44:14] prokka_test/my_genome.gbk
[09:44:14] prokka_test/my_genome.ffn
[09:44:14] prokka_test/my_genome.log
[09:44:14] Annotation finished successfully.
[09:44:14] Walltime used: 4.65 minutes
[09:44:14] If you use this result please cite the Prokka paper:
[09:44:14] Seemann T (2014) Prokka: rapid prokaryotic genome annotation. Bioinformatics. 30(14):2068-9.
[09:44:14] Type 'prokka --citation' for more details.
[09:44:14] Share and enjoy!
