[12:48:52] This is prokka 1.14.6
[12:48:52] Written by Torsten Seemann <torsten.seemann@gmail.com>
[12:48:52] Homepage is https://github.com/tseemann/prokka
[12:48:52] Local time is Wed Dec 13 12:48:52 2023
[12:48:52] You are wcshropshire
[12:48:52] Operating system is darwin
[12:48:52] You have BioPerl 1.7.8
[12:48:52] System has 12 cores.
[12:48:52] Will use maximum of 2 cores.
[12:48:52] Annotating as >>> Bacteria <<<
[12:48:52] Generating locus_tag from 'ARLG-3181_consensus_assembly.fasta' contents.
[12:48:52] Setting --locustag MBKIICBG from MD5 6b422cb0565d11080cd0353bf039dd8d
[12:48:52] Enabling options to ensure Genbank/ENA/DDJB submission compliance.
[12:48:52] Creating new output folder: ARLG-3181_prokka_dir
[12:48:52] Running: mkdir -p ARLG\-3181_prokka_dir
[12:48:52] Using filename prefix: ARLG-3181_prokka.XXX
[12:48:52] Setting HMMER_NCPU=1
[12:48:52] Writing log to: ARLG-3181_prokka_dir/ARLG-3181_prokka.log
[12:48:52] Command: /opt/homebrew/Caskroom/miniforge/base/envs/radgenomics/bin/prokka --compliant --outdir ARLG-3181_prokka_dir --prefix ARLG-3181_prokka --cpus 2 ARLG-3181_consensus_assembly.fasta
[12:48:52] Appending to PATH: /opt/homebrew/Caskroom/miniforge/base/envs/radgenomics/bin
[12:48:52] Looking for 'aragorn' - found /opt/homebrew/Caskroom/miniforge/base/envs/radgenomics/bin/aragorn
[12:48:52] Determined aragorn version is 001002 from 'ARAGORN v1.2.41 Dean Laslett'
[12:48:52] Looking for 'barrnap' - found /opt/homebrew/Caskroom/miniforge/base/envs/radgenomics/bin/barrnap
[12:48:52] Determined barrnap version is 000009 from 'barrnap 0.9'
[12:48:52] Looking for 'blastp' - found /opt/homebrew/Caskroom/miniforge/base/envs/radgenomics/bin/blastp
[12:48:52] Determined blastp version is 002015 from 'blastp: 2.15.0+'
[12:48:52] Looking for 'cmpress' - found /opt/homebrew/Caskroom/miniforge/base/envs/radgenomics/bin/cmpress
[12:48:52] Determined cmpress version is 001001 from '# INFERNAL 1.1.4 (Dec 2020)'
[12:48:52] Looking for 'cmscan' - found /opt/homebrew/Caskroom/miniforge/base/envs/radgenomics/bin/cmscan
[12:48:52] Determined cmscan version is 001001 from '# INFERNAL 1.1.4 (Dec 2020)'
[12:48:52] Looking for 'egrep' - found /usr/bin/egrep
[12:48:52] Looking for 'find' - found /usr/bin/find
[12:48:52] Looking for 'grep' - found /usr/bin/grep
[12:48:52] Looking for 'hmmpress' - found /opt/homebrew/Caskroom/miniforge/base/envs/radgenomics/bin/hmmpress
[12:48:52] Determined hmmpress version is 003004 from '# HMMER 3.4 (Aug 2023); http://hmmer.org/'
[12:48:52] Looking for 'hmmscan' - found /opt/homebrew/Caskroom/miniforge/base/envs/radgenomics/bin/hmmscan
[12:48:52] Determined hmmscan version is 003004 from '# HMMER 3.4 (Aug 2023); http://hmmer.org/'
[12:48:52] Looking for 'java' - found /usr/bin/java
[12:48:52] Looking for 'makeblastdb' - found /opt/homebrew/Caskroom/miniforge/base/envs/radgenomics/bin/makeblastdb
[12:48:52] Determined makeblastdb version is 002015 from 'makeblastdb: 2.15.0+'
[12:48:52] Looking for 'minced' - found /opt/homebrew/Caskroom/miniforge/base/envs/radgenomics/bin/minced
[12:48:53] Determined minced version is 004002 from 'minced 0.4.2'
[12:48:53] Looking for 'parallel' - found /opt/homebrew/Caskroom/miniforge/base/envs/radgenomics/bin/parallel
[12:48:53] Determined parallel version is 20230922 from 'GNU parallel 20230922'
[12:48:53] Looking for 'prodigal' - found /opt/homebrew/Caskroom/miniforge/base/envs/radgenomics/bin/prodigal
[12:48:53] Determined prodigal version is 002006 from 'Prodigal V2.6.3: February, 2016'
[12:48:53] Looking for 'prokka-genbank_to_fasta_db' - found /opt/homebrew/Caskroom/miniforge/base/envs/radgenomics/bin/prokka-genbank_to_fasta_db
[12:48:53] Looking for 'sed' - found /usr/bin/sed
[12:48:53] Looking for 'tbl2asn' - found /opt/homebrew/Caskroom/miniforge/base/envs/radgenomics/bin/tbl2asn
[12:48:53] Determined tbl2asn version is 025007 from 'tbl2asn 25.7   arguments:'
[12:48:53] Using genetic code table 11.
[12:48:53] Loading and checking input file: ARLG-3181_consensus_assembly.fasta
[12:48:53] Wrote 5 contigs totalling 5633878 bp.
[12:48:53] Predicting tRNAs and tmRNAs
[12:48:53] Running: aragorn -l -gc11  -w ARLG\-3181_prokka_dir\/ARLG\-3181_prokka\.fna
[12:48:55] 1 tRNA-SeC c[89258,89352] 35 (tca)
[12:48:55] 2 tRNA-Pro [221032,221108] 35 (cgg)
[12:48:55] 3 tRNA-Thr [458569,458644] 34 (ggt)
[12:48:55] 4 tRNA-Leu [558805,558891] 35 (gag)
[12:48:55] 5 tRNA-Met [562822,562898] 35 (cat)
[12:48:55] 6 tRNA-Met c[668724,668799] 34 (cat)
[12:48:55] 7 tRNA-Phe c[797731,797806] 34 (gaa)
[12:48:55] 8 tRNA-Gly [882324,882397] 33 (ccc)
[12:48:55] 9 tRNA-Met c[1021297,1021373] 35 (cat)
[12:48:55] 10 tRNA-Met c[1021406,1021482] 35 (cat)
[12:48:55] 11 tRNA-Met c[1021516,1021592] 35 (cat)
[12:48:55] 12 tRNA-Ser [1171295,1171387] 35 (gct)
[12:48:55] 13 tRNA-Arg [1171392,1171468] 35 (acg)
[12:48:55] 14 tRNA-Arg [1171619,1171695] 35 (acg)
[12:48:55] 15 tRNA-Arg [1171757,1171833] 35 (acg)
[12:48:55] 16 tRNA-Arg [1172062,1172138] 35 (acg)
[12:48:55] 17 tmRNA c[1270980,1271342] 90,125 ANDENYALAA**
[12:48:55] 18 tRNA-Glu [1299842,1299917] 35 (ttc)
[12:48:55] 19 tRNA-Lys c[1475666,1475741] 34 (ttt)
[12:48:55] 20 tRNA-Val c[1475746,1475821] 34 (tac)
[12:48:55] 21 tRNA-Val c[1475868,1475943] 34 (tac)
[12:48:55] 22 tRNA-Val c[1475989,1476064] 34 (tac)
[12:48:55] 23 tRNA-Ala [1478763,1478838] 34 (ggc)
[12:48:55] 24 tRNA-Ala [1478880,1478955] 34 (ggc)
[12:48:55] 25 tRNA-Arg c[1499278,1499352] 34 (cct)
[12:48:55] 26 tRNA-Pro c[1613229,1613305] 35 (ggg)
[12:48:55] 27 tRNA-Asn c[1856821,1856896] 34 (gtt)
[12:48:55] 28 tRNA-Asn [1858654,1858729] 34 (gtt)
[12:48:55] 29 tRNA-Asn c[1867576,1867651] 34 (gtt)
[12:48:55] 30 tRNA-Asn c[1873652,1873727] 34 (gtt)
[12:48:55] 31 tRNA-Ser [1874719,1874808] 35 (cga)
[12:48:55] 32 tRNA-Gly [1895914,1895989] 34 (gcc)
[12:48:55] 33 tRNA-Cys [1896030,1896103] 33 (gca)
[12:48:55] 34 tRNA-Leu [1896117,1896203] 35 (taa)
[12:48:55] 35 tRNA-Tyr c[2113411,2113495] 35 (gta)
[12:48:55] 36 tRNA-Tyr c[2113712,2113796] 35 (gta)
[12:48:55] 37 tRNA-Val c[2319779,2319855] 35 (gac)
[12:48:55] 38 tRNA-Val c[2319860,2319936] 35 (gac)
[12:48:55] 39 tRNA-Val c[2319941,2320017] 35 (gac)
[12:48:55] 40 tRNA-Ser [3235827,3235914] 35 (gga)
[12:48:55] 41 tRNA-Ser [3239094,3239181] 35 (gga)
[12:48:55] 42 tRNA-Ser c[3283552,3283639] 35 (tga)
[12:48:55] 43 tRNA-Lys c[3594343,3594418] 34 (ttt)
[12:48:55] 44 tRNA-Lys c[3594552,3594627] 34 (ttt)
[12:48:55] 45 tRNA-Lys c[3594774,3594849] 34 (ttt)
[12:48:55] 46 tRNA-Val c[3594853,3594928] 34 (tac)
[12:48:55] 47 tRNA-Lys c[3595078,3595153] 34 (ttt)
[12:48:55] 48 tRNA-Val c[3595156,3595231] 34 (tac)
[12:48:55] 49 tRNA-Lys c[3595357,3595432] 34 (ttt)
[12:48:55] 50 tRNA-Met [3654049,3654125] 35 (cat)
[12:48:55] 51 tRNA-Leu [3654134,3654218] 35 (tag)
[12:48:55] 52 tRNA-Gln [3654242,3654316] 33 (ttg)
[12:48:55] 53 tRNA-Gln [3654353,3654427] 33 (ttg)
[12:48:55] 54 tRNA-Met [3654451,3654527] 35 (cat)
[12:48:55] 55 tRNA-Gln [3654575,3654649] 33 (ctg)
[12:48:55] 56 tRNA-Gln [3654725,3654799] 33 (ctg)
[12:48:55] 57 tRNA-Asn c[3936715,3936789] 33 (gtt)
[12:48:55] 58 tRNA-Arg c[3953061,3953137] 35 (tct)
[12:48:55] 59 tRNA-Thr [4168023,4168098] 34 (cgt)
[12:48:55] 60 tRNA-Asp c[4224639,4224715] 35 (gtc)
[12:48:55] 61 tRNA-Asp c[4234092,4234168] 35 (gtc)
[12:48:55] 62 tRNA-Ala c[4237517,4237592] 34 (tgc)
[12:48:55] 63 tRNA-Ile c[4237629,4237705] 35 (gat)
[12:48:55] 64 tRNA-Leu [4521867,4521953] 35 (cag)
[12:48:55] 65 tRNA-Leu [4521982,4522068] 35 (cag)
[12:48:55] 66 tRNA-Leu [4522100,4522186] 35 (cag)
[12:48:55] 67 tRNA-Glu c[4609939,4610014] 35 (ttc)
[12:48:55] 68 tRNA-Leu c[4656052,4656136] 35 (caa)
[12:48:55] 69 tRNA-Gly c[4791702,4791777] 34 (gcc)
[12:48:55] 70 tRNA-Gly c[4791850,4791925] 34 (gcc)
[12:48:55] 71 tRNA-Gly c[4791994,4792069] 34 (gcc)
[12:48:55] 72 tRNA-Phe [4833884,4833959] 34 (gaa)
[12:48:55] 73 tRNA-Glu c[4981335,4981410] 35 (ttc)
[12:48:55] 74 tRNA-Thr c[5018834,5018909] 34 (ggt)
[12:48:55] 75 tRNA-Gly c[5018915,5018989] 34 (tcc)
[12:48:55] 76 tRNA-Tyr c[5019105,5019189] 35 (gta)
[12:48:55] 77 tRNA-Thr c[5019200,5019275] 34 (tgt)
[12:48:55] 78 tRNA-Ala c[5026371,5026446] 34 (tgc)
[12:48:55] 79 tRNA-Ile c[5026483,5026559] 35 (gat)
[12:48:55] 80 tRNA-Pro c[5076228,5076304] 35 (tgg)
[12:48:55] 81 tRNA-Leu c[5076347,5076433] 35 (cag)
[12:48:55] 82 tRNA-His c[5076457,5076532] 34 (gtg)
[12:48:55] 83 tRNA-Arg c[5076588,5076664] 35 (ccg)
[12:48:55] 84 tRNA-Trp c[5114868,5114943] 34 (cca)
[12:48:55] 85 tRNA-Asp c[5114997,5115073] 35 (gtc)
[12:48:55] 86 tRNA-Ala c[5118414,5118489] 34 (tgc)
[12:48:55] 87 tRNA-Ile c[5118526,5118602] 35 (gat)
[12:48:55] 88 tRNA-Glu c[5224264,5224339] 35 (ttc)
[12:48:55] Found 88 tRNAs
[12:48:55] Predicting Ribosomal RNAs
[12:48:55] Running Barrnap with 2 threads
[12:48:58] 1 gnl|Prokka|MBKIICBG_1 453705 16S ribosomal RNA
[12:48:58] 2 gnl|Prokka|MBKIICBG_1 455442 23S ribosomal RNA
[12:48:58] 3 gnl|Prokka|MBKIICBG_1 458441 5S ribosomal RNA
[12:48:58] 4 gnl|Prokka|MBKIICBG_1 458685 5S ribosomal RNA
[12:48:58] 5 gnl|Prokka|MBKIICBG_1 1298220 16S ribosomal RNA
[12:48:58] 6 gnl|Prokka|MBKIICBG_1 1300102 23S ribosomal RNA
[12:48:58] 7 gnl|Prokka|MBKIICBG_1 1303193 5S ribosomal RNA
[12:48:58] 8 gnl|Prokka|MBKIICBG_1 4234229 5S ribosomal RNA
[12:48:58] 9 gnl|Prokka|MBKIICBG_1 4234439 23S ribosomal RNA
[12:48:58] 10 gnl|Prokka|MBKIICBG_1 4237778 16S ribosomal RNA
[12:48:58] 11 gnl|Prokka|MBKIICBG_1 4606645 5S ribosomal RNA
[12:48:58] 12 gnl|Prokka|MBKIICBG_1 4606856 23S ribosomal RNA
[12:48:58] 13 gnl|Prokka|MBKIICBG_1 4610101 16S ribosomal RNA
[12:48:58] 14 gnl|Prokka|MBKIICBG_1 4978041 5S ribosomal RNA
[12:48:58] 15 gnl|Prokka|MBKIICBG_1 4978252 23S ribosomal RNA
[12:48:58] 16 gnl|Prokka|MBKIICBG_1 4981497 16S ribosomal RNA
[12:48:58] 17 gnl|Prokka|MBKIICBG_1 5023088 5S ribosomal RNA
[12:48:58] 18 gnl|Prokka|MBKIICBG_1 5023301 23S ribosomal RNA
[12:48:58] 19 gnl|Prokka|MBKIICBG_1 5026630 16S ribosomal RNA
[12:48:58] 20 gnl|Prokka|MBKIICBG_1 5115134 5S ribosomal RNA
[12:48:58] 21 gnl|Prokka|MBKIICBG_1 5115344 23S ribosomal RNA
[12:48:58] 22 gnl|Prokka|MBKIICBG_1 5118673 16S ribosomal RNA
[12:48:58] 23 gnl|Prokka|MBKIICBG_1 5220968 5S ribosomal RNA
[12:48:58] 24 gnl|Prokka|MBKIICBG_1 5221181 23S ribosomal RNA
[12:48:58] 25 gnl|Prokka|MBKIICBG_1 5224426 16S ribosomal RNA
[12:48:58] Found 25 rRNAs
[12:48:58] Skipping ncRNA search, enable with --rfam if desired.
[12:48:58] Total of 112 tRNA + rRNA features
[12:48:58] Searching for CRISPR repeats
[12:48:58] Found 0 CRISPRs
[12:48:58] Predicting coding sequences
[12:48:58] Contigs total 5633878 bp, so using single mode
[12:48:58] Running: prodigal -i ARLG\-3181_prokka_dir\/ARLG\-3181_prokka\.fna -c -m -g 11 -p single -f sco -q
[12:49:04] Excluding CDS which overlaps existing RNA (tRNA) at gnl|Prokka|MBKIICBG_1:562791..562997 on - strand
[12:49:06] Excluding CDS which overlaps existing RNA (tRNA) at gnl|Prokka|MBKIICBG_1:2319781..2320266 on + strand
[12:49:07] Excluding CDS which overlaps existing RNA (tRNA) at gnl|Prokka|MBKIICBG_1:3936604..3936756 on + strand
[12:49:08] Excluding CDS which overlaps existing RNA (tRNA) at gnl|Prokka|MBKIICBG_1:5076176..5076328 on + strand
[12:49:08] Found 5324 CDS
[12:49:08] Connecting features back to sequences
[12:49:08] Not using genus-specific database. Try --usegenus to enable it.
[12:49:08] Annotating CDS, please be patient.
[12:49:08] Will use 2 CPUs for similarity searching.
[12:49:11] There are still 5324 unannotated CDS left (started with 5324)
[12:49:11] Will use blast to search against /opt/homebrew/Caskroom/miniforge/base/envs/radgenomics/db/kingdom/Bacteria/IS with 2 CPUs
[12:49:11] Running: cat ARLG\-3181_prokka_dir\/ARLG\-3181_prokka\.IS\.tmp\.48964\.faa | parallel --gnu --plain -j 2 --block 418990 --recstart '>' --pipe blastp -query - -db /opt/homebrew/Caskroom/miniforge/base/envs/radgenomics/db/kingdom/Bacteria/IS -evalue 1e-30 -qcov_hsp_perc 90 -num_threads 1 -num_descriptions 1 -num_alignments 1 -seg no > ARLG\-3181_prokka_dir\/ARLG\-3181_prokka\.IS\.tmp\.48964\.blast 2> /dev/null
[12:49:43] Modify product: Tn3 family transposase Tn5403 => Tn3 family transposase
[12:49:43] Modify product: Tn3 family transposase Tn5403 => Tn3 family transposase
[12:49:43] Cleaned 2 /product names
[12:49:43] Deleting unwanted file: ARLG-3181_prokka_dir/ARLG-3181_prokka.IS.tmp.48964.faa
[12:49:43] Deleting unwanted file: ARLG-3181_prokka_dir/ARLG-3181_prokka.IS.tmp.48964.blast
[12:49:46] There are still 5230 unannotated CDS left (started with 5324)
[12:49:46] Will use blast to search against /opt/homebrew/Caskroom/miniforge/base/envs/radgenomics/db/kingdom/Bacteria/AMR with 2 CPUs
[12:49:46] Running: cat ARLG\-3181_prokka_dir\/ARLG\-3181_prokka\.AMR\.tmp\.48964\.faa | parallel --gnu --plain -j 2 --block 410971 --recstart '>' --pipe blastp -query - -db /opt/homebrew/Caskroom/miniforge/base/envs/radgenomics/db/kingdom/Bacteria/AMR -evalue 1e-300 -qcov_hsp_perc 90 -num_threads 1 -num_descriptions 1 -num_alignments 1 -seg no > ARLG\-3181_prokka_dir\/ARLG\-3181_prokka\.AMR\.tmp\.48964\.blast 2> /dev/null
[12:50:08] Deleting unwanted file: ARLG-3181_prokka_dir/ARLG-3181_prokka.AMR.tmp.48964.faa
[12:50:08] Deleting unwanted file: ARLG-3181_prokka_dir/ARLG-3181_prokka.AMR.tmp.48964.blast
[12:50:10] There are still 5229 unannotated CDS left (started with 5324)
[12:50:10] Will use blast to search against /opt/homebrew/Caskroom/miniforge/base/envs/radgenomics/db/kingdom/Bacteria/sprot with 2 CPUs
[12:50:10] Running: cat ARLG\-3181_prokka_dir\/ARLG\-3181_prokka\.sprot\.tmp\.48964\.faa | parallel --gnu --plain -j 2 --block 410706 --recstart '>' --pipe blastp -query - -db /opt/homebrew/Caskroom/miniforge/base/envs/radgenomics/db/kingdom/Bacteria/sprot -evalue 1e-09 -qcov_hsp_perc 80 -num_threads 1 -num_descriptions 1 -num_alignments 1 -seg no > ARLG\-3181_prokka_dir\/ARLG\-3181_prokka\.sprot\.tmp\.48964\.blast 2> /dev/null
[12:52:24] Modify product: Probable 2-dehydro-3-deoxygalactonokinase DgoK1 => putative 2-dehydro-3-deoxygalactonokinase DgoK1
[12:52:24] Modify product: HTH-type transcriptional regulator Cphy_2742 => HTH-type transcriptional regulator
[12:52:24] Modify product: Uncharacterized inner membrane transporter YicL => putative inner membrane transporter YicL
[12:52:24] Modify product: Acetyltransferase Atu2258 => Acetyltransferase
[12:52:24] Modify product: Zinc-type alcohol dehydrogenase-like protein SA1988 => Zinc-type alcohol dehydrogenase-like protein
[12:52:24] Modify product: UPF0311 protein CA_C3321 => hypothetical protein
[12:52:24] Modify product: UPF0126 inner membrane protein YicG => hypothetical protein
[12:52:24] Modify product: Uncharacterized protein Rv1998c => putative protein
[12:52:24] Modify product: UPF0701 protein YicC => hypothetical protein
[12:52:24] Modify product: UPF0194 membrane protein YbhG => hypothetical protein
[12:52:24] Modify product: Probable multidrug ABC transporter ATP-binding protein YbhF => putative multidrug ABC transporter ATP-binding protein YbhF
[12:52:24] Modify product: Probable multidrug ABC transporter permease YbhR => putative multidrug ABC transporter permease YbhR
[12:52:24] Modify product: UPF0758 protein YsxA => hypothetical protein
[12:52:24] Modify product: Uncharacterized protein YibN => putative protein YibN
[12:52:24] Modify product: Uncharacterized protein YibL => putative protein YibL
[12:52:24] Modify product: Uncharacterized GST-like protein YibF => putative GST-like protein YibF
[12:52:24] Modify product: Probable lipoprotein YiaD => putative lipoprotein YiaD
[12:52:24] Modify product: Uncharacterized MFS-type transporter YhjX => putative MFS-type transporter YhjX
[12:52:24] Modify product: Probable cyclic di-GMP phosphodiesterase PdeK => putative cyclic di-GMP phosphodiesterase PdeK
[12:52:24] Modify product: Uncharacterized protein HI_0933 => putative protein
[12:52:24] Modify product: Probable 4-deoxy-4-formamido-L-arabinose-phosphoundecaprenol deformylase ArnD => putative 4-deoxy-4-formamido-L-arabinose-phosphoundecaprenol deformylase ArnD
[12:52:24] Modify product: Probable 4-amino-4-deoxy-L-arabinose-phosphoundecaprenol flippase subunit ArnE => putative 4-amino-4-deoxy-L-arabinose-phosphoundecaprenol flippase subunit ArnE
[12:52:24] Modify product: Probable 4-amino-4-deoxy-L-arabinose-phosphoundecaprenol flippase subunit ArnF => putative 4-amino-4-deoxy-L-arabinose-phosphoundecaprenol flippase subunit ArnF
[12:52:24] Modify product: Uncharacterized MFS-type transporter YhhS => putative MFS-type transporter YhhS
[12:52:24] Modify product: Uncharacterized protein YhhA => putative protein YhhA
[12:52:24] Modify product: Uncharacterized oxidoreductase YhhX => putative oxidoreductase YhhX
[12:52:24] Modify product: Probable [Fe-S]-dependent transcriptional repressor => putative [Fe-S]-dependent transcriptional repressor
[12:52:24] Modify product: Uncharacterized protein YhfG => putative protein YhfG
[12:52:24] Modify product: Probable protein adenylyltransferase Fic => putative protein adenylyltransferase Fic
[12:52:24] Modify product: UPF0270 protein PA3463 => hypothetical protein
[12:52:24] Modify product: Uncharacterized ABC transporter ATP-binding protein YheS => putative ABC transporter ATP-binding protein YheS
[12:52:24] Modify product: Protein SlyX homolog => Protein SlyX 
[12:52:24] Modify product: Uncharacterized membrane protein YhdT => putative membrane protein YhdT
[12:52:24] Modify product: Uncharacterized protein YhcO => putative protein YhcO
[12:52:24] Modify product: Uncharacterized inner membrane transporter YhbE => putative inner membrane transporter YhbE
[12:52:24] Modify product: Uncharacterized protease YhbU => putative protease YhbU
[12:52:24] Modify product: UPF0102 protein RPA0323 => hypothetical protein
[12:52:24] Modify product: Probable galactarate transporter => putative galactarate transporter
[12:52:24] Modify product: Uncharacterized protein YqjD => putative protein YqjD
[12:52:24] Modify product: Probable glycerol-3-phosphate acyltransferase => putative glycerol-3-phosphate acyltransferase
[12:52:24] Modify product: Probable quinol monooxygenase YgiN => putative quinol monooxygenase YgiN
[12:52:24] Modify product: Putative cystathionine beta-synthase Rv1077 => Putative cystathionine beta-synthase
[12:52:24] Modify product: Uncharacterized membrane protein YdfK => putative membrane protein YdfK
[12:52:24] Modify product: Probable Fe(2+)-trafficking protein => putative Fe(2+)-trafficking protein
[12:52:24] Modify product: Uncharacterized protein HI_0341 => putative protein
[12:52:24] Modify product: UPF0235 protein YggU => hypothetical protein
[12:52:24] Modify product: Uncharacterized protein YggR => putative protein YggR
[12:52:24] Modify product: UPF0301 protein YqgE => hypothetical protein
[12:52:24] Modify product: Probable L-galactonate transporter => putative L-galactonate transporter
[12:52:24] Modify product: Probable sulfoacetate transporter SauU => putative sulfoacetate transporter SauU
[12:52:24] Modify product: UPF0149 protein HI_0817 => hypothetical protein
[12:52:24] Modify product: Uncharacterized oxidoreductase YgfF => putative oxidoreductase YgfF
[12:52:24] Modify product: UPF0267 protein YqfB => hypothetical protein
[12:52:24] Modify product: UPF0073 inner membrane protein YqfA => hypothetical protein
[12:52:24] Modify product: Uncharacterized protein YjdJ => putative protein YjdJ
[12:52:24] Modify product: Probable fimbrial chaperone YadV => putative fimbrial chaperone YadV
[12:52:24] Modify product: Uncharacterized lipoprotein YgdR => putative lipoprotein YgdR
[12:52:24] Modify product: UPF0053 inner membrane protein YgdQ => hypothetical protein
[12:52:24] Modify product: Probable propionate kinase => putative propionate kinase
[12:52:24] Modify product: Probable cobalt-factor III C(17)-methyltransferase => putative cobalt-factor III C(17)-methyltransferase
[12:52:24] Modify product: Uncharacterized lipoprotein YgdR => putative lipoprotein YgdR
[12:52:24] Modify product: UPF0382 inner membrane protein YgdD => hypothetical protein
[12:52:24] Modify product: Uncharacterized HTH-type transcriptional regulator YdjF => putative HTH-type transcriptional regulator YdjF
[12:52:24] Modify product: Probable FMNH2-dependent monooxygenase SfnC => putative FMNH2-dependent monooxygenase SfnC
[12:52:24] Modify product: Uncharacterized protein YqcC => putative protein YqcC
[12:52:24] Modify product: Uncharacterized protein PA3435 => putative protein
[12:52:24] Modify product: Probable glucarate transporter => putative glucarate transporter
[12:52:24] Modify product: Probable UbiX-like flavin prenyltransferase => putative UbiX-like flavin prenyltransferase
[12:52:24] Modify product: Uncharacterized periplasmic iron-binding protein HI_0362 => putative periplasmic iron-binding protein
[12:52:24] Modify product: Uncharacterized protein YgaM => putative protein YgaM
[12:52:24] Modify product: Probable HTH-type transcriptional regulator YgaV => putative HTH-type transcriptional regulator YgaV
[12:52:24] Modify product: Probable fimbrial chaperone YraI => putative fimbrial chaperone YraI
[12:52:24] Modify product: Probable fimbrial chaperone YadV => putative fimbrial chaperone YadV
[12:52:24] Modify product: Uncharacterized protein YbiI => putative protein YbiI
[12:52:24] Modify product: UPF0125 protein RatB => hypothetical protein
[12:52:24] Modify product: UPF0053 inner membrane protein YfjD => hypothetical protein
[12:52:24] Modify product: Uncharacterized tRNA/rRNA methyltransferase YfiF => putative tRNA/rRNA methyltransferase YfiF
[12:52:24] Modify product: Uncharacterized protein YphB => putative protein YphB
[12:52:24] Modify product: Probable 3-phenylpropionic acid transporter => putative 3-phenylpropionic acid transporter
[12:52:24] Modify product: UPF0070 protein HI_0370 => hypothetical protein
[12:52:24] Modify product: Uncharacterized protein YfgJ => putative protein YfgJ
[12:52:24] Modify product: Uncharacterized protein YfgD => putative protein YfgD
[12:52:24] Modify product: Uncharacterized protein YfeY => putative protein YfeY
[12:52:24] Modify product: Uncharacterized protein YybH => putative protein YybH
[12:52:24] Modify product: Probable cyclic di-GMP phosphodiesterase PdeA => putative cyclic di-GMP phosphodiesterase PdeA
[12:52:24] Modify product: Uncharacterized transporter YycB => putative transporter YycB
[12:52:24] Modify product: UPF0381 protein YiiS => hypothetical protein
[12:52:24] Modify product: Probable membrane transporter protein YfcA => putative membrane transporter protein YfcA
[12:52:24] Modify product: Uncharacterized MFS-type transporter YfcJ => putative MFS-type transporter YfcJ
[12:52:25] Modify product: Epimerase family protein SA0724 => Epimerase family protein
[12:52:25] Modify product: Uncharacterized Nudix hydrolase YfcD => putative Nudix hydrolase YfcD
[12:52:25] Modify product: UPF0208 membrane protein YfbV => hypothetical protein
[12:52:25] Modify product: UPF0304 protein YfbU => hypothetical protein
[12:52:25] Modify product: Uncharacterized HTH-type transcriptional regulator RhmR => putative HTH-type transcriptional regulator RhmR
[12:52:25] Modify product: Putative transport protein Rv1101c => Putative transport protein
[12:52:25] Modify product: UPF0352 protein YejL => hypothetical protein
[12:52:25] Modify product: Uncharacterized protein YejG => putative protein YejG
[12:52:25] Modify product: Uncharacterized ABC transporter ATP-binding protein YejF => putative ABC transporter ATP-binding protein YejF
[12:52:25] Modify product: Probable cyclic di-GMP phosphodiesterase PdeN => putative cyclic di-GMP phosphodiesterase PdeN
[12:52:25] Modify product: UPF0324 inner membrane protein YeiH => hypothetical protein
[12:52:25] Modify product: UPF0299 membrane protein YohJ => hypothetical protein
[12:52:25] Modify product: UPF0387 membrane protein YohO => hypothetical protein
[12:52:25] Modify product: Probable D,D-dipeptide-binding periplasmic protein DdpA => putative D,D-dipeptide-binding periplasmic protein DdpA
[12:52:25] Modify product: Probable D,D-dipeptide transport system permease protein DdpB => putative D,D-dipeptide transport system permease protein DdpB
[12:52:25] Modify product: Probable D,D-dipeptide transport system permease protein DdpC => putative D,D-dipeptide transport system permease protein DdpC
[12:52:25] Modify product: Probable lipid kinase YegS => putative lipid kinase YegS
[12:52:25] Modify product: 23S rRNA 5-hydroxycytidine C2501 synthase => 23S rRNA 5-hydroxycytidine synthase
[12:52:25] Modify product: UPF0053 inner membrane protein YoaE => hypothetical protein
[12:52:25] Modify product: Uncharacterized glycosyltransferase YkoT => putative glycosyltransferase YkoT
[12:52:25] Modify product: UPF0265 protein YeeX => hypothetical protein
[12:52:25] Modify product: Uncharacterized protein YeaR => putative protein YeaR
[12:52:25] Modify product: Probable FMN/FAD exporter YeeO => putative FMN/FAD exporter YeeO
[12:52:25] Modify product: Probable acrylyl-CoA reductase AcuI => putative acrylyl-CoA reductase AcuI
[12:52:25] Modify product: Probable L,D-transpeptidase ErfK/SrfK => putative L,D-transpeptidase ErfK/SrfK
[12:52:25] Modify product: Uncharacterized protein YedJ => putative protein YedJ
[12:52:25] Modify product: Uncharacterized inner membrane transporter YedA => putative inner membrane transporter YedA
[12:52:25] Modify product: Probable diguanylate cyclase DgcQ => putative diguanylate cyclase DgcQ
[12:52:25] Modify product: Probable transport protein HsrA => putative transport protein HsrA
[12:52:25] Modify product: Probable transcriptional regulatory protein YebC => putative transcriptional regulatory protein YebC
[12:52:25] Modify product: Uncharacterized protein HI_0461 => putative protein
[12:52:25] Modify product: Uncharacterized protein YebV => putative protein YebV
[12:52:25] Modify product: Probable manganese efflux pump MntP => putative manganese efflux pump MntP
[12:52:25] Modify product: UPF0266 membrane protein YobD => hypothetical protein
[12:52:25] Modify product: UPF0053 inner membrane protein YoaE => hypothetical protein
[12:52:25] Modify product: Probable cyclic di-GMP phosphodiesterase PdeD => putative cyclic di-GMP phosphodiesterase PdeD
[12:52:25] Modify product: Probable ATP-dependent DNA helicase YoaA => putative ATP-dependent DNA helicase YoaA
[12:52:25] Modify product: Uncharacterized protein YcgM => putative protein YcgM
[12:52:25] Modify product: Uncharacterized protein YeaR => putative protein YeaR
[12:52:25] Modify product: Uncharacterized protein Rv2411c => putative protein
[12:52:25] Modify product: Uncharacterized protein Rv2567 => putative protein
[12:52:25] Modify product: Uncharacterized protein Rv2569c => putative protein
[12:52:25] Modify product: UPF0225 protein YchJ => hypothetical protein
[12:52:25] Modify product: Uncharacterized NTE family protein Rv1063c => putative NTE family protein
[12:52:25] Modify product: UPF0056 inner membrane protein MarC => hypothetical protein
[12:52:25] Modify product: UPF0263 protein YciU => hypothetical protein
[12:52:25] Modify product: Probable ketoamine kinase HMPREF0351_12196 => putative ketoamine kinase
[12:52:25] Modify product: Uncharacterized protein HI_1163 => putative protein
[12:52:25] Modify product: Probable ATP-dependent transporter SufC => putative ATP-dependent transporter SufC
[12:52:25] Modify product: Probable L,D-transpeptidase YnhG => putative L,D-transpeptidase YnhG
[12:52:25] Modify product: Uncharacterized ABC transporter ATP-binding protein HI_1470 => putative ABC transporter ATP-binding protein
[12:52:25] Modify product: Probable ABC transporter permease protein HI_1471 => putative ABC transporter permease protein
[12:52:25] Modify product: Uncharacterized protein HI_1472 => putative protein
[12:52:25] Modify product: Probable siderophore transport system ATP-binding protein YusV => putative siderophore transport system ATP-binding protein YusV
[12:52:25] Modify product: Probable siderophore transport system permease protein YfiZ => putative siderophore transport system permease protein YfiZ
[12:52:25] Modify product: Probable murein peptide carboxypeptidase => putative murein peptide carboxypeptidase
[12:52:25] Modify product: Probable succinyl-CoA:3-ketoacid coenzyme A transferase subunit B => putative succinyl-CoA:3-ketoacid coenzyme A transferase subunit B
[12:52:25] Modify product: Probable succinyl-CoA:3-ketoacid coenzyme A transferase subunit A => putative succinyl-CoA:3-ketoacid coenzyme A transferase subunit A
[12:52:25] Modify product: Probable D,D-dipeptide transport ATP-binding protein DdpD => putative D,D-dipeptide transport ATP-binding protein DdpD
[12:52:25] Modify product: Uncharacterized HTH-type transcriptional regulator YahB => putative HTH-type transcriptional regulator YahB
[12:52:25] Modify product: Uncharacterized oxidoreductase YdgJ => putative oxidoreductase YdgJ
[12:52:25] Modify product: Probable transporter SCO4007 => putative transporter
[12:52:25] Modify product: Uncharacterized protein Rv3292 => putative protein
[12:52:25] Modify product: 23S rRNA 5-hydroxycytidine C2501 synthase => 23S rRNA 5-hydroxycytidine synthase
[12:52:25] Modify product: Uncharacterized protein YdcY => putative protein YdcY
[12:52:25] Modify product: UPF0381 protein YiiS => hypothetical protein
[12:52:25] Modify product: Uncharacterized protein YncE => putative protein YncE
[12:52:25] Modify product: Uncharacterized lipoprotein YgdR => putative lipoprotein YgdR
[12:52:25] Modify product: Probable nitrate reductase molybdenum cofactor assembly chaperone NarW => putative nitrate reductase molybdenum cofactor assembly chaperone NarW
[12:52:25] Modify product: Probable D,D-dipeptide transport system permease protein DdpC => putative D,D-dipeptide transport system permease protein DdpC
[12:52:25] Modify product: Uncharacterized ABC transporter ATP-binding protein YheS => putative ABC transporter ATP-binding protein YheS
[12:52:25] Modify product: Uncharacterized oxidoreductase YghA => putative oxidoreductase YghA
[12:52:25] Modify product: UPF0702 transmembrane protein YetF => hypothetical protein
[12:52:25] Modify product: Putative thiamine biosynthesis protein HI_0357 => Putative thiamine biosynthesis protein
[12:52:25] Modify product: Probable allantoin permease => putative allantoin permease
[12:52:25] Modify product: Probable succinyl-diaminopimelate desuccinylase => putative succinyl-diaminopimelate desuccinylase
[12:52:25] Modify product: Uncharacterized protein PA2218 => putative protein
[12:52:25] Modify product: Probable 3-hydroxyisobutyrate dehydrogenase => putative 3-hydroxyisobutyrate dehydrogenase
[12:52:25] Modify product: Uncharacterized signaling protein CC_0091 => putative signaling protein
[12:52:25] Modify product: Probable fimbrial chaperone LpfB => putative fimbrial chaperone LpfB
[12:52:25] Modify product: Uncharacterized protein YycE => putative protein YycE
[12:52:25] Modify product: Uncharacterized MFS-type transporter YhhS => putative MFS-type transporter YhhS
[12:52:25] Modify product: Uncharacterized protein YhcH => putative protein YhcH
[12:52:25] Modify product: Uncharacterized isomerase YddE => putative isomerase YddE
[12:52:25] Modify product: UPF0056 inner membrane protein MarC => hypothetical protein
[12:52:25] Modify product: Probable amino-acid metabolite efflux pump => putative amino-acid metabolite efflux pump
[12:52:25] Modify product: Probable L-galactonate transporter => putative L-galactonate transporter
[12:52:25] Modify product: UPF0060 membrane protein YnfA => hypothetical protein
[12:52:25] Modify product: UPF0482 protein YnfB => hypothetical protein
[12:52:25] Modify product: Uncharacterized protein YnfD => putative protein YnfD
[12:52:25] Modify product: Probable DNA endonuclease SmrA => putative DNA endonuclease SmrA
[12:52:25] Modify product: UPF0394 inner membrane protein YedE => hypothetical protein
[12:52:25] Modify product: Uncharacterized protein YdfO => putative protein YdfO
[12:52:25] Modify product: Probable 6-phospho-beta-glucosidase => putative 6-phospho-beta-glucosidase
[12:52:25] Modify product: UPF0283 membrane protein YcjF => hypothetical protein
[12:52:25] Modify product: Uncharacterized protein YcjX => putative protein YcjX
[12:52:25] Modify product: UPF0509 protein YciZ => hypothetical protein
[12:52:25] Modify product: Uncharacterized protein YciH => putative protein YciH
[12:52:25] Modify product: Probable protease SohB => putative protease SohB
[12:52:25] Modify product: Uncharacterized oxidoreductase YciK => putative oxidoreductase YciK
[12:52:25] Modify product: Uncharacterized protein YciO => putative protein YciO
[12:52:25] Modify product: Probable tartrate dehydrogenase/decarboxylase TtuC' => putative tartrate dehydrogenase/decarboxylase TtuC'
[12:52:25] Modify product: PKHD-type hydroxylase Sbal_3634 => PKHD-type hydroxylase
[12:52:25] Modify product: UPF0259 membrane protein YciC => hypothetical protein
[12:52:25] Modify product: Probable intracellular septation protein A => putative intracellular septation protein A
[12:52:25] Modify product: Uncharacterized acyl-CoA thioester hydrolase HI_0827 => putative acyl-CoA thioester hydrolase
[12:52:25] Modify product: Uncharacterized HTH-type transcriptional regulator YdjF => putative HTH-type transcriptional regulator YdjF
[12:52:25] Modify product: Uncharacterized sugar kinase YdjH => putative sugar kinase YdjH
[12:52:25] Modify product: Uncharacterized protein YdjI => putative protein YdjI
[12:52:25] Modify product: Uncharacterized zinc-type alcohol dehydrogenase-like protein YdjJ => putative zinc-type alcohol dehydrogenase-like protein YdjJ
[12:52:25] Modify product: Stress response UPF0229 protein YhbH => hypothetical protein
[12:52:25] Modify product: Uncharacterized membrane protein YoaK => putative membrane protein YoaK
[12:52:25] Modify product: Probable zinc-binding alcohol dehydrogenase Rv1895 => putative zinc-binding alcohol dehydrogenase
[12:52:25] Modify product: Probable L,D-transpeptidase YcfS => putative L,D-transpeptidase YcfS
[12:52:25] Modify product: UPF0227 protein YcfP => hypothetical protein
[12:52:25] Modify product: Uncharacterized metal-dependent hydrolase YcfH => putative metal-dependent hydrolase YcfH
[12:52:25] Modify product: Probable lipid II flippase MurJ => putative lipid II flippase MurJ
[12:52:25] Modify product: UPF0502 protein YceH => hypothetical protein
[12:52:25] Modify product: Uncharacterized lipoprotein YceB => putative lipoprotein YceB
[12:52:25] Modify product: Uncharacterized protein YceO => putative protein YceO
[12:52:25] Modify product: UPF0176 protein YceA => hypothetical protein
[12:52:25] Modify product: Probable phosphatase YcdX => putative phosphatase YcdX
[12:52:25] Modify product: Probable hydrolase YcaC => putative hydrolase YcaC
[12:52:25] Modify product: Probable malonic semialdehyde reductase RutE => putative malonic semialdehyde reductase RutE
[12:52:25] Modify product: Uncharacterized protein YccJ => putative protein YccJ
[12:52:25] Modify product: Probable cyclic di-GMP phosphodiesterase PdeG => putative cyclic di-GMP phosphodiesterase PdeG
[12:52:25] Modify product: UPF0098 protein YbcL => hypothetical protein
[12:52:25] Modify product: Uncharacterized protein YccU => putative protein YccU
[12:52:25] Modify product: Uncharacterized protein YcbX => putative protein YcbX
[12:52:25] Modify product: Probable L,D-transpeptidase YcbB => putative L,D-transpeptidase YcbB
[12:52:25] Modify product: UPF0434 protein YcaR => hypothetical protein
[12:52:25] Modify product: Probable formate transporter 1 => putative formate transporter 1
[12:52:25] Modify product: Uncharacterized MFS-type transporter YcaD => putative MFS-type transporter YcaD
[12:52:25] Modify product: Uncharacterized lipoprotein YbjP => putative lipoprotein YbjP
[12:52:25] Modify product: Uncharacterized protein YbjN => putative protein YbjN
[12:52:25] Modify product: Uncharacterized protein YbiI => putative protein YbiI
[12:52:25] Modify product: Uncharacterized protein YbiU => putative protein YbiU
[12:52:25] Modify product: Uncharacterized ABC transporter ATP-binding protein YbiT => putative ABC transporter ATP-binding protein YbiT
[12:52:25] Modify product: Probable L,D-transpeptidase YbiS => putative L,D-transpeptidase YbiS
[12:52:25] Modify product: Uncharacterized protein McbA => putative protein McbA
[12:52:25] Modify product: Uncharacterized protein YbiI => putative protein YbiI
[12:52:25] Modify product: Uncharacterized protein YbiB => putative protein YbiB
[12:52:25] Modify product: Probable glucarate transporter => putative glucarate transporter
[12:52:25] Modify product: UPF0194 membrane protein YbhG => hypothetical protein
[12:52:25] Modify product: Probable multidrug ABC transporter ATP-binding protein YbhF => putative multidrug ABC transporter ATP-binding protein YbhF
[12:52:25] Modify product: Probable multidrug ABC transporter permease YbhS => putative multidrug ABC transporter permease YbhS
[12:52:25] Modify product: Probable multidrug ABC transporter permease YbhR => putative multidrug ABC transporter permease YbhR
[12:52:25] Modify product: UPF0098 protein YbhB => hypothetical protein
[12:52:25] Modify product: Probable cation-transporting ATPase F => putative cation-transporting ATPase F
[12:52:25] Modify product: Probable two-component-system connector protein YcgZ => putative two-component-system connector protein YcgZ
[12:52:25] Modify product: Probable two-component-system connector protein AriR => putative two-component-system connector protein AriR
[12:52:25] Modify product: GTP cyclohydrolase 1 type 2 homolog => GTP cyclohydrolase 1 type 2 
[12:52:25] Modify product: Uncharacterized protein YbfE => putative protein YbfE
[12:52:25] Modify product: Uncharacterized lipoprotein ChiQ => putative lipoprotein ChiQ
[12:52:25] Modify product: UPF0250 protein YbeD => hypothetical protein
[12:52:25] Modify product: Uncharacterized HTH-type transcriptional regulator YbdO => putative HTH-type transcriptional regulator YbdO
[12:52:25] Modify product: Uncharacterized HTH-type transcriptional regulator YbdO => putative HTH-type transcriptional regulator YbdO
[12:52:25] Modify product: Uncharacterized protein YbdM => putative protein YbdM
[12:52:25] Modify product: Uncharacterized sugar kinase YdjH => putative sugar kinase YdjH
[12:52:25] Modify product: Probable D,D-dipeptide-binding periplasmic protein DdpA => putative D,D-dipeptide-binding periplasmic protein DdpA
[12:52:25] Modify product: Probable D,D-dipeptide transport system permease protein DdpC => putative D,D-dipeptide transport system permease protein DdpC
[12:52:25] Modify product: Probable D,D-dipeptide transport ATP-binding protein DdpF => putative D,D-dipeptide transport ATP-binding protein DdpF
[12:52:25] Modify product: Probable cation-transporting ATPase F => putative cation-transporting ATPase F
[12:52:25] Modify product: Uncharacterized protein Rv0906 => putative protein
[12:52:25] Modify product: Probable fimbrial chaperone EcpB => putative fimbrial chaperone EcpB
[12:52:25] Modify product: Probable outer membrane usher protein EcpC => putative outer membrane usher protein EcpC
[12:52:25] Modify product: Probable fimbrial chaperone EcpE => putative fimbrial chaperone EcpE
[12:52:25] Modify product: Uncharacterized protein YncE => putative protein YncE
[12:52:26] Modify product: Probable cadaverine/lysine antiporter => putative cadaverine/lysine antiporter
[12:52:26] Modify product: Probable fimbrial chaperone YadV => putative fimbrial chaperone YadV
[12:52:26] Modify product: Bifunctional protein FolD => Bifunctional protein FolD protein
[12:52:26] Modify product: Uncharacterized protein YbcJ => putative protein YbcJ
[12:52:26] Modify product: Probable iron export permease protein FetB => putative iron export permease protein FetB
[12:52:26] Modify product: Probable iron export ATP-binding protein FetA => putative iron export ATP-binding protein FetA
[12:52:26] Modify product: Probable cyclic di-GMP phosphodiesterase PdeB => putative cyclic di-GMP phosphodiesterase PdeB
[12:52:26] Modify product: Uncharacterized lipoprotein YbaY => putative lipoprotein YbaY
[12:52:26] Modify product: Probable multidrug resistance ABC transporter ATP-binding/permease protein YheI => putative multidrug resistance ABC transporter ATP-binding/permease protein YheI
[12:52:26] Modify product: Uncharacterized protein HI_1008 => putative protein
[12:52:26] Modify product: UPF0234 protein YajQ => hypothetical protein
[12:52:26] Modify product: Uncharacterized lipoprotein YajI => putative lipoprotein YajI
[12:52:26] Modify product: Uncharacterized protein YaiA => putative protein YaiA
[12:52:26] Modify product: UPF0178 protein YaiI => hypothetical protein
[12:52:26] Modify product: Uncharacterized amino acid permease YhdG => putative amino acid permease YhdG
[12:52:26] Modify product: Leu/Ile/Val-binding protein homolog 3 => Leu/Ile/Val-binding protein 
[12:52:26] Modify product: Probable glutamine ABC transporter permease protein GlnP => putative glutamine ABC transporter permease protein GlnP
[12:52:26] Modify product: Probable fimbrial chaperone EcpE => putative fimbrial chaperone EcpE
[12:52:26] Modify product: Probable outer membrane usher protein EcpC => putative outer membrane usher protein EcpC
[12:52:26] Modify product: Probable fimbrial chaperone EcpB => putative fimbrial chaperone EcpB
[12:52:26] Modify product: Probable phosphatase Rv3661 => putative phosphatase
[12:52:26] Modify product: Uncharacterized protein YjhP => putative protein YjhP
[12:52:26] Modify product: UPF0255 protein VV1_0328 => hypothetical protein
[12:52:26] Modify product: Uncharacterized N-acetyltransferase YafP => putative N-acetyltransferase YafP
[12:52:26] Modify product: Uncharacterized protein Rv2277c => putative protein
[12:52:26] Modify product: Uncharacterized methyltransferase YcgJ => putative methyltransferase YcgJ
[12:52:26] Modify product: Uncharacterized protein YaeQ => putative protein YaeQ
[12:52:26] Modify product: UPF0253 protein YaeP => hypothetical protein
[12:52:26] Modify product: UPF0126 inner membrane protein YadS => hypothetical protein
[12:52:26] Modify product: Uncharacterized ABC transporter ATP-binding protein YadG => putative ABC transporter ATP-binding protein YadG
[12:52:26] Modify product: UPF0231 protein YacL => hypothetical protein
[12:52:26] Modify product: Probable peptidoglycan glycosyltransferase FtsW => putative peptidoglycan glycosyltransferase FtsW
[12:52:26] Modify product: Probable glucarate transporter => putative glucarate transporter
[12:52:26] Modify product: Uncharacterized lipoprotein YgdR => putative lipoprotein YgdR
[12:52:26] Modify product: Probable inner membrane protein Smp => putative inner membrane protein Smp
[12:52:26] Modify product: Uncharacterized metal-dependent hydrolase YjjV => putative metal-dependent hydrolase YjjV
[12:52:26] Modify product: UPF0442 protein YjjB => hypothetical protein
[12:52:26] Modify product: Probable HTH-type transcriptional regulator LgoR => putative HTH-type transcriptional regulator LgoR
[12:52:26] Modify product: Probable L-galactonate transporter => putative L-galactonate transporter
[12:52:26] Modify product: Probable 2-dehydro-3-deoxygalactonokinase DgoK1 => putative 2-dehydro-3-deoxygalactonokinase DgoK1
[12:52:26] Modify product: Uncharacterized HTH-type transcriptional regulator YurK => putative HTH-type transcriptional regulator YurK
[12:52:26] Modify product: Probable 6-phospho-beta-glucosidase => putative 6-phospho-beta-glucosidase
[12:52:26] Modify product: Probable licABCH operon regulator => putative licABCH operon regulator
[12:52:26] Modify product: Deacetylase EF_0837 => Deacetylase
[12:52:26] Modify product: UPF0307 protein YjgA => hypothetical protein
[12:52:26] Modify product: UPF0053 inner membrane protein YtfL => hypothetical protein
[12:52:26] Modify product: Uncharacterized protein YtfJ => putative protein YtfJ
[12:52:26] Modify product: Probable L-ascorbate-6-phosphate lactonase UlaG => putative L-ascorbate-6-phosphate lactonase UlaG
[12:52:26] Modify product: Probable outer membrane usher protein ElfC => putative outer membrane usher protein ElfC
[12:52:26] Modify product: UPF0716 protein FxsA => hypothetical protein
[12:52:26] Modify product: Probable transcriptional regulator PhnF => putative transcriptional regulator PhnF
[12:52:26] Modify product: Probable fimbrial chaperone LpfB => putative fimbrial chaperone LpfB
[12:52:26] Modify product: Uncharacterized fimbrial-like protein YcbV => putative fimbrial-like protein YcbV
[12:52:26] Modify product: Probable cyclic di-GMP phosphodiesterase PdeC => putative cyclic di-GMP phosphodiesterase PdeC
[12:52:26] Modify product: Uncharacterized protein YjbR => putative protein YjbR
[12:52:26] Modify product: UPF0337 protein YjbJ => hypothetical protein
[12:52:26] Modify product: UPF0597 protein YhaM => hypothetical protein
[12:52:26] Modify product: Shikimate dehydrogenase-like protein HI_0607 => Shikimate dehydrogenase-like protein
[12:52:26] Modify product: Uncharacterized protein HI_0431 => putative protein
[12:52:26] Modify product: Probable protein kinase UbiB => putative protein kinase UbiB
[12:52:26] Modify product: Probable transport protein YifK => putative transport protein YifK
[12:52:26] Modify product: Probable ECA polymerase => putative ECA polymerase
[12:52:26] Modify product: Uncharacterized membrane protein YdfK => putative membrane protein YdfK
[12:52:26] Modify product: UPF0438 protein YifE => hypothetical protein
[12:52:26] Modify product: Probable cystine transporter YijE => putative cystine transporter YijE
[12:52:26] Modify product: Probable fructose-bisphosphate aldolase => putative fructose-bisphosphate aldolase
[12:52:26] Modify product: UPF0761 membrane protein YihY => hypothetical protein
[12:52:26] Modify product: Probable GTP-binding protein EngB => putative GTP-binding protein EngB
[12:52:26] Modify product: Probable acyltransferase YihG => putative acyltransferase YihG
[12:52:26] Modify product: Probable transport protein HsrA => putative transport protein HsrA
[12:52:26] Modify product: Probable glucosamine-6-phosphate deaminase 2 => putative glucosamine-6-phosphate deaminase 2
[12:52:26] Modify product: Probable cyclic di-GMP phosphodiesterase PdeB => putative cyclic di-GMP phosphodiesterase PdeB
[12:52:26] Modify product: Probable copper-binding protein PcoE => putative copper-binding protein PcoE
[12:52:26] Modify product: UPF0401 protein YkfF => hypothetical protein
[12:52:26] Modify product: Probable phosphite transport system-binding protein PtxB => putative phosphite transport system-binding protein PtxB
[12:52:26] Modify product: UPF0401 protein YkfF => hypothetical protein
[12:52:26] Cleaned 333 /product names
[12:52:26] Deleting unwanted file: ARLG-3181_prokka_dir/ARLG-3181_prokka.sprot.tmp.48964.faa
[12:52:26] Deleting unwanted file: ARLG-3181_prokka_dir/ARLG-3181_prokka.sprot.tmp.48964.blast
[12:52:27] There are still 1512 unannotated CDS left (started with 5324)
[12:52:27] Will use hmmer3 to search against /opt/homebrew/Caskroom/miniforge/base/envs/radgenomics/db/hmm/HAMAP.hmm with 2 CPUs
[12:52:27] Running: cat ARLG\-3181_prokka_dir\/ARLG\-3181_prokka\.HAMAP\.hmm\.tmp\.48964\.faa | parallel --gnu --plain -j 2 --block 90746 --recstart '>' --pipe hmmscan --noali --notextw --acc -E 1e-09 --cpu 1 /opt/homebrew/Caskroom/miniforge/base/envs/radgenomics/db/hmm/HAMAP.hmm /dev/stdin > ARLG\-3181_prokka_dir\/ARLG\-3181_prokka\.HAMAP\.hmm\.tmp\.48964\.hmmer3 2> /dev/null
[12:52:47] Modify product: Uncharacterized Nudix hydrolase NudL => putative Nudix hydrolase NudL
[12:52:48] Modify product: Uncharacterized MFS-type transporter YcaD => putative MFS-type transporter YcaD
[12:52:48] Modify product: Uncharacterized MFS-type transporter YfcJ => putative MFS-type transporter YfcJ
[12:52:48] Cleaned 3 /product names
[12:52:48] Deleting unwanted file: ARLG-3181_prokka_dir/ARLG-3181_prokka.HAMAP.hmm.tmp.48964.faa
[12:52:48] Deleting unwanted file: ARLG-3181_prokka_dir/ARLG-3181_prokka.HAMAP.hmm.tmp.48964.hmmer3
[12:52:48] Labelling remaining 1370 proteins as 'hypothetical protein'
[12:52:48] Possible /pseudo 'Putative 2-aminoethylphosphonate transport system permease protein PhnV' at gnl|Prokka|MBKIICBG_1 position 49434
[12:52:48] Possible /pseudo 'IS3 family transposase ISKpn1' at gnl|Prokka|MBKIICBG_1 position 221848
[12:52:48] Possible /pseudo 'ISKra4 family transposase ISCep1' at gnl|Prokka|MBKIICBG_1 position 909990
[12:52:48] Possible /pseudo 'Manganese transport system membrane protein MntB' at gnl|Prokka|MBKIICBG_1 position 1119586
[12:52:48] Possible /pseudo 'L-rhamnonate dehydratase' at gnl|Prokka|MBKIICBG_1 position 1579316
[12:52:48] Possible /pseudo 'IS3 family transposase ISKpn1' at gnl|Prokka|MBKIICBG_1 position 1805102
[12:52:48] Possible /pseudo 'putative protein' at gnl|Prokka|MBKIICBG_1 position 2008144
[12:52:48] Possible /pseudo 'putative protein' at gnl|Prokka|MBKIICBG_1 position 2009070
[12:52:48] Possible /pseudo 'Hercynine oxygenase' at gnl|Prokka|MBKIICBG_1 position 2053174
[12:52:48] Possible /pseudo 'Formate dehydrogenase, nitrate-inducible, major subunit' at gnl|Prokka|MBKIICBG_1 position 2460277
[12:52:48] Possible /pseudo 'HTH-type transcriptional regulator DmlR' at gnl|Prokka|MBKIICBG_1 position 2597491
[12:52:48] Possible /pseudo 'High-affinity branched-chain amino acid transport ATP-binding protein LivF' at gnl|Prokka|MBKIICBG_1 position 2724984
[12:52:48] Possible /pseudo 'Putative dimethyl sulfoxide reductase chain YnfE' at gnl|Prokka|MBKIICBG_1 position 2763266
[12:52:48] Possible /pseudo 'p-aminobenzoyl-glutamate hydrolase subunit B' at gnl|Prokka|MBKIICBG_1 position 2814460
[12:52:48] Possible /pseudo 'Aconitate hydratase A' at gnl|Prokka|MBKIICBG_1 position 3010223
[12:52:48] Possible /pseudo 'IS3 family transposase ISKpn1' at gnl|Prokka|MBKIICBG_1 position 3086310
[12:52:48] Possible /pseudo 'Imidazolonepropionase' at gnl|Prokka|MBKIICBG_1 position 3567388
[12:52:48] Possible /pseudo 'IS3 family transposase ISKpn1' at gnl|Prokka|MBKIICBG_1 position 3794302
[12:52:48] Possible /pseudo 'IS3 family transposase ISKpn18' at gnl|Prokka|MBKIICBG_1 position 4335531
[12:52:48] Possible /pseudo 'Homoprotocatechuate catabolism bifunctional isomerase/decarboxylase' at gnl|Prokka|MBKIICBG_1 position 4562184
[12:52:48] Possible /pseudo 'IS3 family transposase IS1400' at gnl|Prokka|MBKIICBG_1 position 4644413
[12:52:48] Possible /pseudo 'Quinone oxidoreductase 2' at gnl|Prokka|MBKIICBG_1 position 4754097
[12:52:48] Possible /pseudo 'IS3 family transposase ISKpn1' at gnl|Prokka|MBKIICBG_1 position 4835336
[12:52:48] Possible /pseudo 'IS3 family transposase ISKpn1' at gnl|Prokka|MBKIICBG_1 position 4847897
[12:52:48] Possible /pseudo 'Formate dehydrogenase H' at gnl|Prokka|MBKIICBG_1 position 4876270
[12:52:48] Possible /pseudo 'Peptidyl-prolyl cis-trans isomerase C' at gnl|Prokka|MBKIICBG_1 position 5102038
[12:52:48] Possible /pseudo 'Formate dehydrogenase-O major subunit' at gnl|Prokka|MBKIICBG_1 position 5192198
[12:52:48] Possible /pseudo 'IS3 family transposase ISKpn18' at gnl|Prokka|MBKIICBG_1 position 5199671
[12:52:48] Possible /pseudo 'IS3 family transposase ISEcl1' at gnl|Prokka|MBKIICBG_2 position 26618
[12:52:48] Possible /pseudo 'ISL3 family transposase ISEc38' at gnl|Prokka|MBKIICBG_2 position 50974
[12:52:48] Possible /pseudo 'Arsenical pump-driving ATPase' at gnl|Prokka|MBKIICBG_2 position 56569
[12:52:48] Possible /pseudo 'IS3 family transposase ISKpn38' at gnl|Prokka|MBKIICBG_3 position 27286
[12:52:48] Possible /pseudo '3-oxo-tetronate kinase' at gnl|Prokka|MBKIICBG_4 position 9904
[12:52:48] Possible /pseudo 'IS91 family transposase ISSbo1' at gnl|Prokka|MBKIICBG_4 position 41319
[12:52:48] Found 3018 unique /gene codes.
[12:52:48] Fixed 2 duplicate /gene - astB_1 astB_2
[12:52:48] Fixed 3 duplicate /gene - pcaK_1 pcaK_2 pcaK_3
[12:52:48] Fixed 2 duplicate /gene - ddrA_1 ddrA_2
[12:52:48] Fixed 2 duplicate /gene - agp_1 agp_2
[12:52:48] Fixed 2 duplicate /gene - azoR_1 azoR_2
[12:52:48] Fixed 2 duplicate /gene - uxuA_1 uxuA_2
[12:52:48] Fixed 3 duplicate /gene - garK_1 garK_2 garK_3
[12:52:48] Fixed 2 duplicate /gene - citG_1 citG_2
[12:52:48] Fixed 2 duplicate /gene - mepS_1 mepS_2
[12:52:48] Fixed 2 duplicate /gene - oppD_1 oppD_2
[12:52:48] Fixed 2 duplicate /gene - cobT_1 cobT_2
[12:52:48] Fixed 2 duplicate /gene - fepA_1 fepA_2
[12:52:48] Fixed 3 duplicate /gene - parM_1 parM_2 parM_3
[12:52:48] Fixed 2 duplicate /gene - tuf1_1 tuf1_2
[12:52:48] Fixed 2 duplicate /gene - aptB_1 aptB_2
[12:52:48] Fixed 2 duplicate /gene - ecpB_1 ecpB_2
[12:52:48] Fixed 3 duplicate /gene - yicJ_1 yicJ_2 yicJ_3
[12:52:48] Fixed 3 duplicate /gene - slyA_1 slyA_2 slyA_3
[12:52:48] Fixed 2 duplicate /gene - cusB_1 cusB_2
[12:52:48] Fixed 2 duplicate /gene - hsrA_1 hsrA_2
[12:52:48] Fixed 4 duplicate /gene - klcA_1 klcA_2 klcA_3 klcA_4
[12:52:48] Fixed 3 duplicate /gene - sorB_1 sorB_2 sorB_3
[12:52:48] Fixed 4 duplicate /gene - xylB_1 xylB_2 xylB_3 xylB_4
[12:52:48] Fixed 2 duplicate /gene - frmA_1 frmA_2
[12:52:48] Fixed 2 duplicate /gene - dinI_1 dinI_2
[12:52:48] Fixed 2 duplicate /gene - tenA_1 tenA_2
[12:52:48] Fixed 2 duplicate /gene - hpcE_1 hpcE_2
[12:52:48] Fixed 2 duplicate /gene - rstB_1 rstB_2
[12:52:48] Fixed 2 duplicate /gene - glpE_1 glpE_2
[12:52:48] Fixed 2 duplicate /gene - cydA_1 cydA_2
[12:52:48] Fixed 2 duplicate /gene - ugpB_1 ugpB_2
[12:52:48] Fixed 2 duplicate /gene - pphA_1 pphA_2
[12:52:48] Fixed 2 duplicate /gene - silE_1 silE_2
[12:52:48] Fixed 2 duplicate /gene - dppB_1 dppB_2
[12:52:48] Fixed 3 duplicate /gene - lldR_1 lldR_2 lldR_3
[12:52:48] Fixed 2 duplicate /gene - gdhA_1 gdhA_2
[12:52:48] Fixed 2 duplicate /gene - fabF_1 fabF_2
[12:52:48] Fixed 2 duplicate /gene - abgB_1 abgB_2
[12:52:48] Fixed 2 duplicate /gene - ribZ_1 ribZ_2
[12:52:48] Fixed 2 duplicate /gene - pncC_1 pncC_2
[12:52:48] Fixed 2 duplicate /gene - ydfK_1 ydfK_2
[12:52:48] Fixed 3 duplicate /gene - sotB_1 sotB_2 sotB_3
[12:52:48] Fixed 2 duplicate /gene - nlpD_1 nlpD_2
[12:52:48] Fixed 2 duplicate /gene - por_1 por_2
[12:52:48] Fixed 2 duplicate /gene - yheS_1 yheS_2
[12:52:48] Fixed 2 duplicate /gene - proQ_1 proQ_2
[12:52:48] Fixed 2 duplicate /gene - rppH_1 rppH_2
[12:52:48] Fixed 4 duplicate /gene - gltC_1 gltC_2 gltC_3 gltC_4
[12:52:48] Fixed 2 duplicate /gene - pal_1 pal_2
[12:52:48] Fixed 2 duplicate /gene - asd_1 asd_2
[12:52:48] Fixed 4 duplicate /gene - hipO_1 hipO_2 hipO_3 hipO_4
[12:52:48] Fixed 2 duplicate /gene - lacC_1 lacC_2
[12:52:48] Fixed 2 duplicate /gene - mepM_1 mepM_2
[12:52:48] Fixed 2 duplicate /gene - kgtP_1 kgtP_2
[12:52:48] Fixed 2 duplicate /gene - leuA_1 leuA_2
[12:52:48] Fixed 2 duplicate /gene - uxaB_1 uxaB_2
[12:52:48] Fixed 2 duplicate /gene - bglH_1 bglH_2
[12:52:48] Fixed 3 duplicate /gene - ompR_1 ompR_2 ompR_3
[12:52:48] Fixed 2 duplicate /gene - dgoK1_1 dgoK1_2
[12:52:48] Fixed 2 duplicate /gene - lysN_1 lysN_2
[12:52:48] Fixed 2 duplicate /gene - msbA_1 msbA_2
[12:52:48] Fixed 2 duplicate /gene - nudK_1 nudK_2
[12:52:48] Fixed 4 duplicate /gene - iolE_1 iolE_2 iolE_3 iolE_4
[12:52:48] Fixed 2 duplicate /gene - ddpA_1 ddpA_2
[12:52:48] Fixed 2 duplicate /gene - yfcJ_1 yfcJ_2
[12:52:48] Fixed 2 duplicate /gene - bcsB_1 bcsB_2
[12:52:48] Fixed 2 duplicate /gene - dppA_1 dppA_2
[12:52:48] Fixed 2 duplicate /gene - gabD_1 gabD_2
[12:52:48] Fixed 4 duplicate /gene - potA_1 potA_2 potA_3 potA_4
[12:52:48] Fixed 2 duplicate /gene - rfaH_1 rfaH_2
[12:52:48] Fixed 2 duplicate /gene - bglF_1 bglF_2
[12:52:48] Fixed 3 duplicate /gene - soxS_1 soxS_2 soxS_3
[12:52:48] Fixed 3 duplicate /gene - bglA_1 bglA_2 bglA_3
[12:52:48] Fixed 2 duplicate /gene - ydhP_1 ydhP_2
[12:52:48] Fixed 2 duplicate /gene - ugpA_1 ugpA_2
[12:52:48] Fixed 3 duplicate /gene - cydB_1 cydB_2 cydB_3
[12:52:48] Fixed 2 duplicate /gene - yncE_1 yncE_2
[12:52:48] Fixed 2 duplicate /gene - nhaA_1 nhaA_2
[12:52:48] Fixed 4 duplicate /gene - cmpR_1 cmpR_2 cmpR_3 cmpR_4
[12:52:48] Fixed 2 duplicate /gene - yrdA_1 yrdA_2
[12:52:48] Fixed 4 duplicate /gene - hexR_1 hexR_2 hexR_3 hexR_4
[12:52:48] Fixed 2 duplicate /gene - ubiJ_1 ubiJ_2
[12:52:48] Fixed 2 duplicate /gene - cusF_1 cusF_2
[12:52:48] Fixed 2 duplicate /gene - fdnG_1 fdnG_2
[12:52:48] Fixed 5 duplicate /gene - umuD_1 umuD_2 umuD_3 umuD_4 umuD_5
[12:52:48] Fixed 2 duplicate /gene - xylA_1 xylA_2
[12:52:48] Fixed 2 duplicate /gene - licH_1 licH_2
[12:52:48] Fixed 4 duplicate /gene - bla_1 bla_2 bla_3 bla_4
[12:52:48] Fixed 3 duplicate /gene - yibH_1 yibH_2 yibH_3
[12:52:48] Fixed 2 duplicate /gene - aptA_1 aptA_2
[12:52:48] Fixed 2 duplicate /gene - ecpA_1 ecpA_2
[12:52:48] Fixed 2 duplicate /gene - fdoG_1 fdoG_2
[12:52:48] Fixed 3 duplicate /gene - rbsK_1 rbsK_2 rbsK_3
[12:52:48] Fixed 2 duplicate /gene - amiC_1 amiC_2
[12:52:48] Fixed 2 duplicate /gene - cusA_1 cusA_2
[12:52:48] Fixed 2 duplicate /gene - traD_1 traD_2
[12:52:48] Fixed 3 duplicate /gene - traC_1 traC_2 traC_3
[12:52:48] Fixed 2 duplicate /gene - lpfB_1 lpfB_2
[12:52:48] Fixed 2 duplicate /gene - fhuC_1 fhuC_2
[12:52:48] Fixed 2 duplicate /gene - fusA_1 fusA_2
[12:52:48] Fixed 5 duplicate /gene - oxyR_1 oxyR_2 oxyR_3 oxyR_4 oxyR_5
[12:52:48] Fixed 2 duplicate /gene - phnV_1 phnV_2
[12:52:48] Fixed 3 duplicate /gene - dmsC_1 dmsC_2 dmsC_3
[12:52:48] Fixed 3 duplicate /gene - phoP_1 phoP_2 phoP_3
[12:52:48] Fixed 2 duplicate /gene - pspA_1 pspA_2
[12:52:48] Fixed 2 duplicate /gene - guaD_1 guaD_2
[12:52:48] Fixed 4 duplicate /gene - cynR_1 cynR_2 cynR_3 cynR_4
[12:52:48] Fixed 2 duplicate /gene - astA_1 astA_2
[12:52:48] Fixed 2 duplicate /gene - jefA_1 jefA_2
[12:52:48] Fixed 2 duplicate /gene - can_1 can_2
[12:52:48] Fixed 4 duplicate /gene - umuC_1 umuC_2 umuC_3 umuC_4
[12:52:48] Fixed 4 duplicate /gene - gstB_1 gstB_2 gstB_3 gstB_4
[12:52:48] Fixed 2 duplicate /gene - glgC_1 glgC_2
[12:52:48] Fixed 2 duplicate /gene - dnaK_1 dnaK_2
[12:52:48] Fixed 2 duplicate /gene - ecpE_1 ecpE_2
[12:52:48] Fixed 2 duplicate /gene - yhhS_1 yhhS_2
[12:52:48] Fixed 2 duplicate /gene - ygiW_1 ygiW_2
[12:52:48] Fixed 3 duplicate /gene - oppF_1 oppF_2 oppF_3
[12:52:48] Fixed 2 duplicate /gene - oppA_1 oppA_2
[12:52:48] Fixed 2 duplicate /gene - hcaR_1 hcaR_2
[12:52:48] Fixed 2 duplicate /gene - malT_1 malT_2
[12:52:48] Fixed 2 duplicate /gene - ymoA_1 ymoA_2
[12:52:48] Fixed 3 duplicate /gene - hcpA_1 hcpA_2 hcpA_3
[12:52:48] Fixed 2 duplicate /gene - cdaR_1 cdaR_2
[12:52:48] Fixed 3 duplicate /gene - sasA_1 sasA_2 sasA_3
[12:52:48] Fixed 2 duplicate /gene - astE_1 astE_2
[12:52:48] Fixed 2 duplicate /gene - traV_1 traV_2
[12:52:48] Fixed 2 duplicate /gene - symE_1 symE_2
[12:52:48] Fixed 2 duplicate /gene - dmsB_1 dmsB_2
[12:52:48] Fixed 2 duplicate /gene - pdeH_1 pdeH_2
[12:52:48] Fixed 3 duplicate /gene - bin3_1 bin3_2 bin3_3
[12:52:48] Fixed 2 duplicate /gene - mrkD_1 mrkD_2
[12:52:48] Fixed 2 duplicate /gene - yabI_1 yabI_2
[12:52:48] Fixed 2 duplicate /gene - sutR_1 sutR_2
[12:52:48] Fixed 2 duplicate /gene - hisC_1 hisC_2
[12:52:48] Fixed 2 duplicate /gene - lacI_1 lacI_2
[12:52:48] Fixed 2 duplicate /gene - yhhT_1 yhhT_2
[12:52:48] Fixed 2 duplicate /gene - gltA_1 gltA_2
[12:52:48] Fixed 2 duplicate /gene - codA_1 codA_2
[12:52:48] Fixed 2 duplicate /gene - ftsI_1 ftsI_2
[12:52:48] Fixed 2 duplicate /gene - noc_1 noc_2
[12:52:48] Fixed 2 duplicate /gene - fabD_1 fabD_2
[12:52:48] Fixed 5 duplicate /gene - hdfR_1 hdfR_2 hdfR_3 hdfR_4 hdfR_5
[12:52:48] Fixed 3 duplicate /gene - mglA_1 mglA_2 mglA_3
[12:52:48] Fixed 2 duplicate /gene - ftnA_1 ftnA_2
[12:52:48] Fixed 2 duplicate /gene - purR_1 purR_2
[12:52:48] Fixed 2 duplicate /gene - repA_1 repA_2
[12:52:48] Fixed 2 duplicate /gene - rffH_1 rffH_2
[12:52:48] Fixed 2 duplicate /gene - yhdJ_1 yhdJ_2
[12:52:48] Fixed 2 duplicate /gene - zapE_1 zapE_2
[12:52:48] Fixed 3 duplicate /gene - ydcV_1 ydcV_2 ydcV_3
[12:52:48] Fixed 2 duplicate /gene - ybhF_1 ybhF_2
[12:52:48] Fixed 2 duplicate /gene - puuB_1 puuB_2
[12:52:48] Fixed 3 duplicate /gene - metQ_1 metQ_2 metQ_3
[12:52:48] Fixed 5 duplicate /gene - gcvA_1 gcvA_2 gcvA_3 gcvA_4 gcvA_5
[12:52:48] Fixed 4 duplicate /gene - pcaR_1 pcaR_2 pcaR_3 pcaR_4
[12:52:48] Fixed 2 duplicate /gene - traI_1 traI_2
[12:52:48] Fixed 2 duplicate /gene - qorB_1 qorB_2
[12:52:48] Fixed 2 duplicate /gene - mdtM_1 mdtM_2
[12:52:48] Fixed 2 duplicate /gene - amaB_1 amaB_2
[12:52:48] Fixed 2 duplicate /gene - ribX_1 ribX_2
[12:52:48] Fixed 2 duplicate /gene - dsdC_1 dsdC_2
[12:52:48] Fixed 2 duplicate /gene - adhE_1 adhE_2
[12:52:48] Fixed 2 duplicate /gene - map_1 map_2
[12:52:48] Fixed 5 duplicate /gene - srlR_1 srlR_2 srlR_3 srlR_4 srlR_5
[12:52:48] Fixed 2 duplicate /gene - malG_1 malG_2
[12:52:48] Fixed 2 duplicate /gene - dnaJ_1 dnaJ_2
[12:52:48] Fixed 2 duplicate /gene - copA_1 copA_2
[12:52:48] Fixed 3 duplicate /gene - livH_1 livH_2 livH_3
[12:52:48] Fixed 2 duplicate /gene - mngR_1 mngR_2
[12:52:48] Fixed 4 duplicate /gene - lamB_1 lamB_2 lamB_3 lamB_4
[12:52:48] Fixed 2 duplicate /gene - ugpC_1 ugpC_2
[12:52:48] Fixed 2 duplicate /gene - glpF_1 glpF_2
[12:52:48] Fixed 3 duplicate /gene - msuD_1 msuD_2 msuD_3
[12:52:48] Fixed 2 duplicate /gene - nepI_1 nepI_2
[12:52:48] Fixed 4 duplicate /gene - rbsR_1 rbsR_2 rbsR_3 rbsR_4
[12:52:48] Fixed 4 duplicate /gene - fliY_1 fliY_2 fliY_3 fliY_4
[12:52:48] Fixed 4 duplicate /gene - menH_1 menH_2 menH_3 menH_4
[12:52:48] Fixed 2 duplicate /gene - dgoT_1 dgoT_2
[12:52:48] Fixed 2 duplicate /gene - bamA_1 bamA_2
[12:52:48] Fixed 2 duplicate /gene - actP_1 actP_2
[12:52:48] Fixed 3 duplicate /gene - ddpC_1 ddpC_2 ddpC_3
[12:52:48] Fixed 2 duplicate /gene - dppD_1 dppD_2
[12:52:48] Fixed 6 duplicate /gene - livF_1 livF_2 livF_3 livF_4 livF_5 livF_6
[12:52:48] Fixed 3 duplicate /gene - fdhF_1 fdhF_2 fdhF_3
[12:52:48] Fixed 8 duplicate /gene - glnQ_1 glnQ_2 glnQ_3 glnQ_4 glnQ_5 glnQ_6 glnQ_7 glnQ_8
[12:52:48] Fixed 2 duplicate /gene - rlhA_1 rlhA_2
[12:52:48] Fixed 2 duplicate /gene - malK_1 malK_2
[12:52:48] Fixed 2 duplicate /gene - lon_1 lon_2
[12:52:48] Fixed 2 duplicate /gene - proY_1 proY_2
[12:52:48] Fixed 2 duplicate /gene - hdeB_1 hdeB_2
[12:52:48] Fixed 2 duplicate /gene - tnpR_1 tnpR_2
[12:52:48] Fixed 2 duplicate /gene - astC_1 astC_2
[12:52:48] Fixed 2 duplicate /gene - ftsA_1 ftsA_2
[12:52:48] Fixed 3 duplicate /gene - argP_1 argP_2 argP_3
[12:52:48] Fixed 2 duplicate /gene - dmsA_1 dmsA_2
[12:52:48] Fixed 2 duplicate /gene - clcB_1 clcB_2
[12:52:48] Fixed 5 duplicate /gene - licC_1 licC_2 licC_3 licC_4 licC_5
[12:52:48] Fixed 5 duplicate /gene - nimR_1 nimR_2 nimR_3 nimR_4 nimR_5
[12:52:48] Fixed 2 duplicate /gene - fhuA_1 fhuA_2
[12:52:48] Fixed 2 duplicate /gene - traA_1 traA_2
[12:52:48] Fixed 2 duplicate /gene - lexA_1 lexA_2
[12:52:48] Fixed 2 duplicate /gene - ecpD_1 ecpD_2
[12:52:48] Fixed 2 duplicate /gene - traN_1 traN_2
[12:52:48] Fixed 2 duplicate /gene - lyx_1 lyx_2
[12:52:48] Fixed 2 duplicate /gene - yagG_1 yagG_2
[12:52:48] Fixed 2 duplicate /gene - egtB_1 egtB_2
[12:52:48] Fixed 2 duplicate /gene - cysG_1 cysG_2
[12:52:48] Fixed 2 duplicate /gene - ecpC_1 ecpC_2
[12:52:48] Fixed 2 duplicate /gene - yeaR_1 yeaR_2
[12:52:48] Fixed 3 duplicate /gene - acrB_1 acrB_2 acrB_3
[12:52:48] Fixed 2 duplicate /gene - cpdA_1 cpdA_2
[12:52:48] Fixed 3 duplicate /gene - cusC_1 cusC_2 cusC_3
[12:52:48] Fixed 3 duplicate /gene - sorC_1 sorC_2 sorC_3
[12:52:48] Fixed 3 duplicate /gene - dauA_1 dauA_2 dauA_3
[12:52:48] Fixed 2 duplicate /gene - dctA_1 dctA_2
[12:52:48] Fixed 2 duplicate /gene - cycA_1 cycA_2
[12:52:48] Fixed 2 duplicate /gene - pdeB_1 pdeB_2
[12:52:48] Fixed 2 duplicate /gene - trmL_1 trmL_2
[12:52:48] Fixed 2 duplicate /gene - rfbD_1 rfbD_2
[12:52:48] Fixed 4 duplicate /gene - chbA_1 chbA_2 chbA_3 chbA_4
[12:52:48] Fixed 2 duplicate /gene - thpA_1 thpA_2
[12:52:48] Fixed 3 duplicate /gene - astD_1 astD_2 astD_3
[12:52:48] Fixed 2 duplicate /gene - rhtB_1 rhtB_2
[12:52:48] Fixed 5 duplicate /gene - iolG_1 iolG_2 iolG_3 iolG_4 iolG_5
[12:52:48] Fixed 2 duplicate /gene - aacA4_1 aacA4_2
[12:52:48] Fixed 2 duplicate /gene - aaeA_1 aaeA_2
[12:52:48] Fixed 7 duplicate /gene - pgrR_1 pgrR_2 pgrR_3 pgrR_4 pgrR_5 pgrR_6 pgrR_7
[12:52:48] Fixed 2 duplicate /gene - proP_1 proP_2
[12:52:48] Fixed 2 duplicate /gene - gpFI_1 gpFI_2
[12:52:48] Fixed 3 duplicate /gene - oprM_1 oprM_2 oprM_3
[12:52:48] Fixed 2 duplicate /gene - cobC_1 cobC_2
[12:52:48] Fixed 2 duplicate /gene - cusR_1 cusR_2
[12:52:48] Fixed 2 duplicate /gene - hyfA_1 hyfA_2
[12:52:48] Fixed 2 duplicate /gene - ghrA_1 ghrA_2
[12:52:48] Fixed 2 duplicate /gene - gntR_1 gntR_2
[12:52:48] Fixed 2 duplicate /gene - yeaX_1 yeaX_2
[12:52:48] Fixed 2 duplicate /gene - yciE_1 yciE_2
[12:52:48] Fixed 2 duplicate /gene - stpA_1 stpA_2
[12:52:48] Fixed 3 duplicate /gene - ascG_1 ascG_2 ascG_3
[12:52:48] Fixed 4 duplicate /gene - intA_1 intA_2 intA_3 intA_4
[12:52:48] Fixed 2 duplicate /gene - kefF_1 kefF_2
[12:52:48] Fixed 7 duplicate /gene - xerC_1 xerC_2 xerC_3 xerC_4 xerC_5 xerC_6 xerC_7
[12:52:48] Fixed 2 duplicate /gene - fimA_1 fimA_2
[12:52:48] Fixed 3 duplicate /gene - thlA_1 thlA_2 thlA_3
[12:52:48] Fixed 2 duplicate /gene - kdgK_1 kdgK_2
[12:52:48] Fixed 2 duplicate /gene - xerD_1 xerD_2
[12:52:48] Fixed 5 duplicate /gene - rhaR_1 rhaR_2 rhaR_3 rhaR_4 rhaR_5
[12:52:48] Fixed 3 duplicate /gene - lgoT_1 lgoT_2 lgoT_3
[12:52:48] Fixed 2 duplicate /gene - deoC_1 deoC_2
[12:52:48] Fixed 3 duplicate /gene - glcR_1 glcR_2 glcR_3
[12:52:48] Fixed 2 duplicate /gene - rffG_1 rffG_2
[12:52:48] Fixed 2 duplicate /gene - feaB_1 feaB_2
[12:52:48] Fixed 2 duplicate /gene - sgrR_1 sgrR_2
[12:52:48] Fixed 2 duplicate /gene - cobD_1 cobD_2
[12:52:48] Fixed 2 duplicate /gene - ridA_1 ridA_2
[12:52:48] Fixed 2 duplicate /gene - dsbA_1 dsbA_2
[12:52:48] Fixed 2 duplicate /gene - mdh_1 mdh_2
[12:52:48] Fixed 2 duplicate /gene - pduA_1 pduA_2
[12:52:48] Fixed 2 duplicate /gene - gltJ_1 gltJ_2
[12:52:48] Fixed 2 duplicate /gene - arsB_1 arsB_2
[12:52:48] Fixed 2 duplicate /gene - namA_1 namA_2
[12:52:48] Fixed 2 duplicate /gene - mrdA_1 mrdA_2
[12:52:48] Fixed 3 duplicate /gene - ydjE_1 ydjE_2 ydjE_3
[12:52:48] Fixed 2 duplicate /gene - carA_1 carA_2
[12:52:48] Fixed 2 duplicate /gene - traM_1 traM_2
[12:52:48] Fixed 4 duplicate /gene - exuT_1 exuT_2 exuT_3 exuT_4
[12:52:48] Fixed 2 duplicate /gene - ompA_1 ompA_2
[12:52:48] Fixed 2 duplicate /gene - ybdG_1 ybdG_2
[12:52:48] Fixed 3 duplicate /gene - dam_1 dam_2 dam_3
[12:52:48] Fixed 4 duplicate /gene - ygdR_1 ygdR_2 ygdR_3 ygdR_4
[12:52:48] Fixed 3 duplicate /gene - ssuA_1 ssuA_2 ssuA_3
[12:52:48] Fixed 3 duplicate /gene - clsA_1 clsA_2 clsA_3
[12:52:48] Fixed 2 duplicate /gene - ompN_1 ompN_2
[12:52:48] Fixed 9 duplicate /gene - rbsC_1 rbsC_2 rbsC_3 rbsC_4 rbsC_5 rbsC_6 rbsC_7 rbsC_8 rbsC_9
[12:52:48] Fixed 2 duplicate /gene - bcr_1 bcr_2
[12:52:48] Fixed 2 duplicate /gene - rutC_1 rutC_2
[12:52:48] Fixed 2 duplicate /gene - ada_1 ada_2
[12:52:48] Fixed 2 duplicate /gene - gsiA_1 gsiA_2
[12:52:48] Fixed 2 duplicate /gene - emrB_1 emrB_2
[12:52:48] Fixed 2 duplicate /gene - ltnD_1 ltnD_2
[12:52:48] Fixed 3 duplicate /gene - dnaB_1 dnaB_2 dnaB_3
[12:52:48] Fixed 2 duplicate /gene - sbnD_1 sbnD_2
[12:52:48] Fixed 3 duplicate /gene - cytR_1 cytR_2 cytR_3
[12:52:48] Fixed 2 duplicate /gene - dgoA_1 dgoA_2
[12:52:48] Fixed 2 duplicate /gene - hisQ_1 hisQ_2
[12:52:48] Fixed 2 duplicate /gene - ydiB_1 ydiB_2
[12:52:48] Fixed 3 duplicate /gene - emrA_1 emrA_2 emrA_3
[12:52:48] Fixed 2 duplicate /gene - dnaA_1 dnaA_2
[12:52:48] Fixed 2 duplicate /gene - ygaZ_1 ygaZ_2
[12:52:48] Fixed 3 duplicate /gene - ssuB_1 ssuB_2 ssuB_3
[12:52:48] Fixed 2 duplicate /gene - ppa_1 ppa_2
[12:52:48] Fixed 2 duplicate /gene - alsE_1 alsE_2
[12:52:48] Fixed 2 duplicate /gene - csbX_1 csbX_2
[12:52:48] Fixed 3 duplicate /gene - lsrD_1 lsrD_2 lsrD_3
[12:52:48] Fixed 2 duplicate /gene - cysH_1 cysH_2
[12:52:48] Fixed 2 duplicate /gene - rhmD_1 rhmD_2
[12:52:48] Fixed 2 duplicate /gene - dapE_1 dapE_2
[12:52:48] Fixed 2 duplicate /gene - psiB_1 psiB_2
[12:52:48] Fixed 3 duplicate /gene - ulaC_1 ulaC_2 ulaC_3
[12:52:48] Fixed 2 duplicate /gene - yedK_1 yedK_2
[12:52:48] Fixed 2 duplicate /gene - pyrG_1 pyrG_2
[12:52:48] Fixed 3 duplicate /gene - frlB_1 frlB_2 frlB_3
[12:52:48] Fixed 2 duplicate /gene - epsE_1 epsE_2
[12:52:48] Fixed 2 duplicate /gene - eutB_1 eutB_2
[12:52:48] Fixed 2 duplicate /gene - rsxC_1 rsxC_2
[12:52:48] Fixed 3 duplicate /gene - betI_1 betI_2 betI_3
[12:52:48] Fixed 3 duplicate /gene - iprA_1 iprA_2 iprA_3
[12:52:48] Fixed 6 duplicate /gene - btuD_1 btuD_2 btuD_3 btuD_4 btuD_5 btuD_6
[12:52:48] Fixed 2 duplicate /gene - ycaD_1 ycaD_2
[12:52:48] Fixed 2 duplicate /gene - glpT_1 glpT_2
[12:52:48] Fixed 3 duplicate /gene - arsA_1 arsA_2 arsA_3
[12:52:48] Fixed 2 duplicate /gene - araB_1 araB_2
[12:52:48] Fixed 2 duplicate /gene - livJ_1 livJ_2
[12:52:48] Fixed 2 duplicate /gene - scrY_1 scrY_2
[12:52:48] Fixed 3 duplicate /gene - otnK_1 otnK_2 otnK_3
[12:52:48] Fixed 4 duplicate /gene - malP_1 malP_2 malP_3 malP_4
[12:52:48] Fixed 2 duplicate /gene - artQ_1 artQ_2
[12:52:48] Fixed 3 duplicate /gene - rob_1 rob_2 rob_3
[12:52:48] Fixed 2 duplicate /gene - nfdA_1 nfdA_2
[12:52:48] Fixed 2 duplicate /gene - traS_1 traS_2
[12:52:48] Fixed 5 duplicate /gene - mntB_1 mntB_2 mntB_3 mntB_4 mntB_5
[12:52:48] Fixed 3 duplicate /gene - betB_1 betB_2 betB_3
[12:52:48] Fixed 2 duplicate /gene - bcsQ_1 bcsQ_2
[12:52:48] Fixed 2 duplicate /gene - hns_1 hns_2
[12:52:48] Fixed 4 duplicate /gene - rcsC_1 rcsC_2 rcsC_3 rcsC_4
[12:52:48] Fixed 2 duplicate /gene - traJ_1 traJ_2
[12:52:48] Fixed 2 duplicate /gene - mdtH_1 mdtH_2
[12:52:48] Fixed 4 duplicate /gene - norR_1 norR_2 norR_3 norR_4
[12:52:48] Fixed 21 duplicate /gene - dmlR_1 dmlR_2 dmlR_3 dmlR_4 dmlR_5 dmlR_6 dmlR_7 dmlR_8 dmlR_9 dmlR_10 dmlR_11 dmlR_12 dmlR_13 dmlR_14 dmlR_15 dmlR_16 dmlR_17 dmlR_18 dmlR_19 dmlR_20 dmlR_21
[12:52:48] Fixed 2 duplicate /gene - nupC_1 nupC_2
[12:52:48] Fixed 2 duplicate /gene - frmR_1 frmR_2
[12:52:48] Fixed 2 duplicate /gene - hxpB_1 hxpB_2
[12:52:48] Fixed 3 duplicate /gene - ssb_1 ssb_2 ssb_3
[12:52:48] Fixed 3 duplicate /gene - mdtA_1 mdtA_2 mdtA_3
[12:52:48] Fixed 2 duplicate /gene - metC_1 metC_2
[12:52:48] Fixed 2 duplicate /gene - proA_1 proA_2
[12:52:48] Fixed 4 duplicate /gene - yajO_1 yajO_2 yajO_3 yajO_4
[12:52:48] Fixed 2 duplicate /gene - aaeB_1 aaeB_2
[12:52:48] Fixed 2 duplicate /gene - gatC_1 gatC_2
[12:52:48] Fixed 2 duplicate /gene - bepA_1 bepA_2
[12:52:48] Fixed 2 duplicate /gene - ynfE_1 ynfE_2
[12:52:48] Fixed 2 duplicate /gene - fbaA_1 fbaA_2
[12:52:48] Fixed 2 duplicate /gene - lacG_1 lacG_2
[12:52:48] Fixed 2 duplicate /gene - hisJ_1 hisJ_2
[12:52:48] Fixed 3 duplicate /gene - glnH_1 glnH_2 glnH_3
[12:52:48] Fixed 2 duplicate /gene - aspT_1 aspT_2
[12:52:48] Fixed 2 duplicate /gene - pgl_1 pgl_2
[12:52:48] Fixed 10 duplicate /gene - fabG_1 fabG_2 fabG_3 fabG_4 fabG_5 fabG_6 fabG_7 fabG_8 fabG_9 fabG_10
[12:52:48] Fixed 2 duplicate /gene - xanP_1 xanP_2
[12:52:48] Fixed 3 duplicate /gene - lptB_1 lptB_2 lptB_3
[12:52:48] Fixed 2 duplicate /gene - msiK_1 msiK_2
[12:52:48] Fixed 3 duplicate /gene - gudP_1 gudP_2 gudP_3
[12:52:48] Fixed 2 duplicate /gene - roxA_1 roxA_2
[12:52:48] Fixed 5 duplicate /gene - fimD_1 fimD_2 fimD_3 fimD_4 fimD_5
[12:52:48] Fixed 2 duplicate /gene - malX_1 malX_2
[12:52:48] Fixed 2 duplicate /gene - hutI_1 hutI_2
[12:52:48] Fixed 2 duplicate /gene - lrp_1 lrp_2
[12:52:48] Fixed 2 duplicate /gene - htrE_1 htrE_2
[12:52:48] Fixed 2 duplicate /gene - acnA_1 acnA_2
[12:52:48] Fixed 3 duplicate /gene - fruA_1 fruA_2 fruA_3
[12:52:48] Fixed 2 duplicate /gene - fimC_1 fimC_2
[12:52:48] Fixed 2 duplicate /gene - glgS_1 glgS_2
[12:52:48] Fixed 4 duplicate /gene - ttuB_1 ttuB_2 ttuB_3 ttuB_4
[12:52:48] Fixed 2 duplicate /gene - sdaC_1 sdaC_2
[12:52:48] Fixed 2 duplicate /gene - topA_1 topA_2
[12:52:48] Fixed 3 duplicate /gene - yadV_1 yadV_2 yadV_3
[12:52:48] Fixed 2 duplicate /gene - kefC_1 kefC_2
[12:52:48] Fixed 2 duplicate /gene - dsbD_1 dsbD_2
[12:52:48] Fixed 3 duplicate /gene - vldW_1 vldW_2 vldW_3
[12:52:48] Fixed 2 duplicate /gene - glmS_1 glmS_2
[12:52:48] Fixed 2 duplicate /gene - pduD_1 pduD_2
[12:52:48] Fixed 2 duplicate /gene - htpX_1 htpX_2
[12:52:48] Fixed 4 duplicate /gene - glpR_1 glpR_2 glpR_3 glpR_4
[12:52:48] Fixed 2 duplicate /gene - ppiC_1 ppiC_2
[12:52:48] Fixed 2 duplicate /gene - citA_1 citA_2
[12:52:48] Fixed 2 duplicate /gene - iolU_1 iolU_2
[12:52:48] Fixed 2 duplicate /gene - uspG_1 uspG_2
[12:52:48] Fixed 2 duplicate /gene - fucP_1 fucP_2
[12:52:48] Fixed 2 duplicate /gene - rbn_1 rbn_2
[12:52:48] Fixed 3 duplicate /gene - dapA_1 dapA_2 dapA_3
[12:52:48] Fixed 2 duplicate /gene - artJ_1 artJ_2
[12:52:48] Fixed 3 duplicate /gene - gsiC_1 gsiC_2 gsiC_3
[12:52:48] Fixed 3 duplicate /gene - metI_1 metI_2 metI_3
[12:52:48] Fixed 3 duplicate /gene - suhB_1 suhB_2 suhB_3
[12:52:48] Fixed 2 duplicate /gene - ssuC_1 ssuC_2
[12:52:48] Fixed 2 duplicate /gene - yiaW_1 yiaW_2
[12:52:48] Fixed 3 duplicate /gene - yhaJ_1 yhaJ_2 yhaJ_3
[12:52:48] Fixed 2 duplicate /gene - traQ_1 traQ_2
[12:52:48] Fixed 2 duplicate /gene - ahpC_1 ahpC_2
[12:52:48] Fixed 2 duplicate /gene - sad_1 sad_2
[12:52:48] Fixed 5 duplicate /gene - rbsA_1 rbsA_2 rbsA_3 rbsA_4 rbsA_5
[12:52:48] Fixed 2 duplicate /gene - cdhR_1 cdhR_2
[12:52:48] Fixed 2 duplicate /gene - yohK_1 yohK_2
[12:52:48] Fixed 2 duplicate /gene - ulaB_1 ulaB_2
[12:52:48] Fixed 2 duplicate /gene - epsF_1 epsF_2
[12:52:48] Fixed 2 duplicate /gene - bioD1_1 bioD1_2
[12:52:48] Fixed 3 duplicate /gene - lsrB_1 lsrB_2 lsrB_3
[12:52:48] Fixed 2 duplicate /gene - eutC_1 eutC_2
[12:52:48] Fixed 2 duplicate /gene - apbE_1 apbE_2
[12:52:48] Fixed 3 duplicate /gene - manZ_1 manZ_2 manZ_3
[12:52:48] Fixed 3 duplicate /gene - hmuU_1 hmuU_2 hmuU_3
[12:52:48] Fixed 2 duplicate /gene - gsiD_1 gsiD_2
[12:52:48] Fixed 2 duplicate /gene - pat_1 pat_2
[12:52:48] Fixed 2 duplicate /gene - yofA_1 yofA_2
[12:52:48] Fixed 2 duplicate /gene - nagC_1 nagC_2
[12:52:48] Fixed 3 duplicate /gene - gabR_1 gabR_2 gabR_3
[12:52:48] Fixed 2 duplicate /gene - kdgR_1 kdgR_2
[12:52:48] Fixed 2 duplicate /gene - ettA_1 ettA_2
[12:52:48] Fixed 2 duplicate /gene - norG_1 norG_2
[12:52:48] Fixed 2 duplicate /gene - blc_1 blc_2
[12:52:48] Fixed 2 duplicate /gene - lsrF_1 lsrF_2
[12:52:48] Fixed 3 duplicate /gene - yecS_1 yecS_2 yecS_3
[12:52:48] Fixed 2 duplicate /gene - pcpR_1 pcpR_2
[12:52:48] Fixed 2 duplicate /gene - ilvB_1 ilvB_2
[12:52:48] Fixed 2 duplicate /gene - dadA_1 dadA_2
[12:52:48] Fixed 2 duplicate /gene - lldD_1 lldD_2
[12:52:48] Fixed 2 duplicate /gene - gap_1 gap_2
[12:52:48] Fixed 2 duplicate /gene - rluA_1 rluA_2
[12:52:48] Fixed 2 duplicate /gene - arsC_1 arsC_2
[12:52:48] Fixed 2 duplicate /gene - xylG_1 xylG_2
[12:52:48] Fixed 2 duplicate /gene - dhaK_1 dhaK_2
[12:52:48] Fixed 4 duplicate /gene - ulaA_1 ulaA_2 ulaA_3 ulaA_4
[12:52:48] Fixed 2 duplicate /gene - mqo_1 mqo_2
[12:52:48] Fixed 2 duplicate /gene - gltR_1 gltR_2
[12:52:48] Fixed 2 duplicate /gene - ydjF_1 ydjF_2
[12:52:48] Fixed 2 duplicate /gene - pduE_1 pduE_2
[12:52:48] Fixed 2 duplicate /gene - aqpZ_1 aqpZ_2
[12:52:48] Fixed 2 duplicate /gene - ybhR_1 ybhR_2
[12:52:48] Fixed 2 duplicate /gene - lpxL_1 lpxL_2
[12:52:48] Fixed 2 duplicate /gene - kduD_1 kduD_2
[12:52:48] Fixed 2 duplicate /gene - mltF_1 mltF_2
[12:52:48] Fixed 2 duplicate /gene - finO_1 finO_2
[12:52:48] Fixed 4 duplicate /gene - rbsB_1 rbsB_2 rbsB_3 rbsB_4
[12:52:48] Fixed 2 duplicate /gene - bhsA_1 bhsA_2
[12:52:48] Fixed 2 duplicate /gene - citB_1 citB_2
[12:52:48] Fixed 2 duplicate /gene - arsD_1 arsD_2
[12:52:48] Fixed 3 duplicate /gene - tsaR_1 tsaR_2 tsaR_3
[12:52:48] Fixed 2 duplicate /gene - ydjH_1 ydjH_2
[12:52:48] Fixed 2 duplicate /gene - wbgU_1 wbgU_2
[12:52:48] Fixed 2 duplicate /gene - ybdO_1 ybdO_2
[12:52:48] Fixed 2 duplicate /gene - rutB_1 rutB_2
[12:52:48] Fixed 2 duplicate /gene - btuF_1 btuF_2
[12:52:48] Fixed 2 duplicate /gene - aes_1 aes_2
[12:52:48] Fixed 3 duplicate /gene - rhtC_1 rhtC_2 rhtC_3
[12:52:48] Fixed 2 duplicate /gene - glnP_1 glnP_2
[12:52:48] Fixed 2 duplicate /gene - cusS_1 cusS_2
[12:52:48] Fixed 2 duplicate /gene - topB_1 topB_2
[12:52:48] Fixed 2 duplicate /gene - acrR_1 acrR_2
[12:52:48] Fixed 2 duplicate /gene - artM_1 artM_2
[12:52:48] Fixed 2 duplicate /gene - ctpF_1 ctpF_2
[12:52:48] Fixed 2 duplicate /gene - osmY_1 osmY_2
[12:52:48] Fixed 2 duplicate /gene - murQ_1 murQ_2
[12:52:48] Fixed 2 duplicate /gene - fruB_1 fruB_2
[12:52:48] Fixed 2 duplicate /gene - mak_1 mak_2
[12:52:48] Fixed 3 duplicate /gene - benM_1 benM_2 benM_3
[12:52:48] Fixed 2 duplicate /gene - norW_1 norW_2
[12:52:48] Fixed 12 duplicate /gene - rhaS_1 rhaS_2 rhaS_3 rhaS_4 rhaS_5 rhaS_6 rhaS_7 rhaS_8 rhaS_9 rhaS_10 rhaS_11 rhaS_12
[12:52:48] Fixed 2 duplicate /gene - metN_1 metN_2
[12:52:48] Fixed 2 duplicate /gene - pckA_1 pckA_2
[12:52:48] Fixed 2 duplicate /gene - abaF_1 abaF_2
[12:52:48] Fixed 2 duplicate /gene - aroE_1 aroE_2
[12:52:48] Fixed 3 duplicate /gene - ybiI_1 ybiI_2 ybiI_3
[12:52:48] Fixed 3 duplicate /gene - celA_1 celA_2 celA_3
[12:52:48] Fixed 2 duplicate /gene - ilvI_1 ilvI_2
[12:52:48] Fixed 2 duplicate /gene - cra_1 cra_2
[12:52:48] Fixed 466 colliding /gene names.
[12:52:48] Adding /locus_tag identifiers
[12:52:48] Assigned 5437 locus_tags to CDS and RNA features.
[12:52:48] Writing outputs to ARLG-3181_prokka_dir/
[12:52:53] Generating annotation statistics file
[12:52:53] Generating Genbank and Sequin files
[12:52:53] Running: tbl2asn -V b -a r10k -l paired-ends -M n -N 1 -y 'Annotated using prokka 1.14.6 from https://github.com/tseemann/prokka' -Z ARLG\-3181_prokka_dir\/ARLG\-3181_prokka\.err -i ARLG\-3181_prokka_dir\/ARLG\-3181_prokka\.fsa 2> /dev/null
[12:53:04] Deleting unwanted file: ARLG-3181_prokka_dir/errorsummary.val
[12:53:04] Deleting unwanted file: ARLG-3181_prokka_dir/ARLG-3181_prokka.dr
[12:53:04] Deleting unwanted file: ARLG-3181_prokka_dir/ARLG-3181_prokka.fixedproducts
[12:53:04] Deleting unwanted file: ARLG-3181_prokka_dir/ARLG-3181_prokka.ecn
[12:53:04] Deleting unwanted file: ARLG-3181_prokka_dir/ARLG-3181_prokka.val
[12:53:04] Repairing broken .GBK output that tbl2asn produces...
[12:53:04] Running: sed 's/COORDINATES: profile/COORDINATES:profile/' < ARLG\-3181_prokka_dir\/ARLG\-3181_prokka\.gbf > ARLG\-3181_prokka_dir\/ARLG\-3181_prokka\.gbk
[12:53:04] Deleting unwanted file: ARLG-3181_prokka_dir/ARLG-3181_prokka.gbf
[12:53:04] Output files:
[12:53:04] ARLG-3181_prokka_dir/ARLG-3181_prokka.gff
[12:53:04] ARLG-3181_prokka_dir/ARLG-3181_prokka.sqn
[12:53:04] ARLG-3181_prokka_dir/ARLG-3181_prokka.tbl
[12:53:04] ARLG-3181_prokka_dir/ARLG-3181_prokka.fna
[12:53:04] ARLG-3181_prokka_dir/ARLG-3181_prokka.tsv
[12:53:04] ARLG-3181_prokka_dir/ARLG-3181_prokka.err
[12:53:04] ARLG-3181_prokka_dir/ARLG-3181_prokka.txt
[12:53:04] ARLG-3181_prokka_dir/ARLG-3181_prokka.fsa
[12:53:04] ARLG-3181_prokka_dir/ARLG-3181_prokka.faa
[12:53:04] ARLG-3181_prokka_dir/ARLG-3181_prokka.gbf-r
[12:53:04] ARLG-3181_prokka_dir/ARLG-3181_prokka.log
[12:53:04] ARLG-3181_prokka_dir/ARLG-3181_prokka.ffn
[12:53:04] ARLG-3181_prokka_dir/ARLG-3181_prokka.gbk
[12:53:04] Annotation finished successfully.
[12:53:04] Walltime used: 4.20 minutes
[12:53:04] If you use this result please cite the Prokka paper:
[12:53:04] Seemann T (2014) Prokka: rapid prokaryotic genome annotation. Bioinformatics. 30(14):2068-9.
[12:53:04] Type 'prokka --citation' for more details.
[12:53:04] Thank you, come again.
